+-------+-----+------+-----+-----+-----+--------+---------------------------------------+-------+--------+---------+-------+--------+--------+--------+--------+------------+------------+-------------+------------+
| COUNT | 1XX | 2XX  | 3XX | 4XX | 5XX | METHOD |                  URI                  |  MIN  |  MAX   |   SUM   |  AVG  |  P90   |  P95   |  P99   | STDDEV | MIN(BODY)  | MAX(BODY)  |  SUM(BODY)  | AVG(BODY)  |
+-------+-----+------+-----+-----+-----+--------+---------------------------------------+-------+--------+---------+-------+--------+--------+--------+--------+------------+------------+-------------+------------+
| 21    | 0   | 1    | 0   | 20  | 0   | GET    | /api/owner/chairs                     | 0.696 | 10.011 | 200.283 | 9.537 | 10.004 | 10.011 | 10.011 | 1.977  | 0.000      | 19007.000  | 19007.000   | 905.095    |
| 1     | 0   | 1    | 0   | 0   | 0   | POST   | /api/initialize                       | 7.408 | 7.408  | 7.408   | 7.408 | 7.408  | 7.408  | 7.408  | 0.000  | 17.000     | 17.000     | 17.000      | 17.000     |
| 121   | 0   | 121  | 0   | 0   | 0   | GET    | /api/app/nearby-chairs                | 1.692 | 4.268  | 344.624 | 2.848 | 3.404  | 3.668  | 4.024  | 0.489  | 42.000     | 42.000     | 5082.000    | 42.000     |
| 193   | 0   | 0    | 0   | 0   | 193 | POST   | /api/chair/coordinate                 | 0.072 | 1.196  | 84.461  | 0.438 | 0.740  | 0.872  | 1.148  | 0.222  | 75.000     | 75.000     | 14475.000   | 75.000     |
| 20    | 0   | 20   | 0   | 0   | 0   | POST   | /api/chair/activity                   | 0.108 | 0.592  | 5.924   | 0.296 | 0.548  | 0.560  | 0.592  | 0.170  | 0.000      | 0.000      | 0.000       | 0.000      |
| 1     | 0   | 1    | 0   | 0   | 0   | GET    | /api/owner/sales?                     | 0.284 | 0.284  | 0.284   | 0.284 | 0.284  | 0.284  | 0.284  | 0.000  | 9183.000   | 9183.000   | 9183.000    | 9183.000   |
| 10    | 0   | 10   | 0   | 0   | 0   | POST   | /api/app/payment-methods              | 0.148 | 0.456  | 2.444   | 0.244 | 0.456  | 0.456  | 0.456  | 0.108  | 0.000      | 0.000      | 0.000       | 0.000      |
| 124   | 0   | 124  | 0   | 0   | 0   | GET    | /api/app/rides                        | 0.012 | 1.020  | 25.838  | 0.208 | 0.388  | 0.432  | 0.628  | 0.141  | 12.000     | 2158.000   | 5386.000    | 43.435     |
| 1     | 0   | 1    | 0   | 0   | 0   | GET    | /api/owner/sales                      | 0.208 | 0.208  | 0.208   | 0.208 | 0.208  | 0.208  | 0.208  | 0.000  | 9017.000   | 9017.000   | 9017.000    | 9017.000   |
| 4358  | 0   | 4349 | 0   | 9   | 0   | GET    | /api/chair/notification               | 0.004 | 0.808  | 710.356 | 0.163 | 0.304  | 0.364  | 0.520  | 0.107  | 0.000      | 33.000     | 143517.000  | 32.932     |
| 10    | 0   | 10   | 0   | 0   | 0   | POST   | /api/app/users                        | 0.012 | 0.024  | 0.164   | 0.016 | 0.020  | 0.024  | 0.024  | 0.003  | 86.000     | 86.000     | 860.000     | 86.000     |
| 20    | 0   | 20   | 0   | 0   | 0   | POST   | /api/chair/chairs                     | 0.012 | 0.020  | 0.324   | 0.016 | 0.020  | 0.020  | 0.020  | 0.003  | 75.000     | 75.000     | 1500.000    | 75.000     |
| 5     | 0   | 5    | 0   | 0   | 0   | POST   | /api/owner/owners                     | 0.008 | 0.016  | 0.056   | 0.011 | 0.016  | 0.016  | 0.016  | 0.003  | 125.000    | 125.000    | 625.000     | 125.000    |
| 4     | 0   | 4    | 0   | 0   | 0   | POST   | /api/app/rides/estimated-fare         | 0.008 | 0.008  | 0.032   | 0.008 | 0.008  | 0.008  | 0.008  | 0.000  | 26.000     | 29.000     | 109.000     | 27.250     |
| 792   | 0   | 788  | 0   | 0   | 4   | GET    | /api/internal/matching                | 0.004 | 0.336  | 5.360   | 0.007 | 0.008  | 0.012  | 0.072  | 0.017  | 0.000      | 69.000     | 276.000     | 0.348      |
| 157   | 0   | 16   | 141 | 0   | 0   | GET    | /assets/components-Cbm4tYXz.js        | 0.000 | 0.004  | 0.013   | 0.000 | 0.000  | 0.000  | 0.003  | 0.000  | 0.000      | 184569.000 | 2953104.000 | 18809.580  |
| 132   | 0   | 11   | 121 | 0   | 0   | GET    | /images/town.svg                      | 0.000 | 0.003  | 0.005   | 0.000 | 0.000  | 0.000  | 0.002  | 0.000  | 0.000      | 128735.000 | 1416085.000 | 10727.917  |
| 132   | 0   | 11   | 121 | 0   | 0   | GET    | /images/buildings2.svg                | 0.000 | 0.000  | 0.000   | 0.000 | 0.000  | 0.000  | 0.000  | 0.000  | 0.000      | 23825.000  | 262075.000  | 1985.417   |
| 1     | 0   | 1    | 0   | 0   | 0   | GET    | /assets/manifest-2155a205.js          | 0.000 | 0.000  | 0.000   | 0.000 | 0.000  | 0.000  | 0.000  | 0.000  | 9192.000   | 9192.000   | 9192.000    | 9192.000   |
| 132   | 0   | 11   | 121 | 0   | 0   | GET    | /images/buildings3.svg                | 0.000 | 0.000  | 0.000   | 0.000 | 0.000  | 0.000  | 0.000  | 0.000  | 0.000      | 23793.000  | 261723.000  | 1982.750   |
| 132   | 0   | 11   | 121 | 0   | 0   | GET    | /images/house1.svg                    | 0.000 | 0.000  | 0.000   | 0.000 | 0.000  | 0.000  | 0.000  | 0.000  | 0.000      | 2903.000   | 31933.000   | 241.917    |
| 132   | 0   | 11   | 121 | 0   | 0   | GET    | /images/house2.svg                    | 0.000 | 0.000  | 0.000   | 0.000 | 0.000  | 0.000  | 0.000  | 0.000  | 0.000      | 6430.000   | 70730.000   | 535.833    |
| 157   | 0   | 16   | 141 | 0   | 0   | GET    | /assets/jsx-runtime-56DGgGmo.js       | 0.000 | 0.000  | 0.000   | 0.000 | 0.000  | 0.000  | 0.000  | 0.000  | 0.000      | 8107.000   | 129712.000  | 826.191    |
| 1     | 0   | 1    | 0   | 0   | 0   | GET    | /assets/simulator-context-fn0s3fwv.js | 0.000 | 0.000  | 0.000   | 0.000 | 0.000  | 0.000  | 0.000  | 0.000  | 2970.000   | 2970.000   | 2970.000    | 2970.000   |
| 1     | 0   | 1    | 0   | 0   | 0   | GET    | /images/top-bg.png                    | 0.000 | 0.000  | 0.000   | 0.000 | 0.000  | 0.000  | 0.000  | 0.000  | 549793.000 | 549793.000 | 549793.000  | 549793.000 |
| 157   | 0   | 16   | 141 | 0   | 0   | GET    | /favicon-32x32.png                    | 0.000 | 0.000  | 0.000   | 0.000 | 0.000  | 0.000  | 0.000  | 0.000  | 0.000      | 336.000    | 5376.000    | 34.242     |
| 1     | 0   | 1    | 0   | 0   | 0   | GET    | /assets/chair-PB3Jm0Ii.js             | 0.000 | 0.000  | 0.000   | 0.000 | 0.000  | 0.000  | 0.000  | 0.000  | 2008.000   | 2008.000   | 2008.000    | 2008.000   |
| 157   | 0   | 16   | 141 | 0   | 0   | GET    | /assets/index-9ZhTBp7q.js             | 0.000 | 0.000  | 0.000   | 0.000 | 0.000  | 0.000  | 0.000  | 0.000  | 0.000      | 60305.000  | 964880.000  | 6145.732   |
| 1     | 0   | 1    | 0   | 0   | 0   | GET    | /assets/route-C7CZBETH.js             | 0.000 | 0.000  | 0.000   | 0.000 | 0.000  | 0.000  | 0.000  | 0.000  | 2244.000   | 2244.000   | 2244.000    | 2244.000   |
| 36    | 0   | 16   | 20  | 0   | 0   | GET    | /assets/button-CS9qg6Tt.js            | 0.000 | 0.000  | 0.000   | 0.000 | 0.000  | 0.000  | 0.000  | 0.000  | 0.000      | 843.000    | 13488.000   | 374.667    |
| 157   | 0   | 16   | 141 | 0   | 0   | GET    | /assets/entry.client-BwsCJ-uh.js      | 0.000 | 0.000  | 0.000   | 0.000 | 0.000  | 0.000  | 0.000  | 0.000  | 0.000      | 4135.000   | 66160.000   | 421.401    |
| 11    | 0   | 11   | 0   | 0   | 0   | GET    | /assets/responses-Cu7_GOWP.js         | 0.000 | 0.000  | 0.000   | 0.000 | 0.000  | 0.000  | 0.000  | 0.000  | 350.000    | 350.000    | 3850.000    | 350.000    |
| 157   | 0   | 16   | 141 | 0   | 0   | GET    | /assets/root-JpS3BGeV.js              | 0.000 | 0.000  | 0.000   | 0.000 | 0.000  | 0.000  | 0.000  | 0.000  | 0.000      | 27925.000  | 446800.000  | 2845.860   |
| 1     | 0   | 1    | 0   | 0   | 0   | GET    | /assets/post-message-C3RbgkUr.js      | 0.000 | 0.000  | 0.000   | 0.000 | 0.000  | 0.000  | 0.000  | 0.000  | 367.000    | 367.000    | 367.000     | 367.000    |
| 1     | 0   | 1    | 0   | 0   | 0   | GET    | /assets/route-CNt_mqIX.js             | 0.000 | 0.000  | 0.000   | 0.000 | 0.000  | 0.000  | 0.000  | 0.000  | 26045.000  | 26045.000  | 26045.000   | 26045.000  |
| 132   | 0   | 11   | 121 | 0   | 0   | GET    | /assets/frame-CJ9SHS1U.js             | 0.000 | 0.000  | 0.000   | 0.000 | 0.000  | 0.000  | 0.000  | 0.000  | 0.000      | 344.000    | 3784.000    | 28.667     |
| 1     | 0   | 1    | 0   | 0   | 0   | GET    | /assets/get-initial-data-vd1rP8TD.js  | 0.000 | 0.000  | 0.000   | 0.000 | 0.000  | 0.000  | 0.000  | 0.000  | 1757.000   | 1757.000   | 1757.000    | 1757.000   |
| 26    | 0   | 6    | 20  | 0   | 0   | GET    | /assets/owner-context-DCgOhQtd.js     | 0.000 | 0.000  | 0.000   | 0.000 | 0.000  | 0.000  | 0.000  | 0.000  | 0.000      | 1077.000   | 6462.000    | 248.538    |
| 132   | 0   | 11   | 121 | 0   | 0   | GET    | /assets/storage-Coaj7Roq.js           | 0.000 | 0.000  | 0.000   | 0.000 | 0.000  | 0.000  | 0.000  | 0.000  | 0.000      | 711.000    | 7821.000    | 59.250     |
| 157   | 0   | 16   | 141 | 0   | 0   | GET    | /assets/api-components-dDIZztSJ.js    | 0.000 | 0.000  | 0.000   | 0.000 | 0.000  | 0.000  | 0.000  | 0.000  | 0.000      | 2007.000   | 32112.000   | 204.535    |
| 132   | 0   | 11   | 121 | 0   | 0   | GET    | /assets/api-base-url-Bd0x18OB.js      | 0.000 | 0.000  | 0.000   | 0.000 | 0.000  | 0.000  | 0.000  | 0.000  | 0.000      | 26.000     | 286.000     | 2.167      |
| 157   | 0   | 16   | 141 | 0   | 0   | GET    | /assets/colors-DB9lnfSt.js            | 0.000 | 0.000  | 0.000   | 0.000 | 0.000  | 0.000  | 0.000  | 0.000  | 0.000      | 5678.000   | 90848.000   | 578.650    |
| 11    | 0   | 11   | 0   | 0   | 0   | GET    | /assets/date-input-Br46mw6i.js        | 0.000 | 0.000  | 0.000   | 0.000 | 0.000  | 0.000  | 0.000  | 0.000  | 425.000    | 425.000    | 4675.000    | 425.000    |
| 1     | 0   | 1    | 0   | 0   | 0   | GET    | /assets/rating-star-gH9aOYPH.js       | 0.000 | 0.000  | 0.000   | 0.000 | 0.000  | 0.000  | 0.000  | 0.000  | 519.000    | 519.000    | 519.000     | 519.000    |
| 132   | 0   | 11   | 121 | 0   | 0   | GET    | /assets/route-B_Zm-GyU.js             | 0.000 | 0.000  | 0.000   | 0.000 | 0.000  | 0.000  | 0.000  | 0.000  | 0.000      | 2687.000   | 29557.000   | 223.917    |
| 11    | 0   | 11   | 0   | 0   | 0   | GET    | /assets/route-BbZUnrjQ.js             | 0.000 | 0.000  | 0.000   | 0.000 | 0.000  | 0.000  | 0.000  | 0.000  | 1029.000   | 1029.000   | 11319.000   | 1029.000   |
| 1     | 0   | 1    | 0   | 0   | 0   | GET    | /assets/route-qjNoFN43.js             | 0.000 | 0.000  | 0.000   | 0.000 | 0.000  | 0.000  | 0.000  | 0.000  | 2937.000   | 2937.000   | 2937.000    | 2937.000   |
| 132   | 0   | 11   | 121 | 0   | 0   | GET    | /images/buildings1.svg                | 0.000 | 0.000  | 0.000   | 0.000 | 0.000  | 0.000  | 0.000  | 0.000  | 0.000      | 13886.000  | 152746.000  | 1157.167   |
| 1     | 0   | 1    | 0   | 0   | 0   | GET    | /apple-touch-icon-180x180.png         | 0.000 | 0.000  | 0.000   | 0.000 | 0.000  | 0.000  | 0.000  | 0.000  | 1020.000   | 1020.000   | 1020.000    | 1020.000   |
| 1     | 0   | 1    | 0   | 0   | 0   | GET    | /assets/route-Ckv8UtcK.js             | 0.000 | 0.000  | 0.000   | 0.000 | 0.000  | 0.000  | 0.000  | 0.000  | 1148.000   | 1148.000   | 1148.000    | 1148.000   |
| 157   | 0   | 16   | 141 | 0   | 0   | GET    | /assets/root-BoSp76zW.css             | 0.000 | 0.000  | 0.000   | 0.000 | 0.000  | 0.000  | 0.000  | 0.000  | 0.000      | 26579.000  | 425264.000  | 2708.688   |
| 132   | 0   | 11   | 121 | 0   | 0   | GET    | /images/buildings6.svg                | 0.000 | 0.000  | 0.000   | 0.000 | 0.000  | 0.000  | 0.000  | 0.000  | 0.000      | 9454.000   | 103994.000  | 787.833    |
| 157   | 0   | 16   | 141 | 0   | 0   | GET    | /assets/bundle-mjs-Dnoi3Axr.js        | 0.000 | 0.000  | 0.000   | 0.000 | 0.000  | 0.000  | 0.000  | 0.000  | 0.000      | 19912.000  | 318592.000  | 2029.248   |
| 132   | 0   | 11   | 121 | 0   | 0   | GET    | /assets/client-context-C6wEaUbS.js    | 0.000 | 0.000  | 0.000   | 0.000 | 0.000  | 0.000  | 0.000  | 0.000  | 0.000      | 2262.000   | 24882.000   | 188.500    |
| 1     | 0   | 1    | 0   | 0   | 0   | GET    | /assets/route-BE5HJ0d6.js             | 0.000 | 0.000  | 0.000   | 0.000 | 0.000  | 0.000  | 0.000  | 0.000  | 3303.000   | 3303.000   | 3303.000    | 3303.000   |
| 26    | 0   | 6    | 20  | 0   | 0   | GET    | /assets/account-switch-C7WpOYxZ.js    | 0.000 | 0.000  | 0.000   | 0.000 | 0.000  | 0.000  | 0.000  | 0.000  | 0.000      | 553.000    | 3318.000    | 127.615    |
| 6     | 0   | 6    | 0   | 0   | 0   | GET    | /assets/route-CJUF4eR6.js             | 0.000 | 0.000  | 0.000   | 0.000 | 0.000  | 0.000  | 0.000  | 0.000  | 1576.000   | 1576.000   | 9456.000    | 1576.000   |
| 1     | 0   | 1    | 0   | 0   | 0   | GET    | /assets/route-DGKaubqO.js             | 0.000 | 0.000  | 0.000   | 0.000 | 0.000  | 0.000  | 0.000  | 0.000  | 1495.000   | 1495.000   | 1495.000    | 1495.000   |
| 137   | 0   | 16   | 121 | 0   | 0   | GET    | /assets/text-DfCqYLRl.js              | 0.000 | 0.000  | 0.000   | 0.000 | 0.000  | 0.000  | 0.000  | 0.000  | 0.000      | 505.000    | 8080.000    | 58.978     |
| 157   | 0   | 16   | 141 | 0   | 0   | GET    | /favicon.ico                          | 0.000 | 0.000  | 0.000   | 0.000 | 0.000  | 0.000  | 0.000  | 0.000  | 0.000      | 16958.000  | 271328.000  | 1728.204   |
| 157   | 0   | 16   | 141 | 0   | 0   | GET    | /assets/get-cookie-value-B3QhECDc.js  | 0.000 | 0.000  | 0.000   | 0.000 | 0.000  | 0.000  | 0.000  | 0.000  | 0.000      | 110.000    | 1760.000    | 11.210     |
| 11    | 0   | 11   | 0   | 0   | 0   | GET    | /assets/route-j6B5sfAw.js             | 0.000 | 0.000  | 0.000   | 0.000 | 0.000  | 0.000  | 0.000  | 0.000  | 3490.000   | 3490.000   | 38390.000   | 3490.000   |
| 1     | 0   | 1    | 0   | 0   | 0   | GET    | /assets/route-BkJsE9q1.js             | 0.000 | 0.000  | 0.000   | 0.000 | 0.000  | 0.000  | 0.000  | 0.000  | 1496.000   | 1496.000   | 1496.000    | 1496.000   |
| 26    | 0   | 6    | 20  | 0   | 0   | GET    | /owner                                | 0.000 | 0.000  | 0.000   | 0.000 | 0.000  | 0.000  | 0.000  | 0.000  | 0.000      | 705.000    | 4230.000    | 162.692    |
| 1     | 0   | 1    | 0   | 0   | 0   | GET    | /assets/route-Bu9MIazC.js             | 0.000 | 0.000  | 0.000   | 0.000 | 0.000  | 0.000  | 0.000  | 0.000  | 10479.000  | 10479.000  | 10479.000   | 10479.000  |
| 1     | 0   | 1    | 0   | 0   | 0   | GET    | /assets/route-Bhv1gox0.js             | 0.000 | 0.000  | 0.000   | 0.000 | 0.000  | 0.000  | 0.000  | 0.000  | 2361.000   | 2361.000   | 2361.000    | 2361.000   |
| 1     | 0   | 1    | 0   | 0   | 0   | GET    | /index.html                           | 0.000 | 0.000  | 0.000   | 0.000 | 0.000  | 0.000  | 0.000  | 0.000  | 705.000    | 705.000    | 705.000     | 705.000    |
| 132   | 0   | 11   | 121 | 0   | 0   | GET    | /images/buildings4.svg                | 0.000 | 0.000  | 0.000   | 0.000 | 0.000  | 0.000  | 0.000  | 0.000  | 0.000      | 4582.000   | 50402.000   | 381.833    |
| 1     | 0   | 1    | 0   | 0   | 0   | GET    | /images/top-logo.svg                  | 0.000 | 0.000  | 0.000   | 0.000 | 0.000  | 0.000  | 0.000  | 0.000  | 4749.000   | 4749.000   | 4749.000    | 4749.000   |
| 1     | 0   | 1    | 0   | 0   | 0   | GET    | /assets/price-D-o-ix3Y.js             | 0.000 | 0.000  | 0.000   | 0.000 | 0.000  | 0.000  | 0.000  | 0.000  | 1793.000   | 1793.000   | 1793.000    | 1793.000   |
| 1     | 0   | 1    | 0   | 0   | 0   | GET    | /assets/map-WlZ9yiya.js               | 0.000 | 0.000  | 0.000   | 0.000 | 0.000  | 0.000  | 0.000  | 0.000  | 11712.000  | 11712.000  | 11712.000   | 11712.000  |
| 157   | 0   | 16   | 141 | 0   | 0   | GET    | /assets/isuride-CWZY8A89.js           | 0.000 | 0.000  | 0.000   | 0.000 | 0.000  | 0.000  | 0.000  | 0.000  | 0.000      | 834.000    | 13344.000   | 84.994     |
| 16    | 0   | 16   | 0   | 0   | 0   | GET    | /assets/form-frame-AzQ8YT1a.js        | 0.000 | 0.000  | 0.000   | 0.000 | 0.000  | 0.000  | 0.000  | 0.000  | 824.000    | 824.000    | 13184.000   | 824.000    |
| 132   | 0   | 11   | 121 | 0   | 0   | GET    | /images/buildings5.svg                | 0.000 | 0.000  | 0.000   | 0.000 | 0.000  | 0.000  | 0.000  | 0.000  | 0.000      | 9858.000   | 108438.000  | 821.500    |
| 1     | 0   | 1    | 0   | 0   | 0   | GET    | /assets/route-D-xfm-4G.js             | 0.000 | 0.000  | 0.000   | 0.000 | 0.000  | 0.000  | 0.000  | 0.000  | 388.000    | 388.000    | 388.000     | 388.000    |
| 1     | 0   | 1    | 0   | 0   | 0   | GET    | /favicon-128x128.png                  | 0.000 | 0.000  | 0.000   | 0.000 | 0.000  | 0.000  | 0.000  | 0.000  | 783.000    | 783.000    | 783.000     | 783.000    |
| 132   | 0   | 11   | 121 | 0   | 0   | GET    | /client                               | 0.000 | 0.000  | 0.000   | 0.000 | 0.000  | 0.000  | 0.000  | 0.000  | 0.000      | 705.000    | 7755.000    | 58.750     |
| 26    | 0   | 6    | 20  | 0   | 0   | GET    | /assets/route-DzrPVuAG.js             | 0.000 | 0.000  | 0.000   | 0.000 | 0.000  | 0.000  | 0.000  | 0.000  | 0.000      | 1908.000   | 11448.000   | 440.308    |
+-------+-----+------+-----+-----+-----+--------+---------------------------------------+-------+--------+---------+-------+--------+--------+--------+--------+------------+------------+-------------+------------+
