+-------+-----+------+-----+-----+-----+--------+------------------------------------------------------+-------+--------+---------+-------+--------+--------+--------+--------+------------+------------+-------------+------------+
| COUNT | 1XX | 2XX  | 3XX | 4XX | 5XX | METHOD |                         URI                          |  MIN  |  MAX   |   SUM   |  AVG  |  P90   |  P95   |  P99   | STDDEV | MIN(BODY)  | MAX(BODY)  |  SUM(BODY)  | AVG(BODY)  |
+-------+-----+------+-----+-----+-----+--------+------------------------------------------------------+-------+--------+---------+-------+--------+--------+--------+--------+------------+------------+-------------+------------+
| 16    | 0   | 1    | 0   | 15  | 0   | GET    | /api/owner/chairs                                    | 0.672 | 10.012 | 150.696 | 9.418 | 10.012 | 10.012 | 10.012 | 2.258  | 0.000      | 19014.000  | 19014.000   | 1188.375   |
| 1     | 0   | 1    | 0   | 0   | 0   | POST   | /api/initialize                                      | 6.716 | 6.716  | 6.716   | 6.716 | 6.716  | 6.716  | 6.716  | 0.000  | 17.000     | 17.000     | 17.000      | 17.000     |
| 12    | 0   | 12   | 0   | 0   | 0   | GET    | /api/app/nearby-chairs                               | 1.468 | 2.904  | 24.144  | 2.012 | 2.512  | 2.904  | 2.904  | 0.399  | 42.000     | 764.000    | 4324.000    | 360.333    |
| 10    | 0   | 10   | 0   | 0   | 0   | POST   | /api/app/rides                                       | 0.600 | 1.360  | 8.348   | 0.835 | 1.212  | 1.360  | 1.360  | 0.253  | 51.000     | 52.000     | 516.000     | 51.600     |
| 1     | 0   | 1    | 0   | 0   | 0   | POST   | /api/chair/rides/01JWX9ECFC70VBR67EMT79AKS3/status   | 0.644 | 0.644  | 0.644   | 0.644 | 0.644  | 0.644  | 0.644  | 0.000  | 0.000      | 0.000      | 0.000       | 0.000      |
| 2     | 0   | 2    | 0   | 0   | 0   | POST   | /api/chair/rides/01JWX9EDYX1G2DRRJ06T4Z4TPG/status   | 0.368 | 0.828  | 1.196   | 0.598 | 0.828  | 0.828  | 0.828  | 0.230  | 0.000      | 0.000      | 0.000       | 0.000      |
| 506   | 0   | 496  | 0   | 10  | 0   | GET    | /api/app/notification                                | 0.032 | 1.588  | 295.192 | 0.583 | 0.964  | 1.120  | 1.400  | 0.286  | 0.000      | 437.000    | 191621.000  | 378.698    |
| 10    | 0   | 10   | 0   | 0   | 0   | POST   | /api/app/payment-methods                             | 0.068 | 1.008  | 5.660   | 0.566 | 0.924  | 1.008  | 1.008  | 0.302  | 0.000      | 0.000      | 0.000       | 0.000      |
| 1     | 0   | 1    | 0   | 0   | 0   | POST   | /api/app/rides/01JWX9EAZJAJYZ1QV4K0SQQQSF/evaluation | 0.536 | 0.536  | 0.536   | 0.536 | 0.536  | 0.536  | 0.536  | 0.000  | 30.000     | 30.000     | 30.000      | 30.000     |
| 420   | 0   | 420  | 0   | 0   | 0   | POST   | /api/chair/coordinate                                | 0.104 | 1.384  | 209.036 | 0.498 | 0.816  | 0.936  | 1.104  | 0.233  | 29.000     | 29.000     | 12180.000   | 29.000     |
| 20    | 0   | 20   | 0   | 0   | 0   | POST   | /api/chair/activity                                  | 0.024 | 1.456  | 9.924   | 0.496 | 1.168  | 1.192  | 1.456  | 0.449  | 0.000      | 0.000      | 0.000       | 0.000      |
| 1     | 0   | 1    | 0   | 0   | 0   | POST   | /api/chair/rides/01JWX9ED18Z0GMBNCJ1W0NKNDY/status   | 0.364 | 0.364  | 0.364   | 0.364 | 0.364  | 0.364  | 0.364  | 0.000  | 0.000      | 0.000      | 0.000       | 0.000      |
| 2     | 0   | 2    | 0   | 0   | 0   | POST   | /api/chair/rides/01JWX9EC1C2K2SMW1EX3QD0G0H/status   | 0.148 | 0.488  | 0.636   | 0.318 | 0.488  | 0.488  | 0.488  | 0.170  | 0.000      | 0.000      | 0.000       | 0.000      |
| 2     | 0   | 2    | 0   | 0   | 0   | POST   | /api/chair/rides/01JWX9EAZJAJYZ1QV4K0SQQQSF/status   | 0.288 | 0.340  | 0.628   | 0.314 | 0.340  | 0.340  | 0.340  | 0.026  | 0.000      | 0.000      | 0.000       | 0.000      |
| 1     | 0   | 1    | 0   | 0   | 0   | GET    | /api/owner/sales?                                    | 0.256 | 0.256  | 0.256   | 0.256 | 0.256  | 0.256  | 0.256  | 0.000  | 9183.000   | 9183.000   | 9183.000    | 9183.000   |
| 1     | 0   | 1    | 0   | 0   | 0   | POST   | /api/chair/rides/01JWX9ECCKAAMVXEQDYMRDPF5N/status   | 0.228 | 0.228  | 0.228   | 0.228 | 0.228  | 0.228  | 0.228  | 0.000  | 0.000      | 0.000      | 0.000       | 0.000      |
| 1     | 0   | 1    | 0   | 0   | 0   | GET    | /api/owner/sales                                     | 0.228 | 0.228  | 0.228   | 0.228 | 0.228  | 0.228  | 0.228  | 0.000  | 9017.000   | 9017.000   | 9017.000    | 9017.000   |
| 2824  | 0   | 2807 | 0   | 17  | 0   | GET    | /api/chair/notification                              | 0.004 | 1.412  | 610.496 | 0.216 | 0.448  | 0.568  | 0.868  | 0.177  | 0.000      | 270.000    | 239102.000  | 84.668     |
| 1     | 0   | 1    | 0   | 0   | 0   | POST   | /api/chair/rides/01JWX9EDYM32KKKB3H7WV5PVAF/status   | 0.184 | 0.184  | 0.184   | 0.184 | 0.184  | 0.184  | 0.184  | 0.000  | 0.000      | 0.000      | 0.000       | 0.000      |
| 15    | 0   | 15   | 0   | 0   | 0   | GET    | /api/app/rides                                       | 0.008 | 0.408  | 2.312   | 0.154 | 0.372  | 0.408  | 0.408  | 0.112  | 12.000     | 2158.000   | 4078.000    | 271.867    |
| 14    | 0   | 14   | 0   | 0   | 0   | POST   | /api/app/rides/estimated-fare                        | 0.004 | 0.364  | 1.420   | 0.101 | 0.208  | 0.364  | 0.364  | 0.095  | 26.000     | 29.000     | 395.000     | 28.214     |
| 1     | 0   | 1    | 0   | 0   | 0   | POST   | /api/chair/rides/01JWX9EBZR2STBVSB452X89PVJ/status   | 0.100 | 0.100  | 0.100   | 0.100 | 0.100  | 0.100  | 0.100  | 0.000  | 0.000      | 0.000      | 0.000       | 0.000      |
| 1     | 0   | 1    | 0   | 0   | 0   | POST   | /api/chair/rides/01JWX9ECB09553FDSVHXTWPDZJ/status   | 0.088 | 0.088  | 0.088   | 0.088 | 0.088  | 0.088  | 0.088  | 0.000  | 0.000      | 0.000      | 0.000       | 0.000      |
| 1     | 0   | 1    | 0   | 0   | 0   | POST   | /api/chair/rides/01JWX9EC22XBJR9G4DKT5AC2DM/status   | 0.032 | 0.032  | 0.032   | 0.032 | 0.032  | 0.032  | 0.032  | 0.000  | 0.000      | 0.000      | 0.000       | 0.000      |
| 818   | 0   | 595  | 0   | 0   | 223 | GET    | /api/internal/matching                               | 0.004 | 2.088  | 17.929  | 0.022 | 0.024  | 0.032  | 0.432  | 0.110  | 0.000      | 166.000    | 35942.000   | 43.939     |
| 10    | 0   | 10   | 0   | 0   | 0   | POST   | /api/app/users                                       | 0.012 | 0.028  | 0.176   | 0.018 | 0.020  | 0.028  | 0.028  | 0.005  | 86.000     | 86.000     | 860.000     | 86.000     |
| 20    | 0   | 20   | 0   | 0   | 0   | POST   | /api/chair/chairs                                    | 0.012 | 0.020  | 0.308   | 0.015 | 0.020  | 0.020  | 0.020  | 0.003  | 75.000     | 75.000     | 1500.000    | 75.000     |
| 5     | 0   | 5    | 0   | 0   | 0   | POST   | /api/owner/owners                                    | 0.012 | 0.016  | 0.064   | 0.013 | 0.016  | 0.016  | 0.016  | 0.002  | 125.000    | 125.000    | 625.000     | 125.000    |
| 1     | 0   | 1    | 0   | 0   | 0   | GET    | /images/top-bg.png                                   | 0.005 | 0.005  | 0.005   | 0.005 | 0.005  | 0.005  | 0.005  | 0.000  | 549793.000 | 549793.000 | 549793.000  | 549793.000 |
| 44    | 0   | 16   | 28  | 0   | 0   | GET    | /assets/components-Cbm4tYXz.js                       | 0.000 | 0.010  | 0.047   | 0.001 | 0.004  | 0.009  | 0.010  | 0.003  | 0.000      | 184569.000 | 2953104.000 | 67116.000  |
| 24    | 0   | 11   | 13  | 0   | 0   | GET    | /assets/storage-Coaj7Roq.js                          | 0.000 | 0.000  | 0.000   | 0.000 | 0.000  | 0.000  | 0.000  | 0.000  | 0.000      | 711.000    | 7821.000    | 325.875    |
| 24    | 0   | 11   | 13  | 0   | 0   | GET    | /assets/api-base-url-Bd0x18OB.js                     | 0.000 | 0.000  | 0.000   | 0.000 | 0.000  | 0.000  | 0.000  | 0.000  | 0.000      | 26.000     | 286.000     | 11.917     |
| 24    | 0   | 11   | 13  | 0   | 0   | GET    | /assets/client-context-C6wEaUbS.js                   | 0.000 | 0.000  | 0.000   | 0.000 | 0.000  | 0.000  | 0.000  | 0.000  | 0.000      | 2262.000   | 24882.000   | 1036.750   |
| 11    | 0   | 11   | 0   | 0   | 0   | GET    | /assets/date-input-Br46mw6i.js                       | 0.000 | 0.000  | 0.000   | 0.000 | 0.000  | 0.000  | 0.000  | 0.000  | 425.000    | 425.000    | 4675.000    | 425.000    |
| 1     | 0   | 1    | 0   | 0   | 0   | GET    | /assets/route-CNt_mqIX.js                            | 0.000 | 0.000  | 0.000   | 0.000 | 0.000  | 0.000  | 0.000  | 0.000  | 26045.000  | 26045.000  | 26045.000   | 26045.000  |
| 1     | 0   | 1    | 0   | 0   | 0   | GET    | /assets/route-DGKaubqO.js                            | 0.000 | 0.000  | 0.000   | 0.000 | 0.000  | 0.000  | 0.000  | 0.000  | 1495.000   | 1495.000   | 1495.000    | 1495.000   |
| 44    | 0   | 16   | 28  | 0   | 0   | GET    | /assets/root-JpS3BGeV.js                             | 0.000 | 0.000  | 0.000   | 0.000 | 0.000  | 0.000  | 0.000  | 0.000  | 0.000      | 27925.000  | 446800.000  | 10154.545  |
| 24    | 0   | 11   | 13  | 0   | 0   | GET    | /images/house1.svg                                   | 0.000 | 0.000  | 0.000   | 0.000 | 0.000  | 0.000  | 0.000  | 0.000  | 0.000      | 2903.000   | 31933.000   | 1330.542   |
| 24    | 0   | 11   | 13  | 0   | 0   | GET    | /images/buildings4.svg                               | 0.000 | 0.000  | 0.000   | 0.000 | 0.000  | 0.000  | 0.000  | 0.000  | 0.000      | 4582.000   | 50402.000   | 2100.083   |
| 24    | 0   | 11   | 13  | 0   | 0   | GET    | /images/town.svg                                     | 0.000 | 0.000  | 0.000   | 0.000 | 0.000  | 0.000  | 0.000  | 0.000  | 0.000      | 128735.000 | 1416085.000 | 59003.542  |
| 1     | 0   | 1    | 0   | 0   | 0   | GET    | /assets/chair-PB3Jm0Ii.js                            | 0.000 | 0.000  | 0.000   | 0.000 | 0.000  | 0.000  | 0.000  | 0.000  | 2008.000   | 2008.000   | 2008.000    | 2008.000   |
| 44    | 0   | 16   | 28  | 0   | 0   | GET    | /assets/root-BoSp76zW.css                            | 0.000 | 0.000  | 0.000   | 0.000 | 0.000  | 0.000  | 0.000  | 0.000  | 0.000      | 26579.000  | 425264.000  | 9665.091   |
| 24    | 0   | 11   | 13  | 0   | 0   | GET    | /images/buildings1.svg                               | 0.000 | 0.000  | 0.000   | 0.000 | 0.000  | 0.000  | 0.000  | 0.000  | 0.000      | 13886.000  | 152746.000  | 6364.417   |
| 24    | 0   | 11   | 13  | 0   | 0   | GET    | /images/buildings5.svg                               | 0.000 | 0.000  | 0.000   | 0.000 | 0.000  | 0.000  | 0.000  | 0.000  | 0.000      | 9858.000   | 108438.000  | 4518.250   |
| 1     | 0   | 1    | 0   | 0   | 0   | GET    | /assets/price-D-o-ix3Y.js                            | 0.000 | 0.000  | 0.000   | 0.000 | 0.000  | 0.000  | 0.000  | 0.000  | 1793.000   | 1793.000   | 1793.000    | 1793.000   |
| 1     | 0   | 1    | 0   | 0   | 0   | GET    | /assets/route-qjNoFN43.js                            | 0.000 | 0.000  | 0.000   | 0.000 | 0.000  | 0.000  | 0.000  | 0.000  | 2937.000   | 2937.000   | 2937.000    | 2937.000   |
| 24    | 0   | 11   | 13  | 0   | 0   | GET    | /images/house2.svg                                   | 0.000 | 0.000  | 0.000   | 0.000 | 0.000  | 0.000  | 0.000  | 0.000  | 0.000      | 6430.000   | 70730.000   | 2947.083   |
| 1     | 0   | 1    | 0   | 0   | 0   | GET    | /assets/post-message-C3RbgkUr.js                     | 0.000 | 0.000  | 0.000   | 0.000 | 0.000  | 0.000  | 0.000  | 0.000  | 367.000    | 367.000    | 367.000     | 367.000    |
| 1     | 0   | 1    | 0   | 0   | 0   | GET    | /assets/route-BkJsE9q1.js                            | 0.000 | 0.000  | 0.000   | 0.000 | 0.000  | 0.000  | 0.000  | 0.000  | 1496.000   | 1496.000   | 1496.000    | 1496.000   |
| 21    | 0   | 6    | 15  | 0   | 0   | GET    | /assets/route-DzrPVuAG.js                            | 0.000 | 0.000  | 0.000   | 0.000 | 0.000  | 0.000  | 0.000  | 0.000  | 0.000      | 1908.000   | 11448.000   | 545.143    |
| 24    | 0   | 11   | 13  | 0   | 0   | GET    | /images/buildings3.svg                               | 0.000 | 0.000  | 0.000   | 0.000 | 0.000  | 0.000  | 0.000  | 0.000  | 0.000      | 23793.000  | 261723.000  | 10905.125  |
| 1     | 0   | 1    | 0   | 0   | 0   | GET    | /images/top-logo.svg                                 | 0.000 | 0.000  | 0.000   | 0.000 | 0.000  | 0.000  | 0.000  | 0.000  | 4749.000   | 4749.000   | 4749.000    | 4749.000   |
| 21    | 0   | 6    | 15  | 0   | 0   | GET    | /assets/account-switch-C7WpOYxZ.js                   | 0.000 | 0.000  | 0.000   | 0.000 | 0.000  | 0.000  | 0.000  | 0.000  | 0.000      | 553.000    | 3318.000    | 158.000    |
| 44    | 0   | 16   | 28  | 0   | 0   | GET    | /assets/api-components-dDIZztSJ.js                   | 0.000 | 0.000  | 0.000   | 0.000 | 0.000  | 0.000  | 0.000  | 0.000  | 0.000      | 2007.000   | 32112.000   | 729.818    |
| 21    | 0   | 6    | 15  | 0   | 0   | GET    | /assets/owner-context-DCgOhQtd.js                    | 0.000 | 0.000  | 0.000   | 0.000 | 0.000  | 0.000  | 0.000  | 0.000  | 0.000      | 1077.000   | 6462.000    | 307.714    |
| 29    | 0   | 16   | 13  | 0   | 0   | GET    | /assets/text-DfCqYLRl.js                             | 0.000 | 0.000  | 0.000   | 0.000 | 0.000  | 0.000  | 0.000  | 0.000  | 0.000      | 505.000    | 8080.000    | 278.621    |
| 44    | 0   | 16   | 28  | 0   | 0   | GET    | /assets/bundle-mjs-Dnoi3Axr.js                       | 0.000 | 0.000  | 0.000   | 0.000 | 0.000  | 0.000  | 0.000  | 0.000  | 0.000      | 19912.000  | 318592.000  | 7240.727   |
| 31    | 0   | 16   | 15  | 0   | 0   | GET    | /assets/button-CS9qg6Tt.js                           | 0.000 | 0.000  | 0.000   | 0.000 | 0.000  | 0.000  | 0.000  | 0.000  | 0.000      | 843.000    | 13488.000   | 435.097    |
| 1     | 0   | 1    | 0   | 0   | 0   | GET    | /assets/get-initial-data-vd1rP8TD.js                 | 0.000 | 0.000  | 0.000   | 0.000 | 0.000  | 0.000  | 0.000  | 0.000  | 1757.000   | 1757.000   | 1757.000    | 1757.000   |
| 11    | 0   | 11   | 0   | 0   | 0   | GET    | /assets/responses-Cu7_GOWP.js                        | 0.000 | 0.000  | 0.000   | 0.000 | 0.000  | 0.000  | 0.000  | 0.000  | 350.000    | 350.000    | 3850.000    | 350.000    |
| 44    | 0   | 16   | 28  | 0   | 0   | GET    | /assets/colors-DB9lnfSt.js                           | 0.000 | 0.000  | 0.000   | 0.000 | 0.000  | 0.000  | 0.000  | 0.000  | 0.000      | 5678.000   | 90848.000   | 2064.727   |
| 24    | 0   | 11   | 13  | 0   | 0   | GET    | /assets/frame-CJ9SHS1U.js                            | 0.000 | 0.000  | 0.000   | 0.000 | 0.000  | 0.000  | 0.000  | 0.000  | 0.000      | 344.000    | 3784.000    | 157.667    |
| 24    | 0   | 11   | 13  | 0   | 0   | GET    | /assets/route-B_Zm-GyU.js                            | 0.000 | 0.000  | 0.000   | 0.000 | 0.000  | 0.000  | 0.000  | 0.000  | 0.000      | 2687.000   | 29557.000   | 1231.542   |
| 21    | 0   | 6    | 15  | 0   | 0   | GET    | /owner                                               | 0.000 | 0.000  | 0.000   | 0.000 | 0.000  | 0.000  | 0.000  | 0.000  | 0.000      | 705.000    | 4230.000    | 201.429    |
| 1     | 0   | 1    | 0   | 0   | 0   | GET    | /assets/manifest-2155a205.js                         | 0.000 | 0.000  | 0.000   | 0.000 | 0.000  | 0.000  | 0.000  | 0.000  | 9192.000   | 9192.000   | 9192.000    | 9192.000   |
| 1     | 0   | 1    | 0   | 0   | 0   | GET    | /assets/route-C7CZBETH.js                            | 0.000 | 0.000  | 0.000   | 0.000 | 0.000  | 0.000  | 0.000  | 0.000  | 2244.000   | 2244.000   | 2244.000    | 2244.000   |
| 1     | 0   | 1    | 0   | 0   | 0   | GET    | /assets/route-Bhv1gox0.js                            | 0.000 | 0.000  | 0.000   | 0.000 | 0.000  | 0.000  | 0.000  | 0.000  | 2361.000   | 2361.000   | 2361.000    | 2361.000   |
| 1     | 0   | 1    | 0   | 0   | 0   | GET    | /assets/rating-star-gH9aOYPH.js                      | 0.000 | 0.000  | 0.000   | 0.000 | 0.000  | 0.000  | 0.000  | 0.000  | 519.000    | 519.000    | 519.000     | 519.000    |
| 44    | 0   | 16   | 28  | 0   | 0   | GET    | /assets/isuride-CWZY8A89.js                          | 0.000 | 0.000  | 0.000   | 0.000 | 0.000  | 0.000  | 0.000  | 0.000  | 0.000      | 834.000    | 13344.000   | 303.273    |
| 24    | 0   | 11   | 13  | 0   | 0   | GET    | /images/buildings6.svg                               | 0.000 | 0.000  | 0.000   | 0.000 | 0.000  | 0.000  | 0.000  | 0.000  | 0.000      | 9454.000   | 103994.000  | 4333.083   |
| 24    | 0   | 11   | 13  | 0   | 0   | GET    | /images/buildings2.svg                               | 0.000 | 0.000  | 0.000   | 0.000 | 0.000  | 0.000  | 0.000  | 0.000  | 0.000      | 23825.000  | 262075.000  | 10919.792  |
| 1     | 0   | 1    | 0   | 0   | 0   | GET    | /assets/simulator-context-fn0s3fwv.js                | 0.000 | 0.000  | 0.000   | 0.000 | 0.000  | 0.000  | 0.000  | 0.000  | 2970.000   | 2970.000   | 2970.000    | 2970.000   |
| 44    | 0   | 16   | 28  | 0   | 0   | GET    | /assets/jsx-runtime-56DGgGmo.js                      | 0.000 | 0.000  | 0.000   | 0.000 | 0.000  | 0.000  | 0.000  | 0.000  | 0.000      | 8107.000   | 129712.000  | 2948.000   |
| 44    | 0   | 16   | 28  | 0   | 0   | GET    | /favicon.ico                                         | 0.000 | 0.000  | 0.000   | 0.000 | 0.000  | 0.000  | 0.000  | 0.000  | 0.000      | 16958.000  | 271328.000  | 6166.545   |
| 1     | 0   | 1    | 0   | 0   | 0   | GET    | /assets/route-Bu9MIazC.js                            | 0.000 | 0.000  | 0.000   | 0.000 | 0.000  | 0.000  | 0.000  | 0.000  | 10479.000  | 10479.000  | 10479.000   | 10479.000  |
| 1     | 0   | 1    | 0   | 0   | 0   | GET    | /assets/route-BE5HJ0d6.js                            | 0.000 | 0.000  | 0.000   | 0.000 | 0.000  | 0.000  | 0.000  | 0.000  | 3303.000   | 3303.000   | 3303.000    | 3303.000   |
| 16    | 0   | 16   | 0   | 0   | 0   | GET    | /assets/form-frame-AzQ8YT1a.js                       | 0.000 | 0.000  | 0.000   | 0.000 | 0.000  | 0.000  | 0.000  | 0.000  | 824.000    | 824.000    | 13184.000   | 824.000    |
| 44    | 0   | 16   | 28  | 0   | 0   | GET    | /assets/entry.client-BwsCJ-uh.js                     | 0.000 | 0.000  | 0.000   | 0.000 | 0.000  | 0.000  | 0.000  | 0.000  | 0.000      | 4135.000   | 66160.000   | 1503.636   |
| 11    | 0   | 11   | 0   | 0   | 0   | GET    | /assets/route-j6B5sfAw.js                            | 0.000 | 0.000  | 0.000   | 0.000 | 0.000  | 0.000  | 0.000  | 0.000  | 3490.000   | 3490.000   | 38390.000   | 3490.000   |
| 11    | 0   | 11   | 0   | 0   | 0   | GET    | /assets/route-BbZUnrjQ.js                            | 0.000 | 0.000  | 0.000   | 0.000 | 0.000  | 0.000  | 0.000  | 0.000  | 1029.000   | 1029.000   | 11319.000   | 1029.000   |
| 44    | 0   | 16   | 28  | 0   | 0   | GET    | /assets/get-cookie-value-B3QhECDc.js                 | 0.000 | 0.000  | 0.000   | 0.000 | 0.000  | 0.000  | 0.000  | 0.000  | 0.000      | 110.000    | 1760.000    | 40.000     |
| 44    | 0   | 16   | 28  | 0   | 0   | GET    | /favicon-32x32.png                                   | 0.000 | 0.000  | 0.000   | 0.000 | 0.000  | 0.000  | 0.000  | 0.000  | 0.000      | 336.000    | 5376.000    | 122.182    |
| 1     | 0   | 1    | 0   | 0   | 0   | GET    | /apple-touch-icon-180x180.png                        | 0.000 | 0.000  | 0.000   | 0.000 | 0.000  | 0.000  | 0.000  | 0.000  | 1020.000   | 1020.000   | 1020.000    | 1020.000   |
| 1     | 0   | 1    | 0   | 0   | 0   | GET    | /assets/route-D-xfm-4G.js                            | 0.000 | 0.000  | 0.000   | 0.000 | 0.000  | 0.000  | 0.000  | 0.000  | 388.000    | 388.000    | 388.000     | 388.000    |
| 6     | 0   | 6    | 0   | 0   | 0   | GET    | /assets/route-CJUF4eR6.js                            | 0.000 | 0.000  | 0.000   | 0.000 | 0.000  | 0.000  | 0.000  | 0.000  | 1576.000   | 1576.000   | 9456.000    | 1576.000   |
| 1     | 0   | 1    | 0   | 0   | 0   | GET    | /assets/route-Ckv8UtcK.js                            | 0.000 | 0.000  | 0.000   | 0.000 | 0.000  | 0.000  | 0.000  | 0.000  | 1148.000   | 1148.000   | 1148.000    | 1148.000   |
| 1     | 0   | 1    | 0   | 0   | 0   | GET    | /assets/map-WlZ9yiya.js                              | 0.000 | 0.000  | 0.000   | 0.000 | 0.000  | 0.000  | 0.000  | 0.000  | 11712.000  | 11712.000  | 11712.000   | 11712.000  |
| 44    | 0   | 16   | 28  | 0   | 0   | GET    | /assets/index-9ZhTBp7q.js                            | 0.000 | 0.000  | 0.000   | 0.000 | 0.000  | 0.000  | 0.000  | 0.000  | 0.000      | 60305.000  | 964880.000  | 21929.091  |
| 1     | 0   | 1    | 0   | 0   | 0   | GET    | /favicon-128x128.png                                 | 0.000 | 0.000  | 0.000   | 0.000 | 0.000  | 0.000  | 0.000  | 0.000  | 783.000    | 783.000    | 783.000     | 783.000    |
| 24    | 0   | 11   | 13  | 0   | 0   | GET    | /client                                              | 0.000 | 0.000  | 0.000   | 0.000 | 0.000  | 0.000  | 0.000  | 0.000  | 0.000      | 705.000    | 7755.000    | 323.125    |
| 1     | 0   | 1    | 0   | 0   | 0   | GET    | /index.html                                          | 0.000 | 0.000  | 0.000   | 0.000 | 0.000  | 0.000  | 0.000  | 0.000  | 705.000    | 705.000    | 705.000     | 705.000    |
+-------+-----+------+-----+-----+-----+--------+------------------------------------------------------+-------+--------+---------+-------+--------+--------+--------+--------+------------+------------+-------------+------------+
