+-------+-----+------+-----+-----+-----+--------+------------------------------------------------------+-------+--------+---------+-------+--------+--------+--------+--------+------------+------------+-------------+------------+
| COUNT | 1XX | 2XX  | 3XX | 4XX | 5XX | METHOD |                         URI                          |  MIN  |  MAX   |   SUM   |  AVG  |  P90   |  P95   |  P99   | STDDEV | MIN(BODY)  | MAX(BODY)  |  SUM(BODY)  | AVG(BODY)  |
+-------+-----+------+-----+-----+-----+--------+------------------------------------------------------+-------+--------+---------+-------+--------+--------+--------+--------+------------+------------+-------------+------------+
| 22    | 0   | 1    | 0   | 21  | 0   | GET    | /api/owner/chairs                                    | 0.748 | 10.012 | 207.284 | 9.422 | 10.008 | 10.008 | 10.012 | 2.022  | 0.000      | 19007.000  | 19007.000   | 863.955    |
| 1     | 0   | 1    | 0   | 0   | 0   | POST   | /api/initialize                                      | 7.192 | 7.192  | 7.192   | 7.192 | 7.192  | 7.192  | 7.192  | 0.000  | 17.000     | 17.000     | 17.000      | 17.000     |
| 17    | 0   | 17   | 0   | 0   | 0   | GET    | /api/app/nearby-chairs                               | 0.108 | 4.660  | 41.472  | 2.440 | 4.628  | 4.660  | 4.660  | 1.810  | 42.000     | 889.000    | 9476.000    | 557.412    |
| 1     | 0   | 1    | 0   | 0   | 0   | POST   | /api/app/rides/01JXFBQCWZ8C5VNRX28P2K8Q2Q/evaluation | 0.944 | 0.944  | 0.944   | 0.944 | 0.944  | 0.944  | 0.944  | 0.000  | 30.000     | 30.000     | 30.000      | 30.000     |
| 1     | 0   | 1    | 0   | 0   | 0   | POST   | /api/app/rides/01JXFBQCSMVNM7Y3W0NDXE1E0E/evaluation | 0.920 | 0.920  | 0.920   | 0.920 | 0.920  | 0.920  | 0.920  | 0.000  | 30.000     | 30.000     | 30.000      | 30.000     |
| 11    | 0   | 11   | 0   | 0   | 0   | POST   | /api/app/rides                                       | 0.044 | 1.336  | 8.908   | 0.810 | 1.184  | 1.336  | 1.336  | 0.360  | 51.000     | 52.000     | 569.000     | 51.727     |
| 1     | 0   | 1    | 0   | 0   | 0   | POST   | /api/chair/rides/01JXFBQCS8F5V0Z2HRNFKFCTF6/status   | 0.664 | 0.664  | 0.664   | 0.664 | 0.664  | 0.664  | 0.664  | 0.000  | 0.000      | 0.000      | 0.000       | 0.000      |
| 2     | 0   | 2    | 0   | 0   | 0   | POST   | /api/chair/rides/01JXFBQD0TK8MMRVMS7AJW3Z7M/status   | 0.264 | 0.940  | 1.204   | 0.602 | 0.940  | 0.940  | 0.940  | 0.338  | 0.000      | 0.000      | 0.000       | 0.000      |
| 546   | 0   | 546  | 0   | 0   | 0   | POST   | /api/chair/coordinate                                | 0.020 | 1.664  | 323.112 | 0.592 | 0.916  | 1.008  | 1.236  | 0.234  | 29.000     | 29.000     | 15834.000   | 29.000     |
| 11    | 0   | 11   | 0   | 0   | 0   | POST   | /api/app/payment-methods                             | 0.016 | 0.812  | 5.548   | 0.504 | 0.812  | 0.812  | 0.812  | 0.201  | 0.000      | 0.000      | 0.000       | 0.000      |
| 2     | 0   | 2    | 0   | 0   | 0   | POST   | /api/chair/rides/01JXFBQCSMVNM7Y3W0NDXE1E0E/status   | 0.436 | 0.564  | 1.000   | 0.500 | 0.564  | 0.564  | 0.564  | 0.064  | 0.000      | 0.000      | 0.000       | 0.000      |
| 2     | 0   | 2    | 0   | 0   | 0   | POST   | /api/chair/rides/01JXFBQCV44H7H55KR3C3RTVKG/status   | 0.252 | 0.656  | 0.908   | 0.454 | 0.656  | 0.656  | 0.656  | 0.202  | 0.000      | 0.000      | 0.000       | 0.000      |
| 1     | 0   | 1    | 0   | 0   | 0   | POST   | /api/chair/rides/01JXFBQC653V4D94TXMHF58KH1/status   | 0.352 | 0.352  | 0.352   | 0.352 | 0.352  | 0.352  | 0.352  | 0.000  | 0.000      | 0.000      | 0.000       | 0.000      |
| 2     | 0   | 2    | 0   | 0   | 0   | POST   | /api/chair/rides/01JXFBQCWZ8C5VNRX28P2K8Q2Q/status   | 0.176 | 0.480  | 0.656   | 0.328 | 0.480  | 0.480  | 0.480  | 0.152  | 0.000      | 0.000      | 0.000       | 0.000      |
| 1     | 0   | 1    | 0   | 0   | 0   | POST   | /api/chair/rides/01JXFBQE4AMCY0J1BSHFYP1XWQ/status   | 0.300 | 0.300  | 0.300   | 0.300 | 0.300  | 0.300  | 0.300  | 0.000  | 0.000      | 0.000      | 0.000       | 0.000      |
| 1     | 0   | 1    | 0   | 0   | 0   | POST   | /api/chair/rides/01JXFBQCWT9Z8MHY8PSXC8112Q/status   | 0.284 | 0.284  | 0.284   | 0.284 | 0.284  | 0.284  | 0.284  | 0.000  | 0.000      | 0.000      | 0.000       | 0.000      |
| 1     | 0   | 1    | 0   | 0   | 0   | GET    | /api/owner/sales?                                    | 0.276 | 0.276  | 0.276   | 0.276 | 0.276  | 0.276  | 0.276  | 0.000  | 9183.000   | 9183.000   | 9183.000    | 9183.000   |
| 1     | 0   | 1    | 0   | 0   | 0   | GET    | /api/owner/sales                                     | 0.256 | 0.256  | 0.256   | 0.256 | 0.256  | 0.256  | 0.256  | 0.000  | 9024.000   | 9024.000   | 9024.000    | 9024.000   |
| 21    | 0   | 20   | 0   | 1   | 0   | POST   | /api/chair/activity                                  | 0.056 | 0.856  | 4.632   | 0.221 | 0.280  | 0.292  | 0.856  | 0.162  | 0.000      | 46.000     | 46.000      | 2.190      |
| 14    | 0   | 14   | 0   | 0   | 0   | GET    | /api/app/rides                                       | 0.012 | 0.604  | 2.796   | 0.200 | 0.480  | 0.604  | 0.604  | 0.172  | 12.000     | 2158.000   | 4066.000    | 290.429    |
| 1     | 0   | 1    | 0   | 0   | 0   | POST   | /api/chair/rides/01JXFBQDXSNFA5KFH508TQ25ZT/status   | 0.172 | 0.172  | 0.172   | 0.172 | 0.172  | 0.172  | 0.172  | 0.000  | 0.000      | 0.000      | 0.000       | 0.000      |
| 2700  | 0   | 2689 | 0   | 11  | 0   | GET    | /api/app/notification                                | 0.004 | 1.960  | 459.860 | 0.170 | 0.716  | 0.972  | 1.304  | 0.327  | 0.000      | 428.000    | 970400.000  | 359.407    |
| 1     | 0   | 1    | 0   | 0   | 0   | POST   | /api/chair/rides/01JXFBQG26P9G950DCKR2H78CZ/status   | 0.164 | 0.164  | 0.164   | 0.164 | 0.164  | 0.164  | 0.164  | 0.000  | 0.000      | 0.000      | 0.000       | 0.000      |
| 6128  | 0   | 6113 | 0   | 15  | 0   | GET    | /api/chair/notification                              | 0.004 | 1.456  | 920.556 | 0.150 | 0.412  | 0.540  | 0.812  | 0.189  | 0.000      | 267.000    | 1036413.000 | 169.127    |
| 15    | 0   | 15   | 0   | 0   | 0   | POST   | /api/app/rides/estimated-fare                        | 0.008 | 0.324  | 1.656   | 0.110 | 0.280  | 0.324  | 0.324  | 0.108  | 26.000     | 29.000     | 425.000     | 28.333     |
| 11    | 0   | 11   | 0   | 0   | 0   | POST   | /api/app/users                                       | 0.012 | 0.036  | 0.232   | 0.021 | 0.032  | 0.036  | 0.036  | 0.007  | 86.000     | 86.000     | 946.000     | 86.000     |
| 20    | 0   | 20   | 0   | 0   | 0   | POST   | /api/chair/chairs                                    | 0.012 | 0.024  | 0.336   | 0.017 | 0.020  | 0.020  | 0.024  | 0.003  | 75.000     | 75.000     | 1500.000    | 75.000     |
| 5     | 0   | 5    | 0   | 0   | 0   | POST   | /api/owner/owners                                    | 0.008 | 0.016  | 0.060   | 0.012 | 0.016  | 0.016  | 0.016  | 0.003  | 125.000    | 125.000    | 625.000     | 125.000    |
| 1848  | 0   | 1843 | 0   | 0   | 5   | GET    | /api/internal/matching                               | 0.004 | 1.148  | 15.920  | 0.009 | 0.008  | 0.008  | 0.100  | 0.044  | 0.000      | 166.000    | 433.000     | 0.234      |
| 2     | 0   | 2    | 0   | 0   | 0   | GET    | /images/top-bg.png                                   | 0.005 | 0.008  | 0.013   | 0.007 | 0.008  | 0.008  | 0.008  | 0.002  | 549793.000 | 549793.000 | 1099586.000 | 549793.000 |
| 51    | 0   | 17   | 34  | 0   | 0   | GET    | /assets/components-Cbm4tYXz.js                       | 0.000 | 0.014  | 0.077   | 0.002 | 0.003  | 0.012  | 0.014  | 0.003  | 0.000      | 184569.000 | 3137673.000 | 61523.000  |
| 26    | 0   | 13   | 13  | 0   | 0   | GET    | /images/town.svg                                     | 0.000 | 0.006  | 0.006   | 0.000 | 0.000  | 0.000  | 0.006  | 0.001  | 0.000      | 128735.000 | 1673555.000 | 64367.500  |
| 25    | 0   | 12   | 13  | 0   | 0   | GET    | /assets/client-context-C6wEaUbS.js                   | 0.000 | 0.000  | 0.000   | 0.000 | 0.000  | 0.000  | 0.000  | 0.000  | 0.000      | 2262.000   | 27144.000   | 1085.760   |
| 25    | 0   | 12   | 13  | 0   | 0   | GET    | /assets/route-B_Zm-GyU.js                            | 0.000 | 0.000  | 0.000   | 0.000 | 0.000  | 0.000  | 0.000  | 0.000  | 0.000      | 2687.000   | 32244.000   | 1289.760   |
| 2     | 0   | 2    | 0   | 0   | 0   | GET    | /assets/route-CNt_mqIX.js                            | 0.000 | 0.000  | 0.000   | 0.000 | 0.000  | 0.000  | 0.000  | 0.000  | 26045.000  | 26045.000  | 52090.000   | 26045.000  |
| 51    | 0   | 17   | 34  | 0   | 0   | GET    | /assets/get-cookie-value-B3QhECDc.js                 | 0.000 | 0.000  | 0.000   | 0.000 | 0.000  | 0.000  | 0.000  | 0.000  | 0.000      | 110.000    | 1870.000    | 36.667     |
| 25    | 0   | 12   | 13  | 0   | 0   | GET    | /client                                              | 0.000 | 0.000  | 0.000   | 0.000 | 0.000  | 0.000  | 0.000  | 0.000  | 0.000      | 705.000    | 8460.000    | 338.400    |
| 2     | 0   | 2    | 0   | 0   | 0   | GET    | /assets/price-D-o-ix3Y.js                            | 0.000 | 0.000  | 0.000   | 0.000 | 0.000  | 0.000  | 0.000  | 0.000  | 1793.000   | 1793.000   | 3586.000    | 1793.000   |
| 2     | 0   | 2    | 0   | 0   | 0   | GET    | /assets/rating-star-gH9aOYPH.js                      | 0.000 | 0.000  | 0.000   | 0.000 | 0.000  | 0.000  | 0.000  | 0.000  | 519.000    | 519.000    | 1038.000    | 519.000    |
| 38    | 0   | 17   | 21  | 0   | 0   | GET    | /assets/button-CS9qg6Tt.js                           | 0.000 | 0.000  | 0.000   | 0.000 | 0.000  | 0.000  | 0.000  | 0.000  | 0.000      | 843.000    | 14331.000   | 377.132    |
| 12    | 0   | 12   | 0   | 0   | 0   | GET    | /assets/route-j6B5sfAw.js                            | 0.000 | 0.000  | 0.000   | 0.000 | 0.000  | 0.000  | 0.000  | 0.000  | 3490.000   | 3490.000   | 41880.000   | 3490.000   |
| 2     | 0   | 2    | 0   | 0   | 0   | GET    | /assets/map-WlZ9yiya.js                              | 0.000 | 0.000  | 0.000   | 0.000 | 0.000  | 0.000  | 0.000  | 0.000  | 11712.000  | 11712.000  | 23424.000   | 11712.000  |
| 26    | 0   | 13   | 13  | 0   | 0   | GET    | /images/buildings1.svg                               | 0.000 | 0.000  | 0.000   | 0.000 | 0.000  | 0.000  | 0.000  | 0.000  | 0.000      | 13886.000  | 180518.000  | 6943.000   |
| 26    | 0   | 13   | 13  | 0   | 0   | GET    | /images/buildings5.svg                               | 0.000 | 0.000  | 0.000   | 0.000 | 0.000  | 0.000  | 0.000  | 0.000  | 0.000      | 9858.000   | 128154.000  | 4929.000   |
| 26    | 0   | 13   | 13  | 0   | 0   | GET    | /images/buildings3.svg                               | 0.000 | 0.000  | 0.000   | 0.000 | 0.000  | 0.000  | 0.000  | 0.000  | 0.000      | 23793.000  | 309309.000  | 11896.500  |
| 26    | 0   | 13   | 13  | 0   | 0   | GET    | /images/house1.svg                                   | 0.000 | 0.000  | 0.000   | 0.000 | 0.000  | 0.000  | 0.000  | 0.000  | 0.000      | 2903.000   | 37739.000   | 1451.500   |
| 26    | 0   | 13   | 13  | 0   | 0   | GET    | /images/buildings6.svg                               | 0.000 | 0.000  | 0.000   | 0.000 | 0.000  | 0.000  | 0.000  | 0.000  | 0.000      | 9454.000   | 122902.000  | 4727.000   |
| 2     | 0   | 2    | 0   | 0   | 0   | GET    | /assets/chair-PB3Jm0Ii.js                            | 0.000 | 0.000  | 0.000   | 0.000 | 0.000  | 0.000  | 0.000  | 0.000  | 2008.000   | 2008.000   | 4016.000    | 2008.000   |
| 26    | 0   | 13   | 13  | 0   | 0   | GET    | /images/buildings4.svg                               | 0.000 | 0.000  | 0.000   | 0.000 | 0.000  | 0.000  | 0.000  | 0.000  | 0.000      | 4582.000   | 59566.000   | 2291.000   |
| 26    | 0   | 13   | 13  | 0   | 0   | GET    | /images/buildings2.svg                               | 0.000 | 0.000  | 0.000   | 0.000 | 0.000  | 0.000  | 0.000  | 0.000  | 0.000      | 23825.000  | 309725.000  | 11912.500  |
| 12    | 0   | 12   | 0   | 0   | 0   | GET    | /assets/responses-Cu7_GOWP.js                        | 0.000 | 0.000  | 0.000   | 0.000 | 0.000  | 0.000  | 0.000  | 0.000  | 350.000    | 350.000    | 4200.000    | 350.000    |
| 12    | 0   | 12   | 0   | 0   | 0   | GET    | /assets/date-input-Br46mw6i.js                       | 0.000 | 0.000  | 0.000   | 0.000 | 0.000  | 0.000  | 0.000  | 0.000  | 425.000    | 425.000    | 5100.000    | 425.000    |
| 17    | 0   | 17   | 0   | 0   | 0   | GET    | /assets/form-frame-AzQ8YT1a.js                       | 0.000 | 0.000  | 0.000   | 0.000 | 0.000  | 0.000  | 0.000  | 0.000  | 824.000    | 824.000    | 14008.000   | 824.000    |
| 25    | 0   | 12   | 13  | 0   | 0   | GET    | /assets/storage-Coaj7Roq.js                          | 0.000 | 0.000  | 0.000   | 0.000 | 0.000  | 0.000  | 0.000  | 0.000  | 0.000      | 711.000    | 8532.000    | 341.280    |
| 25    | 0   | 12   | 13  | 0   | 0   | GET    | /assets/api-base-url-Bd0x18OB.js                     | 0.000 | 0.000  | 0.000   | 0.000 | 0.000  | 0.000  | 0.000  | 0.000  | 0.000      | 26.000     | 312.000     | 12.480     |
| 12    | 0   | 12   | 0   | 0   | 0   | GET    | /assets/route-BbZUnrjQ.js                            | 0.000 | 0.000  | 0.000   | 0.000 | 0.000  | 0.000  | 0.000  | 0.000  | 1029.000   | 1029.000   | 12348.000   | 1029.000   |
| 2     | 0   | 2    | 0   | 0   | 0   | GET    | /assets/post-message-C3RbgkUr.js                     | 0.000 | 0.000  | 0.000   | 0.000 | 0.000  | 0.000  | 0.000  | 0.000  | 367.000    | 367.000    | 734.000     | 367.000    |
| 51    | 0   | 17   | 34  | 0   | 0   | GET    | /assets/api-components-dDIZztSJ.js                   | 0.000 | 0.000  | 0.000   | 0.000 | 0.000  | 0.000  | 0.000  | 0.000  | 0.000      | 2007.000   | 34119.000   | 669.000    |
| 26    | 0   | 13   | 13  | 0   | 0   | GET    | /images/house2.svg                                   | 0.000 | 0.000  | 0.000   | 0.000 | 0.000  | 0.000  | 0.000  | 0.000  | 0.000      | 6430.000   | 83590.000   | 3215.000   |
| 2     | 0   | 2    | 0   | 0   | 0   | GET    | /assets/get-initial-data-vd1rP8TD.js                 | 0.000 | 0.000  | 0.000   | 0.000 | 0.000  | 0.000  | 0.000  | 0.000  | 1757.000   | 1757.000   | 3514.000    | 1757.000   |
| 2     | 0   | 0    | 0   | 0   | 2   | GET    | /simulator                                           | 0.000 | 0.000  | 0.000   | 0.000 | 0.000  | 0.000  | 0.000  | 0.000  | 588.000    | 588.000    | 1176.000    | 588.000    |
| 1     | 0   | 1    | 0   | 0   | 0   | GET    | /assets/route-C7CZBETH.js                            | 0.000 | 0.000  | 0.000   | 0.000 | 0.000  | 0.000  | 0.000  | 0.000  | 2244.000   | 2244.000   | 2244.000    | 2244.000   |
| 27    | 0   | 6    | 21  | 0   | 0   | GET    | /assets/account-switch-C7WpOYxZ.js                   | 0.000 | 0.000  | 0.000   | 0.000 | 0.000  | 0.000  | 0.000  | 0.000  | 0.000      | 553.000    | 3318.000    | 122.889    |
| 1     | 0   | 1    | 0   | 0   | 0   | GET    | /assets/route-DGKaubqO.js                            | 0.000 | 0.000  | 0.000   | 0.000 | 0.000  | 0.000  | 0.000  | 0.000  | 1495.000   | 1495.000   | 1495.000    | 1495.000   |
| 1     | 0   | 1    | 0   | 0   | 0   | GET    | /assets/route-qjNoFN43.js                            | 0.000 | 0.000  | 0.000   | 0.000 | 0.000  | 0.000  | 0.000  | 0.000  | 2937.000   | 2937.000   | 2937.000    | 2937.000   |
| 1     | 0   | 1    | 0   | 0   | 0   | GET    | /assets/route-Bhv1gox0.js                            | 0.000 | 0.000  | 0.000   | 0.000 | 0.000  | 0.000  | 0.000  | 0.000  | 2361.000   | 2361.000   | 2361.000    | 2361.000   |
| 1     | 0   | 1    | 0   | 0   | 0   | GET    | /favicon-128x128.png                                 | 0.000 | 0.000  | 0.000   | 0.000 | 0.000  | 0.000  | 0.000  | 0.000  | 783.000    | 783.000    | 783.000     | 783.000    |
| 1     | 0   | 1    | 0   | 0   | 0   | GET    | /index.html                                          | 0.000 | 0.000  | 0.000   | 0.000 | 0.000  | 0.000  | 0.000  | 0.000  | 705.000    | 705.000    | 705.000     | 705.000    |
| 6     | 0   | 6    | 0   | 0   | 0   | GET    | /assets/route-CJUF4eR6.js                            | 0.000 | 0.000  | 0.000   | 0.000 | 0.000  | 0.000  | 0.000  | 0.000  | 1576.000   | 1576.000   | 9456.000    | 1576.000   |
| 1     | 0   | 1    | 0   | 0   | 0   | GET    | /assets/route-BkJsE9q1.js                            | 0.000 | 0.000  | 0.000   | 0.000 | 0.000  | 0.000  | 0.000  | 0.000  | 1496.000   | 1496.000   | 1496.000    | 1496.000   |
| 1     | 0   | 1    | 0   | 0   | 0   | GET    | /assets/route-Ckv8UtcK.js                            | 0.000 | 0.000  | 0.000   | 0.000 | 0.000  | 0.000  | 0.000  | 0.000  | 1148.000   | 1148.000   | 1148.000    | 1148.000   |
| 27    | 0   | 6    | 21  | 0   | 0   | GET    | /assets/route-DzrPVuAG.js                            | 0.000 | 0.000  | 0.000   | 0.000 | 0.000  | 0.000  | 0.000  | 0.000  | 0.000      | 1908.000   | 11448.000   | 424.000    |
| 27    | 0   | 6    | 21  | 0   | 0   | GET    | /assets/owner-context-DCgOhQtd.js                    | 0.000 | 0.000  | 0.000   | 0.000 | 0.000  | 0.000  | 0.000  | 0.000  | 0.000      | 1077.000   | 6462.000    | 239.333    |
| 1     | 0   | 1    | 0   | 0   | 0   | GET    | /apple-touch-icon-180x180.png                        | 0.000 | 0.000  | 0.000   | 0.000 | 0.000  | 0.000  | 0.000  | 0.000  | 1020.000   | 1020.000   | 1020.000    | 1020.000   |
| 27    | 0   | 6    | 21  | 0   | 0   | GET    | /owner                                               | 0.000 | 0.000  | 0.000   | 0.000 | 0.000  | 0.000  | 0.000  | 0.000  | 0.000      | 705.000    | 4230.000    | 156.667    |
| 2     | 0   | 2    | 0   | 0   | 0   | GET    | /assets/simulator-context-fn0s3fwv.js                | 0.000 | 0.000  | 0.000   | 0.000 | 0.000  | 0.000  | 0.000  | 0.000  | 2970.000   | 2970.000   | 5940.000    | 2970.000   |
| 2     | 0   | 2    | 0   | 0   | 0   | GET    | /assets/route-D-xfm-4G.js                            | 0.000 | 0.000  | 0.000   | 0.000 | 0.000  | 0.000  | 0.000  | 0.000  | 388.000    | 388.000    | 776.000     | 388.000    |
| 2     | 0   | 2    | 0   | 0   | 0   | GET    | /assets/route-Bu9MIazC.js                            | 0.000 | 0.000  | 0.000   | 0.000 | 0.000  | 0.000  | 0.000  | 0.000  | 10479.000  | 10479.000  | 20958.000   | 10479.000  |
| 2     | 0   | 2    | 0   | 0   | 0   | GET    | /images/top-logo.svg                                 | 0.000 | 0.000  | 0.000   | 0.000 | 0.000  | 0.000  | 0.000  | 0.000  | 4749.000   | 4749.000   | 9498.000    | 4749.000   |
| 51    | 0   | 17   | 34  | 0   | 0   | GET    | /favicon-32x32.png                                   | 0.000 | 0.000  | 0.000   | 0.000 | 0.000  | 0.000  | 0.000  | 0.000  | 0.000      | 336.000    | 5712.000    | 112.000    |
| 30    | 0   | 17   | 13  | 0   | 0   | GET    | /assets/text-DfCqYLRl.js                             | 0.000 | 0.000  | 0.000   | 0.000 | 0.000  | 0.000  | 0.000  | 0.000  | 0.000      | 505.000    | 8585.000    | 286.167    |
| 25    | 0   | 12   | 13  | 0   | 0   | GET    | /assets/frame-CJ9SHS1U.js                            | 0.000 | 0.000  | 0.000   | 0.000 | 0.000  | 0.000  | 0.000  | 0.000  | 0.000      | 344.000    | 4128.000    | 165.120    |
| 51    | 0   | 17   | 34  | 0   | 0   | GET    | /assets/isuride-CWZY8A89.js                          | 0.000 | 0.000  | 0.000   | 0.000 | 0.000  | 0.000  | 0.000  | 0.000  | 0.000      | 834.000    | 14178.000   | 278.000    |
| 51    | 0   | 17   | 34  | 0   | 0   | GET    | /assets/bundle-mjs-Dnoi3Axr.js                       | 0.000 | 0.000  | 0.000   | 0.000 | 0.000  | 0.000  | 0.000  | 0.000  | 0.000      | 19912.000  | 338504.000  | 6637.333   |
| 2     | 0   | 2    | 0   | 0   | 0   | GET    | /assets/route-BE5HJ0d6.js                            | 0.000 | 0.000  | 0.000   | 0.000 | 0.000  | 0.000  | 0.000  | 0.000  | 3303.000   | 3303.000   | 6606.000    | 3303.000   |
| 54    | 0   | 18   | 34  | 0   | 2   | GET    | /favicon.ico                                         | 0.000 | 0.000  | 0.000   | 0.000 | 0.000  | 0.000  | 0.000  | 0.000  | 0.000      | 16958.000  | 306420.000  | 5674.444   |
| 51    | 0   | 17   | 34  | 0   | 0   | GET    | /assets/index-9ZhTBp7q.js                            | 0.000 | 0.000  | 0.000   | 0.000 | 0.000  | 0.000  | 0.000  | 0.000  | 0.000      | 60305.000  | 1025185.000 | 20101.667  |
| 51    | 0   | 17   | 34  | 0   | 0   | GET    | /assets/jsx-runtime-56DGgGmo.js                      | 0.000 | 0.000  | 0.000   | 0.000 | 0.000  | 0.000  | 0.000  | 0.000  | 0.000      | 8107.000   | 137819.000  | 2702.333   |
| 51    | 0   | 17   | 34  | 0   | 0   | GET    | /assets/root-JpS3BGeV.js                             | 0.000 | 0.000  | 0.000   | 0.000 | 0.000  | 0.000  | 0.000  | 0.000  | 0.000      | 27925.000  | 474725.000  | 9308.333   |
| 2     | 0   | 2    | 0   | 0   | 0   | GET    | /assets/manifest-2155a205.js                         | 0.000 | 0.000  | 0.000   | 0.000 | 0.000  | 0.000  | 0.000  | 0.000  | 9192.000   | 9192.000   | 18384.000   | 9192.000   |
| 51    | 0   | 17   | 34  | 0   | 0   | GET    | /assets/entry.client-BwsCJ-uh.js                     | 0.000 | 0.000  | 0.000   | 0.000 | 0.000  | 0.000  | 0.000  | 0.000  | 0.000      | 4135.000   | 70295.000   | 1378.333   |
| 51    | 0   | 17   | 34  | 0   | 0   | GET    | /assets/root-BoSp76zW.css                            | 0.000 | 0.000  | 0.000   | 0.000 | 0.000  | 0.000  | 0.000  | 0.000  | 0.000      | 26579.000  | 451843.000  | 8859.667   |
| 1     | 0   | 1    | 0   | 0   | 0   | GET    | /                                                    | 0.000 | 0.000  | 0.000   | 0.000 | 0.000  | 0.000  | 0.000  | 0.000  | 705.000    | 705.000    | 705.000     | 705.000    |
| 51    | 0   | 17   | 34  | 0   | 0   | GET    | /assets/colors-DB9lnfSt.js                           | 0.000 | 0.000  | 0.000   | 0.000 | 0.000  | 0.000  | 0.000  | 0.000  | 0.000      | 5678.000   | 96526.000   | 1892.667   |
+-------+-----+------+-----+-----+-----+--------+------------------------------------------------------+-------+--------+---------+-------+--------+--------+--------+--------+------------+------------+-------------+------------+
