+-------+-----+------+-----+-----+-----+--------+----------------------------------------------------+--------+--------+---------+--------+--------+--------+--------+--------+------------+------------+-------------+------------+
| COUNT | 1XX | 2XX  | 3XX | 4XX | 5XX | METHOD |                        URI                         |  MIN   |  MAX   |   SUM   |  AVG   |  P90   |  P95   |  P99   | STDDEV | MIN(BODY)  | MAX(BODY)  |  SUM(BODY)  | AVG(BODY)  |
+-------+-----+------+-----+-----+-----+--------+----------------------------------------------------+--------+--------+---------+--------+--------+--------+--------+--------+------------+------------+-------------+------------+
| 1     | 0   | 1    | 0   | 0   | 0   | POST   | /api/initialize                                    | 13.332 | 13.332 | 13.332  | 13.332 | 13.332 | 13.332 | 13.332 | 0.000  | 17.000     | 17.000     | 17.000      | 17.000     |
| 19    | 0   | 19   | 0   | 0   | 0   | GET    | /api/app/nearby-chairs                             | 0.628  | 1.268  | 18.168  | 0.956  | 1.224  | 1.268  | 1.268  | 0.186  | 42.000     | 930.000    | 4761.000    | 250.579    |
| 10    | 0   | 10   | 0   | 0   | 0   | POST   | /api/app/payment-methods                           | 0.128  | 0.576  | 4.028   | 0.403  | 0.572  | 0.576  | 0.576  | 0.185  | 0.000      | 0.000      | 0.000       | 0.000      |
| 513   | 0   | 513  | 0   | 0   | 0   | POST   | /api/chair/coordinate                              | 0.060  | 1.092  | 200.662 | 0.391  | 0.608  | 0.764  | 0.996  | 0.181  | 29.000     | 29.000     | 14877.000   | 29.000     |
| 20    | 0   | 20   | 0   | 0   | 0   | POST   | /api/chair/activity                                | 0.064  | 0.588  | 7.364   | 0.368  | 0.580  | 0.584  | 0.588  | 0.182  | 0.000      | 0.000      | 0.000       | 0.000      |
| 1     | 0   | 1    | 0   | 0   | 0   | POST   | /api/chair/rides/01K09BCTC5RTZFAXEX5Y2Y7ND9/status | 0.328  | 0.328  | 0.328   | 0.328  | 0.328  | 0.328  | 0.328  | 0.000  | 0.000      | 0.000      | 0.000       | 0.000      |
| 982   | 0   | 973  | 0   | 9   | 0   | GET    | /api/app/notification                              | 0.020  | 0.936  | 306.352 | 0.312  | 0.524  | 0.592  | 0.728  | 0.157  | 0.000      | 457.000    | 403844.000  | 411.246    |
| 1     | 0   | 1    | 0   | 0   | 0   | GET    | /api/owner/sales?                                  | 0.292  | 0.292  | 0.292   | 0.292  | 0.292  | 0.292  | 0.292  | 0.000  | 9183.000   | 9183.000   | 9183.000    | 9183.000   |
| 10    | 0   | 10   | 0   | 0   | 0   | POST   | /api/app/rides                                     | 0.156  | 0.460  | 2.812   | 0.281  | 0.348  | 0.460  | 0.460  | 0.085  | 51.000     | 52.000     | 516.000     | 51.600     |
| 1     | 0   | 1    | 0   | 0   | 0   | GET    | /api/owner/sales                                   | 0.240  | 0.240  | 0.240   | 0.240  | 0.240  | 0.240  | 0.240  | 0.000  | 9017.000   | 9017.000   | 9017.000    | 9017.000   |
| 22    | 0   | 22   | 0   | 0   | 0   | GET    | /api/app/rides                                     | 0.012  | 0.696  | 3.984   | 0.181  | 0.416  | 0.540  | 0.696  | 0.192  | 12.000     | 2158.000   | 4162.000    | 189.182    |
| 1     | 0   | 1    | 0   | 0   | 0   | POST   | /api/chair/rides/01K09BCT53RZPBCPF5GRPKBVF2/status | 0.156  | 0.156  | 0.156   | 0.156  | 0.156  | 0.156  | 0.156  | 0.000  | 0.000      | 0.000      | 0.000       | 0.000      |
| 671   | 0   | 670  | 0   | 1   | 0   | GET    | /api/chair/notification                            | 0.004  | 1.092  | 101.507 | 0.151  | 0.316  | 0.388  | 0.668  | 0.136  | 0.000      | 268.000    | 81610.000   | 121.624    |
| 1     | 0   | 1    | 0   | 0   | 0   | POST   | /api/chair/rides/01K09BCT99EWQ81GBY0W1BADVA/status | 0.128  | 0.128  | 0.128   | 0.128  | 0.128  | 0.128  | 0.128  | 0.000  | 0.000      | 0.000      | 0.000       | 0.000      |
| 1     | 0   | 1    | 0   | 0   | 0   | POST   | /api/chair/rides/01K09BCVKQ5Q8YJFXGWRRX648J/status | 0.100  | 0.100  | 0.100   | 0.100  | 0.100  | 0.100  | 0.100  | 0.000  | 0.000      | 0.000      | 0.000       | 0.000      |
| 91    | 0   | 91   | 0   | 0   | 0   | GET    | /api/owner/chairs                                  | 0.012  | 0.364  | 7.848   | 0.086  | 0.176  | 0.228  | 0.364  | 0.068  | 588.000    | 19007.000  | 90492.000   | 994.418    |
| 1     | 0   | 1    | 0   | 0   | 0   | POST   | /api/chair/rides/01K09BCS1E4MDD13DFXKAPKNFR/status | 0.076  | 0.076  | 0.076   | 0.076  | 0.076  | 0.076  | 0.076  | 0.000  | 0.000      | 0.000      | 0.000       | 0.000      |
| 1     | 0   | 1    | 0   | 0   | 0   | POST   | /api/chair/rides/01K09BCS2H7CX3YB538D0FS77D/status | 0.076  | 0.076  | 0.076   | 0.076  | 0.076  | 0.076  | 0.076  | 0.000  | 0.000      | 0.000      | 0.000       | 0.000      |
| 1     | 0   | 1    | 0   | 0   | 0   | POST   | /api/chair/rides/01K09BCT31QP17Q1ASFDKE14BC/status | 0.064  | 0.064  | 0.064   | 0.064  | 0.064  | 0.064  | 0.064  | 0.000  | 0.000      | 0.000      | 0.000       | 0.000      |
| 1     | 0   | 1    | 0   | 0   | 0   | POST   | /api/chair/rides/01K09BCSK5QR4YB7Z03KSPJJQ7/status | 0.064  | 0.064  | 0.064   | 0.064  | 0.064  | 0.064  | 0.064  | 0.000  | 0.000      | 0.000      | 0.000       | 0.000      |
| 1     | 0   | 1    | 0   | 0   | 0   | POST   | /api/chair/rides/01K09BCT342HY3EB77B5BP2S33/status | 0.060  | 0.060  | 0.060   | 0.060  | 0.060  | 0.060  | 0.060  | 0.000  | 0.000      | 0.000      | 0.000       | 0.000      |
| 14    | 0   | 14   | 0   | 0   | 0   | POST   | /api/app/rides/estimated-fare                      | 0.008  | 0.256  | 0.756   | 0.054  | 0.120  | 0.256  | 0.256  | 0.065  | 26.000     | 29.000     | 395.000     | 28.214     |
| 1     | 0   | 1    | 0   | 0   | 0   | POST   | /api/chair/rides/01K09BCSGTE6WVA7BVKB1KPFH6/status | 0.048  | 0.048  | 0.048   | 0.048  | 0.048  | 0.048  | 0.048  | 0.000  | 0.000      | 0.000      | 0.000       | 0.000      |
| 20    | 0   | 20   | 0   | 0   | 0   | POST   | /api/chair/chairs                                  | 0.012  | 0.032  | 0.348   | 0.017  | 0.024  | 0.024  | 0.032  | 0.005  | 75.000     | 75.000     | 1500.000    | 75.000     |
| 10    | 0   | 10   | 0   | 0   | 0   | POST   | /api/app/users                                     | 0.012  | 0.020  | 0.148   | 0.015  | 0.016  | 0.020  | 0.020  | 0.003  | 86.000     | 86.000     | 860.000     | 86.000     |
| 5     | 0   | 5    | 0   | 0   | 0   | POST   | /api/owner/owners                                  | 0.012  | 0.016  | 0.064   | 0.013  | 0.016  | 0.016  | 0.016  | 0.002  | 125.000    | 125.000    | 625.000     | 125.000    |
| 1     | 0   | 1    | 0   | 0   | 0   | GET    | /images/top-bg.png                                 | 0.012  | 0.012  | 0.012   | 0.012  | 0.012  | 0.012  | 0.012  | 0.000  | 549793.000 | 549793.000 | 549793.000  | 549793.000 |
| 1725  | 0   | 1721 | 0   | 0   | 4   | GET    | /api/internal/matching                             | 0.008  | 0.580  | 10.236  | 0.006  | 0.008  | 0.008  | 0.048  | 0.024  | 0.000      | 69.000     | 267.000     | 0.155      |
| 125   | 0   | 16   | 109 | 0   | 0   | GET    | /assets/components-Cbm4tYXz.js                     | 0.000  | 0.008  | 0.023   | 0.000  | 0.000  | 0.000  | 0.005  | 0.001  | 0.000      | 184569.000 | 2953104.000 | 23624.832  |
| 30    | 0   | 11   | 19  | 0   | 0   | GET    | /images/town.svg                                   | 0.000  | 0.004  | 0.004   | 0.000  | 0.000  | 0.000  | 0.004  | 0.001  | 0.000      | 128735.000 | 1416085.000 | 47202.833  |
| 1     | 0   | 1    | 0   | 0   | 0   | GET    | /assets/route-Bu9MIazC.js                          | 0.000  | 0.000  | 0.000   | 0.000  | 0.000  | 0.000  | 0.000  | 0.000  | 10479.000  | 10479.000  | 10479.000   | 10479.000  |
| 96    | 0   | 6    | 90  | 0   | 0   | GET    | /assets/account-switch-C7WpOYxZ.js                 | 0.000  | 0.000  | 0.000   | 0.000  | 0.000  | 0.000  | 0.000  | 0.000  | 0.000      | 553.000    | 3318.000    | 34.562     |
| 6     | 0   | 6    | 0   | 0   | 0   | GET    | /assets/route-CJUF4eR6.js                          | 0.000  | 0.000  | 0.000   | 0.000  | 0.000  | 0.000  | 0.000  | 0.000  | 1576.000   | 1576.000   | 9456.000    | 1576.000   |
| 1     | 0   | 1    | 0   | 0   | 0   | GET    | /assets/route-Ckv8UtcK.js                          | 0.000  | 0.000  | 0.000   | 0.000  | 0.000  | 0.000  | 0.000  | 0.000  | 1148.000   | 1148.000   | 1148.000    | 1148.000   |
| 1     | 0   | 1    | 0   | 0   | 0   | GET    | /assets/route-DGKaubqO.js                          | 0.000  | 0.000  | 0.000   | 0.000  | 0.000  | 0.000  | 0.000  | 0.000  | 1495.000   | 1495.000   | 1495.000    | 1495.000   |
| 30    | 0   | 11   | 19  | 0   | 0   | GET    | /images/buildings1.svg                             | 0.000  | 0.000  | 0.000   | 0.000  | 0.000  | 0.000  | 0.000  | 0.000  | 0.000      | 13886.000  | 152746.000  | 5091.533   |
| 125   | 0   | 16   | 109 | 0   | 0   | GET    | /assets/api-components-dDIZztSJ.js                 | 0.000  | 0.000  | 0.000   | 0.000  | 0.000  | 0.000  | 0.000  | 0.000  | 0.000      | 2007.000   | 32112.000   | 256.896    |
| 125   | 0   | 16   | 109 | 0   | 0   | GET    | /assets/root-JpS3BGeV.js                           | 0.000  | 0.000  | 0.000   | 0.000  | 0.000  | 0.000  | 0.000  | 0.000  | 0.000      | 27925.000  | 446800.000  | 3574.400   |
| 1     | 0   | 1    | 0   | 0   | 0   | GET    | /assets/route-BE5HJ0d6.js                          | 0.000  | 0.000  | 0.000   | 0.000  | 0.000  | 0.000  | 0.000  | 0.000  | 3303.000   | 3303.000   | 3303.000    | 3303.000   |
| 30    | 0   | 11   | 19  | 0   | 0   | GET    | /images/buildings6.svg                             | 0.000  | 0.000  | 0.000   | 0.000  | 0.000  | 0.000  | 0.000  | 0.000  | 0.000      | 9454.000   | 103994.000  | 3466.467   |
| 1     | 0   | 1    | 0   | 0   | 0   | GET    | /index.html                                        | 0.000  | 0.000  | 0.000   | 0.000  | 0.000  | 0.000  | 0.000  | 0.000  | 705.000    | 705.000    | 705.000     | 705.000    |
| 30    | 0   | 11   | 19  | 0   | 0   | GET    | /assets/client-context-C6wEaUbS.js                 | 0.000  | 0.000  | 0.000   | 0.000  | 0.000  | 0.000  | 0.000  | 0.000  | 0.000      | 2262.000   | 24882.000   | 829.400    |
| 125   | 0   | 16   | 109 | 0   | 0   | GET    | /favicon.ico                                       | 0.000  | 0.000  | 0.000   | 0.000  | 0.000  | 0.000  | 0.000  | 0.000  | 0.000      | 16958.000  | 271328.000  | 2170.624   |
| 125   | 0   | 16   | 109 | 0   | 0   | GET    | /assets/get-cookie-value-B3QhECDc.js               | 0.000  | 0.000  | 0.000   | 0.000  | 0.000  | 0.000  | 0.000  | 0.000  | 0.000      | 110.000    | 1760.000    | 14.080     |
| 1     | 0   | 1    | 0   | 0   | 0   | GET    | /assets/rating-star-gH9aOYPH.js                    | 0.000  | 0.000  | 0.000   | 0.000  | 0.000  | 0.000  | 0.000  | 0.000  | 519.000    | 519.000    | 519.000     | 519.000    |
| 30    | 0   | 11   | 19  | 0   | 0   | GET    | /images/house1.svg                                 | 0.000  | 0.000  | 0.000   | 0.000  | 0.000  | 0.000  | 0.000  | 0.000  | 0.000      | 2903.000   | 31933.000   | 1064.433   |
| 1     | 0   | 1    | 0   | 0   | 0   | GET    | /images/top-logo.svg                               | 0.000  | 0.000  | 0.000   | 0.000  | 0.000  | 0.000  | 0.000  | 0.000  | 4749.000   | 4749.000   | 4749.000    | 4749.000   |
| 30    | 0   | 11   | 19  | 0   | 0   | GET    | /images/house2.svg                                 | 0.000  | 0.000  | 0.000   | 0.000  | 0.000  | 0.000  | 0.000  | 0.000  | 0.000      | 6430.000   | 70730.000   | 2357.667   |
| 1     | 0   | 1    | 0   | 0   | 0   | GET    | /apple-touch-icon-180x180.png                      | 0.000  | 0.000  | 0.000   | 0.000  | 0.000  | 0.000  | 0.000  | 0.000  | 1020.000   | 1020.000   | 1020.000    | 1020.000   |
| 11    | 0   | 11   | 0   | 0   | 0   | GET    | /assets/date-input-Br46mw6i.js                     | 0.000  | 0.000  | 0.000   | 0.000  | 0.000  | 0.000  | 0.000  | 0.000  | 425.000    | 425.000    | 4675.000    | 425.000    |
| 30    | 0   | 11   | 19  | 0   | 0   | GET    | /assets/frame-CJ9SHS1U.js                          | 0.000  | 0.000  | 0.000   | 0.000  | 0.000  | 0.000  | 0.000  | 0.000  | 0.000      | 344.000    | 3784.000    | 126.133    |
| 1     | 0   | 1    | 0   | 0   | 0   | GET    | /assets/get-initial-data-vd1rP8TD.js               | 0.000  | 0.000  | 0.000   | 0.000  | 0.000  | 0.000  | 0.000  | 0.000  | 1757.000   | 1757.000   | 1757.000    | 1757.000   |
| 35    | 0   | 16   | 19  | 0   | 0   | GET    | /assets/text-DfCqYLRl.js                           | 0.000  | 0.000  | 0.000   | 0.000  | 0.000  | 0.000  | 0.000  | 0.000  | 0.000      | 505.000    | 8080.000    | 230.857    |
| 16    | 0   | 16   | 0   | 0   | 0   | GET    | /assets/form-frame-AzQ8YT1a.js                     | 0.000  | 0.000  | 0.000   | 0.000  | 0.000  | 0.000  | 0.000  | 0.000  | 824.000    | 824.000    | 13184.000   | 824.000    |
| 96    | 0   | 6    | 90  | 0   | 0   | GET    | /assets/owner-context-DCgOhQtd.js                  | 0.000  | 0.000  | 0.000   | 0.000  | 0.000  | 0.000  | 0.000  | 0.000  | 0.000      | 1077.000   | 6462.000    | 67.312     |
| 11    | 0   | 11   | 0   | 0   | 0   | GET    | /assets/responses-Cu7_GOWP.js                      | 0.000  | 0.000  | 0.000   | 0.000  | 0.000  | 0.000  | 0.000  | 0.000  | 350.000    | 350.000    | 3850.000    | 350.000    |
| 1     | 0   | 1    | 0   | 0   | 0   | GET    | /assets/route-C7CZBETH.js                          | 0.000  | 0.000  | 0.000   | 0.000  | 0.000  | 0.000  | 0.000  | 0.000  | 2244.000   | 2244.000   | 2244.000    | 2244.000   |
| 1     | 0   | 1    | 0   | 0   | 0   | GET    | /assets/route-qjNoFN43.js                          | 0.000  | 0.000  | 0.000   | 0.000  | 0.000  | 0.000  | 0.000  | 0.000  | 2937.000   | 2937.000   | 2937.000    | 2937.000   |
| 30    | 0   | 11   | 19  | 0   | 0   | GET    | /images/buildings3.svg                             | 0.000  | 0.000  | 0.000   | 0.000  | 0.000  | 0.000  | 0.000  | 0.000  | 0.000      | 23793.000  | 261723.000  | 8724.100   |
| 30    | 0   | 11   | 19  | 0   | 0   | GET    | /assets/api-base-url-Bd0x18OB.js                   | 0.000  | 0.000  | 0.000   | 0.000  | 0.000  | 0.000  | 0.000  | 0.000  | 0.000      | 26.000     | 286.000     | 9.533      |
| 1     | 0   | 1    | 0   | 0   | 0   | GET    | /assets/route-D-xfm-4G.js                          | 0.000  | 0.000  | 0.000   | 0.000  | 0.000  | 0.000  | 0.000  | 0.000  | 388.000    | 388.000    | 388.000     | 388.000    |
| 30    | 0   | 11   | 19  | 0   | 0   | GET    | /images/buildings4.svg                             | 0.000  | 0.000  | 0.000   | 0.000  | 0.000  | 0.000  | 0.000  | 0.000  | 0.000      | 4582.000   | 50402.000   | 1680.067   |
| 30    | 0   | 11   | 19  | 0   | 0   | GET    | /images/buildings5.svg                             | 0.000  | 0.000  | 0.000   | 0.000  | 0.000  | 0.000  | 0.000  | 0.000  | 0.000      | 9858.000   | 108438.000  | 3614.600   |
| 96    | 0   | 6    | 90  | 0   | 0   | GET    | /owner                                             | 0.000  | 0.000  | 0.000   | 0.000  | 0.000  | 0.000  | 0.000  | 0.000  | 0.000      | 705.000    | 4230.000    | 44.062     |
| 11    | 0   | 11   | 0   | 0   | 0   | GET    | /assets/route-j6B5sfAw.js                          | 0.000  | 0.000  | 0.000   | 0.000  | 0.000  | 0.000  | 0.000  | 0.000  | 3490.000   | 3490.000   | 38390.000   | 3490.000   |
| 96    | 0   | 6    | 90  | 0   | 0   | GET    | /assets/route-DzrPVuAG.js                          | 0.000  | 0.000  | 0.000   | 0.000  | 0.000  | 0.000  | 0.000  | 0.000  | 0.000      | 1908.000   | 11448.000   | 119.250    |
| 1     | 0   | 1    | 0   | 0   | 0   | GET    | /assets/route-CNt_mqIX.js                          | 0.000  | 0.000  | 0.000   | 0.000  | 0.000  | 0.000  | 0.000  | 0.000  | 26045.000  | 26045.000  | 26045.000   | 26045.000  |
| 1     | 0   | 1    | 0   | 0   | 0   | GET    | /assets/post-message-C3RbgkUr.js                   | 0.000  | 0.000  | 0.000   | 0.000  | 0.000  | 0.000  | 0.000  | 0.000  | 367.000    | 367.000    | 367.000     | 367.000    |
| 1     | 0   | 1    | 0   | 0   | 0   | GET    | /assets/manifest-2155a205.js                       | 0.000  | 0.000  | 0.000   | 0.000  | 0.000  | 0.000  | 0.000  | 0.000  | 9192.000   | 9192.000   | 9192.000    | 9192.000   |
| 125   | 0   | 16   | 109 | 0   | 0   | GET    | /assets/jsx-runtime-56DGgGmo.js                    | 0.000  | 0.000  | 0.000   | 0.000  | 0.000  | 0.000  | 0.000  | 0.000  | 0.000      | 8107.000   | 129712.000  | 1037.696   |
| 125   | 0   | 16   | 109 | 0   | 0   | GET    | /assets/entry.client-BwsCJ-uh.js                   | 0.000  | 0.000  | 0.000   | 0.000  | 0.000  | 0.000  | 0.000  | 0.000  | 0.000      | 4135.000   | 66160.000   | 529.280    |
| 1     | 0   | 1    | 0   | 0   | 0   | GET    | /assets/map-WlZ9yiya.js                            | 0.000  | 0.000  | 0.000   | 0.000  | 0.000  | 0.000  | 0.000  | 0.000  | 11712.000  | 11712.000  | 11712.000   | 11712.000  |
| 125   | 0   | 16   | 109 | 0   | 0   | GET    | /assets/colors-DB9lnfSt.js                         | 0.000  | 0.000  | 0.000   | 0.000  | 0.000  | 0.000  | 0.000  | 0.000  | 0.000      | 5678.000   | 90848.000   | 726.784    |
| 30    | 0   | 11   | 19  | 0   | 0   | GET    | /assets/storage-Coaj7Roq.js                        | 0.000  | 0.000  | 0.000   | 0.000  | 0.000  | 0.000  | 0.000  | 0.000  | 0.000      | 711.000    | 7821.000    | 260.700    |
| 30    | 0   | 11   | 19  | 0   | 0   | GET    | /assets/route-B_Zm-GyU.js                          | 0.000  | 0.000  | 0.000   | 0.000  | 0.000  | 0.000  | 0.000  | 0.000  | 0.000      | 2687.000   | 29557.000   | 985.233    |
| 1     | 0   | 1    | 0   | 0   | 0   | GET    | /assets/simulator-context-fn0s3fwv.js              | 0.000  | 0.000  | 0.000   | 0.000  | 0.000  | 0.000  | 0.000  | 0.000  | 2970.000   | 2970.000   | 2970.000    | 2970.000   |
| 1     | 0   | 1    | 0   | 0   | 0   | GET    | /assets/route-BkJsE9q1.js                          | 0.000  | 0.000  | 0.000   | 0.000  | 0.000  | 0.000  | 0.000  | 0.000  | 1496.000   | 1496.000   | 1496.000    | 1496.000   |
| 125   | 0   | 16   | 109 | 0   | 0   | GET    | /assets/bundle-mjs-Dnoi3Axr.js                     | 0.000  | 0.000  | 0.000   | 0.000  | 0.000  | 0.000  | 0.000  | 0.000  | 0.000      | 19912.000  | 318592.000  | 2548.736   |
| 1     | 0   | 1    | 0   | 0   | 0   | GET    | /favicon-128x128.png                               | 0.000  | 0.000  | 0.000   | 0.000  | 0.000  | 0.000  | 0.000  | 0.000  | 783.000    | 783.000    | 783.000     | 783.000    |
| 1     | 0   | 1    | 0   | 0   | 0   | GET    | /assets/price-D-o-ix3Y.js                          | 0.000  | 0.000  | 0.000   | 0.000  | 0.000  | 0.000  | 0.000  | 0.000  | 1793.000   | 1793.000   | 1793.000    | 1793.000   |
| 125   | 0   | 16   | 109 | 0   | 0   | GET    | /assets/root-BoSp76zW.css                          | 0.000  | 0.000  | 0.000   | 0.000  | 0.000  | 0.000  | 0.000  | 0.000  | 0.000      | 26579.000  | 425264.000  | 3402.112   |
| 125   | 0   | 16   | 109 | 0   | 0   | GET    | /assets/index-9ZhTBp7q.js                          | 0.000  | 0.000  | 0.000   | 0.000  | 0.000  | 0.000  | 0.000  | 0.000  | 0.000      | 60305.000  | 964880.000  | 7719.040   |
| 1     | 0   | 1    | 0   | 0   | 0   | GET    | /assets/chair-PB3Jm0Ii.js                          | 0.000  | 0.000  | 0.000   | 0.000  | 0.000  | 0.000  | 0.000  | 0.000  | 2008.000   | 2008.000   | 2008.000    | 2008.000   |
| 125   | 0   | 16   | 109 | 0   | 0   | GET    | /favicon-32x32.png                                 | 0.000  | 0.000  | 0.000   | 0.000  | 0.000  | 0.000  | 0.000  | 0.000  | 0.000      | 336.000    | 5376.000    | 43.008     |
| 30    | 0   | 11   | 19  | 0   | 0   | GET    | /images/buildings2.svg                             | 0.000  | 0.000  | 0.000   | 0.000  | 0.000  | 0.000  | 0.000  | 0.000  | 0.000      | 23825.000  | 262075.000  | 8735.833   |
| 1     | 0   | 1    | 0   | 0   | 0   | GET    | /assets/route-Bhv1gox0.js                          | 0.000  | 0.000  | 0.000   | 0.000  | 0.000  | 0.000  | 0.000  | 0.000  | 2361.000   | 2361.000   | 2361.000    | 2361.000   |
| 125   | 0   | 16   | 109 | 0   | 0   | GET    | /assets/isuride-CWZY8A89.js                        | 0.000  | 0.000  | 0.000   | 0.000  | 0.000  | 0.000  | 0.000  | 0.000  | 0.000      | 834.000    | 13344.000   | 106.752    |
| 106   | 0   | 16   | 90  | 0   | 0   | GET    | /assets/button-CS9qg6Tt.js                         | 0.000  | 0.000  | 0.000   | 0.000  | 0.000  | 0.000  | 0.000  | 0.000  | 0.000      | 843.000    | 13488.000   | 127.245    |
| 30    | 0   | 11   | 19  | 0   | 0   | GET    | /client                                            | 0.000  | 0.000  | 0.000   | 0.000  | 0.000  | 0.000  | 0.000  | 0.000  | 0.000      | 705.000    | 7755.000    | 258.500    |
| 11    | 0   | 11   | 0   | 0   | 0   | GET    | /assets/route-BbZUnrjQ.js                          | 0.000  | 0.000  | 0.000   | 0.000  | 0.000  | 0.000  | 0.000  | 0.000  | 1029.000   | 1029.000   | 11319.000   | 1029.000   |
+-------+-----+------+-----+-----+-----+--------+----------------------------------------------------+--------+--------+---------+--------+--------+--------+--------+--------+------------+------------+-------------+------------+
