+-------+-----+------+-----+-----+-----+--------+------------------------------------------------------+-------+--------+---------+-------+--------+--------+--------+--------+------------+------------+-------------+------------+
| COUNT | 1XX | 2XX  | 3XX | 4XX | 5XX | METHOD |                         URI                          |  MIN  |  MAX   |   SUM   |  AVG  |  P90   |  P95   |  P99   | STDDEV | MIN(BODY)  | MAX(BODY)  |  SUM(BODY)  | AVG(BODY)  |
+-------+-----+------+-----+-----+-----+--------+------------------------------------------------------+-------+--------+---------+-------+--------+--------+--------+--------+------------+------------+-------------+------------+
| 21    | 0   | 1    | 0   | 20  | 0   | GET    | /api/owner/chairs                                    | 0.700 | 10.008 | 189.984 | 9.047 | 10.008 | 10.008 | 10.008 | 2.102  | 0.000      | 19014.000  | 19014.000   | 905.429    |
| 1     | 0   | 1    | 0   | 0   | 0   | POST   | /api/initialize                                      | 6.456 | 6.456  | 6.456   | 6.456 | 6.456  | 6.456  | 6.456  | 0.000  | 17.000     | 17.000     | 17.000      | 17.000     |
| 11    | 0   | 11   | 0   | 0   | 0   | GET    | /api/app/nearby-chairs                               | 1.520 | 3.632  | 27.168  | 2.470 | 3.156  | 3.632  | 3.632  | 0.622  | 42.000     | 945.000    | 4326.000    | 393.273    |
| 1     | 0   | 1    | 0   | 0   | 0   | POST   | /api/app/rides/01JXFARD3TY9AXS6EMPD7GVHD1/evaluation | 0.716 | 0.716  | 0.716   | 0.716 | 0.716  | 0.716  | 0.716  | 0.000  | 30.000     | 30.000     | 30.000      | 30.000     |
| 1     | 0   | 1    | 0   | 0   | 0   | POST   | /api/chair/rides/01JXFARDMR1D17RJZQ35Y9PV43/status   | 0.656 | 0.656  | 0.656   | 0.656 | 0.656  | 0.656  | 0.656  | 0.000  | 0.000      | 0.000      | 0.000       | 0.000      |
| 530   | 0   | 520  | 0   | 10  | 0   | GET    | /api/app/notification                                | 0.032 | 2.068  | 345.568 | 0.652 | 1.120  | 1.228  | 1.532  | 0.321  | 0.000      | 437.000    | 199555.000  | 376.519    |
| 10    | 0   | 10   | 0   | 0   | 0   | POST   | /api/app/rides                                       | 0.280 | 0.968  | 6.152   | 0.615 | 0.960  | 0.968  | 0.968  | 0.256  | 51.000     | 52.000     | 517.000     | 51.700     |
| 1     | 0   | 1    | 0   | 0   | 0   | POST   | /api/chair/rides/01JXFARD5ED1MWW6FM1CCYT389/status   | 0.552 | 0.552  | 0.552   | 0.552 | 0.552  | 0.552  | 0.552  | 0.000  | 0.000      | 0.000      | 0.000       | 0.000      |
| 452   | 0   | 452  | 0   | 0   | 0   | POST   | /api/chair/coordinate                                | 0.084 | 1.308  | 248.592 | 0.550 | 0.888  | 1.040  | 1.184  | 0.241  | 29.000     | 29.000     | 13108.000   | 29.000     |
| 2     | 0   | 2    | 0   | 0   | 0   | POST   | /api/chair/rides/01JXFARE1MWY97F03CFFA5EK37/status   | 0.388 | 0.684  | 1.072   | 0.536 | 0.684  | 0.684  | 0.684  | 0.148  | 0.000      | 0.000      | 0.000       | 0.000      |
| 2     | 0   | 2    | 0   | 0   | 0   | POST   | /api/chair/rides/01JXFARF4CDNZPGX9NKHTKFTGG/status   | 0.396 | 0.568  | 0.964   | 0.482 | 0.568  | 0.568  | 0.568  | 0.086  | 0.000      | 0.000      | 0.000       | 0.000      |
| 10    | 0   | 10   | 0   | 0   | 0   | POST   | /api/app/payment-methods                             | 0.272 | 0.940  | 4.720   | 0.472 | 0.904  | 0.940  | 0.940  | 0.229  | 0.000      | 0.000      | 0.000       | 0.000      |
| 1     | 0   | 1    | 0   | 0   | 0   | POST   | /api/chair/rides/01JXFARDFPSP59SYES25STP4XV/status   | 0.456 | 0.456  | 0.456   | 0.456 | 0.456  | 0.456  | 0.456  | 0.000  | 0.000      | 0.000      | 0.000       | 0.000      |
| 20    | 0   | 20   | 0   | 0   | 0   | POST   | /api/chair/activity                                  | 0.196 | 0.804  | 8.064   | 0.403 | 0.480  | 0.612  | 0.804  | 0.133  | 0.000      | 0.000      | 0.000       | 0.000      |
| 1     | 0   | 1    | 0   | 0   | 0   | POST   | /api/chair/rides/01JXFAREQK4YMGQS98FD4Q63ER/status   | 0.332 | 0.332  | 0.332   | 0.332 | 0.332  | 0.332  | 0.332  | 0.000  | 0.000      | 0.000      | 0.000       | 0.000      |
| 1     | 0   | 1    | 0   | 0   | 0   | GET    | /api/owner/sales                                     | 0.268 | 0.268  | 0.268   | 0.268 | 0.268  | 0.268  | 0.268  | 0.000  | 9017.000   | 9017.000   | 9017.000    | 9017.000   |
| 2     | 0   | 2    | 0   | 0   | 0   | POST   | /api/chair/rides/01JXFARDCTRCA1P8SQDET94P3P/status   | 0.260 | 0.272  | 0.532   | 0.266 | 0.272  | 0.272  | 0.272  | 0.006  | 0.000      | 0.000      | 0.000       | 0.000      |
| 2     | 0   | 2    | 0   | 0   | 0   | POST   | /api/chair/rides/01JXFARD3TY9AXS6EMPD7GVHD1/status   | 0.140 | 0.372  | 0.512   | 0.256 | 0.372  | 0.372  | 0.372  | 0.116  | 0.000      | 0.000      | 0.000       | 0.000      |
| 1     | 0   | 1    | 0   | 0   | 0   | GET    | /api/owner/sales?                                    | 0.248 | 0.248  | 0.248   | 0.248 | 0.248  | 0.248  | 0.248  | 0.000  | 9190.000   | 9190.000   | 9190.000    | 9190.000   |
| 2978  | 0   | 2966 | 0   | 12  | 0   | GET    | /api/chair/notification                              | 0.004 | 1.184  | 710.336 | 0.239 | 0.496  | 0.636  | 0.868  | 0.187  | 0.000      | 268.000    | 248980.000  | 83.606     |
| 2     | 0   | 2    | 0   | 0   | 0   | POST   | /api/chair/rides/01JXFARGJQX1JYENA4RRSQDXHB/status   | 0.196 | 0.276  | 0.472   | 0.236 | 0.276  | 0.276  | 0.276  | 0.040  | 0.000      | 0.000      | 0.000       | 0.000      |
| 14    | 0   | 14   | 0   | 0   | 0   | GET    | /api/app/rides                                       | 0.012 | 0.268  | 1.624   | 0.116 | 0.224  | 0.268  | 0.268  | 0.071  | 12.000     | 2158.000   | 4066.000    | 290.429    |
| 1     | 0   | 1    | 0   | 0   | 0   | POST   | /api/chair/rides/01JXFAREPQJNP5GDBQYNKTF99K/status   | 0.104 | 0.104  | 0.104   | 0.104 | 0.104  | 0.104  | 0.104  | 0.000  | 0.000      | 0.000      | 0.000       | 0.000      |
| 14    | 0   | 14   | 0   | 0   | 0   | POST   | /api/app/rides/estimated-fare                        | 0.008 | 0.304  | 1.104   | 0.079 | 0.172  | 0.304  | 0.304  | 0.082  | 26.000     | 29.000     | 396.000     | 28.286     |
| 10    | 0   | 10   | 0   | 0   | 0   | POST   | /api/app/users                                       | 0.012 | 0.024  | 0.176   | 0.018 | 0.024  | 0.024  | 0.024  | 0.004  | 86.000     | 86.000     | 860.000     | 86.000     |
| 20    | 0   | 20   | 0   | 0   | 0   | POST   | /api/chair/chairs                                    | 0.012 | 0.020  | 0.296   | 0.015 | 0.016  | 0.020  | 0.020  | 0.003  | 75.000     | 75.000     | 1500.000    | 75.000     |
| 5     | 0   | 5    | 0   | 0   | 0   | POST   | /api/owner/owners                                    | 0.012 | 0.016  | 0.072   | 0.014 | 0.016  | 0.016  | 0.016  | 0.002  | 125.000    | 125.000    | 625.000     | 125.000    |
| 1137  | 0   | 1133 | 0   | 0   | 4   | GET    | /api/internal/matching                               | 0.008 | 0.748  | 11.604  | 0.010 | 0.008  | 0.008  | 0.180  | 0.047  | 0.000      | 69.000     | 267.000     | 0.235      |
| 1     | 0   | 1    | 0   | 0   | 0   | GET    | /images/top-bg.png                                   | 0.007 | 0.007  | 0.007   | 0.007 | 0.007  | 0.007  | 0.007  | 0.000  | 549793.000 | 549793.000 | 549793.000  | 549793.000 |
| 23    | 0   | 11   | 12  | 0   | 0   | GET    | /images/town.svg                                     | 0.000 | 0.006  | 0.017   | 0.001 | 0.005  | 0.006  | 0.006  | 0.002  | 0.000      | 128735.000 | 1416085.000 | 61568.913  |
| 48    | 0   | 16   | 32  | 0   | 0   | GET    | /assets/components-Cbm4tYXz.js                       | 0.000 | 0.006  | 0.025   | 0.001 | 0.003  | 0.003  | 0.006  | 0.001  | 0.000      | 184569.000 | 2953104.000 | 61523.000  |
| 23    | 0   | 11   | 12  | 0   | 0   | GET    | /images/buildings5.svg                               | 0.000 | 0.000  | 0.000   | 0.000 | 0.000  | 0.000  | 0.000  | 0.000  | 0.000      | 9858.000   | 108438.000  | 4714.696   |
| 48    | 0   | 16   | 32  | 0   | 0   | GET    | /assets/bundle-mjs-Dnoi3Axr.js                       | 0.000 | 0.000  | 0.000   | 0.000 | 0.000  | 0.000  | 0.000  | 0.000  | 0.000      | 19912.000  | 318592.000  | 6637.333   |
| 11    | 0   | 11   | 0   | 0   | 0   | GET    | /assets/date-input-Br46mw6i.js                       | 0.000 | 0.000  | 0.000   | 0.000 | 0.000  | 0.000  | 0.000  | 0.000  | 425.000    | 425.000    | 4675.000    | 425.000    |
| 1     | 0   | 1    | 0   | 0   | 0   | GET    | /apple-touch-icon-180x180.png                        | 0.000 | 0.000  | 0.000   | 0.000 | 0.000  | 0.000  | 0.000  | 0.000  | 1020.000   | 1020.000   | 1020.000    | 1020.000   |
| 48    | 0   | 16   | 32  | 0   | 0   | GET    | /favicon-32x32.png                                   | 0.000 | 0.000  | 0.000   | 0.000 | 0.000  | 0.000  | 0.000  | 0.000  | 0.000      | 336.000    | 5376.000    | 112.000    |
| 48    | 0   | 16   | 32  | 0   | 0   | GET    | /assets/root-BoSp76zW.css                            | 0.000 | 0.000  | 0.000   | 0.000 | 0.000  | 0.000  | 0.000  | 0.000  | 0.000      | 26579.000  | 425264.000  | 8859.667   |
| 1     | 0   | 1    | 0   | 0   | 0   | GET    | /assets/route-BkJsE9q1.js                            | 0.000 | 0.000  | 0.000   | 0.000 | 0.000  | 0.000  | 0.000  | 0.000  | 1496.000   | 1496.000   | 1496.000    | 1496.000   |
| 1     | 0   | 1    | 0   | 0   | 0   | GET    | /favicon-128x128.png                                 | 0.000 | 0.000  | 0.000   | 0.000 | 0.000  | 0.000  | 0.000  | 0.000  | 783.000    | 783.000    | 783.000     | 783.000    |
| 1     | 0   | 1    | 0   | 0   | 0   | GET    | /assets/rating-star-gH9aOYPH.js                      | 0.000 | 0.000  | 0.000   | 0.000 | 0.000  | 0.000  | 0.000  | 0.000  | 519.000    | 519.000    | 519.000     | 519.000    |
| 1     | 0   | 1    | 0   | 0   | 0   | GET    | /assets/route-qjNoFN43.js                            | 0.000 | 0.000  | 0.000   | 0.000 | 0.000  | 0.000  | 0.000  | 0.000  | 2937.000   | 2937.000   | 2937.000    | 2937.000   |
| 23    | 0   | 11   | 12  | 0   | 0   | GET    | /images/house1.svg                                   | 0.000 | 0.000  | 0.000   | 0.000 | 0.000  | 0.000  | 0.000  | 0.000  | 0.000      | 2903.000   | 31933.000   | 1388.391   |
| 23    | 0   | 11   | 12  | 0   | 0   | GET    | /assets/route-B_Zm-GyU.js                            | 0.000 | 0.000  | 0.000   | 0.000 | 0.000  | 0.000  | 0.000  | 0.000  | 0.000      | 2687.000   | 29557.000   | 1285.087   |
| 1     | 0   | 1    | 0   | 0   | 0   | GET    | /assets/route-Bhv1gox0.js                            | 0.000 | 0.000  | 0.000   | 0.000 | 0.000  | 0.000  | 0.000  | 0.000  | 2361.000   | 2361.000   | 2361.000    | 2361.000   |
| 23    | 0   | 11   | 12  | 0   | 0   | GET    | /images/buildings4.svg                               | 0.000 | 0.000  | 0.000   | 0.000 | 0.000  | 0.000  | 0.000  | 0.000  | 0.000      | 4582.000   | 50402.000   | 2191.391   |
| 1     | 0   | 1    | 0   | 0   | 0   | GET    | /assets/route-DGKaubqO.js                            | 0.000 | 0.000  | 0.000   | 0.000 | 0.000  | 0.000  | 0.000  | 0.000  | 1495.000   | 1495.000   | 1495.000    | 1495.000   |
| 23    | 0   | 11   | 12  | 0   | 0   | GET    | /images/buildings6.svg                               | 0.000 | 0.000  | 0.000   | 0.000 | 0.000  | 0.000  | 0.000  | 0.000  | 0.000      | 9454.000   | 103994.000  | 4521.478   |
| 1     | 0   | 1    | 0   | 0   | 0   | GET    | /images/top-logo.svg                                 | 0.000 | 0.000  | 0.000   | 0.000 | 0.000  | 0.000  | 0.000  | 0.000  | 4749.000   | 4749.000   | 4749.000    | 4749.000   |
| 23    | 0   | 11   | 12  | 0   | 0   | GET    | /assets/api-base-url-Bd0x18OB.js                     | 0.000 | 0.000  | 0.000   | 0.000 | 0.000  | 0.000  | 0.000  | 0.000  | 0.000      | 26.000     | 286.000     | 12.435     |
| 11    | 0   | 11   | 0   | 0   | 0   | GET    | /assets/route-BbZUnrjQ.js                            | 0.000 | 0.000  | 0.000   | 0.000 | 0.000  | 0.000  | 0.000  | 0.000  | 1029.000   | 1029.000   | 11319.000   | 1029.000   |
| 1     | 0   | 1    | 0   | 0   | 0   | GET    | /assets/route-Bu9MIazC.js                            | 0.000 | 0.000  | 0.000   | 0.000 | 0.000  | 0.000  | 0.000  | 0.000  | 10479.000  | 10479.000  | 10479.000   | 10479.000  |
| 1     | 0   | 1    | 0   | 0   | 0   | GET    | /assets/simulator-context-fn0s3fwv.js                | 0.000 | 0.000  | 0.000   | 0.000 | 0.000  | 0.000  | 0.000  | 0.000  | 2970.000   | 2970.000   | 2970.000    | 2970.000   |
| 23    | 0   | 11   | 12  | 0   | 0   | GET    | /images/house2.svg                                   | 0.000 | 0.000  | 0.000   | 0.000 | 0.000  | 0.000  | 0.000  | 0.000  | 0.000      | 6430.000   | 70730.000   | 3075.217   |
| 6     | 0   | 6    | 0   | 0   | 0   | GET    | /assets/route-CJUF4eR6.js                            | 0.000 | 0.000  | 0.000   | 0.000 | 0.000  | 0.000  | 0.000  | 0.000  | 1576.000   | 1576.000   | 9456.000    | 1576.000   |
| 48    | 0   | 16   | 32  | 0   | 0   | GET    | /favicon.ico                                         | 0.000 | 0.000  | 0.000   | 0.000 | 0.000  | 0.000  | 0.000  | 0.000  | 0.000      | 16958.000  | 271328.000  | 5652.667   |
| 1     | 0   | 1    | 0   | 0   | 0   | GET    | /assets/map-WlZ9yiya.js                              | 0.000 | 0.000  | 0.000   | 0.000 | 0.000  | 0.000  | 0.000  | 0.000  | 11712.000  | 11712.000  | 11712.000   | 11712.000  |
| 23    | 0   | 11   | 12  | 0   | 0   | GET    | /images/buildings1.svg                               | 0.000 | 0.000  | 0.000   | 0.000 | 0.000  | 0.000  | 0.000  | 0.000  | 0.000      | 13886.000  | 152746.000  | 6641.130   |
| 48    | 0   | 16   | 32  | 0   | 0   | GET    | /assets/colors-DB9lnfSt.js                           | 0.000 | 0.000  | 0.000   | 0.000 | 0.000  | 0.000  | 0.000  | 0.000  | 0.000      | 5678.000   | 90848.000   | 1892.667   |
| 1     | 0   | 1    | 0   | 0   | 0   | GET    | /assets/get-initial-data-vd1rP8TD.js                 | 0.000 | 0.000  | 0.000   | 0.000 | 0.000  | 0.000  | 0.000  | 0.000  | 1757.000   | 1757.000   | 1757.000    | 1757.000   |
| 48    | 0   | 16   | 32  | 0   | 0   | GET    | /assets/isuride-CWZY8A89.js                          | 0.000 | 0.000  | 0.000   | 0.000 | 0.000  | 0.000  | 0.000  | 0.000  | 0.000      | 834.000    | 13344.000   | 278.000    |
| 48    | 0   | 16   | 32  | 0   | 0   | GET    | /assets/jsx-runtime-56DGgGmo.js                      | 0.000 | 0.000  | 0.000   | 0.000 | 0.000  | 0.000  | 0.000  | 0.000  | 0.000      | 8107.000   | 129712.000  | 2702.333   |
| 1     | 0   | 1    | 0   | 0   | 0   | GET    | /assets/price-D-o-ix3Y.js                            | 0.000 | 0.000  | 0.000   | 0.000 | 0.000  | 0.000  | 0.000  | 0.000  | 1793.000   | 1793.000   | 1793.000    | 1793.000   |
| 23    | 0   | 11   | 12  | 0   | 0   | GET    | /assets/storage-Coaj7Roq.js                          | 0.000 | 0.000  | 0.000   | 0.000 | 0.000  | 0.000  | 0.000  | 0.000  | 0.000      | 711.000    | 7821.000    | 340.043    |
| 26    | 0   | 6    | 20  | 0   | 0   | GET    | /owner                                               | 0.000 | 0.000  | 0.000   | 0.000 | 0.000  | 0.000  | 0.000  | 0.000  | 0.000      | 705.000    | 4230.000    | 162.692    |
| 48    | 0   | 16   | 32  | 0   | 0   | GET    | /assets/get-cookie-value-B3QhECDc.js                 | 0.000 | 0.000  | 0.000   | 0.000 | 0.000  | 0.000  | 0.000  | 0.000  | 0.000      | 110.000    | 1760.000    | 36.667     |
| 1     | 0   | 1    | 0   | 0   | 0   | GET    | /assets/route-D-xfm-4G.js                            | 0.000 | 0.000  | 0.000   | 0.000 | 0.000  | 0.000  | 0.000  | 0.000  | 388.000    | 388.000    | 388.000     | 388.000    |
| 16    | 0   | 16   | 0   | 0   | 0   | GET    | /assets/form-frame-AzQ8YT1a.js                       | 0.000 | 0.000  | 0.000   | 0.000 | 0.000  | 0.000  | 0.000  | 0.000  | 824.000    | 824.000    | 13184.000   | 824.000    |
| 1     | 0   | 1    | 0   | 0   | 0   | GET    | /assets/route-Ckv8UtcK.js                            | 0.000 | 0.000  | 0.000   | 0.000 | 0.000  | 0.000  | 0.000  | 0.000  | 1148.000   | 1148.000   | 1148.000    | 1148.000   |
| 1     | 0   | 1    | 0   | 0   | 0   | GET    | /assets/post-message-C3RbgkUr.js                     | 0.000 | 0.000  | 0.000   | 0.000 | 0.000  | 0.000  | 0.000  | 0.000  | 367.000    | 367.000    | 367.000     | 367.000    |
| 48    | 0   | 16   | 32  | 0   | 0   | GET    | /assets/api-components-dDIZztSJ.js                   | 0.000 | 0.000  | 0.000   | 0.000 | 0.000  | 0.000  | 0.000  | 0.000  | 0.000      | 2007.000   | 32112.000   | 669.000    |
| 1     | 0   | 1    | 0   | 0   | 0   | GET    | /assets/route-CNt_mqIX.js                            | 0.000 | 0.000  | 0.000   | 0.000 | 0.000  | 0.000  | 0.000  | 0.000  | 26045.000  | 26045.000  | 26045.000   | 26045.000  |
| 1     | 0   | 1    | 0   | 0   | 0   | GET    | /assets/route-C7CZBETH.js                            | 0.000 | 0.000  | 0.000   | 0.000 | 0.000  | 0.000  | 0.000  | 0.000  | 2244.000   | 2244.000   | 2244.000    | 2244.000   |
| 1     | 0   | 1    | 0   | 0   | 0   | GET    | /assets/manifest-2155a205.js                         | 0.000 | 0.000  | 0.000   | 0.000 | 0.000  | 0.000  | 0.000  | 0.000  | 9192.000   | 9192.000   | 9192.000    | 9192.000   |
| 23    | 0   | 11   | 12  | 0   | 0   | GET    | /assets/frame-CJ9SHS1U.js                            | 0.000 | 0.000  | 0.000   | 0.000 | 0.000  | 0.000  | 0.000  | 0.000  | 0.000      | 344.000    | 3784.000    | 164.522    |
| 48    | 0   | 16   | 32  | 0   | 0   | GET    | /assets/entry.client-BwsCJ-uh.js                     | 0.000 | 0.000  | 0.000   | 0.000 | 0.000  | 0.000  | 0.000  | 0.000  | 0.000      | 4135.000   | 66160.000   | 1378.333   |
| 23    | 0   | 11   | 12  | 0   | 0   | GET    | /assets/client-context-C6wEaUbS.js                   | 0.000 | 0.000  | 0.000   | 0.000 | 0.000  | 0.000  | 0.000  | 0.000  | 0.000      | 2262.000   | 24882.000   | 1081.826   |
| 26    | 0   | 6    | 20  | 0   | 0   | GET    | /assets/account-switch-C7WpOYxZ.js                   | 0.000 | 0.000  | 0.000   | 0.000 | 0.000  | 0.000  | 0.000  | 0.000  | 0.000      | 553.000    | 3318.000    | 127.615    |
| 1     | 0   | 1    | 0   | 0   | 0   | GET    | /index.html                                          | 0.000 | 0.000  | 0.000   | 0.000 | 0.000  | 0.000  | 0.000  | 0.000  | 705.000    | 705.000    | 705.000     | 705.000    |
| 23    | 0   | 11   | 12  | 0   | 0   | GET    | /images/buildings3.svg                               | 0.000 | 0.000  | 0.000   | 0.000 | 0.000  | 0.000  | 0.000  | 0.000  | 0.000      | 23793.000  | 261723.000  | 11379.261  |
| 11    | 0   | 11   | 0   | 0   | 0   | GET    | /assets/route-j6B5sfAw.js                            | 0.000 | 0.000  | 0.000   | 0.000 | 0.000  | 0.000  | 0.000  | 0.000  | 3490.000   | 3490.000   | 38390.000   | 3490.000   |
| 1     | 0   | 1    | 0   | 0   | 0   | GET    | /assets/chair-PB3Jm0Ii.js                            | 0.000 | 0.000  | 0.000   | 0.000 | 0.000  | 0.000  | 0.000  | 0.000  | 2008.000   | 2008.000   | 2008.000    | 2008.000   |
| 26    | 0   | 6    | 20  | 0   | 0   | GET    | /assets/route-DzrPVuAG.js                            | 0.000 | 0.000  | 0.000   | 0.000 | 0.000  | 0.000  | 0.000  | 0.000  | 0.000      | 1908.000   | 11448.000   | 440.308    |
| 26    | 0   | 6    | 20  | 0   | 0   | GET    | /assets/owner-context-DCgOhQtd.js                    | 0.000 | 0.000  | 0.000   | 0.000 | 0.000  | 0.000  | 0.000  | 0.000  | 0.000      | 1077.000   | 6462.000    | 248.538    |
| 48    | 0   | 16   | 32  | 0   | 0   | GET    | /assets/index-9ZhTBp7q.js                            | 0.000 | 0.000  | 0.000   | 0.000 | 0.000  | 0.000  | 0.000  | 0.000  | 0.000      | 60305.000  | 964880.000  | 20101.667  |
| 23    | 0   | 11   | 12  | 0   | 0   | GET    | /images/buildings2.svg                               | 0.000 | 0.000  | 0.000   | 0.000 | 0.000  | 0.000  | 0.000  | 0.000  | 0.000      | 23825.000  | 262075.000  | 11394.565  |
| 28    | 0   | 16   | 12  | 0   | 0   | GET    | /assets/text-DfCqYLRl.js                             | 0.000 | 0.000  | 0.000   | 0.000 | 0.000  | 0.000  | 0.000  | 0.000  | 0.000      | 505.000    | 8080.000    | 288.571    |
| 1     | 0   | 1    | 0   | 0   | 0   | GET    | /assets/route-BE5HJ0d6.js                            | 0.000 | 0.000  | 0.000   | 0.000 | 0.000  | 0.000  | 0.000  | 0.000  | 3303.000   | 3303.000   | 3303.000    | 3303.000   |
| 48    | 0   | 16   | 32  | 0   | 0   | GET    | /assets/root-JpS3BGeV.js                             | 0.000 | 0.000  | 0.000   | 0.000 | 0.000  | 0.000  | 0.000  | 0.000  | 0.000      | 27925.000  | 446800.000  | 9308.333   |
| 36    | 0   | 16   | 20  | 0   | 0   | GET    | /assets/button-CS9qg6Tt.js                           | 0.000 | 0.000  | 0.000   | 0.000 | 0.000  | 0.000  | 0.000  | 0.000  | 0.000      | 843.000    | 13488.000   | 374.667    |
| 23    | 0   | 11   | 12  | 0   | 0   | GET    | /client                                              | 0.000 | 0.000  | 0.000   | 0.000 | 0.000  | 0.000  | 0.000  | 0.000  | 0.000      | 705.000    | 7755.000    | 337.174    |
| 11    | 0   | 11   | 0   | 0   | 0   | GET    | /assets/responses-Cu7_GOWP.js                        | 0.000 | 0.000  | 0.000   | 0.000 | 0.000  | 0.000  | 0.000  | 0.000  | 350.000    | 350.000    | 3850.000    | 350.000    |
+-------+-----+------+-----+-----+-----+--------+------------------------------------------------------+-------+--------+---------+-------+--------+--------+--------+--------+------------+------------+-------------+------------+
