+-------+-----+-------+-----+-----+-----+--------+------------------------------------------------------+-------+--------+----------+-------+--------+--------+--------+--------+------------+------------+-------------+------------+
| COUNT | 1XX |  2XX  | 3XX | 4XX | 5XX | METHOD |                         URI                          |  MIN  |  MAX   |   SUM    |  AVG  |  P90   |  P95   |  P99   | STDDEV | MIN(BODY)  | MAX(BODY)  |  SUM(BODY)  | AVG(BODY)  |
+-------+-----+-------+-----+-----+-----+--------+------------------------------------------------------+-------+--------+----------+-------+--------+--------+--------+--------+------------+------------+-------------+------------+
| 31    | 0   | 1     | 0   | 30  | 0   | GET    | /api/owner/chairs                                    | 0.644 | 10.015 | 300.616  | 9.697 | 10.007 | 10.015 | 10.015 | 1.653  | 0.000      | 19007.000  | 19007.000   | 613.129    |
| 1     | 0   | 1     | 0   | 0   | 0   | POST   | /api/initialize                                      | 6.305 | 6.305  | 6.305    | 6.305 | 6.305  | 6.305  | 6.305  | 0.000  | 17.000     | 17.000     | 17.000      | 17.000     |
| 18    | 0   | 18    | 0   | 0   | 0   | GET    | /api/app/nearby-chairs                               | 1.413 | 4.052  | 44.996   | 2.500 | 3.848  | 4.052  | 4.052  | 0.656  | 42.000     | 847.000    | 5861.000    | 325.611    |
| 1     | 0   | 1     | 0   | 0   | 0   | POST   | /api/app/rides/01JY190VPEQ9TP6K6EKHQDA0W7/evaluation | 1.284 | 1.284  | 1.284    | 1.284 | 1.284  | 1.284  | 1.284  | 0.000  | 30.000     | 30.000     | 30.000      | 30.000     |
| 1     | 0   | 1     | 0   | 0   | 0   | POST   | /api/app/rides/01JY190WQ1D90C59WHTPE3F198/evaluation | 1.148 | 1.148  | 1.148    | 1.148 | 1.148  | 1.148  | 1.148  | 0.000  | 30.000     | 30.000     | 30.000      | 30.000     |
| 1     | 0   | 1     | 0   | 0   | 0   | POST   | /api/chair/rides/01JY1926CN9PGTW9KK3XFQ13TM/status   | 0.944 | 0.944  | 0.944    | 0.944 | 0.944  | 0.944  | 0.944  | 0.000  | 0.000      | 0.000      | 0.000       | 0.000      |
| 15    | 0   | 15    | 0   | 0   | 0   | POST   | /api/app/rides                                       | 0.276 | 1.400  | 10.989   | 0.733 | 0.900  | 1.400  | 1.400  | 0.250  | 51.000     | 52.000     | 776.000     | 51.733     |
| 1     | 0   | 1     | 0   | 0   | 0   | POST   | /api/app/rides/01JY190Y67ZNA3A67GF7AD2TZN/evaluation | 0.696 | 0.696  | 0.696    | 0.696 | 0.696  | 0.696  | 0.696  | 0.000  | 30.000     | 30.000     | 30.000      | 30.000     |
| 960   | 0   | 951   | 0   | 9   | 0   | GET    | /api/app/notification                                | 0.032 | 1.805  | 584.751  | 0.609 | 1.004  | 1.128  | 1.448  | 0.295  | 0.000      | 428.000    | 374483.000  | 390.086    |
| 1     | 0   | 1     | 0   | 0   | 0   | POST   | /api/chair/rides/01JY190Y67ZNA3A67GFAA8Z6M5/status   | 0.596 | 0.596  | 0.596    | 0.596 | 0.596  | 0.596  | 0.596  | 0.000  | 0.000      | 0.000      | 0.000       | 0.000      |
| 1     | 0   | 1     | 0   | 0   | 0   | POST   | /api/chair/rides/01JY1929STMBR93PHMMT70E63Z/status   | 0.567 | 0.567  | 0.567    | 0.567 | 0.567  | 0.567  | 0.567  | 0.000  | 0.000      | 0.000      | 0.000       | 0.000      |
| 2     | 0   | 2     | 0   | 0   | 0   | POST   | /api/chair/rides/01JY190WQ1D90C59WHTPE3F198/status   | 0.437 | 0.644  | 1.081    | 0.540 | 0.644  | 0.644  | 0.644  | 0.104  | 0.000      | 0.000      | 0.000       | 0.000      |
| 945   | 0   | 945   | 0   | 0   | 0   | POST   | /api/chair/coordinate                                | 0.068 | 1.708  | 475.922  | 0.504 | 0.836  | 0.968  | 1.184  | 0.241  | 29.000     | 29.000     | 27405.000   | 29.000     |
| 1     | 0   | 1     | 0   | 0   | 0   | POST   | /api/chair/rides/01JY190X4AKSFMYBF2DK1GQ199/status   | 0.460 | 0.460  | 0.460    | 0.460 | 0.460  | 0.460  | 0.460  | 0.000  | 0.000      | 0.000      | 0.000       | 0.000      |
| 1     | 0   | 1     | 0   | 0   | 0   | POST   | /api/chair/rides/01JY1924JGF1FPKVZXFMYG4R83/status   | 0.452 | 0.452  | 0.452    | 0.452 | 0.452  | 0.452  | 0.452  | 0.000  | 0.000      | 0.000      | 0.000       | 0.000      |
| 20    | 0   | 20    | 0   | 0   | 0   | POST   | /api/chair/activity                                  | 0.120 | 0.676  | 7.604    | 0.380 | 0.672  | 0.672  | 0.676  | 0.219  | 0.000      | 0.000      | 0.000       | 0.000      |
| 12    | 0   | 12    | 0   | 0   | 0   | POST   | /api/app/payment-methods                             | 0.140 | 0.524  | 4.292    | 0.358 | 0.472  | 0.524  | 0.524  | 0.120  | 0.000      | 0.000      | 0.000       | 0.000      |
| 2     | 0   | 2     | 0   | 0   | 0   | POST   | /api/chair/rides/01JY190Y67ZNA3A67GF7AD2TZN/status   | 0.145 | 0.564  | 0.709    | 0.354 | 0.564  | 0.564  | 0.564  | 0.209  | 0.000      | 0.000      | 0.000       | 0.000      |
| 1     | 0   | 1     | 0   | 0   | 0   | POST   | /api/chair/rides/01JY190WPZS56FR8QC5YYF98TN/status   | 0.328 | 0.328  | 0.328    | 0.328 | 0.328  | 0.328  | 0.328  | 0.000  | 0.000      | 0.000      | 0.000       | 0.000      |
| 2     | 0   | 2     | 0   | 0   | 0   | POST   | /api/chair/rides/01JY190VPEQ9TP6K6EKHQDA0W7/status   | 0.196 | 0.440  | 0.636    | 0.318 | 0.440  | 0.440  | 0.440  | 0.122  | 0.000      | 0.000      | 0.000       | 0.000      |
| 2     | 0   | 2     | 0   | 0   | 0   | POST   | /api/chair/rides/01JY190WDQPCQJ506JP09W1FRX/status   | 0.200 | 0.376  | 0.576    | 0.288 | 0.376  | 0.376  | 0.376  | 0.088  | 0.000      | 0.000      | 0.000       | 0.000      |
| 1     | 0   | 1     | 0   | 0   | 0   | GET    | /api/owner/sales?                                    | 0.248 | 0.248  | 0.248    | 0.248 | 0.248  | 0.248  | 0.248  | 0.000  | 9183.000   | 9183.000   | 9183.000    | 9183.000   |
| 4633  | 0   | 4616  | 0   | 17  | 0   | GET    | /api/chair/notification                              | 0.004 | 1.476  | 1131.315 | 0.244 | 0.504  | 0.616  | 0.880  | 0.189  | 0.000      | 269.000    | 499936.000  | 107.908    |
| 1     | 0   | 1     | 0   | 0   | 0   | GET    | /api/owner/sales                                     | 0.244 | 0.244  | 0.244    | 0.244 | 0.244  | 0.244  | 0.244  | 0.000  | 9024.000   | 9024.000   | 9024.000    | 9024.000   |
| 1     | 0   | 1     | 0   | 0   | 0   | POST   | /api/chair/rides/01JY190W6C95S3RC2BQX9BZN1B/status   | 0.244 | 0.244  | 0.244    | 0.244 | 0.244  | 0.244  | 0.244  | 0.000  | 0.000      | 0.000      | 0.000       | 0.000      |
| 21    | 0   | 21    | 0   | 0   | 0   | GET    | /api/app/rides                                       | 0.012 | 0.596  | 4.249    | 0.202 | 0.444  | 0.548  | 0.596  | 0.157  | 12.000     | 2158.000   | 5164.000    | 245.905    |
| 1     | 0   | 1     | 0   | 0   | 0   | POST   | /api/chair/rides/01JY190WHD2FMQWXRHEQ2HKTS4/status   | 0.196 | 0.196  | 0.196    | 0.196 | 0.196  | 0.196  | 0.196  | 0.000  | 0.000      | 0.000      | 0.000       | 0.000      |
| 1     | 0   | 1     | 0   | 0   | 0   | POST   | /api/chair/rides/01JY190WE1T1VMYEG7JZGSCKS4/status   | 0.140 | 0.140  | 0.140    | 0.140 | 0.140  | 0.140  | 0.140  | 0.000  | 0.000      | 0.000      | 0.000       | 0.000      |
| 19    | 0   | 19    | 0   | 0   | 0   | POST   | /api/app/rides/estimated-fare                        | 0.008 | 0.388  | 2.304    | 0.121 | 0.304  | 0.388  | 0.388  | 0.102  | 26.000     | 29.000     | 531.000     | 27.947     |
| 1     | 0   | 1     | 0   | 0   | 0   | POST   | /api/chair/rides/01JY191FMMHRHX6P2KNMK0C4NF/status   | 0.088 | 0.088  | 0.088    | 0.088 | 0.088  | 0.088  | 0.088  | 0.000  | 0.000      | 0.000      | 0.000       | 0.000      |
| 12    | 0   | 12    | 0   | 0   | 0   | POST   | /api/app/users                                       | 0.008 | 0.320  | 0.700    | 0.058 | 0.260  | 0.320  | 0.320  | 0.104  | 86.000     | 86.000     | 1032.000    | 86.000     |
| 1     | 0   | 1     | 0   | 0   | 0   | POST   | /api/chair/rides/01JY191YRFCNVHBRDEZCR14ZFB/status   | 0.032 | 0.032  | 0.032    | 0.032 | 0.032  | 0.032  | 0.032  | 0.000  | 0.000      | 0.000      | 0.000       | 0.000      |
| 20    | 0   | 20    | 0   | 0   | 0   | POST   | /api/chair/chairs                                    | 0.008 | 0.032  | 0.296    | 0.015 | 0.016  | 0.016  | 0.032  | 0.005  | 75.000     | 75.000     | 1500.000    | 75.000     |
| 5     | 0   | 5     | 0   | 0   | 0   | POST   | /api/owner/owners                                    | 0.008 | 0.016  | 0.060    | 0.012 | 0.016  | 0.016  | 0.016  | 0.004  | 125.000    | 125.000    | 625.000     | 125.000    |
| 1     | 0   | 1     | 0   | 0   | 0   | GET    | /images/top-bg.png                                   | 0.005 | 0.005  | 0.005    | 0.005 | 0.005  | 0.005  | 0.005  | 0.000  | 549793.000 | 549793.000 | 549793.000  | 549793.000 |
| 13907 | 0   | 13890 | 0   | 0   | 17  | GET    | /api/internal/matching                               | 0.004 | 0.872  | 66.291   | 0.005 | 0.004  | 0.008  | 0.016  | 0.019  | 0.000      | 69.000     | 1164.000    | 0.084      |
| 69    | 0   | 18    | 51  | 0   | 0   | GET    | /assets/components-Cbm4tYXz.js                       | 0.000 | 0.006  | 0.026    | 0.000 | 0.002  | 0.003  | 0.006  | 0.001  | 0.000      | 184569.000 | 3322242.000 | 48148.435  |
| 34    | 0   | 13    | 21  | 0   | 0   | GET    | /images/town.svg                                     | 0.000 | 0.004  | 0.006    | 0.000 | 0.000  | 0.002  | 0.004  | 0.001  | 0.000      | 128735.000 | 1673555.000 | 49222.206  |
| 18    | 0   | 18    | 0   | 0   | 0   | GET    | /assets/form-frame-AzQ8YT1a.js                       | 0.000 | 0.000  | 0.000    | 0.000 | 0.000  | 0.000  | 0.000  | 0.000  | 824.000    | 824.000    | 14832.000   | 824.000    |
| 1     | 0   | 1     | 0   | 0   | 0   | GET    | /assets/chair-PB3Jm0Ii.js                            | 0.000 | 0.000  | 0.000    | 0.000 | 0.000  | 0.000  | 0.000  | 0.000  | 2008.000   | 2008.000   | 2008.000    | 2008.000   |
| 1     | 0   | 1     | 0   | 0   | 0   | GET    | /index.html                                          | 0.000 | 0.000  | 0.000    | 0.000 | 0.000  | 0.000  | 0.000  | 0.000  | 705.000    | 705.000    | 705.000     | 705.000    |
| 13    | 0   | 13    | 0   | 0   | 0   | GET    | /assets/responses-Cu7_GOWP.js                        | 0.000 | 0.000  | 0.000    | 0.000 | 0.000  | 0.000  | 0.000  | 0.000  | 350.000    | 350.000    | 4550.000    | 350.000    |
| 1     | 0   | 1     | 0   | 0   | 0   | GET    | /assets/route-Ckv8UtcK.js                            | 0.000 | 0.000  | 0.000    | 0.000 | 0.000  | 0.000  | 0.000  | 0.000  | 1148.000   | 1148.000   | 1148.000    | 1148.000   |
| 1     | 0   | 1     | 0   | 0   | 0   | GET    | /assets/route-qjNoFN43.js                            | 0.000 | 0.000  | 0.000    | 0.000 | 0.000  | 0.000  | 0.000  | 0.000  | 2937.000   | 2937.000   | 2937.000    | 2937.000   |
| 34    | 0   | 13    | 21  | 0   | 0   | GET    | /assets/frame-CJ9SHS1U.js                            | 0.000 | 0.000  | 0.000    | 0.000 | 0.000  | 0.000  | 0.000  | 0.000  | 0.000      | 344.000    | 4472.000    | 131.529    |
| 1     | 0   | 1     | 0   | 0   | 0   | GET    | /assets/route-CNt_mqIX.js                            | 0.000 | 0.000  | 0.000    | 0.000 | 0.000  | 0.000  | 0.000  | 0.000  | 26045.000  | 26045.000  | 26045.000   | 26045.000  |
| 1     | 0   | 1     | 0   | 0   | 0   | GET    | /assets/simulator-context-fn0s3fwv.js                | 0.000 | 0.000  | 0.000    | 0.000 | 0.000  | 0.000  | 0.000  | 0.000  | 2970.000   | 2970.000   | 2970.000    | 2970.000   |
| 34    | 0   | 13    | 21  | 0   | 0   | GET    | /images/house2.svg                                   | 0.000 | 0.000  | 0.000    | 0.000 | 0.000  | 0.000  | 0.000  | 0.000  | 0.000      | 6430.000   | 83590.000   | 2458.529   |
| 69    | 0   | 18    | 51  | 0   | 0   | GET    | /favicon.ico                                         | 0.000 | 0.000  | 0.000    | 0.000 | 0.000  | 0.000  | 0.000  | 0.000  | 0.000      | 16958.000  | 305244.000  | 4423.826   |
| 1     | 0   | 1     | 0   | 0   | 0   | GET    | /apple-touch-icon-180x180.png                        | 0.000 | 0.000  | 0.000    | 0.000 | 0.000  | 0.000  | 0.000  | 0.000  | 1020.000   | 1020.000   | 1020.000    | 1020.000   |
| 1     | 0   | 1     | 0   | 0   | 0   | GET    | /assets/get-initial-data-vd1rP8TD.js                 | 0.000 | 0.000  | 0.000    | 0.000 | 0.000  | 0.000  | 0.000  | 0.000  | 1757.000   | 1757.000   | 1757.000    | 1757.000   |
| 1     | 0   | 1     | 0   | 0   | 0   | GET    | /assets/manifest-2155a205.js                         | 0.000 | 0.000  | 0.000    | 0.000 | 0.000  | 0.000  | 0.000  | 0.000  | 9192.000   | 9192.000   | 9192.000    | 9192.000   |
| 1     | 0   | 1     | 0   | 0   | 0   | GET    | /assets/route-BE5HJ0d6.js                            | 0.000 | 0.000  | 0.000    | 0.000 | 0.000  | 0.000  | 0.000  | 0.000  | 3303.000   | 3303.000   | 3303.000    | 3303.000   |
| 34    | 0   | 13    | 21  | 0   | 0   | GET    | /assets/storage-Coaj7Roq.js                          | 0.000 | 0.000  | 0.000    | 0.000 | 0.000  | 0.000  | 0.000  | 0.000  | 0.000      | 711.000    | 9243.000    | 271.853    |
| 69    | 0   | 18    | 51  | 0   | 0   | GET    | /assets/api-components-dDIZztSJ.js                   | 0.000 | 0.000  | 0.000    | 0.000 | 0.000  | 0.000  | 0.000  | 0.000  | 0.000      | 2007.000   | 36126.000   | 523.565    |
| 69    | 0   | 18    | 51  | 0   | 0   | GET    | /assets/bundle-mjs-Dnoi3Axr.js                       | 0.000 | 0.000  | 0.000    | 0.000 | 0.000  | 0.000  | 0.000  | 0.000  | 0.000      | 19912.000  | 358416.000  | 5194.435   |
| 1     | 0   | 1     | 0   | 0   | 0   | GET    | /assets/route-C7CZBETH.js                            | 0.000 | 0.000  | 0.000    | 0.000 | 0.000  | 0.000  | 0.000  | 0.000  | 2244.000   | 2244.000   | 2244.000    | 2244.000   |
| 1     | 0   | 1     | 0   | 0   | 0   | GET    | /assets/route-DGKaubqO.js                            | 0.000 | 0.000  | 0.000    | 0.000 | 0.000  | 0.000  | 0.000  | 0.000  | 1495.000   | 1495.000   | 1495.000    | 1495.000   |
| 1     | 0   | 1     | 0   | 0   | 0   | GET    | /images/top-logo.svg                                 | 0.000 | 0.000  | 0.000    | 0.000 | 0.000  | 0.000  | 0.000  | 0.000  | 4749.000   | 4749.000   | 4749.000    | 4749.000   |
| 69    | 0   | 18    | 51  | 0   | 0   | GET    | /favicon-32x32.png                                   | 0.000 | 0.000  | 0.000    | 0.000 | 0.000  | 0.000  | 0.000  | 0.000  | 0.000      | 336.000    | 6048.000    | 87.652     |
| 34    | 0   | 13    | 21  | 0   | 0   | GET    | /assets/client-context-C6wEaUbS.js                   | 0.000 | 0.000  | 0.000    | 0.000 | 0.000  | 0.000  | 0.000  | 0.000  | 0.000      | 2262.000   | 29406.000   | 864.882    |
| 34    | 0   | 13    | 21  | 0   | 0   | GET    | /assets/route-B_Zm-GyU.js                            | 0.000 | 0.000  | 0.000    | 0.000 | 0.000  | 0.000  | 0.000  | 0.000  | 0.000      | 2687.000   | 34931.000   | 1027.382   |
| 1     | 0   | 1     | 0   | 0   | 0   | GET    | /assets/route-D-xfm-4G.js                            | 0.000 | 0.000  | 0.000    | 0.000 | 0.000  | 0.000  | 0.000  | 0.000  | 388.000    | 388.000    | 388.000     | 388.000    |
| 36    | 0   | 6     | 30  | 0   | 0   | GET    | /owner                                               | 0.000 | 0.000  | 0.000    | 0.000 | 0.000  | 0.000  | 0.000  | 0.000  | 0.000      | 705.000    | 4230.000    | 117.500    |
| 1     | 0   | 1     | 0   | 0   | 0   | GET    | /assets/route-Bhv1gox0.js                            | 0.000 | 0.000  | 0.000    | 0.000 | 0.000  | 0.000  | 0.000  | 0.000  | 2361.000   | 2361.000   | 2361.000    | 2361.000   |
| 36    | 0   | 6     | 30  | 0   | 0   | GET    | /assets/owner-context-DCgOhQtd.js                    | 0.000 | 0.000  | 0.000    | 0.000 | 0.000  | 0.000  | 0.000  | 0.000  | 0.000      | 1077.000   | 6462.000    | 179.500    |
| 69    | 0   | 18    | 51  | 0   | 0   | GET    | /assets/index-9ZhTBp7q.js                            | 0.000 | 0.000  | 0.000    | 0.000 | 0.000  | 0.000  | 0.000  | 0.000  | 0.000      | 60305.000  | 1085490.000 | 15731.739  |
| 34    | 0   | 13    | 21  | 0   | 0   | GET    | /assets/api-base-url-Bd0x18OB.js                     | 0.000 | 0.000  | 0.000    | 0.000 | 0.000  | 0.000  | 0.000  | 0.000  | 0.000      | 26.000     | 338.000     | 9.941      |
| 1     | 0   | 1     | 0   | 0   | 0   | GET    | /favicon-128x128.png                                 | 0.000 | 0.000  | 0.000    | 0.000 | 0.000  | 0.000  | 0.000  | 0.000  | 783.000    | 783.000    | 783.000     | 783.000    |
| 39    | 0   | 18    | 21  | 0   | 0   | GET    | /assets/text-DfCqYLRl.js                             | 0.000 | 0.000  | 0.000    | 0.000 | 0.000  | 0.000  | 0.000  | 0.000  | 0.000      | 505.000    | 9090.000    | 233.077    |
| 69    | 0   | 18    | 51  | 0   | 0   | GET    | /assets/root-JpS3BGeV.js                             | 0.000 | 0.000  | 0.000    | 0.000 | 0.000  | 0.000  | 0.000  | 0.000  | 0.000      | 27925.000  | 502650.000  | 7284.783   |
| 1     | 0   | 1     | 0   | 0   | 0   | GET    | /assets/rating-star-gH9aOYPH.js                      | 0.000 | 0.000  | 0.000    | 0.000 | 0.000  | 0.000  | 0.000  | 0.000  | 519.000    | 519.000    | 519.000     | 519.000    |
| 1     | 0   | 1     | 0   | 0   | 0   | GET    | /assets/price-D-o-ix3Y.js                            | 0.000 | 0.000  | 0.000    | 0.000 | 0.000  | 0.000  | 0.000  | 0.000  | 1793.000   | 1793.000   | 1793.000    | 1793.000   |
| 69    | 0   | 18    | 51  | 0   | 0   | GET    | /assets/colors-DB9lnfSt.js                           | 0.000 | 0.000  | 0.000    | 0.000 | 0.000  | 0.000  | 0.000  | 0.000  | 0.000      | 5678.000   | 102204.000  | 1481.217   |
| 34    | 0   | 13    | 21  | 0   | 0   | GET    | /images/buildings6.svg                               | 0.000 | 0.000  | 0.000    | 0.000 | 0.000  | 0.000  | 0.000  | 0.000  | 0.000      | 9454.000   | 122902.000  | 3614.765   |
| 48    | 0   | 18    | 30  | 0   | 0   | GET    | /assets/button-CS9qg6Tt.js                           | 0.000 | 0.000  | 0.000    | 0.000 | 0.000  | 0.000  | 0.000  | 0.000  | 0.000      | 843.000    | 15174.000   | 316.125    |
| 34    | 0   | 13    | 21  | 0   | 0   | GET    | /images/buildings5.svg                               | 0.000 | 0.000  | 0.000    | 0.000 | 0.000  | 0.000  | 0.000  | 0.000  | 0.000      | 9858.000   | 128154.000  | 3769.235   |
| 34    | 0   | 13    | 21  | 0   | 0   | GET    | /images/buildings3.svg                               | 0.000 | 0.000  | 0.000    | 0.000 | 0.000  | 0.000  | 0.000  | 0.000  | 0.000      | 23793.000  | 309309.000  | 9097.324   |
| 1     | 0   | 1     | 0   | 0   | 0   | GET    | /assets/route-BkJsE9q1.js                            | 0.000 | 0.000  | 0.000    | 0.000 | 0.000  | 0.000  | 0.000  | 0.000  | 1496.000   | 1496.000   | 1496.000    | 1496.000   |
| 69    | 0   | 18    | 51  | 0   | 0   | GET    | /assets/entry.client-BwsCJ-uh.js                     | 0.000 | 0.000  | 0.000    | 0.000 | 0.000  | 0.000  | 0.000  | 0.000  | 0.000      | 4135.000   | 74430.000   | 1078.696   |
| 34    | 0   | 13    | 21  | 0   | 0   | GET    | /images/buildings4.svg                               | 0.000 | 0.000  | 0.000    | 0.000 | 0.000  | 0.000  | 0.000  | 0.000  | 0.000      | 4582.000   | 59566.000   | 1751.941   |
| 36    | 0   | 6     | 30  | 0   | 0   | GET    | /assets/route-DzrPVuAG.js                            | 0.000 | 0.000  | 0.000    | 0.000 | 0.000  | 0.000  | 0.000  | 0.000  | 0.000      | 1908.000   | 11448.000   | 318.000    |
| 1     | 0   | 1     | 0   | 0   | 0   | GET    | /assets/map-WlZ9yiya.js                              | 0.000 | 0.000  | 0.000    | 0.000 | 0.000  | 0.000  | 0.000  | 0.000  | 11712.000  | 11712.000  | 11712.000   | 11712.000  |
| 34    | 0   | 13    | 21  | 0   | 0   | GET    | /images/house1.svg                                   | 0.000 | 0.000  | 0.000    | 0.000 | 0.000  | 0.000  | 0.000  | 0.000  | 0.000      | 2903.000   | 37739.000   | 1109.971   |
| 1     | 0   | 1     | 0   | 0   | 0   | GET    | /assets/post-message-C3RbgkUr.js                     | 0.000 | 0.000  | 0.000    | 0.000 | 0.000  | 0.000  | 0.000  | 0.000  | 367.000    | 367.000    | 367.000     | 367.000    |
| 13    | 0   | 13    | 0   | 0   | 0   | GET    | /assets/date-input-Br46mw6i.js                       | 0.000 | 0.000  | 0.000    | 0.000 | 0.000  | 0.000  | 0.000  | 0.000  | 425.000    | 425.000    | 5525.000    | 425.000    |
| 13    | 0   | 13    | 0   | 0   | 0   | GET    | /assets/route-j6B5sfAw.js                            | 0.000 | 0.000  | 0.000    | 0.000 | 0.000  | 0.000  | 0.000  | 0.000  | 3490.000   | 3490.000   | 45370.000   | 3490.000   |
| 34    | 0   | 13    | 21  | 0   | 0   | GET    | /images/buildings2.svg                               | 0.000 | 0.000  | 0.000    | 0.000 | 0.000  | 0.000  | 0.000  | 0.000  | 0.000      | 23825.000  | 309725.000  | 9109.559   |
| 69    | 0   | 18    | 51  | 0   | 0   | GET    | /assets/isuride-CWZY8A89.js                          | 0.000 | 0.000  | 0.000    | 0.000 | 0.000  | 0.000  | 0.000  | 0.000  | 0.000      | 834.000    | 15012.000   | 217.565    |
| 36    | 0   | 6     | 30  | 0   | 0   | GET    | /assets/account-switch-C7WpOYxZ.js                   | 0.000 | 0.000  | 0.000    | 0.000 | 0.000  | 0.000  | 0.000  | 0.000  | 0.000      | 553.000    | 3318.000    | 92.167     |
| 6     | 0   | 6     | 0   | 0   | 0   | GET    | /assets/route-CJUF4eR6.js                            | 0.000 | 0.000  | 0.000    | 0.000 | 0.000  | 0.000  | 0.000  | 0.000  | 1576.000   | 1576.000   | 9456.000    | 1576.000   |
| 1     | 0   | 1     | 0   | 0   | 0   | GET    | /assets/route-Bu9MIazC.js                            | 0.000 | 0.000  | 0.000    | 0.000 | 0.000  | 0.000  | 0.000  | 0.000  | 10479.000  | 10479.000  | 10479.000   | 10479.000  |
| 13    | 0   | 13    | 0   | 0   | 0   | GET    | /assets/route-BbZUnrjQ.js                            | 0.000 | 0.000  | 0.000    | 0.000 | 0.000  | 0.000  | 0.000  | 0.000  | 1029.000   | 1029.000   | 13377.000   | 1029.000   |
| 69    | 0   | 18    | 51  | 0   | 0   | GET    | /assets/root-BoSp76zW.css                            | 0.000 | 0.000  | 0.000    | 0.000 | 0.000  | 0.000  | 0.000  | 0.000  | 0.000      | 26579.000  | 478422.000  | 6933.652   |
| 69    | 0   | 18    | 51  | 0   | 0   | GET    | /assets/jsx-runtime-56DGgGmo.js                      | 0.000 | 0.000  | 0.000    | 0.000 | 0.000  | 0.000  | 0.000  | 0.000  | 0.000      | 8107.000   | 145926.000  | 2114.870   |
| 34    | 0   | 13    | 21  | 0   | 0   | GET    | /images/buildings1.svg                               | 0.000 | 0.000  | 0.000    | 0.000 | 0.000  | 0.000  | 0.000  | 0.000  | 0.000      | 13886.000  | 180518.000  | 5309.353   |
| 34    | 0   | 13    | 21  | 0   | 0   | GET    | /client                                              | 0.000 | 0.000  | 0.000    | 0.000 | 0.000  | 0.000  | 0.000  | 0.000  | 0.000      | 705.000    | 9165.000    | 269.559    |
| 69    | 0   | 18    | 51  | 0   | 0   | GET    | /assets/get-cookie-value-B3QhECDc.js                 | 0.000 | 0.000  | 0.000    | 0.000 | 0.000  | 0.000  | 0.000  | 0.000  | 0.000      | 110.000    | 1980.000    | 28.696     |
+-------+-----+-------+-----+-----+-----+--------+------------------------------------------------------+-------+--------+----------+-------+--------+--------+--------+--------+------------+------------+-------------+------------+
