+-------+-----+------+-----+-----+-----+--------+---------------------------------------+--------+--------+---------+--------+--------+--------+--------+--------+------------+------------+-------------+------------+
| COUNT | 1XX | 2XX  | 3XX | 4XX | 5XX | METHOD |                  URI                  |  MIN   |  MAX   |   SUM   |  AVG   |  P90   |  P95   |  P99   | STDDEV | MIN(BODY)  | MAX(BODY)  |  SUM(BODY)  | AVG(BODY)  |
+-------+-----+------+-----+-----+-----+--------+---------------------------------------+--------+--------+---------+--------+--------+--------+--------+--------+------------+------------+-------------+------------+
| 1     | 0   | 1    | 0   | 0   | 0   | POST   | /api/initialize                       | 13.157 | 13.157 | 13.157  | 13.157 | 13.157 | 13.157 | 13.157 | 0.000  | 17.000     | 17.000     | 17.000      | 17.000     |
| 12    | 0   | 12   | 0   | 0   | 0   | GET    | /api/app/nearby-chairs                | 2.060  | 3.116  | 32.480  | 2.707  | 3.020  | 3.116  | 3.116  | 0.285  | 42.000     | 739.000    | 3089.000    | 257.417    |
| 20    | 0   | 20   | 0   | 0   | 0   | POST   | /api/chair/coordinate                 | 0.716  | 1.580  | 23.876  | 1.194  | 1.436  | 1.464  | 1.580  | 0.235  | 29.000     | 29.000     | 580.000     | 29.000     |
| 10    | 0   | 10   | 0   | 0   | 0   | POST   | /api/app/rides                        | 0.532  | 0.936  | 7.412   | 0.741  | 0.852  | 0.936  | 0.936  | 0.135  | 51.000     | 52.000     | 517.000     | 51.700     |
| 10    | 0   | 10   | 0   | 0   | 0   | POST   | /api/app/payment-methods              | 0.272  | 0.688  | 5.124   | 0.512  | 0.656  | 0.688  | 0.688  | 0.150  | 0.000      | 0.000      | 0.000       | 0.000      |
| 619   | 0   | 609  | 0   | 10  | 0   | GET    | /api/app/notification                 | 0.068  | 0.980  | 317.140 | 0.512  | 0.708  | 0.784  | 0.892  | 0.156  | 0.000      | 424.000    | 245587.000  | 396.748    |
| 1     | 0   | 1    | 0   | 0   | 0   | GET    | /api/owner/sales?                     | 0.308  | 0.308  | 0.308   | 0.308  | 0.308  | 0.308  | 0.308  | 0.000  | 9183.000   | 9183.000   | 9183.000    | 9183.000   |
| 1     | 0   | 1    | 0   | 0   | 0   | GET    | /api/owner/sales                      | 0.256  | 0.256  | 0.256   | 0.256  | 0.256  | 0.256  | 0.256  | 0.000  | 9017.000   | 9017.000   | 9017.000    | 9017.000   |
| 15    | 0   | 15   | 0   | 0   | 0   | GET    | /api/app/rides                        | 0.012  | 0.580  | 3.552   | 0.237  | 0.536  | 0.580  | 0.580  | 0.175  | 12.000     | 2158.000   | 4078.000    | 271.867    |
| 3406  | 0   | 3392 | 0   | 14  | 0   | GET    | /api/chair/notification               | 0.004  | 1.100  | 663.356 | 0.195  | 0.372  | 0.436  | 0.568  | 0.127  | 0.000      | 286.000    | 349086.000  | 102.491    |
| 20    | 0   | 20   | 0   | 0   | 0   | POST   | /api/chair/activity                   | 0.080  | 0.232  | 3.564   | 0.178  | 0.232  | 0.232  | 0.232  | 0.046  | 0.000      | 0.000      | 0.000       | 0.000      |
| 96    | 0   | 96   | 0   | 0   | 0   | GET    | /api/owner/chairs                     | 0.012  | 0.668  | 14.756  | 0.154  | 0.264  | 0.324  | 0.668  | 0.101  | 644.000    | 19014.000  | 90552.000   | 943.250    |
| 14    | 0   | 14   | 0   | 0   | 0   | POST   | /api/app/rides/estimated-fare         | 0.004  | 0.220  | 1.412   | 0.101  | 0.192  | 0.220  | 0.220  | 0.071  | 26.000     | 29.000     | 396.000     | 28.286     |
| 10    | 0   | 10   | 0   | 0   | 0   | POST   | /api/app/users                        | 0.008  | 0.024  | 0.184   | 0.018  | 0.024  | 0.024  | 0.024  | 0.006  | 86.000     | 86.000     | 860.000     | 86.000     |
| 20    | 0   | 20   | 0   | 0   | 0   | POST   | /api/chair/chairs                     | 0.008  | 0.024  | 0.324   | 0.016  | 0.020  | 0.024  | 0.024  | 0.004  | 75.000     | 75.000     | 1500.000    | 75.000     |
| 5     | 0   | 5    | 0   | 0   | 0   | POST   | /api/owner/owners                     | 0.008  | 0.012  | 0.052   | 0.010  | 0.012  | 0.012  | 0.012  | 0.002  | 125.000    | 125.000    | 625.000     | 125.000    |
| 4101  | 0   | 4084 | 0   | 0   | 17  | GET    | /api/internal/matching                | 0.000  | 0.524  | 23.164  | 0.006  | 0.008  | 0.008  | 0.048  | 0.016  | 0.000      | 166.000    | 1261.000    | 0.307      |
| 1     | 0   | 1    | 0   | 0   | 0   | GET    | /images/top-bg.png                    | 0.004  | 0.004  | 0.004   | 0.004  | 0.004  | 0.004  | 0.004  | 0.000  | 549793.000 | 549793.000 | 549793.000  | 549793.000 |
| 23    | 0   | 11   | 12  | 0   | 0   | GET    | /images/town.svg                      | 0.000  | 0.004  | 0.004   | 0.000  | 0.000  | 0.000  | 0.004  | 0.001  | 0.000      | 128735.000 | 1416085.000 | 61568.913  |
| 123   | 0   | 16   | 107 | 0   | 0   | GET    | /assets/components-Cbm4tYXz.js        | 0.000  | 0.004  | 0.013   | 0.000  | 0.000  | 0.000  | 0.003  | 0.001  | 0.000      | 184569.000 | 2953104.000 | 24008.976  |
| 123   | 0   | 16   | 107 | 0   | 0   | GET    | /assets/colors-DB9lnfSt.js            | 0.000  | 0.000  | 0.000   | 0.000  | 0.000  | 0.000  | 0.000  | 0.000  | 0.000      | 5678.000   | 90848.000   | 738.602    |
| 23    | 0   | 11   | 12  | 0   | 0   | GET    | /assets/client-context-C6wEaUbS.js    | 0.000  | 0.000  | 0.000   | 0.000  | 0.000  | 0.000  | 0.000  | 0.000  | 0.000      | 2262.000   | 24882.000   | 1081.826   |
| 1     | 0   | 1    | 0   | 0   | 0   | GET    | /assets/map-WlZ9yiya.js               | 0.000  | 0.000  | 0.000   | 0.000  | 0.000  | 0.000  | 0.000  | 0.000  | 11712.000  | 11712.000  | 11712.000   | 11712.000  |
| 1     | 0   | 1    | 0   | 0   | 0   | GET    | /assets/route-qjNoFN43.js             | 0.000  | 0.000  | 0.000   | 0.000  | 0.000  | 0.000  | 0.000  | 0.000  | 2937.000   | 2937.000   | 2937.000    | 2937.000   |
| 111   | 0   | 16   | 95  | 0   | 0   | GET    | /assets/button-CS9qg6Tt.js            | 0.000  | 0.000  | 0.000   | 0.000  | 0.000  | 0.000  | 0.000  | 0.000  | 0.000      | 843.000    | 13488.000   | 121.514    |
| 123   | 0   | 16   | 107 | 0   | 0   | GET    | /assets/root-JpS3BGeV.js              | 0.000  | 0.000  | 0.000   | 0.000  | 0.000  | 0.000  | 0.000  | 0.000  | 0.000      | 27925.000  | 446800.000  | 3632.520   |
| 1     | 0   | 1    | 0   | 0   | 0   | GET    | /assets/route-BE5HJ0d6.js             | 0.000  | 0.000  | 0.000   | 0.000  | 0.000  | 0.000  | 0.000  | 0.000  | 3303.000   | 3303.000   | 3303.000    | 3303.000   |
| 1     | 0   | 1    | 0   | 0   | 0   | GET    | /assets/manifest-2155a205.js          | 0.000  | 0.000  | 0.000   | 0.000  | 0.000  | 0.000  | 0.000  | 0.000  | 9192.000   | 9192.000   | 9192.000    | 9192.000   |
| 1     | 0   | 1    | 0   | 0   | 0   | GET    | /assets/route-D-xfm-4G.js             | 0.000  | 0.000  | 0.000   | 0.000  | 0.000  | 0.000  | 0.000  | 0.000  | 388.000    | 388.000    | 388.000     | 388.000    |
| 23    | 0   | 11   | 12  | 0   | 0   | GET    | /images/buildings6.svg                | 0.000  | 0.000  | 0.000   | 0.000  | 0.000  | 0.000  | 0.000  | 0.000  | 0.000      | 9454.000   | 103994.000  | 4521.478   |
| 123   | 0   | 16   | 107 | 0   | 0   | GET    | /assets/isuride-CWZY8A89.js           | 0.000  | 0.000  | 0.000   | 0.000  | 0.000  | 0.000  | 0.000  | 0.000  | 0.000      | 834.000    | 13344.000   | 108.488    |
| 123   | 0   | 16   | 107 | 0   | 0   | GET    | /assets/root-BoSp76zW.css             | 0.000  | 0.000  | 0.000   | 0.000  | 0.000  | 0.000  | 0.000  | 0.000  | 0.000      | 26579.000  | 425264.000  | 3457.431   |
| 1     | 0   | 1    | 0   | 0   | 0   | GET    | /assets/simulator-context-fn0s3fwv.js | 0.000  | 0.000  | 0.000   | 0.000  | 0.000  | 0.000  | 0.000  | 0.000  | 2970.000   | 2970.000   | 2970.000    | 2970.000   |
| 123   | 0   | 16   | 107 | 0   | 0   | GET    | /favicon-32x32.png                    | 0.000  | 0.000  | 0.000   | 0.000  | 0.000  | 0.000  | 0.000  | 0.000  | 0.000      | 336.000    | 5376.000    | 43.707     |
| 1     | 0   | 1    | 0   | 0   | 0   | GET    | /assets/post-message-C3RbgkUr.js      | 0.000  | 0.000  | 0.000   | 0.000  | 0.000  | 0.000  | 0.000  | 0.000  | 367.000    | 367.000    | 367.000     | 367.000    |
| 1     | 0   | 1    | 0   | 0   | 0   | GET    | /index.html                           | 0.000  | 0.000  | 0.000   | 0.000  | 0.000  | 0.000  | 0.000  | 0.000  | 705.000    | 705.000    | 705.000     | 705.000    |
| 123   | 0   | 16   | 107 | 0   | 0   | GET    | /assets/get-cookie-value-B3QhECDc.js  | 0.000  | 0.000  | 0.000   | 0.000  | 0.000  | 0.000  | 0.000  | 0.000  | 0.000      | 110.000    | 1760.000    | 14.309     |
| 11    | 0   | 11   | 0   | 0   | 0   | GET    | /assets/responses-Cu7_GOWP.js         | 0.000  | 0.000  | 0.000   | 0.000  | 0.000  | 0.000  | 0.000  | 0.000  | 350.000    | 350.000    | 3850.000    | 350.000    |
| 11    | 0   | 11   | 0   | 0   | 0   | GET    | /assets/date-input-Br46mw6i.js        | 0.000  | 0.000  | 0.000   | 0.000  | 0.000  | 0.000  | 0.000  | 0.000  | 425.000    | 425.000    | 4675.000    | 425.000    |
| 11    | 0   | 11   | 0   | 0   | 0   | GET    | /assets/route-BbZUnrjQ.js             | 0.000  | 0.000  | 0.000   | 0.000  | 0.000  | 0.000  | 0.000  | 0.000  | 1029.000   | 1029.000   | 11319.000   | 1029.000   |
| 23    | 0   | 11   | 12  | 0   | 0   | GET    | /images/buildings5.svg                | 0.000  | 0.000  | 0.000   | 0.000  | 0.000  | 0.000  | 0.000  | 0.000  | 0.000      | 9858.000   | 108438.000  | 4714.696   |
| 23    | 0   | 11   | 12  | 0   | 0   | GET    | /images/buildings3.svg                | 0.000  | 0.000  | 0.000   | 0.000  | 0.000  | 0.000  | 0.000  | 0.000  | 0.000      | 23793.000  | 261723.000  | 11379.261  |
| 16    | 0   | 16   | 0   | 0   | 0   | GET    | /assets/form-frame-AzQ8YT1a.js        | 0.000  | 0.000  | 0.000   | 0.000  | 0.000  | 0.000  | 0.000  | 0.000  | 824.000    | 824.000    | 13184.000   | 824.000    |
| 123   | 0   | 16   | 107 | 0   | 0   | GET    | /assets/index-9ZhTBp7q.js             | 0.000  | 0.000  | 0.000   | 0.000  | 0.000  | 0.000  | 0.000  | 0.000  | 0.000      | 60305.000  | 964880.000  | 7844.553   |
| 101   | 0   | 6    | 95  | 0   | 0   | GET    | /assets/owner-context-DCgOhQtd.js     | 0.000  | 0.000  | 0.000   | 0.000  | 0.000  | 0.000  | 0.000  | 0.000  | 0.000      | 1077.000   | 6462.000    | 63.980     |
| 1     | 0   | 1    | 0   | 0   | 0   | GET    | /assets/price-D-o-ix3Y.js             | 0.000  | 0.000  | 0.000   | 0.000  | 0.000  | 0.000  | 0.000  | 0.000  | 1793.000   | 1793.000   | 1793.000    | 1793.000   |
| 1     | 0   | 1    | 0   | 0   | 0   | GET    | /assets/route-Bu9MIazC.js             | 0.000  | 0.000  | 0.000   | 0.000  | 0.000  | 0.000  | 0.000  | 0.000  | 10479.000  | 10479.000  | 10479.000   | 10479.000  |
| 23    | 0   | 11   | 12  | 0   | 0   | GET    | /assets/storage-Coaj7Roq.js           | 0.000  | 0.000  | 0.000   | 0.000  | 0.000  | 0.000  | 0.000  | 0.000  | 0.000      | 711.000    | 7821.000    | 340.043    |
| 1     | 0   | 1    | 0   | 0   | 0   | GET    | /apple-touch-icon-180x180.png         | 0.000  | 0.000  | 0.000   | 0.000  | 0.000  | 0.000  | 0.000  | 0.000  | 1020.000   | 1020.000   | 1020.000    | 1020.000   |
| 123   | 0   | 16   | 107 | 0   | 0   | GET    | /favicon.ico                          | 0.000  | 0.000  | 0.000   | 0.000  | 0.000  | 0.000  | 0.000  | 0.000  | 0.000      | 16958.000  | 271328.000  | 2205.919   |
| 1     | 0   | 1    | 0   | 0   | 0   | GET    | /assets/get-initial-data-vd1rP8TD.js  | 0.000  | 0.000  | 0.000   | 0.000  | 0.000  | 0.000  | 0.000  | 0.000  | 1757.000   | 1757.000   | 1757.000    | 1757.000   |
| 11    | 0   | 11   | 0   | 0   | 0   | GET    | /assets/route-j6B5sfAw.js             | 0.000  | 0.000  | 0.000   | 0.000  | 0.000  | 0.000  | 0.000  | 0.000  | 3490.000   | 3490.000   | 38390.000   | 3490.000   |
| 23    | 0   | 11   | 12  | 0   | 0   | GET    | /images/buildings4.svg                | 0.000  | 0.000  | 0.000   | 0.000  | 0.000  | 0.000  | 0.000  | 0.000  | 0.000      | 4582.000   | 50402.000   | 2191.391   |
| 1     | 0   | 1    | 0   | 0   | 0   | GET    | /images/top-logo.svg                  | 0.000  | 0.000  | 0.000   | 0.000  | 0.000  | 0.000  | 0.000  | 0.000  | 4749.000   | 4749.000   | 4749.000    | 4749.000   |
| 101   | 0   | 6    | 95  | 0   | 0   | GET    | /assets/account-switch-C7WpOYxZ.js    | 0.000  | 0.000  | 0.000   | 0.000  | 0.000  | 0.000  | 0.000  | 0.000  | 0.000      | 553.000    | 3318.000    | 32.851     |
| 123   | 0   | 16   | 107 | 0   | 0   | GET    | /assets/bundle-mjs-Dnoi3Axr.js        | 0.000  | 0.000  | 0.000   | 0.000  | 0.000  | 0.000  | 0.000  | 0.000  | 0.000      | 19912.000  | 318592.000  | 2590.179   |
| 6     | 0   | 6    | 0   | 0   | 0   | GET    | /assets/route-CJUF4eR6.js             | 0.000  | 0.000  | 0.000   | 0.000  | 0.000  | 0.000  | 0.000  | 0.000  | 1576.000   | 1576.000   | 9456.000    | 1576.000   |
| 1     | 0   | 1    | 0   | 0   | 0   | GET    | /assets/route-CNt_mqIX.js             | 0.000  | 0.000  | 0.000   | 0.000  | 0.000  | 0.000  | 0.000  | 0.000  | 26045.000  | 26045.000  | 26045.000   | 26045.000  |
| 1     | 0   | 1    | 0   | 0   | 0   | GET    | /assets/route-Ckv8UtcK.js             | 0.000  | 0.000  | 0.000   | 0.000  | 0.000  | 0.000  | 0.000  | 0.000  | 1148.000   | 1148.000   | 1148.000    | 1148.000   |
| 23    | 0   | 11   | 12  | 0   | 0   | GET    | /assets/api-base-url-Bd0x18OB.js      | 0.000  | 0.000  | 0.000   | 0.000  | 0.000  | 0.000  | 0.000  | 0.000  | 0.000      | 26.000     | 286.000     | 12.435     |
| 1     | 0   | 1    | 0   | 0   | 0   | GET    | /assets/chair-PB3Jm0Ii.js             | 0.000  | 0.000  | 0.000   | 0.000  | 0.000  | 0.000  | 0.000  | 0.000  | 2008.000   | 2008.000   | 2008.000    | 2008.000   |
| 23    | 0   | 11   | 12  | 0   | 0   | GET    | /assets/route-B_Zm-GyU.js             | 0.000  | 0.000  | 0.000   | 0.000  | 0.000  | 0.000  | 0.000  | 0.000  | 0.000      | 2687.000   | 29557.000   | 1285.087   |
| 23    | 0   | 11   | 12  | 0   | 0   | GET    | /images/house1.svg                    | 0.000  | 0.000  | 0.000   | 0.000  | 0.000  | 0.000  | 0.000  | 0.000  | 0.000      | 2903.000   | 31933.000   | 1388.391   |
| 101   | 0   | 6    | 95  | 0   | 0   | GET    | /owner                                | 0.000  | 0.000  | 0.000   | 0.000  | 0.000  | 0.000  | 0.000  | 0.000  | 0.000      | 705.000    | 4230.000    | 41.881     |
| 23    | 0   | 11   | 12  | 0   | 0   | GET    | /images/buildings2.svg                | 0.000  | 0.000  | 0.000   | 0.000  | 0.000  | 0.000  | 0.000  | 0.000  | 0.000      | 23825.000  | 262075.000  | 11394.565  |
| 1     | 0   | 1    | 0   | 0   | 0   | GET    | /assets/route-DGKaubqO.js             | 0.000  | 0.000  | 0.000   | 0.000  | 0.000  | 0.000  | 0.000  | 0.000  | 1495.000   | 1495.000   | 1495.000    | 1495.000   |
| 1     | 0   | 1    | 0   | 0   | 0   | GET    | /assets/route-Bhv1gox0.js             | 0.000  | 0.000  | 0.000   | 0.000  | 0.000  | 0.000  | 0.000  | 0.000  | 2361.000   | 2361.000   | 2361.000    | 2361.000   |
| 101   | 0   | 6    | 95  | 0   | 0   | GET    | /assets/route-DzrPVuAG.js             | 0.000  | 0.000  | 0.000   | 0.000  | 0.000  | 0.000  | 0.000  | 0.000  | 0.000      | 1908.000   | 11448.000   | 113.347    |
| 23    | 0   | 11   | 12  | 0   | 0   | GET    | /assets/frame-CJ9SHS1U.js             | 0.000  | 0.000  | 0.000   | 0.000  | 0.000  | 0.000  | 0.000  | 0.000  | 0.000      | 344.000    | 3784.000    | 164.522    |
| 123   | 0   | 16   | 107 | 0   | 0   | GET    | /assets/entry.client-BwsCJ-uh.js      | 0.000  | 0.000  | 0.000   | 0.000  | 0.000  | 0.000  | 0.000  | 0.000  | 0.000      | 4135.000   | 66160.000   | 537.886    |
| 28    | 0   | 16   | 12  | 0   | 0   | GET    | /assets/text-DfCqYLRl.js              | 0.000  | 0.000  | 0.000   | 0.000  | 0.000  | 0.000  | 0.000  | 0.000  | 0.000      | 505.000    | 8080.000    | 288.571    |
| 1     | 0   | 1    | 0   | 0   | 0   | GET    | /assets/route-C7CZBETH.js             | 0.000  | 0.000  | 0.000   | 0.000  | 0.000  | 0.000  | 0.000  | 0.000  | 2244.000   | 2244.000   | 2244.000    | 2244.000   |
| 1     | 0   | 1    | 0   | 0   | 0   | GET    | /favicon-128x128.png                  | 0.000  | 0.000  | 0.000   | 0.000  | 0.000  | 0.000  | 0.000  | 0.000  | 783.000    | 783.000    | 783.000     | 783.000    |
| 23    | 0   | 11   | 12  | 0   | 0   | GET    | /images/buildings1.svg                | 0.000  | 0.000  | 0.000   | 0.000  | 0.000  | 0.000  | 0.000  | 0.000  | 0.000      | 13886.000  | 152746.000  | 6641.130   |
| 1     | 0   | 1    | 0   | 0   | 0   | GET    | /assets/route-BkJsE9q1.js             | 0.000  | 0.000  | 0.000   | 0.000  | 0.000  | 0.000  | 0.000  | 0.000  | 1496.000   | 1496.000   | 1496.000    | 1496.000   |
| 1     | 0   | 1    | 0   | 0   | 0   | GET    | /assets/rating-star-gH9aOYPH.js       | 0.000  | 0.000  | 0.000   | 0.000  | 0.000  | 0.000  | 0.000  | 0.000  | 519.000    | 519.000    | 519.000     | 519.000    |
| 123   | 0   | 16   | 107 | 0   | 0   | GET    | /assets/jsx-runtime-56DGgGmo.js       | 0.000  | 0.000  | 0.000   | 0.000  | 0.000  | 0.000  | 0.000  | 0.000  | 0.000      | 8107.000   | 129712.000  | 1054.569   |
| 23    | 0   | 11   | 12  | 0   | 0   | GET    | /images/house2.svg                    | 0.000  | 0.000  | 0.000   | 0.000  | 0.000  | 0.000  | 0.000  | 0.000  | 0.000      | 6430.000   | 70730.000   | 3075.217   |
| 23    | 0   | 11   | 12  | 0   | 0   | GET    | /client                               | 0.000  | 0.000  | 0.000   | 0.000  | 0.000  | 0.000  | 0.000  | 0.000  | 0.000      | 705.000    | 7755.000    | 337.174    |
| 123   | 0   | 16   | 107 | 0   | 0   | GET    | /assets/api-components-dDIZztSJ.js    | 0.000  | 0.000  | 0.000   | 0.000  | 0.000  | 0.000  | 0.000  | 0.000  | 0.000      | 2007.000   | 32112.000   | 261.073    |
+-------+-----+------+-----+-----+-----+--------+---------------------------------------+--------+--------+---------+--------+--------+--------+--------+--------+------------+------------+-------------+------------+
