+-------+-----+------+-----+-----+-----+--------+---------------------------------------+-------+--------+---------+-------+--------+--------+--------+--------+------------+------------+-------------+------------+
| COUNT | 1XX | 2XX  | 3XX | 4XX | 5XX | METHOD |                  URI                  |  MIN  |  MAX   |   SUM   |  AVG  |  P90   |  P95   |  P99   | STDDEV | MIN(BODY)  | MAX(BODY)  |  SUM(BODY)  | AVG(BODY)  |
+-------+-----+------+-----+-----+-----+--------+---------------------------------------+-------+--------+---------+-------+--------+--------+--------+--------+------------+------------+-------------+------------+
| 21    | 0   | 1    | 0   | 20  | 0   | GET    | /api/owner/chairs                     | 0.740 | 10.004 | 200.760 | 9.560 | 10.004 | 10.004 | 10.004 | 1.972  | 0.000      | 19014.000  | 19014.000   | 905.429    |
| 1     | 0   | 1    | 0   | 0   | 0   | POST   | /api/initialize                       | 7.296 | 7.296  | 7.296   | 7.296 | 7.296  | 7.296  | 7.296  | 0.000  | 17.000     | 17.000     | 17.000      | 17.000     |
| 120   | 0   | 120  | 0   | 0   | 0   | GET    | /api/app/nearby-chairs                | 1.972 | 4.304  | 351.544 | 2.930 | 3.540  | 3.676  | 4.244  | 0.498  | 42.000     | 42.000     | 5040.000    | 42.000     |
| 10    | 0   | 10   | 0   | 0   | 0   | POST   | /api/app/payment-methods              | 0.412 | 0.772  | 5.660   | 0.566 | 0.608  | 0.772  | 0.772  | 0.095  | 0.000      | 0.000      | 0.000       | 0.000      |
| 190   | 0   | 0    | 0   | 0   | 190 | POST   | /api/chair/coordinate                 | 0.088 | 1.276  | 79.464  | 0.418 | 0.680  | 0.876  | 1.188  | 0.222  | 77.000     | 77.000     | 14630.000   | 77.000     |
| 20    | 0   | 20   | 0   | 0   | 0   | POST   | /api/chair/activity                   | 0.188 | 0.644  | 6.196   | 0.310 | 0.500  | 0.500  | 0.644  | 0.134  | 0.000      | 0.000      | 0.000       | 0.000      |
| 1     | 0   | 1    | 0   | 0   | 0   | GET    | /api/owner/sales?                     | 0.248 | 0.248  | 0.248   | 0.248 | 0.248  | 0.248  | 0.248  | 0.000  | 9190.000   | 9190.000   | 9190.000    | 9190.000   |
| 123   | 0   | 123  | 0   | 0   | 0   | GET    | /api/app/rides                        | 0.012 | 0.952  | 28.992  | 0.236 | 0.412  | 0.472  | 0.620  | 0.143  | 12.000     | 2158.000   | 5374.000    | 43.691     |
| 1     | 0   | 1    | 0   | 0   | 0   | GET    | /api/owner/sales                      | 0.212 | 0.212  | 0.212   | 0.212 | 0.212  | 0.212  | 0.212  | 0.000  | 9017.000   | 9017.000   | 9017.000    | 9017.000   |
| 4251  | 0   | 4237 | 0   | 14  | 0   | GET    | /api/chair/notification               | 0.004 | 0.824  | 721.116 | 0.170 | 0.312  | 0.372  | 0.560  | 0.111  | 0.000      | 33.000     | 139821.000  | 32.891     |
| 20    | 0   | 20   | 0   | 0   | 0   | POST   | /api/chair/chairs                     | 0.012 | 0.032  | 0.320   | 0.016 | 0.020  | 0.020  | 0.032  | 0.004  | 75.000     | 75.000     | 1500.000    | 75.000     |
| 10    | 0   | 10   | 0   | 0   | 0   | POST   | /api/app/users                        | 0.012 | 0.020  | 0.160   | 0.016 | 0.016  | 0.020  | 0.020  | 0.002  | 86.000     | 86.000     | 860.000     | 86.000     |
| 5     | 0   | 5    | 0   | 0   | 0   | POST   | /api/owner/owners                     | 0.008 | 0.012  | 0.056   | 0.011 | 0.012  | 0.012  | 0.012  | 0.002  | 125.000    | 125.000    | 625.000     | 125.000    |
| 4     | 0   | 4    | 0   | 0   | 0   | POST   | /api/app/rides/estimated-fare         | 0.008 | 0.008  | 0.032   | 0.008 | 0.008  | 0.008  | 0.008  | 0.000  | 26.000     | 29.000     | 109.000     | 27.250     |
| 3265  | 0   | 3260 | 0   | 0   | 5   | GET    | /api/internal/matching                | 0.004 | 0.356  | 15.992  | 0.005 | 0.008  | 0.008  | 0.020  | 0.011  | 0.000      | 166.000    | 442.000     | 0.135      |
| 156   | 0   | 16   | 140 | 0   | 0   | GET    | /assets/components-Cbm4tYXz.js        | 0.000 | 0.004  | 0.015   | 0.000 | 0.000  | 0.000  | 0.003  | 0.001  | 0.000      | 184569.000 | 2953104.000 | 18930.154  |
| 131   | 0   | 11   | 120 | 0   | 0   | GET    | /images/town.svg                      | 0.000 | 0.003  | 0.003   | 0.000 | 0.000  | 0.000  | 0.000  | 0.000  | 0.000      | 128735.000 | 1416085.000 | 10809.809  |
| 26    | 0   | 6    | 20  | 0   | 0   | GET    | /assets/owner-context-DCgOhQtd.js     | 0.000 | 0.000  | 0.000   | 0.000 | 0.000  | 0.000  | 0.000  | 0.000  | 0.000      | 1077.000   | 6462.000    | 248.538    |
| 1     | 0   | 1    | 0   | 0   | 0   | GET    | /assets/route-C7CZBETH.js             | 0.000 | 0.000  | 0.000   | 0.000 | 0.000  | 0.000  | 0.000  | 0.000  | 2244.000   | 2244.000   | 2244.000    | 2244.000   |
| 1     | 0   | 1    | 0   | 0   | 0   | GET    | /assets/rating-star-gH9aOYPH.js       | 0.000 | 0.000  | 0.000   | 0.000 | 0.000  | 0.000  | 0.000  | 0.000  | 519.000    | 519.000    | 519.000     | 519.000    |
| 1     | 0   | 1    | 0   | 0   | 0   | GET    | /images/top-logo.svg                  | 0.000 | 0.000  | 0.000   | 0.000 | 0.000  | 0.000  | 0.000  | 0.000  | 4749.000   | 4749.000   | 4749.000    | 4749.000   |
| 131   | 0   | 11   | 120 | 0   | 0   | GET    | /assets/api-base-url-Bd0x18OB.js      | 0.000 | 0.000  | 0.000   | 0.000 | 0.000  | 0.000  | 0.000  | 0.000  | 0.000      | 26.000     | 286.000     | 2.183      |
| 156   | 0   | 16   | 140 | 0   | 0   | GET    | /assets/get-cookie-value-B3QhECDc.js  | 0.000 | 0.000  | 0.000   | 0.000 | 0.000  | 0.000  | 0.000  | 0.000  | 0.000      | 110.000    | 1760.000    | 11.282     |
| 1     | 0   | 1    | 0   | 0   | 0   | GET    | /assets/route-BE5HJ0d6.js             | 0.000 | 0.000  | 0.000   | 0.000 | 0.000  | 0.000  | 0.000  | 0.000  | 3303.000   | 3303.000   | 3303.000    | 3303.000   |
| 11    | 0   | 11   | 0   | 0   | 0   | GET    | /assets/route-j6B5sfAw.js             | 0.000 | 0.000  | 0.000   | 0.000 | 0.000  | 0.000  | 0.000  | 0.000  | 3490.000   | 3490.000   | 38390.000   | 3490.000   |
| 1     | 0   | 1    | 0   | 0   | 0   | GET    | /assets/route-Bu9MIazC.js             | 0.000 | 0.000  | 0.000   | 0.000 | 0.000  | 0.000  | 0.000  | 0.000  | 10479.000  | 10479.000  | 10479.000   | 10479.000  |
| 156   | 0   | 16   | 140 | 0   | 0   | GET    | /favicon.ico                          | 0.000 | 0.000  | 0.000   | 0.000 | 0.000  | 0.000  | 0.000  | 0.000  | 0.000      | 16958.000  | 271328.000  | 1739.282   |
| 1     | 0   | 1    | 0   | 0   | 0   | GET    | /assets/chair-PB3Jm0Ii.js             | 0.000 | 0.000  | 0.000   | 0.000 | 0.000  | 0.000  | 0.000  | 0.000  | 2008.000   | 2008.000   | 2008.000    | 2008.000   |
| 11    | 0   | 11   | 0   | 0   | 0   | GET    | /assets/date-input-Br46mw6i.js        | 0.000 | 0.000  | 0.000   | 0.000 | 0.000  | 0.000  | 0.000  | 0.000  | 425.000    | 425.000    | 4675.000    | 425.000    |
| 131   | 0   | 11   | 120 | 0   | 0   | GET    | /assets/storage-Coaj7Roq.js           | 0.000 | 0.000  | 0.000   | 0.000 | 0.000  | 0.000  | 0.000  | 0.000  | 0.000      | 711.000    | 7821.000    | 59.702     |
| 131   | 0   | 11   | 120 | 0   | 0   | GET    | /images/house1.svg                    | 0.000 | 0.000  | 0.000   | 0.000 | 0.000  | 0.000  | 0.000  | 0.000  | 0.000      | 2903.000   | 31933.000   | 243.763    |
| 156   | 0   | 16   | 140 | 0   | 0   | GET    | /assets/index-9ZhTBp7q.js             | 0.000 | 0.000  | 0.000   | 0.000 | 0.000  | 0.000  | 0.000  | 0.000  | 0.000      | 60305.000  | 964880.000  | 6185.128   |
| 1     | 0   | 1    | 0   | 0   | 0   | GET    | /images/top-bg.png                    | 0.000 | 0.000  | 0.000   | 0.000 | 0.000  | 0.000  | 0.000  | 0.000  | 549793.000 | 549793.000 | 549793.000  | 549793.000 |
| 156   | 0   | 16   | 140 | 0   | 0   | GET    | /favicon-32x32.png                    | 0.000 | 0.000  | 0.000   | 0.000 | 0.000  | 0.000  | 0.000  | 0.000  | 0.000      | 336.000    | 5376.000    | 34.462     |
| 156   | 0   | 16   | 140 | 0   | 0   | GET    | /assets/bundle-mjs-Dnoi3Axr.js        | 0.000 | 0.000  | 0.000   | 0.000 | 0.000  | 0.000  | 0.000  | 0.000  | 0.000      | 19912.000  | 318592.000  | 2042.256   |
| 11    | 0   | 11   | 0   | 0   | 0   | GET    | /assets/responses-Cu7_GOWP.js         | 0.000 | 0.000  | 0.000   | 0.000 | 0.000  | 0.000  | 0.000  | 0.000  | 350.000    | 350.000    | 3850.000    | 350.000    |
| 6     | 0   | 6    | 0   | 0   | 0   | GET    | /assets/route-CJUF4eR6.js             | 0.000 | 0.000  | 0.000   | 0.000 | 0.000  | 0.000  | 0.000  | 0.000  | 1576.000   | 1576.000   | 9456.000    | 1576.000   |
| 1     | 0   | 1    | 0   | 0   | 0   | GET    | /apple-touch-icon-180x180.png         | 0.000 | 0.000  | 0.000   | 0.000 | 0.000  | 0.000  | 0.000  | 0.000  | 1020.000   | 1020.000   | 1020.000    | 1020.000   |
| 16    | 0   | 16   | 0   | 0   | 0   | GET    | /assets/form-frame-AzQ8YT1a.js        | 0.000 | 0.000  | 0.000   | 0.000 | 0.000  | 0.000  | 0.000  | 0.000  | 824.000    | 824.000    | 13184.000   | 824.000    |
| 131   | 0   | 11   | 120 | 0   | 0   | GET    | /assets/frame-CJ9SHS1U.js             | 0.000 | 0.000  | 0.000   | 0.000 | 0.000  | 0.000  | 0.000  | 0.000  | 0.000      | 344.000    | 3784.000    | 28.885     |
| 11    | 0   | 11   | 0   | 0   | 0   | GET    | /assets/route-BbZUnrjQ.js             | 0.000 | 0.000  | 0.000   | 0.000 | 0.000  | 0.000  | 0.000  | 0.000  | 1029.000   | 1029.000   | 11319.000   | 1029.000   |
| 131   | 0   | 11   | 120 | 0   | 0   | GET    | /images/buildings3.svg                | 0.000 | 0.000  | 0.000   | 0.000 | 0.000  | 0.000  | 0.000  | 0.000  | 0.000      | 23793.000  | 261723.000  | 1997.885   |
| 156   | 0   | 16   | 140 | 0   | 0   | GET    | /assets/isuride-CWZY8A89.js           | 0.000 | 0.000  | 0.000   | 0.000 | 0.000  | 0.000  | 0.000  | 0.000  | 0.000      | 834.000    | 13344.000   | 85.538     |
| 131   | 0   | 11   | 120 | 0   | 0   | GET    | /images/buildings1.svg                | 0.000 | 0.000  | 0.000   | 0.000 | 0.000  | 0.000  | 0.000  | 0.000  | 0.000      | 13886.000  | 152746.000  | 1166.000   |
| 131   | 0   | 11   | 120 | 0   | 0   | GET    | /images/house2.svg                    | 0.000 | 0.000  | 0.000   | 0.000 | 0.000  | 0.000  | 0.000  | 0.000  | 0.000      | 6430.000   | 70730.000   | 539.924    |
| 156   | 0   | 16   | 140 | 0   | 0   | GET    | /assets/root-JpS3BGeV.js              | 0.000 | 0.000  | 0.000   | 0.000 | 0.000  | 0.000  | 0.000  | 0.000  | 0.000      | 27925.000  | 446800.000  | 2864.103   |
| 1     | 0   | 1    | 0   | 0   | 0   | GET    | /assets/route-BkJsE9q1.js             | 0.000 | 0.000  | 0.000   | 0.000 | 0.000  | 0.000  | 0.000  | 0.000  | 1496.000   | 1496.000   | 1496.000    | 1496.000   |
| 1     | 0   | 1    | 0   | 0   | 0   | GET    | /assets/route-Ckv8UtcK.js             | 0.000 | 0.000  | 0.000   | 0.000 | 0.000  | 0.000  | 0.000  | 0.000  | 1148.000   | 1148.000   | 1148.000    | 1148.000   |
| 131   | 0   | 11   | 120 | 0   | 0   | GET    | /images/buildings4.svg                | 0.000 | 0.000  | 0.000   | 0.000 | 0.000  | 0.000  | 0.000  | 0.000  | 0.000      | 4582.000   | 50402.000   | 384.748    |
| 131   | 0   | 11   | 120 | 0   | 0   | GET    | /images/buildings6.svg                | 0.000 | 0.000  | 0.000   | 0.000 | 0.000  | 0.000  | 0.000  | 0.000  | 0.000      | 9454.000   | 103994.000  | 793.847    |
| 1     | 0   | 1    | 0   | 0   | 0   | GET    | /favicon-128x128.png                  | 0.000 | 0.000  | 0.000   | 0.000 | 0.000  | 0.000  | 0.000  | 0.000  | 783.000    | 783.000    | 783.000     | 783.000    |
| 1     | 0   | 1    | 0   | 0   | 0   | GET    | /assets/price-D-o-ix3Y.js             | 0.000 | 0.000  | 0.000   | 0.000 | 0.000  | 0.000  | 0.000  | 0.000  | 1793.000   | 1793.000   | 1793.000    | 1793.000   |
| 131   | 0   | 11   | 120 | 0   | 0   | GET    | /images/buildings2.svg                | 0.000 | 0.000  | 0.000   | 0.000 | 0.000  | 0.000  | 0.000  | 0.000  | 0.000      | 23825.000  | 262075.000  | 2000.573   |
| 131   | 0   | 11   | 120 | 0   | 0   | GET    | /images/buildings5.svg                | 0.000 | 0.000  | 0.000   | 0.000 | 0.000  | 0.000  | 0.000  | 0.000  | 0.000      | 9858.000   | 108438.000  | 827.771    |
| 131   | 0   | 11   | 120 | 0   | 0   | GET    | /assets/client-context-C6wEaUbS.js    | 0.000 | 0.000  | 0.000   | 0.000 | 0.000  | 0.000  | 0.000  | 0.000  | 0.000      | 2262.000   | 24882.000   | 189.939    |
| 1     | 0   | 1    | 0   | 0   | 0   | GET    | /assets/route-Bhv1gox0.js             | 0.000 | 0.000  | 0.000   | 0.000 | 0.000  | 0.000  | 0.000  | 0.000  | 2361.000   | 2361.000   | 2361.000    | 2361.000   |
| 1     | 0   | 1    | 0   | 0   | 0   | GET    | /assets/route-D-xfm-4G.js             | 0.000 | 0.000  | 0.000   | 0.000 | 0.000  | 0.000  | 0.000  | 0.000  | 388.000    | 388.000    | 388.000     | 388.000    |
| 1     | 0   | 1    | 0   | 0   | 0   | GET    | /assets/simulator-context-fn0s3fwv.js | 0.000 | 0.000  | 0.000   | 0.000 | 0.000  | 0.000  | 0.000  | 0.000  | 2970.000   | 2970.000   | 2970.000    | 2970.000   |
| 1     | 0   | 1    | 0   | 0   | 0   | GET    | /index.html                           | 0.000 | 0.000  | 0.000   | 0.000 | 0.000  | 0.000  | 0.000  | 0.000  | 705.000    | 705.000    | 705.000     | 705.000    |
| 156   | 0   | 16   | 140 | 0   | 0   | GET    | /assets/api-components-dDIZztSJ.js    | 0.000 | 0.000  | 0.000   | 0.000 | 0.000  | 0.000  | 0.000  | 0.000  | 0.000      | 2007.000   | 32112.000   | 205.846    |
| 36    | 0   | 16   | 20  | 0   | 0   | GET    | /assets/button-CS9qg6Tt.js            | 0.000 | 0.000  | 0.000   | 0.000 | 0.000  | 0.000  | 0.000  | 0.000  | 0.000      | 843.000    | 13488.000   | 374.667    |
| 156   | 0   | 16   | 140 | 0   | 0   | GET    | /assets/colors-DB9lnfSt.js            | 0.000 | 0.000  | 0.000   | 0.000 | 0.000  | 0.000  | 0.000  | 0.000  | 0.000      | 5678.000   | 90848.000   | 582.359    |
| 156   | 0   | 16   | 140 | 0   | 0   | GET    | /assets/root-BoSp76zW.css             | 0.000 | 0.000  | 0.000   | 0.000 | 0.000  | 0.000  | 0.000  | 0.000  | 0.000      | 26579.000  | 425264.000  | 2726.051   |
| 26    | 0   | 6    | 20  | 0   | 0   | GET    | /owner                                | 0.000 | 0.000  | 0.000   | 0.000 | 0.000  | 0.000  | 0.000  | 0.000  | 0.000      | 705.000    | 4230.000    | 162.692    |
| 26    | 0   | 6    | 20  | 0   | 0   | GET    | /assets/account-switch-C7WpOYxZ.js    | 0.000 | 0.000  | 0.000   | 0.000 | 0.000  | 0.000  | 0.000  | 0.000  | 0.000      | 553.000    | 3318.000    | 127.615    |
| 156   | 0   | 16   | 140 | 0   | 0   | GET    | /assets/jsx-runtime-56DGgGmo.js       | 0.000 | 0.000  | 0.000   | 0.000 | 0.000  | 0.000  | 0.000  | 0.000  | 0.000      | 8107.000   | 129712.000  | 831.487    |
| 1     | 0   | 1    | 0   | 0   | 0   | GET    | /assets/map-WlZ9yiya.js               | 0.000 | 0.000  | 0.000   | 0.000 | 0.000  | 0.000  | 0.000  | 0.000  | 11712.000  | 11712.000  | 11712.000   | 11712.000  |
| 1     | 0   | 1    | 0   | 0   | 0   | GET    | /assets/get-initial-data-vd1rP8TD.js  | 0.000 | 0.000  | 0.000   | 0.000 | 0.000  | 0.000  | 0.000  | 0.000  | 1757.000   | 1757.000   | 1757.000    | 1757.000   |
| 1     | 0   | 1    | 0   | 0   | 0   | GET    | /assets/post-message-C3RbgkUr.js      | 0.000 | 0.000  | 0.000   | 0.000 | 0.000  | 0.000  | 0.000  | 0.000  | 367.000    | 367.000    | 367.000     | 367.000    |
| 156   | 0   | 16   | 140 | 0   | 0   | GET    | /assets/entry.client-BwsCJ-uh.js      | 0.000 | 0.000  | 0.000   | 0.000 | 0.000  | 0.000  | 0.000  | 0.000  | 0.000      | 4135.000   | 66160.000   | 424.103    |
| 136   | 0   | 16   | 120 | 0   | 0   | GET    | /assets/text-DfCqYLRl.js              | 0.000 | 0.000  | 0.000   | 0.000 | 0.000  | 0.000  | 0.000  | 0.000  | 0.000      | 505.000    | 8080.000    | 59.412     |
| 1     | 0   | 1    | 0   | 0   | 0   | GET    | /assets/route-qjNoFN43.js             | 0.000 | 0.000  | 0.000   | 0.000 | 0.000  | 0.000  | 0.000  | 0.000  | 2937.000   | 2937.000   | 2937.000    | 2937.000   |
| 26    | 0   | 6    | 20  | 0   | 0   | GET    | /assets/route-DzrPVuAG.js             | 0.000 | 0.000  | 0.000   | 0.000 | 0.000  | 0.000  | 0.000  | 0.000  | 0.000      | 1908.000   | 11448.000   | 440.308    |
| 1     | 0   | 1    | 0   | 0   | 0   | GET    | /assets/route-DGKaubqO.js             | 0.000 | 0.000  | 0.000   | 0.000 | 0.000  | 0.000  | 0.000  | 0.000  | 1495.000   | 1495.000   | 1495.000    | 1495.000   |
| 1     | 0   | 1    | 0   | 0   | 0   | GET    | /assets/route-CNt_mqIX.js             | 0.000 | 0.000  | 0.000   | 0.000 | 0.000  | 0.000  | 0.000  | 0.000  | 26045.000  | 26045.000  | 26045.000   | 26045.000  |
| 131   | 0   | 11   | 120 | 0   | 0   | GET    | /assets/route-B_Zm-GyU.js             | 0.000 | 0.000  | 0.000   | 0.000 | 0.000  | 0.000  | 0.000  | 0.000  | 0.000      | 2687.000   | 29557.000   | 225.626    |
| 131   | 0   | 11   | 120 | 0   | 0   | GET    | /client                               | 0.000 | 0.000  | 0.000   | 0.000 | 0.000  | 0.000  | 0.000  | 0.000  | 0.000      | 705.000    | 7755.000    | 59.198     |
| 1     | 0   | 1    | 0   | 0   | 0   | GET    | /assets/manifest-2155a205.js          | 0.000 | 0.000  | 0.000   | 0.000 | 0.000  | 0.000  | 0.000  | 0.000  | 9192.000   | 9192.000   | 9192.000    | 9192.000   |
+-------+-----+------+-----+-----+-----+--------+---------------------------------------+-------+--------+---------+-------+--------+--------+--------+--------+------------+------------+-------------+------------+
