+-------+-----+------+-----+-----+-----+--------+----------------------------------------------------+-------+--------+----------+-------+--------+--------+--------+--------+------------+------------+-------------+------------+
| COUNT | 1XX | 2XX  | 3XX | 4XX | 5XX | METHOD |                        URI                         |  MIN  |  MAX   |   SUM    |  AVG  |  P90   |  P95   |  P99   | STDDEV | MIN(BODY)  | MAX(BODY)  |  SUM(BODY)  | AVG(BODY)  |
+-------+-----+------+-----+-----+-----+--------+----------------------------------------------------+-------+--------+----------+-------+--------+--------+--------+--------+------------+------------+-------------+------------+
| 31    | 0   | 1    | 0   | 30  | 0   | GET    | /api/owner/chairs                                  | 0.636 | 10.005 | 299.790  | 9.671 | 10.004 | 10.005 | 10.005 | 1.651  | 0.000      | 19014.000  | 19014.000   | 613.355    |
| 1     | 0   | 1    | 0   | 0   | 0   | POST   | /api/initialize                                    | 6.965 | 6.965  | 6.965    | 6.965 | 6.965  | 6.965  | 6.965  | 0.000  | 17.000     | 17.000     | 17.000      | 17.000     |
| 14    | 0   | 14   | 0   | 0   | 0   | GET    | /api/app/nearby-chairs                             | 1.960 | 3.096  | 35.308   | 2.522 | 2.940  | 3.096  | 3.096  | 0.326  | 42.000     | 744.000    | 3603.000    | 257.357    |
| 10    | 0   | 10   | 0   | 0   | 0   | POST   | /api/app/rides                                     | 0.508 | 1.216  | 8.796    | 0.880 | 1.088  | 1.216  | 1.216  | 0.217  | 51.000     | 52.000     | 517.000     | 51.700     |
| 10    | 0   | 10   | 0   | 0   | 0   | POST   | /api/app/payment-methods                           | 0.256 | 0.804  | 6.080    | 0.608 | 0.732  | 0.804  | 0.804  | 0.137  | 0.000      | 0.000      | 0.000       | 0.000      |
| 1099  | 0   | 1089 | 0   | 10  | 0   | GET    | /api/app/notification                              | 0.040 | 1.308  | 554.006  | 0.504 | 0.740  | 0.820  | 0.964  | 0.181  | 0.000      | 429.000    | 434133.000  | 395.025    |
| 1     | 0   | 1    | 0   | 0   | 0   | POST   | /api/chair/rides/01JZ5DDT2JM9BWTWQP132M3Z9G/status | 0.440 | 0.440  | 0.440    | 0.440 | 0.440  | 0.440  | 0.440  | 0.000  | 0.000      | 0.000      | 0.000       | 0.000      |
| 122   | 0   | 20   | 0   | 0   | 102 | POST   | /api/chair/coordinate                              | 0.032 | 1.196  | 51.326   | 0.421 | 0.732  | 0.908  | 1.048  | 0.234  | 29.000     | 111.000    | 11902.000   | 97.557     |
| 1     | 0   | 1    | 0   | 0   | 0   | POST   | /api/chair/rides/01JZ5DDX5Q4HCAW428VNHQD151/status | 0.420 | 0.420  | 0.420    | 0.420 | 0.420  | 0.420  | 0.420  | 0.000  | 0.000      | 0.000      | 0.000       | 0.000      |
| 20    | 0   | 20   | 0   | 0   | 0   | POST   | /api/chair/activity                                | 0.140 | 0.800  | 7.736    | 0.387 | 0.632  | 0.736  | 0.800  | 0.198  | 0.000      | 0.000      | 0.000       | 0.000      |
| 1     | 0   | 1    | 0   | 0   | 0   | POST   | /api/chair/rides/01JZ5DDZ71YJ6DTJ50WECRDZ7G/status | 0.308 | 0.308  | 0.308    | 0.308 | 0.308  | 0.308  | 0.308  | 0.000  | 0.000      | 0.000      | 0.000       | 0.000      |
| 1     | 0   | 1    | 0   | 0   | 0   | POST   | /api/chair/rides/01JZ5DDT5WRJWYGK0HR84P65BT/status | 0.292 | 0.292  | 0.292    | 0.292 | 0.292  | 0.292  | 0.292  | 0.000  | 0.000      | 0.000      | 0.000       | 0.000      |
| 1     | 0   | 1    | 0   | 0   | 0   | POST   | /api/chair/rides/01JZ5DDSQWENSBNJB604X7WZXE/status | 0.268 | 0.268  | 0.268    | 0.268 | 0.268  | 0.268  | 0.268  | 0.000  | 0.000      | 0.000      | 0.000       | 0.000      |
| 1     | 0   | 1    | 0   | 0   | 0   | GET    | /api/owner/sales?                                  | 0.248 | 0.248  | 0.248    | 0.248 | 0.248  | 0.248  | 0.248  | 0.000  | 9190.000   | 9190.000   | 9190.000    | 9190.000   |
| 1     | 0   | 1    | 0   | 0   | 0   | POST   | /api/chair/rides/01JZ5DDT9BJY51ZQMAFN26S4AP/status | 0.232 | 0.232  | 0.232    | 0.232 | 0.232  | 0.232  | 0.232  | 0.000  | 0.000      | 0.000      | 0.000       | 0.000      |
| 1     | 0   | 1    | 0   | 0   | 0   | GET    | /api/owner/sales                                   | 0.228 | 0.228  | 0.228    | 0.228 | 0.228  | 0.228  | 0.228  | 0.000  | 9017.000   | 9017.000   | 9017.000    | 9017.000   |
| 17    | 0   | 17   | 0   | 0   | 0   | GET    | /api/app/rides                                     | 0.012 | 0.520  | 3.772    | 0.222 | 0.400  | 0.520  | 0.520  | 0.140  | 12.000     | 2158.000   | 4102.000    | 241.294    |
| 5976  | 0   | 5962 | 0   | 14  | 0   | GET    | /api/chair/notification                            | 0.004 | 1.076  | 1091.046 | 0.183 | 0.360  | 0.436  | 0.596  | 0.130  | 0.000      | 266.000    | 576716.000  | 96.505     |
| 1     | 0   | 1    | 0   | 0   | 0   | POST   | /api/chair/rides/01JZ5DDTZDNT2S7V5CT90D758E/status | 0.172 | 0.172  | 0.172    | 0.172 | 0.172  | 0.172  | 0.172  | 0.000  | 0.000      | 0.000      | 0.000       | 0.000      |
| 1     | 0   | 1    | 0   | 0   | 0   | POST   | /api/chair/rides/01JZ5DDWF8YGFKK9Y0K4MKK98C/status | 0.160 | 0.160  | 0.160    | 0.160 | 0.160  | 0.160  | 0.160  | 0.000  | 0.000      | 0.000      | 0.000       | 0.000      |
| 1     | 0   | 1    | 0   | 0   | 0   | POST   | /api/chair/rides/01JZ5DDTAAS08YZ46SY10S18WK/status | 0.108 | 0.108  | 0.108    | 0.108 | 0.108  | 0.108  | 0.108  | 0.000  | 0.000      | 0.000      | 0.000       | 0.000      |
| 14    | 0   | 14   | 0   | 0   | 0   | POST   | /api/app/rides/estimated-fare                      | 0.008 | 0.240  | 1.464    | 0.105 | 0.204  | 0.240  | 0.240  | 0.074  | 26.000     | 29.000     | 396.000     | 28.286     |
| 1     | 0   | 1    | 0   | 0   | 0   | POST   | /api/chair/rides/01JZ5DDSHEFDGD6YKTWN4GR70S/status | 0.076 | 0.076  | 0.076    | 0.076 | 0.076  | 0.076  | 0.076  | 0.000  | 0.000      | 0.000      | 0.000       | 0.000      |
| 10    | 0   | 10   | 0   | 0   | 0   | POST   | /api/app/users                                     | 0.012 | 0.020  | 0.160    | 0.016 | 0.020  | 0.020  | 0.020  | 0.003  | 86.000     | 86.000     | 860.000     | 86.000     |
| 20    | 0   | 20   | 0   | 0   | 0   | POST   | /api/chair/chairs                                  | 0.012 | 0.020  | 0.312    | 0.016 | 0.016  | 0.020  | 0.020  | 0.002  | 75.000     | 75.000     | 1500.000    | 75.000     |
| 5     | 0   | 5    | 0   | 0   | 0   | POST   | /api/owner/owners                                  | 0.012 | 0.016  | 0.064    | 0.013 | 0.016  | 0.016  | 0.016  | 0.002  | 125.000    | 125.000    | 625.000     | 125.000    |
| 740   | 0   | 736  | 0   | 0   | 4   | GET    | /api/internal/matching                             | 0.004 | 0.628  | 8.145    | 0.011 | 0.008  | 0.020  | 0.256  | 0.044  | 0.000      | 69.000     | 276.000     | 0.373      |
| 60    | 0   | 16   | 44  | 0   | 0   | GET    | /assets/components-Cbm4tYXz.js                     | 0.000 | 0.010  | 0.025    | 0.000 | 0.000  | 0.003  | 0.010  | 0.002  | 0.000      | 184569.000 | 2953104.000 | 49218.400  |
| 25    | 0   | 11   | 14  | 0   | 0   | GET    | /images/town.svg                                   | 0.000 | 0.002  | 0.002    | 0.000 | 0.000  | 0.000  | 0.002  | 0.000  | 0.000      | 128735.000 | 1416085.000 | 56643.400  |
| 60    | 0   | 16   | 44  | 0   | 0   | GET    | /assets/jsx-runtime-56DGgGmo.js                    | 0.000 | 0.000  | 0.000    | 0.000 | 0.000  | 0.000  | 0.000  | 0.000  | 0.000      | 8107.000   | 129712.000  | 2161.867   |
| 25    | 0   | 11   | 14  | 0   | 0   | GET    | /assets/frame-CJ9SHS1U.js                          | 0.000 | 0.000  | 0.000    | 0.000 | 0.000  | 0.000  | 0.000  | 0.000  | 0.000      | 344.000    | 3784.000    | 151.360    |
| 1     | 0   | 1    | 0   | 0   | 0   | GET    | /index.html                                        | 0.000 | 0.000  | 0.000    | 0.000 | 0.000  | 0.000  | 0.000  | 0.000  | 705.000    | 705.000    | 705.000     | 705.000    |
| 46    | 0   | 16   | 30  | 0   | 0   | GET    | /assets/button-CS9qg6Tt.js                         | 0.000 | 0.000  | 0.000    | 0.000 | 0.000  | 0.000  | 0.000  | 0.000  | 0.000      | 843.000    | 13488.000   | 293.217    |
| 1     | 0   | 1    | 0   | 0   | 0   | GET    | /assets/route-Bu9MIazC.js                          | 0.000 | 0.000  | 0.000    | 0.000 | 0.000  | 0.000  | 0.000  | 0.000  | 10479.000  | 10479.000  | 10479.000   | 10479.000  |
| 60    | 0   | 16   | 44  | 0   | 0   | GET    | /assets/colors-DB9lnfSt.js                         | 0.000 | 0.000  | 0.000    | 0.000 | 0.000  | 0.000  | 0.000  | 0.000  | 0.000      | 5678.000   | 90848.000   | 1514.133   |
| 36    | 0   | 6    | 30  | 0   | 0   | GET    | /assets/route-DzrPVuAG.js                          | 0.000 | 0.000  | 0.000    | 0.000 | 0.000  | 0.000  | 0.000  | 0.000  | 0.000      | 1908.000   | 11448.000   | 318.000    |
| 25    | 0   | 11   | 14  | 0   | 0   | GET    | /images/buildings4.svg                             | 0.000 | 0.000  | 0.000    | 0.000 | 0.000  | 0.000  | 0.000  | 0.000  | 0.000      | 4582.000   | 50402.000   | 2016.080   |
| 25    | 0   | 11   | 14  | 0   | 0   | GET    | /assets/client-context-C6wEaUbS.js                 | 0.000 | 0.000  | 0.000    | 0.000 | 0.000  | 0.000  | 0.000  | 0.000  | 0.000      | 2262.000   | 24882.000   | 995.280    |
| 1     | 0   | 1    | 0   | 0   | 0   | GET    | /assets/manifest-2155a205.js                       | 0.000 | 0.000  | 0.000    | 0.000 | 0.000  | 0.000  | 0.000  | 0.000  | 9192.000   | 9192.000   | 9192.000    | 9192.000   |
| 11    | 0   | 11   | 0   | 0   | 0   | GET    | /assets/route-BbZUnrjQ.js                          | 0.000 | 0.000  | 0.000    | 0.000 | 0.000  | 0.000  | 0.000  | 0.000  | 1029.000   | 1029.000   | 11319.000   | 1029.000   |
| 1     | 0   | 1    | 0   | 0   | 0   | GET    | /assets/route-Ckv8UtcK.js                          | 0.000 | 0.000  | 0.000    | 0.000 | 0.000  | 0.000  | 0.000  | 0.000  | 1148.000   | 1148.000   | 1148.000    | 1148.000   |
| 36    | 0   | 6    | 30  | 0   | 0   | GET    | /assets/account-switch-C7WpOYxZ.js                 | 0.000 | 0.000  | 0.000    | 0.000 | 0.000  | 0.000  | 0.000  | 0.000  | 0.000      | 553.000    | 3318.000    | 92.167     |
| 1     | 0   | 1    | 0   | 0   | 0   | GET    | /assets/route-C7CZBETH.js                          | 0.000 | 0.000  | 0.000    | 0.000 | 0.000  | 0.000  | 0.000  | 0.000  | 2244.000   | 2244.000   | 2244.000    | 2244.000   |
| 6     | 0   | 6    | 0   | 0   | 0   | GET    | /assets/route-CJUF4eR6.js                          | 0.000 | 0.000  | 0.000    | 0.000 | 0.000  | 0.000  | 0.000  | 0.000  | 1576.000   | 1576.000   | 9456.000    | 1576.000   |
| 25    | 0   | 11   | 14  | 0   | 0   | GET    | /images/buildings1.svg                             | 0.000 | 0.000  | 0.000    | 0.000 | 0.000  | 0.000  | 0.000  | 0.000  | 0.000      | 13886.000  | 152746.000  | 6109.840   |
| 1     | 0   | 1    | 0   | 0   | 0   | GET    | /images/top-bg.png                                 | 0.000 | 0.000  | 0.000    | 0.000 | 0.000  | 0.000  | 0.000  | 0.000  | 549793.000 | 549793.000 | 549793.000  | 549793.000 |
| 1     | 0   | 1    | 0   | 0   | 0   | GET    | /apple-touch-icon-180x180.png                      | 0.000 | 0.000  | 0.000    | 0.000 | 0.000  | 0.000  | 0.000  | 0.000  | 1020.000   | 1020.000   | 1020.000    | 1020.000   |
| 60    | 0   | 16   | 44  | 0   | 0   | GET    | /assets/bundle-mjs-Dnoi3Axr.js                     | 0.000 | 0.000  | 0.000    | 0.000 | 0.000  | 0.000  | 0.000  | 0.000  | 0.000      | 19912.000  | 318592.000  | 5309.867   |
| 1     | 0   | 1    | 0   | 0   | 0   | GET    | /assets/get-initial-data-vd1rP8TD.js               | 0.000 | 0.000  | 0.000    | 0.000 | 0.000  | 0.000  | 0.000  | 0.000  | 1757.000   | 1757.000   | 1757.000    | 1757.000   |
| 25    | 0   | 11   | 14  | 0   | 0   | GET    | /assets/api-base-url-Bd0x18OB.js                   | 0.000 | 0.000  | 0.000    | 0.000 | 0.000  | 0.000  | 0.000  | 0.000  | 0.000      | 26.000     | 286.000     | 11.440     |
| 25    | 0   | 11   | 14  | 0   | 0   | GET    | /assets/route-B_Zm-GyU.js                          | 0.000 | 0.000  | 0.000    | 0.000 | 0.000  | 0.000  | 0.000  | 0.000  | 0.000      | 2687.000   | 29557.000   | 1182.280   |
| 1     | 0   | 1    | 0   | 0   | 0   | GET    | /assets/route-D-xfm-4G.js                          | 0.000 | 0.000  | 0.000    | 0.000 | 0.000  | 0.000  | 0.000  | 0.000  | 388.000    | 388.000    | 388.000     | 388.000    |
| 11    | 0   | 11   | 0   | 0   | 0   | GET    | /assets/date-input-Br46mw6i.js                     | 0.000 | 0.000  | 0.000    | 0.000 | 0.000  | 0.000  | 0.000  | 0.000  | 425.000    | 425.000    | 4675.000    | 425.000    |
| 1     | 0   | 1    | 0   | 0   | 0   | GET    | /assets/simulator-context-fn0s3fwv.js              | 0.000 | 0.000  | 0.000    | 0.000 | 0.000  | 0.000  | 0.000  | 0.000  | 2970.000   | 2970.000   | 2970.000    | 2970.000   |
| 1     | 0   | 1    | 0   | 0   | 0   | GET    | /assets/post-message-C3RbgkUr.js                   | 0.000 | 0.000  | 0.000    | 0.000 | 0.000  | 0.000  | 0.000  | 0.000  | 367.000    | 367.000    | 367.000     | 367.000    |
| 1     | 0   | 1    | 0   | 0   | 0   | GET    | /assets/map-WlZ9yiya.js                            | 0.000 | 0.000  | 0.000    | 0.000 | 0.000  | 0.000  | 0.000  | 0.000  | 11712.000  | 11712.000  | 11712.000   | 11712.000  |
| 1     | 0   | 1    | 0   | 0   | 0   | GET    | /assets/rating-star-gH9aOYPH.js                    | 0.000 | 0.000  | 0.000    | 0.000 | 0.000  | 0.000  | 0.000  | 0.000  | 519.000    | 519.000    | 519.000     | 519.000    |
| 25    | 0   | 11   | 14  | 0   | 0   | GET    | /images/buildings5.svg                             | 0.000 | 0.000  | 0.000    | 0.000 | 0.000  | 0.000  | 0.000  | 0.000  | 0.000      | 9858.000   | 108438.000  | 4337.520   |
| 25    | 0   | 11   | 14  | 0   | 0   | GET    | /images/house2.svg                                 | 0.000 | 0.000  | 0.000    | 0.000 | 0.000  | 0.000  | 0.000  | 0.000  | 0.000      | 6430.000   | 70730.000   | 2829.200   |
| 60    | 0   | 16   | 44  | 0   | 0   | GET    | /favicon.ico                                       | 0.000 | 0.000  | 0.000    | 0.000 | 0.000  | 0.000  | 0.000  | 0.000  | 0.000      | 16958.000  | 271328.000  | 4522.133   |
| 60    | 0   | 16   | 44  | 0   | 0   | GET    | /assets/isuride-CWZY8A89.js                        | 0.000 | 0.000  | 0.000    | 0.000 | 0.000  | 0.000  | 0.000  | 0.000  | 0.000      | 834.000    | 13344.000   | 222.400    |
| 11    | 0   | 11   | 0   | 0   | 0   | GET    | /assets/responses-Cu7_GOWP.js                      | 0.000 | 0.000  | 0.000    | 0.000 | 0.000  | 0.000  | 0.000  | 0.000  | 350.000    | 350.000    | 3850.000    | 350.000    |
| 1     | 0   | 1    | 0   | 0   | 0   | GET    | /assets/route-BE5HJ0d6.js                          | 0.000 | 0.000  | 0.000    | 0.000 | 0.000  | 0.000  | 0.000  | 0.000  | 3303.000   | 3303.000   | 3303.000    | 3303.000   |
| 36    | 0   | 6    | 30  | 0   | 0   | GET    | /owner                                             | 0.000 | 0.000  | 0.000    | 0.000 | 0.000  | 0.000  | 0.000  | 0.000  | 0.000      | 705.000    | 4230.000    | 117.500    |
| 1     | 0   | 1    | 0   | 0   | 0   | GET    | /assets/route-CNt_mqIX.js                          | 0.000 | 0.000  | 0.000    | 0.000 | 0.000  | 0.000  | 0.000  | 0.000  | 26045.000  | 26045.000  | 26045.000   | 26045.000  |
| 1     | 0   | 1    | 0   | 0   | 0   | GET    | /assets/price-D-o-ix3Y.js                          | 0.000 | 0.000  | 0.000    | 0.000 | 0.000  | 0.000  | 0.000  | 0.000  | 1793.000   | 1793.000   | 1793.000    | 1793.000   |
| 1     | 0   | 1    | 0   | 0   | 0   | GET    | /images/top-logo.svg                               | 0.000 | 0.000  | 0.000    | 0.000 | 0.000  | 0.000  | 0.000  | 0.000  | 4749.000   | 4749.000   | 4749.000    | 4749.000   |
| 25    | 0   | 11   | 14  | 0   | 0   | GET    | /images/buildings6.svg                             | 0.000 | 0.000  | 0.000    | 0.000 | 0.000  | 0.000  | 0.000  | 0.000  | 0.000      | 9454.000   | 103994.000  | 4159.760   |
| 30    | 0   | 16   | 14  | 0   | 0   | GET    | /assets/text-DfCqYLRl.js                           | 0.000 | 0.000  | 0.000    | 0.000 | 0.000  | 0.000  | 0.000  | 0.000  | 0.000      | 505.000    | 8080.000    | 269.333    |
| 25    | 0   | 11   | 14  | 0   | 0   | GET    | /assets/storage-Coaj7Roq.js                        | 0.000 | 0.000  | 0.000    | 0.000 | 0.000  | 0.000  | 0.000  | 0.000  | 0.000      | 711.000    | 7821.000    | 312.840    |
| 1     | 0   | 1    | 0   | 0   | 0   | GET    | /assets/route-qjNoFN43.js                          | 0.000 | 0.000  | 0.000    | 0.000 | 0.000  | 0.000  | 0.000  | 0.000  | 2937.000   | 2937.000   | 2937.000    | 2937.000   |
| 11    | 0   | 11   | 0   | 0   | 0   | GET    | /assets/route-j6B5sfAw.js                          | 0.000 | 0.000  | 0.000    | 0.000 | 0.000  | 0.000  | 0.000  | 0.000  | 3490.000   | 3490.000   | 38390.000   | 3490.000   |
| 1     | 0   | 1    | 0   | 0   | 0   | GET    | /assets/route-DGKaubqO.js                          | 0.000 | 0.000  | 0.000    | 0.000 | 0.000  | 0.000  | 0.000  | 0.000  | 1495.000   | 1495.000   | 1495.000    | 1495.000   |
| 1     | 0   | 1    | 0   | 0   | 0   | GET    | /assets/route-Bhv1gox0.js                          | 0.000 | 0.000  | 0.000    | 0.000 | 0.000  | 0.000  | 0.000  | 0.000  | 2361.000   | 2361.000   | 2361.000    | 2361.000   |
| 60    | 0   | 16   | 44  | 0   | 0   | GET    | /assets/get-cookie-value-B3QhECDc.js               | 0.000 | 0.000  | 0.000    | 0.000 | 0.000  | 0.000  | 0.000  | 0.000  | 0.000      | 110.000    | 1760.000    | 29.333     |
| 16    | 0   | 16   | 0   | 0   | 0   | GET    | /assets/form-frame-AzQ8YT1a.js                     | 0.000 | 0.000  | 0.000    | 0.000 | 0.000  | 0.000  | 0.000  | 0.000  | 824.000    | 824.000    | 13184.000   | 824.000    |
| 1     | 0   | 1    | 0   | 0   | 0   | GET    | /assets/chair-PB3Jm0Ii.js                          | 0.000 | 0.000  | 0.000    | 0.000 | 0.000  | 0.000  | 0.000  | 0.000  | 2008.000   | 2008.000   | 2008.000    | 2008.000   |
| 1     | 0   | 1    | 0   | 0   | 0   | GET    | /assets/route-BkJsE9q1.js                          | 0.000 | 0.000  | 0.000    | 0.000 | 0.000  | 0.000  | 0.000  | 0.000  | 1496.000   | 1496.000   | 1496.000    | 1496.000   |
| 60    | 0   | 16   | 44  | 0   | 0   | GET    | /assets/root-BoSp76zW.css                          | 0.000 | 0.000  | 0.000    | 0.000 | 0.000  | 0.000  | 0.000  | 0.000  | 0.000      | 26579.000  | 425264.000  | 7087.733   |
| 60    | 0   | 16   | 44  | 0   | 0   | GET    | /assets/api-components-dDIZztSJ.js                 | 0.000 | 0.000  | 0.000    | 0.000 | 0.000  | 0.000  | 0.000  | 0.000  | 0.000      | 2007.000   | 32112.000   | 535.200    |
| 1     | 0   | 1    | 0   | 0   | 0   | GET    | /favicon-128x128.png                               | 0.000 | 0.000  | 0.000    | 0.000 | 0.000  | 0.000  | 0.000  | 0.000  | 783.000    | 783.000    | 783.000     | 783.000    |
| 25    | 0   | 11   | 14  | 0   | 0   | GET    | /images/buildings2.svg                             | 0.000 | 0.000  | 0.000    | 0.000 | 0.000  | 0.000  | 0.000  | 0.000  | 0.000      | 23825.000  | 262075.000  | 10483.000  |
| 25    | 0   | 11   | 14  | 0   | 0   | GET    | /images/house1.svg                                 | 0.000 | 0.000  | 0.000    | 0.000 | 0.000  | 0.000  | 0.000  | 0.000  | 0.000      | 2903.000   | 31933.000   | 1277.320   |
| 25    | 0   | 11   | 14  | 0   | 0   | GET    | /images/buildings3.svg                             | 0.000 | 0.000  | 0.000    | 0.000 | 0.000  | 0.000  | 0.000  | 0.000  | 0.000      | 23793.000  | 261723.000  | 10468.920  |
| 60    | 0   | 16   | 44  | 0   | 0   | GET    | /assets/root-JpS3BGeV.js                           | 0.000 | 0.000  | 0.000    | 0.000 | 0.000  | 0.000  | 0.000  | 0.000  | 0.000      | 27925.000  | 446800.000  | 7446.667   |
| 36    | 0   | 6    | 30  | 0   | 0   | GET    | /assets/owner-context-DCgOhQtd.js                  | 0.000 | 0.000  | 0.000    | 0.000 | 0.000  | 0.000  | 0.000  | 0.000  | 0.000      | 1077.000   | 6462.000    | 179.500    |
| 60    | 0   | 16   | 44  | 0   | 0   | GET    | /assets/entry.client-BwsCJ-uh.js                   | 0.000 | 0.000  | 0.000    | 0.000 | 0.000  | 0.000  | 0.000  | 0.000  | 0.000      | 4135.000   | 66160.000   | 1102.667   |
| 60    | 0   | 16   | 44  | 0   | 0   | GET    | /favicon-32x32.png                                 | 0.000 | 0.000  | 0.000    | 0.000 | 0.000  | 0.000  | 0.000  | 0.000  | 0.000      | 336.000    | 5376.000    | 89.600     |
| 25    | 0   | 11   | 14  | 0   | 0   | GET    | /client                                            | 0.000 | 0.000  | 0.000    | 0.000 | 0.000  | 0.000  | 0.000  | 0.000  | 0.000      | 705.000    | 7755.000    | 310.200    |
| 60    | 0   | 16   | 44  | 0   | 0   | GET    | /assets/index-9ZhTBp7q.js                          | 0.000 | 0.000  | 0.000    | 0.000 | 0.000  | 0.000  | 0.000  | 0.000  | 0.000      | 60305.000  | 964880.000  | 16081.333  |
+-------+-----+------+-----+-----+-----+--------+----------------------------------------------------+-------+--------+----------+-------+--------+--------+--------+--------+------------+------------+-------------+------------+
