+-------+-----+------+-----+-----+-----+--------+----------------------------------------------------+--------+--------+---------+--------+--------+--------+--------+--------+------------+------------+-------------+------------+
| COUNT | 1XX | 2XX  | 3XX | 4XX | 5XX | METHOD |                        URI                         |  MIN   |  MAX   |   SUM   |  AVG   |  P90   |  P95   |  P99   | STDDEV | MIN(BODY)  | MAX(BODY)  |  SUM(BODY)  | AVG(BODY)  |
+-------+-----+------+-----+-----+-----+--------+----------------------------------------------------+--------+--------+---------+--------+--------+--------+--------+--------+------------+------------+-------------+------------+
| 1     | 0   | 1    | 0   | 0   | 0   | POST   | /api/initialize                                    | 14.968 | 14.968 | 14.968  | 14.968 | 14.968 | 14.968 | 14.968 | 0.000  | 17.000     | 17.000     | 17.000      | 17.000     |
| 10    | 0   | 10   | 0   | 0   | 0   | POST   | /api/app/payment-methods                           | 0.468  | 1.328  | 8.676   | 0.868  | 1.068  | 1.328  | 1.328  | 0.273  | 0.000      | 0.000      | 0.000       | 0.000      |
| 12    | 0   | 12   | 0   | 0   | 0   | GET    | /api/app/nearby-chairs                             | 0.656  | 1.292  | 9.800   | 0.817  | 1.140  | 1.292  | 1.292  | 0.186  | 42.000     | 894.000    | 4129.000    | 344.083    |
| 20    | 0   | 20   | 0   | 0   | 0   | POST   | /api/chair/activity                                | 0.180  | 0.792  | 10.080  | 0.504  | 0.628  | 0.792  | 0.792  | 0.148  | 0.000      | 0.000      | 0.000       | 0.000      |
| 494   | 0   | 494  | 0   | 0   | 0   | POST   | /api/chair/coordinate                              | 0.060  | 1.868  | 224.180 | 0.454  | 0.644  | 0.820  | 1.432  | 0.228  | 29.000     | 29.000     | 14326.000   | 29.000     |
| 1     | 0   | 1    | 0   | 0   | 0   | GET    | /api/owner/sales?                                  | 0.444  | 0.444  | 0.444   | 0.444  | 0.444  | 0.444  | 0.444  | 0.000  | 9183.000   | 9183.000   | 9183.000    | 9183.000   |
| 952   | 0   | 944  | 0   | 8   | 0   | GET    | /api/app/notification                              | 0.020  | 0.936  | 312.884 | 0.329  | 0.556  | 0.620  | 0.756  | 0.162  | 0.000      | 436.000    | 380001.000  | 399.161    |
| 1     | 0   | 1    | 0   | 0   | 0   | POST   | /api/chair/rides/01K0VEX3SCPFJSX31ZS2FWBG2P/status | 0.296  | 0.296  | 0.296   | 0.296  | 0.296  | 0.296  | 0.296  | 0.000  | 0.000      | 0.000      | 0.000       | 0.000      |
| 1     | 0   | 1    | 0   | 0   | 0   | POST   | /api/chair/rides/01K0VEX3P7FV4XCZ5VPWTRBMTB/status | 0.284  | 0.284  | 0.284   | 0.284  | 0.284  | 0.284  | 0.284  | 0.000  | 0.000      | 0.000      | 0.000       | 0.000      |
| 10    | 0   | 10   | 0   | 0   | 0   | POST   | /api/app/rides                                     | 0.076  | 0.476  | 2.528   | 0.253  | 0.420  | 0.476  | 0.476  | 0.113  | 51.000     | 52.000     | 517.000     | 51.700     |
| 1     | 0   | 1    | 0   | 0   | 0   | GET    | /api/owner/sales                                   | 0.244  | 0.244  | 0.244   | 0.244  | 0.244  | 0.244  | 0.244  | 0.000  | 9017.000   | 9017.000   | 9017.000    | 9017.000   |
| 1     | 0   | 1    | 0   | 0   | 0   | POST   | /api/chair/rides/01K0VEX3PSYZA2BVAVCD2K57RT/status | 0.172  | 0.172  | 0.172   | 0.172  | 0.172  | 0.172  | 0.172  | 0.000  | 0.000      | 0.000      | 0.000       | 0.000      |
| 665   | 0   | 664  | 0   | 1   | 0   | GET    | /api/chair/notification                            | 0.004  | 1.644  | 113.940 | 0.171  | 0.352  | 0.440  | 0.888  | 0.160  | 0.000      | 268.000    | 86008.000   | 129.335    |
| 1     | 0   | 1    | 0   | 0   | 0   | POST   | /api/chair/rides/01K0VEX4NY75NT1MCR2R000NBP/status | 0.160  | 0.160  | 0.160   | 0.160  | 0.160  | 0.160  | 0.160  | 0.000  | 0.000      | 0.000      | 0.000       | 0.000      |
| 1     | 0   | 1    | 0   | 0   | 0   | POST   | /api/chair/rides/01K0VEX3MPTJ3N7AT19MW16C69/status | 0.144  | 0.144  | 0.144   | 0.144  | 0.144  | 0.144  | 0.144  | 0.000  | 0.000      | 0.000      | 0.000       | 0.000      |
| 1     | 0   | 1    | 0   | 0   | 0   | POST   | /api/chair/rides/01K0VEX3MZ7YAJABXVJJ1KYVJ4/status | 0.136  | 0.136  | 0.136   | 0.136  | 0.136  | 0.136  | 0.136  | 0.000  | 0.000      | 0.000      | 0.000       | 0.000      |
| 91    | 0   | 91   | 0   | 0   | 0   | GET    | /api/owner/chairs                                  | 0.008  | 0.408  | 10.816  | 0.119  | 0.236  | 0.256  | 0.408  | 0.085  | 592.000    | 19007.000  | 88278.000   | 970.088    |
| 15    | 0   | 15   | 0   | 0   | 0   | GET    | /api/app/rides                                     | 0.016  | 0.244  | 1.424   | 0.095  | 0.216  | 0.244  | 0.244  | 0.064  | 12.000     | 2158.000   | 4078.000    | 271.867    |
| 1     | 0   | 1    | 0   | 0   | 0   | POST   | /api/chair/rides/01K0VEX4X3E5PMAE1HQKVB3ZGS/status | 0.084  | 0.084  | 0.084   | 0.084  | 0.084  | 0.084  | 0.084  | 0.000  | 0.000      | 0.000      | 0.000       | 0.000      |
| 1     | 0   | 1    | 0   | 0   | 0   | POST   | /api/chair/rides/01K0VEX3QSD3P581QME0PGXXQJ/status | 0.072  | 0.072  | 0.072   | 0.072  | 0.072  | 0.072  | 0.072  | 0.000  | 0.000      | 0.000      | 0.000       | 0.000      |
| 1     | 0   | 1    | 0   | 0   | 0   | POST   | /api/chair/rides/01K0VEX3MM72JZGM5BPHH6YNPB/status | 0.068  | 0.068  | 0.068   | 0.068  | 0.068  | 0.068  | 0.068  | 0.000  | 0.000      | 0.000      | 0.000       | 0.000      |
| 1     | 0   | 1    | 0   | 0   | 0   | POST   | /api/chair/rides/01K0VEX3K0QA5SVBAEGQ48RFHM/status | 0.036  | 0.036  | 0.036   | 0.036  | 0.036  | 0.036  | 0.036  | 0.000  | 0.000      | 0.000      | 0.000       | 0.000      |
| 14    | 0   | 14   | 0   | 0   | 0   | POST   | /api/app/rides/estimated-fare                      | 0.004  | 0.084  | 0.408   | 0.029  | 0.068  | 0.084  | 0.084  | 0.025  | 26.000     | 29.000     | 396.000     | 28.286     |
| 1     | 0   | 1    | 0   | 0   | 0   | GET    | /images/top-bg.png                                 | 0.023  | 0.023  | 0.023   | 0.023  | 0.023  | 0.023  | 0.023  | 0.000  | 549793.000 | 549793.000 | 549793.000  | 549793.000 |
| 10    | 0   | 10   | 0   | 0   | 0   | POST   | /api/app/users                                     | 0.012  | 0.040  | 0.204   | 0.020  | 0.024  | 0.040  | 0.040  | 0.007  | 86.000     | 86.000     | 860.000     | 86.000     |
| 20    | 0   | 20   | 0   | 0   | 0   | POST   | /api/chair/chairs                                  | 0.012  | 0.056  | 0.360   | 0.018  | 0.020  | 0.024  | 0.056  | 0.009  | 75.000     | 75.000     | 1500.000    | 75.000     |
| 5     | 0   | 5    | 0   | 0   | 0   | POST   | /api/owner/owners                                  | 0.008  | 0.016  | 0.056   | 0.011  | 0.016  | 0.016  | 0.016  | 0.003  | 125.000    | 125.000    | 625.000     | 125.000    |
| 1397  | 0   | 1392 | 0   | 0   | 5   | GET    | /api/internal/matching                             | 0.004  | 0.356  | 11.004  | 0.008  | 0.008  | 0.020  | 0.092  | 0.021  | 0.000      | 166.000    | 433.000     | 0.310      |
| 118   | 0   | 16   | 102 | 0   | 0   | GET    | /assets/components-Cbm4tYXz.js                     | 0.000  | 0.008  | 0.026   | 0.000  | 0.000  | 0.002  | 0.005  | 0.001  | 0.000      | 184569.000 | 2953104.000 | 25026.305  |
| 1     | 0   | 1    | 0   | 0   | 0   | GET    | /apple-touch-icon-180x180.png                      | 0.000  | 0.000  | 0.000   | 0.000  | 0.000  | 0.000  | 0.000  | 0.000  | 1020.000   | 1020.000   | 1020.000    | 1020.000   |
| 23    | 0   | 11   | 12  | 0   | 0   | GET    | /images/buildings5.svg                             | 0.000  | 0.000  | 0.000   | 0.000  | 0.000  | 0.000  | 0.000  | 0.000  | 0.000      | 9858.000   | 108438.000  | 4714.696   |
| 118   | 0   | 16   | 102 | 0   | 0   | GET    | /favicon-32x32.png                                 | 0.000  | 0.000  | 0.000   | 0.000  | 0.000  | 0.000  | 0.000  | 0.000  | 0.000      | 336.000    | 5376.000    | 45.559     |
| 23    | 0   | 11   | 12  | 0   | 0   | GET    | /assets/client-context-C6wEaUbS.js                 | 0.000  | 0.000  | 0.000   | 0.000  | 0.000  | 0.000  | 0.000  | 0.000  | 0.000      | 2262.000   | 24882.000   | 1081.826   |
| 118   | 0   | 16   | 102 | 0   | 0   | GET    | /assets/isuride-CWZY8A89.js                        | 0.000  | 0.000  | 0.000   | 0.000  | 0.000  | 0.000  | 0.000  | 0.000  | 0.000      | 834.000    | 13344.000   | 113.085    |
| 1     | 0   | 1    | 0   | 0   | 0   | GET    | /assets/post-message-C3RbgkUr.js                   | 0.000  | 0.000  | 0.000   | 0.000  | 0.000  | 0.000  | 0.000  | 0.000  | 367.000    | 367.000    | 367.000     | 367.000    |
| 23    | 0   | 11   | 12  | 0   | 0   | GET    | /assets/route-B_Zm-GyU.js                          | 0.000  | 0.000  | 0.000   | 0.000  | 0.000  | 0.000  | 0.000  | 0.000  | 0.000      | 2687.000   | 29557.000   | 1285.087   |
| 1     | 0   | 1    | 0   | 0   | 0   | GET    | /assets/route-Ckv8UtcK.js                          | 0.000  | 0.000  | 0.000   | 0.000  | 0.000  | 0.000  | 0.000  | 0.000  | 1148.000   | 1148.000   | 1148.000    | 1148.000   |
| 118   | 0   | 16   | 102 | 0   | 0   | GET    | /assets/entry.client-BwsCJ-uh.js                   | 0.000  | 0.000  | 0.000   | 0.000  | 0.000  | 0.000  | 0.000  | 0.000  | 0.000      | 4135.000   | 66160.000   | 560.678    |
| 1     | 0   | 1    | 0   | 0   | 0   | GET    | /assets/route-Bu9MIazC.js                          | 0.000  | 0.000  | 0.000   | 0.000  | 0.000  | 0.000  | 0.000  | 0.000  | 10479.000  | 10479.000  | 10479.000   | 10479.000  |
| 28    | 0   | 16   | 12  | 0   | 0   | GET    | /assets/text-DfCqYLRl.js                           | 0.000  | 0.000  | 0.000   | 0.000  | 0.000  | 0.000  | 0.000  | 0.000  | 0.000      | 505.000    | 8080.000    | 288.571    |
| 1     | 0   | 1    | 0   | 0   | 0   | GET    | /favicon-128x128.png                               | 0.000  | 0.000  | 0.000   | 0.000  | 0.000  | 0.000  | 0.000  | 0.000  | 783.000    | 783.000    | 783.000     | 783.000    |
| 118   | 0   | 16   | 102 | 0   | 0   | GET    | /assets/jsx-runtime-56DGgGmo.js                    | 0.000  | 0.000  | 0.000   | 0.000  | 0.000  | 0.000  | 0.000  | 0.000  | 0.000      | 8107.000   | 129712.000  | 1099.254   |
| 6     | 0   | 6    | 0   | 0   | 0   | GET    | /assets/route-CJUF4eR6.js                          | 0.000  | 0.000  | 0.000   | 0.000  | 0.000  | 0.000  | 0.000  | 0.000  | 1576.000   | 1576.000   | 9456.000    | 1576.000   |
| 1     | 0   | 1    | 0   | 0   | 0   | GET    | /assets/route-qjNoFN43.js                          | 0.000  | 0.000  | 0.000   | 0.000  | 0.000  | 0.000  | 0.000  | 0.000  | 2937.000   | 2937.000   | 2937.000    | 2937.000   |
| 1     | 0   | 1    | 0   | 0   | 0   | GET    | /images/top-logo.svg                               | 0.000  | 0.000  | 0.000   | 0.000  | 0.000  | 0.000  | 0.000  | 0.000  | 4749.000   | 4749.000   | 4749.000    | 4749.000   |
| 23    | 0   | 11   | 12  | 0   | 0   | GET    | /images/buildings1.svg                             | 0.000  | 0.000  | 0.000   | 0.000  | 0.000  | 0.000  | 0.000  | 0.000  | 0.000      | 13886.000  | 152746.000  | 6641.130   |
| 1     | 0   | 1    | 0   | 0   | 0   | GET    | /assets/rating-star-gH9aOYPH.js                    | 0.000  | 0.000  | 0.000   | 0.000  | 0.000  | 0.000  | 0.000  | 0.000  | 519.000    | 519.000    | 519.000     | 519.000    |
| 23    | 0   | 11   | 12  | 0   | 0   | GET    | /images/buildings2.svg                             | 0.000  | 0.000  | 0.000   | 0.000  | 0.000  | 0.000  | 0.000  | 0.000  | 0.000      | 23825.000  | 262075.000  | 11394.565  |
| 23    | 0   | 11   | 12  | 0   | 0   | GET    | /images/buildings3.svg                             | 0.000  | 0.000  | 0.000   | 0.000  | 0.000  | 0.000  | 0.000  | 0.000  | 0.000      | 23793.000  | 261723.000  | 11379.261  |
| 1     | 0   | 1    | 0   | 0   | 0   | GET    | /assets/map-WlZ9yiya.js                            | 0.000  | 0.000  | 0.000   | 0.000  | 0.000  | 0.000  | 0.000  | 0.000  | 11712.000  | 11712.000  | 11712.000   | 11712.000  |
| 11    | 0   | 11   | 0   | 0   | 0   | GET    | /assets/route-j6B5sfAw.js                          | 0.000  | 0.000  | 0.000   | 0.000  | 0.000  | 0.000  | 0.000  | 0.000  | 3490.000   | 3490.000   | 38390.000   | 3490.000   |
| 1     | 0   | 1    | 0   | 0   | 0   | GET    | /assets/simulator-context-fn0s3fwv.js              | 0.000  | 0.000  | 0.000   | 0.000  | 0.000  | 0.000  | 0.000  | 0.000  | 2970.000   | 2970.000   | 2970.000    | 2970.000   |
| 23    | 0   | 11   | 12  | 0   | 0   | GET    | /images/house2.svg                                 | 0.000  | 0.000  | 0.000   | 0.000  | 0.000  | 0.000  | 0.000  | 0.000  | 0.000      | 6430.000   | 70730.000   | 3075.217   |
| 23    | 0   | 11   | 12  | 0   | 0   | GET    | /assets/api-base-url-Bd0x18OB.js                   | 0.000  | 0.000  | 0.000   | 0.000  | 0.000  | 0.000  | 0.000  | 0.000  | 0.000      | 26.000     | 286.000     | 12.435     |
| 16    | 0   | 16   | 0   | 0   | 0   | GET    | /assets/form-frame-AzQ8YT1a.js                     | 0.000  | 0.000  | 0.000   | 0.000  | 0.000  | 0.000  | 0.000  | 0.000  | 824.000    | 824.000    | 13184.000   | 824.000    |
| 96    | 0   | 6    | 90  | 0   | 0   | GET    | /assets/owner-context-DCgOhQtd.js                  | 0.000  | 0.000  | 0.000   | 0.000  | 0.000  | 0.000  | 0.000  | 0.000  | 0.000      | 1077.000   | 6462.000    | 67.312     |
| 11    | 0   | 11   | 0   | 0   | 0   | GET    | /assets/responses-Cu7_GOWP.js                      | 0.000  | 0.000  | 0.000   | 0.000  | 0.000  | 0.000  | 0.000  | 0.000  | 350.000    | 350.000    | 3850.000    | 350.000    |
| 118   | 0   | 16   | 102 | 0   | 0   | GET    | /assets/root-BoSp76zW.css                          | 0.000  | 0.000  | 0.000   | 0.000  | 0.000  | 0.000  | 0.000  | 0.000  | 0.000      | 26579.000  | 425264.000  | 3603.932   |
| 23    | 0   | 11   | 12  | 0   | 0   | GET    | /assets/storage-Coaj7Roq.js                        | 0.000  | 0.000  | 0.000   | 0.000  | 0.000  | 0.000  | 0.000  | 0.000  | 0.000      | 711.000    | 7821.000    | 340.043    |
| 118   | 0   | 16   | 102 | 0   | 0   | GET    | /assets/bundle-mjs-Dnoi3Axr.js                     | 0.000  | 0.000  | 0.000   | 0.000  | 0.000  | 0.000  | 0.000  | 0.000  | 0.000      | 19912.000  | 318592.000  | 2699.932   |
| 118   | 0   | 16   | 102 | 0   | 0   | GET    | /assets/index-9ZhTBp7q.js                          | 0.000  | 0.000  | 0.000   | 0.000  | 0.000  | 0.000  | 0.000  | 0.000  | 0.000      | 60305.000  | 964880.000  | 8176.949   |
| 1     | 0   | 1    | 0   | 0   | 0   | GET    | /assets/manifest-2155a205.js                       | 0.000  | 0.000  | 0.000   | 0.000  | 0.000  | 0.000  | 0.000  | 0.000  | 9192.000   | 9192.000   | 9192.000    | 9192.000   |
| 23    | 0   | 11   | 12  | 0   | 0   | GET    | /images/buildings4.svg                             | 0.000  | 0.000  | 0.000   | 0.000  | 0.000  | 0.000  | 0.000  | 0.000  | 0.000      | 4582.000   | 50402.000   | 2191.391   |
| 96    | 0   | 6    | 90  | 0   | 0   | GET    | /owner                                             | 0.000  | 0.000  | 0.000   | 0.000  | 0.000  | 0.000  | 0.000  | 0.000  | 0.000      | 705.000    | 4230.000    | 44.062     |
| 1     | 0   | 1    | 0   | 0   | 0   | GET    | /assets/route-BkJsE9q1.js                          | 0.000  | 0.000  | 0.000   | 0.000  | 0.000  | 0.000  | 0.000  | 0.000  | 1496.000   | 1496.000   | 1496.000    | 1496.000   |
| 1     | 0   | 1    | 0   | 0   | 0   | GET    | /assets/get-initial-data-vd1rP8TD.js               | 0.000  | 0.000  | 0.000   | 0.000  | 0.000  | 0.000  | 0.000  | 0.000  | 1757.000   | 1757.000   | 1757.000    | 1757.000   |
| 1     | 0   | 1    | 0   | 0   | 0   | GET    | /assets/route-D-xfm-4G.js                          | 0.000  | 0.000  | 0.000   | 0.000  | 0.000  | 0.000  | 0.000  | 0.000  | 388.000    | 388.000    | 388.000     | 388.000    |
| 11    | 0   | 11   | 0   | 0   | 0   | GET    | /assets/date-input-Br46mw6i.js                     | 0.000  | 0.000  | 0.000   | 0.000  | 0.000  | 0.000  | 0.000  | 0.000  | 425.000    | 425.000    | 4675.000    | 425.000    |
| 118   | 0   | 16   | 102 | 0   | 0   | GET    | /assets/api-components-dDIZztSJ.js                 | 0.000  | 0.000  | 0.000   | 0.000  | 0.000  | 0.000  | 0.000  | 0.000  | 0.000      | 2007.000   | 32112.000   | 272.136    |
| 1     | 0   | 1    | 0   | 0   | 0   | GET    | /index.html                                        | 0.000  | 0.000  | 0.000   | 0.000  | 0.000  | 0.000  | 0.000  | 0.000  | 705.000    | 705.000    | 705.000     | 705.000    |
| 118   | 0   | 16   | 102 | 0   | 0   | GET    | /favicon.ico                                       | 0.000  | 0.000  | 0.000   | 0.000  | 0.000  | 0.000  | 0.000  | 0.000  | 0.000      | 16958.000  | 271328.000  | 2299.390   |
| 1     | 0   | 1    | 0   | 0   | 0   | GET    | /assets/route-BE5HJ0d6.js                          | 0.000  | 0.000  | 0.000   | 0.000  | 0.000  | 0.000  | 0.000  | 0.000  | 3303.000   | 3303.000   | 3303.000    | 3303.000   |
| 118   | 0   | 16   | 102 | 0   | 0   | GET    | /assets/get-cookie-value-B3QhECDc.js               | 0.000  | 0.000  | 0.000   | 0.000  | 0.000  | 0.000  | 0.000  | 0.000  | 0.000      | 110.000    | 1760.000    | 14.915     |
| 118   | 0   | 16   | 102 | 0   | 0   | GET    | /assets/colors-DB9lnfSt.js                         | 0.000  | 0.000  | 0.000   | 0.000  | 0.000  | 0.000  | 0.000  | 0.000  | 0.000      | 5678.000   | 90848.000   | 769.898    |
| 23    | 0   | 11   | 12  | 0   | 0   | GET    | /images/town.svg                                   | 0.000  | 0.000  | 0.000   | 0.000  | 0.000  | 0.000  | 0.000  | 0.000  | 0.000      | 128735.000 | 1416085.000 | 61568.913  |
| 118   | 0   | 16   | 102 | 0   | 0   | GET    | /assets/root-JpS3BGeV.js                           | 0.000  | 0.000  | 0.000   | 0.000  | 0.000  | 0.000  | 0.000  | 0.000  | 0.000      | 27925.000  | 446800.000  | 3786.441   |
| 1     | 0   | 1    | 0   | 0   | 0   | GET    | /assets/route-C7CZBETH.js                          | 0.000  | 0.000  | 0.000   | 0.000  | 0.000  | 0.000  | 0.000  | 0.000  | 2244.000   | 2244.000   | 2244.000    | 2244.000   |
| 11    | 0   | 11   | 0   | 0   | 0   | GET    | /assets/route-BbZUnrjQ.js                          | 0.000  | 0.000  | 0.000   | 0.000  | 0.000  | 0.000  | 0.000  | 0.000  | 1029.000   | 1029.000   | 11319.000   | 1029.000   |
| 23    | 0   | 11   | 12  | 0   | 0   | GET    | /assets/frame-CJ9SHS1U.js                          | 0.000  | 0.000  | 0.000   | 0.000  | 0.000  | 0.000  | 0.000  | 0.000  | 0.000      | 344.000    | 3784.000    | 164.522    |
| 1     | 0   | 1    | 0   | 0   | 0   | GET    | /assets/chair-PB3Jm0Ii.js                          | 0.000  | 0.000  | 0.000   | 0.000  | 0.000  | 0.000  | 0.000  | 0.000  | 2008.000   | 2008.000   | 2008.000    | 2008.000   |
| 96    | 0   | 6    | 90  | 0   | 0   | GET    | /assets/route-DzrPVuAG.js                          | 0.000  | 0.000  | 0.000   | 0.000  | 0.000  | 0.000  | 0.000  | 0.000  | 0.000      | 1908.000   | 11448.000   | 119.250    |
| 1     | 0   | 1    | 0   | 0   | 0   | GET    | /assets/route-CNt_mqIX.js                          | 0.000  | 0.000  | 0.000   | 0.000  | 0.000  | 0.000  | 0.000  | 0.000  | 26045.000  | 26045.000  | 26045.000   | 26045.000  |
| 1     | 0   | 1    | 0   | 0   | 0   | GET    | /assets/route-Bhv1gox0.js                          | 0.000  | 0.000  | 0.000   | 0.000  | 0.000  | 0.000  | 0.000  | 0.000  | 2361.000   | 2361.000   | 2361.000    | 2361.000   |
| 1     | 0   | 1    | 0   | 0   | 0   | GET    | /assets/price-D-o-ix3Y.js                          | 0.000  | 0.000  | 0.000   | 0.000  | 0.000  | 0.000  | 0.000  | 0.000  | 1793.000   | 1793.000   | 1793.000    | 1793.000   |
| 23    | 0   | 11   | 12  | 0   | 0   | GET    | /images/house1.svg                                 | 0.000  | 0.000  | 0.000   | 0.000  | 0.000  | 0.000  | 0.000  | 0.000  | 0.000      | 2903.000   | 31933.000   | 1388.391   |
| 23    | 0   | 11   | 12  | 0   | 0   | GET    | /images/buildings6.svg                             | 0.000  | 0.000  | 0.000   | 0.000  | 0.000  | 0.000  | 0.000  | 0.000  | 0.000      | 9454.000   | 103994.000  | 4521.478   |
| 1     | 0   | 1    | 0   | 0   | 0   | GET    | /assets/route-DGKaubqO.js                          | 0.000  | 0.000  | 0.000   | 0.000  | 0.000  | 0.000  | 0.000  | 0.000  | 1495.000   | 1495.000   | 1495.000    | 1495.000   |
| 106   | 0   | 16   | 90  | 0   | 0   | GET    | /assets/button-CS9qg6Tt.js                         | 0.000  | 0.000  | 0.000   | 0.000  | 0.000  | 0.000  | 0.000  | 0.000  | 0.000      | 843.000    | 13488.000   | 127.245    |
| 23    | 0   | 11   | 12  | 0   | 0   | GET    | /client                                            | 0.000  | 0.000  | 0.000   | 0.000  | 0.000  | 0.000  | 0.000  | 0.000  | 0.000      | 705.000    | 7755.000    | 337.174    |
| 96    | 0   | 6    | 90  | 0   | 0   | GET    | /assets/account-switch-C7WpOYxZ.js                 | 0.000  | 0.000  | 0.000   | 0.000  | 0.000  | 0.000  | 0.000  | 0.000  | 0.000      | 553.000    | 3318.000    | 34.562     |
+-------+-----+------+-----+-----+-----+--------+----------------------------------------------------+--------+--------+---------+--------+--------+--------+--------+--------+------------+------------+-------------+------------+
