+-------+-----+------+-----+-----+-----+--------+------------------------------------------------------+-------+-------+---------+-------+-------+-------+-------+--------+------------+------------+-------------+------------+
| COUNT | 1XX | 2XX  | 3XX | 4XX | 5XX | METHOD |                         URI                          |  MIN  |  MAX  |   SUM   |  AVG  |  P90  |  P95  |  P99  | STDDEV | MIN(BODY)  | MAX(BODY)  |  SUM(BODY)  | AVG(BODY)  |
+-------+-----+------+-----+-----+-----+--------+------------------------------------------------------+-------+-------+---------+-------+-------+-------+-------+--------+------------+------------+-------------+------------+
| 1     | 0   | 1    | 0   | 0   | 0   | POST   | /api/initialize                                      | 6.888 | 6.888 | 6.888   | 6.888 | 6.888 | 6.888 | 6.888 | 0.000  | 17.000     | 17.000     | 17.000      | 17.000     |
| 42    | 0   | 42   | 0   | 0   | 0   | GET    | /api/app/nearby-chairs                               | 0.128 | 3.176 | 56.004  | 1.333 | 2.500 | 2.792 | 3.176 | 0.837  | 42.000     | 873.000    | 8886.000    | 211.571    |
| 1     | 0   | 1    | 0   | 0   | 0   | POST   | /api/app/rides/01K09AEPWW4J7NFMJVWEDR91TQ/evaluation | 0.792 | 0.792 | 0.792   | 0.792 | 0.792 | 0.792 | 0.792 | 0.000  | 30.000     | 30.000     | 30.000      | 30.000     |
| 1     | 0   | 1    | 0   | 0   | 0   | POST   | /api/app/rides/01K09AF82DEP3YKDEX6EKNCBJ9/evaluation | 0.652 | 0.652 | 0.652   | 0.652 | 0.652 | 0.652 | 0.652 | 0.000  | 30.000     | 30.000     | 30.000      | 30.000     |
| 1     | 0   | 1    | 0   | 0   | 0   | POST   | /api/app/rides/01K09AEMY8Z9JV78WJZYFV770C/evaluation | 0.632 | 0.632 | 0.632   | 0.632 | 0.632 | 0.632 | 0.632 | 0.000  | 30.000     | 30.000     | 30.000      | 30.000     |
| 1     | 0   | 1    | 0   | 0   | 0   | POST   | /api/app/rides/01K09AEGFDYPNH5T2NWPQ93PCM/evaluation | 0.460 | 0.460 | 0.460   | 0.460 | 0.460 | 0.460 | 0.460 | 0.000  | 30.000     | 30.000     | 30.000      | 30.000     |
| 1     | 0   | 1    | 0   | 0   | 0   | POST   | /api/app/rides/01K09AE18GKCY7V566BSTPE8X4/evaluation | 0.440 | 0.440 | 0.440   | 0.440 | 0.440 | 0.440 | 0.440 | 0.000  | 30.000     | 30.000     | 30.000      | 30.000     |
| 1     | 0   | 1    | 0   | 0   | 0   | POST   | /api/app/rides/01K09AE27P5CC2MHG9BRW0DF14/evaluation | 0.392 | 0.392 | 0.392   | 0.392 | 0.392 | 0.392 | 0.392 | 0.000  | 30.000     | 30.000     | 30.000      | 30.000     |
| 1     | 0   | 1    | 0   | 0   | 0   | POST   | /api/app/rides/01K09AEMQAS6JR60RFS8X776PB/evaluation | 0.388 | 0.388 | 0.388   | 0.388 | 0.388 | 0.388 | 0.388 | 0.000  | 30.000     | 30.000     | 30.000      | 30.000     |
| 22    | 0   | 22   | 0   | 0   | 0   | POST   | /api/chair/activity                                  | 0.044 | 0.660 | 7.888   | 0.359 | 0.644 | 0.652 | 0.660 | 0.237  | 0.000      | 0.000      | 0.000       | 0.000      |
| 86    | 0   | 86   | 0   | 0   | 0   | GET    | /api/owner/sales                                     | 0.028 | 1.068 | 30.184  | 0.351 | 0.636 | 0.680 | 1.068 | 0.209  | 375.000    | 9024.000   | 46166.000   | 536.814    |
| 1965  | 0   | 1965 | 0   | 0   | 0   | POST   | /api/chair/coordinate                                | 0.016 | 1.328 | 595.289 | 0.303 | 0.536 | 0.628 | 0.844 | 0.173  | 29.000     | 29.000     | 56985.000   | 29.000     |
| 29    | 0   | 29   | 0   | 0   | 0   | POST   | /api/app/rides                                       | 0.072 | 0.884 | 8.740   | 0.301 | 0.656 | 0.740 | 0.884 | 0.218  | 51.000     | 52.000     | 1500.000    | 51.724     |
| 18    | 0   | 18   | 0   | 0   | 0   | POST   | /api/app/payment-methods                             | 0.008 | 0.628 | 5.252   | 0.292 | 0.620 | 0.628 | 0.628 | 0.251  | 0.000      | 0.000      | 0.000       | 0.000      |
| 1     | 0   | 1    | 0   | 0   | 0   | POST   | /api/chair/rides/01K09AFBW8GMSNNKMCQ6Q966M7/status   | 0.276 | 0.276 | 0.276   | 0.276 | 0.276 | 0.276 | 0.276 | 0.000  | 0.000      | 0.000      | 0.000       | 0.000      |
| 1     | 0   | 1    | 0   | 0   | 0   | POST   | /api/app/rides/01K09AE1KFGAKPJVS53TV8TC04/evaluation | 0.256 | 0.256 | 0.256   | 0.256 | 0.256 | 0.256 | 0.256 | 0.000  | 30.000     | 30.000     | 30.000      | 30.000     |
| 2790  | 0   | 2775 | 0   | 15  | 0   | GET    | /api/app/notification                                | 0.012 | 1.112 | 703.495 | 0.252 | 0.488 | 0.592 | 0.748 | 0.169  | 0.000      | 438.000    | 1100577.000 | 394.472    |
| 2     | 0   | 2    | 0   | 0   | 0   | POST   | /api/chair/rides/01K09AF9T5PA82QTEQXYWDV2GM/status   | 0.188 | 0.296 | 0.484   | 0.242 | 0.296 | 0.296 | 0.296 | 0.054  | 0.000      | 0.000      | 0.000       | 0.000      |
| 1     | 0   | 1    | 0   | 0   | 0   | POST   | /api/app/rides/01K09AE20KENXQJX31AHBY1S0R/evaluation | 0.232 | 0.232 | 0.232   | 0.232 | 0.232 | 0.232 | 0.232 | 0.000  | 30.000     | 30.000     | 30.000      | 30.000     |
| 2     | 0   | 2    | 0   | 0   | 0   | POST   | /api/chair/rides/01K09AE27P5CC2MHG9BRW0DF14/status   | 0.168 | 0.220 | 0.388   | 0.194 | 0.220 | 0.220 | 0.220 | 0.026  | 0.000      | 0.000      | 0.000       | 0.000      |
| 1     | 0   | 1    | 0   | 0   | 0   | POST   | /api/app/rides/01K09AEN1VGH72W13CX2NVVH20/evaluation | 0.192 | 0.192 | 0.192   | 0.192 | 0.192 | 0.192 | 0.192 | 0.000  | 30.000     | 30.000     | 30.000      | 30.000     |
| 2     | 0   | 2    | 0   | 0   | 0   | POST   | /api/chair/rides/01K09AEGFDYPNH5T2NWPQ93PCM/status   | 0.136 | 0.236 | 0.372   | 0.186 | 0.236 | 0.236 | 0.236 | 0.050  | 0.000      | 0.000      | 0.000       | 0.000      |
| 1     | 0   | 1    | 0   | 0   | 0   | GET    | /api/owner/sales?                                    | 0.176 | 0.176 | 0.176   | 0.176 | 0.176 | 0.176 | 0.176 | 0.000  | 9190.000   | 9190.000   | 9190.000    | 9190.000   |
| 1     | 0   | 1    | 0   | 0   | 0   | POST   | /api/chair/rides/01K09AF9Y5HP5FJSPS3AF9R83F/status   | 0.176 | 0.176 | 0.176   | 0.176 | 0.176 | 0.176 | 0.176 | 0.000  | 0.000      | 0.000      | 0.000       | 0.000      |
| 2     | 0   | 2    | 0   | 0   | 0   | POST   | /api/chair/rides/01K09AEMY8Z9JV78WJZYFV770C/status   | 0.064 | 0.264 | 0.328   | 0.164 | 0.264 | 0.264 | 0.264 | 0.100  | 0.000      | 0.000      | 0.000       | 0.000      |
| 1     | 0   | 1    | 0   | 0   | 0   | POST   | /api/chair/rides/01K09AEQ9Y2NX02K10134MDN6E/status   | 0.164 | 0.164 | 0.164   | 0.164 | 0.164 | 0.164 | 0.164 | 0.000  | 0.000      | 0.000      | 0.000       | 0.000      |
| 45    | 0   | 45   | 0   | 0   | 0   | GET    | /api/app/rides                                       | 0.008 | 0.608 | 7.308   | 0.162 | 0.420 | 0.528 | 0.608 | 0.152  | 12.000     | 2158.000   | 11535.000   | 256.333    |
| 1     | 0   | 1    | 0   | 0   | 0   | POST   | /api/chair/rides/01K09AF40C84YKZ5NJA4K4RWKK/status   | 0.160 | 0.160 | 0.160   | 0.160 | 0.160 | 0.160 | 0.160 | 0.000  | 0.000      | 0.000      | 0.000       | 0.000      |
| 1171  | 0   | 1170 | 0   | 1   | 0   | GET    | /api/chair/notification                              | 0.004 | 0.904 | 185.895 | 0.159 | 0.356 | 0.448 | 0.588 | 0.140  | 0.000      | 274.000    | 224143.000  | 191.412    |
| 2     | 0   | 2    | 0   | 0   | 0   | POST   | /api/chair/rides/01K09AE260NYVRBQBZ8KK5C5G2/status   | 0.108 | 0.204 | 0.312   | 0.156 | 0.204 | 0.204 | 0.204 | 0.048  | 0.000      | 0.000      | 0.000       | 0.000      |
| 1     | 0   | 1    | 0   | 0   | 0   | POST   | /api/chair/rides/01K09AEPQQD4CBVBF1QAH22WW4/status   | 0.156 | 0.156 | 0.156   | 0.156 | 0.156 | 0.156 | 0.156 | 0.000  | 0.000      | 0.000      | 0.000       | 0.000      |
| 1     | 0   | 1    | 0   | 0   | 0   | POST   | /api/chair/rides/01K09AFBT9850WPPXES58NJKQP/status   | 0.148 | 0.148 | 0.148   | 0.148 | 0.148 | 0.148 | 0.148 | 0.000  | 0.000      | 0.000      | 0.000       | 0.000      |
| 2     | 0   | 2    | 0   | 0   | 0   | POST   | /api/chair/rides/01K09AF82DEP3YKDEX6EKNCBJ9/status   | 0.116 | 0.172 | 0.288   | 0.144 | 0.172 | 0.172 | 0.172 | 0.028  | 0.000      | 0.000      | 0.000       | 0.000      |
| 1     | 0   | 1    | 0   | 0   | 0   | POST   | /api/app/rides/01K09AE23ECCWNBBCBBZ71F7TR/evaluation | 0.144 | 0.144 | 0.144   | 0.144 | 0.144 | 0.144 | 0.144 | 0.000  | 30.000     | 30.000     | 30.000      | 30.000     |
| 2     | 0   | 2    | 0   | 0   | 0   | POST   | /api/chair/rides/01K09AEMQAS6JR60RFS8X776PB/status   | 0.032 | 0.244 | 0.276   | 0.138 | 0.244 | 0.244 | 0.244 | 0.106  | 0.000      | 0.000      | 0.000       | 0.000      |
| 2     | 0   | 2    | 0   | 0   | 0   | POST   | /api/chair/rides/01K09AE20KENXQJX31AHBY1S0R/status   | 0.036 | 0.240 | 0.276   | 0.138 | 0.240 | 0.240 | 0.240 | 0.102  | 0.000      | 0.000      | 0.000       | 0.000      |
| 1     | 0   | 1    | 0   | 0   | 0   | POST   | /api/chair/rides/01K09AEN7SWGFGAHF0JW93ZMX2/status   | 0.136 | 0.136 | 0.136   | 0.136 | 0.136 | 0.136 | 0.136 | 0.000  | 0.000      | 0.000      | 0.000       | 0.000      |
| 1     | 0   | 1    | 0   | 0   | 0   | POST   | /api/chair/rides/01K09AFPF0HM70GM1BP5P36HWK/status   | 0.124 | 0.124 | 0.124   | 0.124 | 0.124 | 0.124 | 0.124 | 0.000  | 0.000      | 0.000      | 0.000       | 0.000      |
| 1     | 0   | 1    | 0   | 0   | 0   | POST   | /api/app/rides/01K09AE260NYVRBQBZ8KK5C5G2/evaluation | 0.116 | 0.116 | 0.116   | 0.116 | 0.116 | 0.116 | 0.116 | 0.000  | 30.000     | 30.000     | 30.000      | 30.000     |
| 2     | 0   | 2    | 0   | 0   | 0   | POST   | /api/chair/rides/01K09AE1KFGAKPJVS53TV8TC04/status   | 0.088 | 0.120 | 0.208   | 0.104 | 0.120 | 0.120 | 0.120 | 0.016  | 0.000      | 0.000      | 0.000       | 0.000      |
| 2     | 0   | 2    | 0   | 0   | 0   | POST   | /api/chair/rides/01K09AEN1VGH72W13CX2NVVH20/status   | 0.076 | 0.108 | 0.184   | 0.092 | 0.108 | 0.108 | 0.108 | 0.016  | 0.000      | 0.000      | 0.000       | 0.000      |
| 165   | 0   | 165  | 0   | 0   | 0   | GET    | /api/owner/chairs                                    | 0.004 | 0.324 | 13.899  | 0.084 | 0.184 | 0.220 | 0.292 | 0.065  | 661.000    | 18992.000  | 151083.000  | 915.655    |
| 2     | 0   | 2    | 0   | 0   | 0   | POST   | /api/chair/rides/01K09AE18GKCY7V566BSTPE8X4/status   | 0.056 | 0.112 | 0.168   | 0.084 | 0.112 | 0.112 | 0.112 | 0.028  | 0.000      | 0.000      | 0.000       | 0.000      |
| 2     | 0   | 2    | 0   | 0   | 0   | POST   | /api/chair/rides/01K09AE23ECCWNBBCBBZ71F7TR/status   | 0.056 | 0.092 | 0.148   | 0.074 | 0.092 | 0.092 | 0.092 | 0.018  | 0.000      | 0.000      | 0.000       | 0.000      |
| 1     | 0   | 1    | 0   | 0   | 0   | POST   | /api/chair/rides/01K09AFJPVTG0KSH1X9FJA8SYB/status   | 0.064 | 0.064 | 0.064   | 0.064 | 0.064 | 0.064 | 0.064 | 0.000  | 0.000      | 0.000      | 0.000       | 0.000      |
| 18    | 0   | 18   | 0   | 0   | 0   | POST   | /api/app/users                                       | 0.004 | 0.308 | 1.116   | 0.062 | 0.220 | 0.308 | 0.308 | 0.085  | 86.000     | 86.000     | 1548.000    | 86.000     |
| 33    | 0   | 33   | 0   | 0   | 0   | POST   | /api/app/rides/estimated-fare                        | 0.004 | 0.172 | 1.824   | 0.055 | 0.132 | 0.144 | 0.172 | 0.047  | 26.000     | 29.000     | 909.000     | 27.545     |
| 1     | 0   | 1    | 0   | 0   | 0   | POST   | /api/chair/rides/01K09AES1XJ30D3MJ7V8NT5F6X/status   | 0.052 | 0.052 | 0.052   | 0.052 | 0.052 | 0.052 | 0.052 | 0.000  | 0.000      | 0.000      | 0.000       | 0.000      |
| 2     | 0   | 2    | 0   | 0   | 0   | POST   | /api/chair/rides/01K09AEPWW4J7NFMJVWEDR91TQ/status   | 0.040 | 0.056 | 0.096   | 0.048 | 0.056 | 0.056 | 0.056 | 0.008  | 0.000      | 0.000      | 0.000       | 0.000      |
| 1     | 0   | 1    | 0   | 0   | 0   | POST   | /api/chair/rides/01K09AE1P69W2P9YV4WDHFTJ3S/status   | 0.044 | 0.044 | 0.044   | 0.044 | 0.044 | 0.044 | 0.044 | 0.000  | 0.000      | 0.000      | 0.000       | 0.000      |
| 1     | 0   | 1    | 0   | 0   | 0   | POST   | /api/chair/rides/01K09AE1JYXAGGC3QD9TNS6BNJ/status   | 0.040 | 0.040 | 0.040   | 0.040 | 0.040 | 0.040 | 0.040 | 0.000  | 0.000      | 0.000      | 0.000       | 0.000      |
| 22    | 0   | 22   | 0   | 0   | 0   | POST   | /api/chair/chairs                                    | 0.004 | 0.248 | 0.564   | 0.026 | 0.016 | 0.144 | 0.248 | 0.056  | 75.000     | 75.000     | 1650.000    | 75.000     |
| 1     | 0   | 1    | 0   | 0   | 0   | POST   | /api/chair/rides/01K09AE1G65XN3QEN94GVHTDWG/status   | 0.016 | 0.016 | 0.016   | 0.016 | 0.016 | 0.016 | 0.016 | 0.000  | 0.000      | 0.000      | 0.000       | 0.000      |
| 1     | 0   | 1    | 0   | 0   | 0   | POST   | /api/chair/rides/01K09AE1QY5GAQH7ZHDVE79C6S/status   | 0.008 | 0.008 | 0.008   | 0.008 | 0.008 | 0.008 | 0.008 | 0.000  | 0.000      | 0.000      | 0.000       | 0.000      |
| 5     | 0   | 5    | 0   | 0   | 0   | POST   | /api/owner/owners                                    | 0.004 | 0.012 | 0.032   | 0.006 | 0.012 | 0.012 | 0.012 | 0.003  | 125.000    | 125.000    | 625.000     | 125.000    |
| 2842  | 0   | 2839 | 0   | 0   | 3   | GET    | /api/internal/matching                               | 0.004 | 1.364 | 16.799  | 0.006 | 0.004 | 0.008 | 0.072 | 0.037  | 0.000      | 69.000     | 198.000     | 0.070      |
| 242   | 0   | 24   | 218 | 0   | 0   | GET    | /assets/components-Cbm4tYXz.js                       | 0.000 | 0.004 | 0.020   | 0.000 | 0.000 | 0.000 | 0.003 | 0.000  | 0.000      | 184569.000 | 4429656.000 | 18304.364  |
| 1     | 0   | 1    | 0   | 0   | 0   | GET    | /assets/rating-star-gH9aOYPH.js                      | 0.000 | 0.000 | 0.000   | 0.000 | 0.000 | 0.000 | 0.000 | 0.000  | 519.000    | 519.000    | 519.000     | 519.000    |
| 1     | 0   | 1    | 0   | 0   | 0   | GET    | /assets/price-D-o-ix3Y.js                            | 0.000 | 0.000 | 0.000   | 0.000 | 0.000 | 0.000 | 0.000 | 0.000  | 1793.000   | 1793.000   | 1793.000    | 1793.000   |
| 242   | 0   | 24   | 218 | 0   | 0   | GET    | /assets/jsx-runtime-56DGgGmo.js                      | 0.000 | 0.000 | 0.000   | 0.000 | 0.000 | 0.000 | 0.000 | 0.000  | 0.000      | 8107.000   | 194568.000  | 804.000    |
| 19    | 0   | 19   | 0   | 0   | 0   | GET    | /assets/route-j6B5sfAw.js                            | 0.000 | 0.000 | 0.000   | 0.000 | 0.000 | 0.000 | 0.000 | 0.000  | 3490.000   | 3490.000   | 66310.000   | 3490.000   |
| 73    | 0   | 19   | 54  | 0   | 0   | GET    | /images/buildings4.svg                               | 0.000 | 0.000 | 0.000   | 0.000 | 0.000 | 0.000 | 0.000 | 0.000  | 0.000      | 4582.000   | 87058.000   | 1192.575   |
| 1     | 0   | 1    | 0   | 0   | 0   | GET    | /assets/route-Bu9MIazC.js                            | 0.000 | 0.000 | 0.000   | 0.000 | 0.000 | 0.000 | 0.000 | 0.000  | 10479.000  | 10479.000  | 10479.000   | 10479.000  |
| 170   | 0   | 6    | 164 | 0   | 0   | GET    | /owner                                               | 0.000 | 0.000 | 0.000   | 0.000 | 0.000 | 0.000 | 0.000 | 0.000  | 0.000      | 705.000    | 4230.000    | 24.882     |
| 24    | 0   | 24   | 0   | 0   | 0   | GET    | /assets/form-frame-AzQ8YT1a.js                       | 0.000 | 0.000 | 0.000   | 0.000 | 0.000 | 0.000 | 0.000 | 0.000  | 824.000    | 824.000    | 19776.000   | 824.000    |
| 73    | 0   | 19   | 54  | 0   | 0   | GET    | /assets/api-base-url-Bd0x18OB.js                     | 0.000 | 0.000 | 0.000   | 0.000 | 0.000 | 0.000 | 0.000 | 0.000  | 0.000      | 26.000     | 494.000     | 6.767      |
| 1     | 0   | 1    | 0   | 0   | 0   | GET    | /images/top-bg.png                                   | 0.000 | 0.000 | 0.000   | 0.000 | 0.000 | 0.000 | 0.000 | 0.000  | 549793.000 | 549793.000 | 549793.000  | 549793.000 |
| 73    | 0   | 19   | 54  | 0   | 0   | GET    | /images/buildings2.svg                               | 0.000 | 0.000 | 0.000   | 0.000 | 0.000 | 0.000 | 0.000 | 0.000  | 0.000      | 23825.000  | 452675.000  | 6201.027   |
| 73    | 0   | 19   | 54  | 0   | 0   | GET    | /assets/storage-Coaj7Roq.js                          | 0.000 | 0.000 | 0.000   | 0.000 | 0.000 | 0.000 | 0.000 | 0.000  | 0.000      | 711.000    | 13509.000   | 185.055    |
| 1     | 0   | 1    | 0   | 0   | 0   | GET    | /assets/map-WlZ9yiya.js                              | 0.000 | 0.000 | 0.000   | 0.000 | 0.000 | 0.000 | 0.000 | 0.000  | 11712.000  | 11712.000  | 11712.000   | 11712.000  |
| 1     | 0   | 1    | 0   | 0   | 0   | GET    | /assets/manifest-2155a205.js                         | 0.000 | 0.000 | 0.000   | 0.000 | 0.000 | 0.000 | 0.000 | 0.000  | 9192.000   | 9192.000   | 9192.000    | 9192.000   |
| 242   | 0   | 24   | 218 | 0   | 0   | GET    | /assets/index-9ZhTBp7q.js                            | 0.000 | 0.000 | 0.000   | 0.000 | 0.000 | 0.000 | 0.000 | 0.000  | 0.000      | 60305.000  | 1447320.000 | 5980.661   |
| 1     | 0   | 1    | 0   | 0   | 0   | GET    | /index.html                                          | 0.000 | 0.000 | 0.000   | 0.000 | 0.000 | 0.000 | 0.000 | 0.000  | 705.000    | 705.000    | 705.000     | 705.000    |
| 1     | 0   | 1    | 0   | 0   | 0   | GET    | /assets/route-Bhv1gox0.js                            | 0.000 | 0.000 | 0.000   | 0.000 | 0.000 | 0.000 | 0.000 | 0.000  | 2361.000   | 2361.000   | 2361.000    | 2361.000   |
| 73    | 0   | 19   | 54  | 0   | 0   | GET    | /images/town.svg                                     | 0.000 | 0.000 | 0.000   | 0.000 | 0.000 | 0.000 | 0.000 | 0.000  | 0.000      | 128735.000 | 2445965.000 | 33506.370  |
| 1     | 0   | 1    | 0   | 0   | 0   | GET    | /assets/route-BkJsE9q1.js                            | 0.000 | 0.000 | 0.000   | 0.000 | 0.000 | 0.000 | 0.000 | 0.000  | 1496.000   | 1496.000   | 1496.000    | 1496.000   |
| 1     | 0   | 1    | 0   | 0   | 0   | GET    | /assets/get-initial-data-vd1rP8TD.js                 | 0.000 | 0.000 | 0.000   | 0.000 | 0.000 | 0.000 | 0.000 | 0.000  | 1757.000   | 1757.000   | 1757.000    | 1757.000   |
| 242   | 0   | 24   | 218 | 0   | 0   | GET    | /assets/get-cookie-value-B3QhECDc.js                 | 0.000 | 0.000 | 0.000   | 0.000 | 0.000 | 0.000 | 0.000 | 0.000  | 0.000      | 110.000    | 2640.000    | 10.909     |
| 242   | 0   | 24   | 218 | 0   | 0   | GET    | /assets/colors-DB9lnfSt.js                           | 0.000 | 0.000 | 0.000   | 0.000 | 0.000 | 0.000 | 0.000 | 0.000  | 0.000      | 5678.000   | 136272.000  | 563.107    |
| 73    | 0   | 19   | 54  | 0   | 0   | GET    | /assets/route-B_Zm-GyU.js                            | 0.000 | 0.000 | 0.000   | 0.000 | 0.000 | 0.000 | 0.000 | 0.000  | 0.000      | 2687.000   | 51053.000   | 699.356    |
| 242   | 0   | 24   | 218 | 0   | 0   | GET    | /assets/bundle-mjs-Dnoi3Axr.js                       | 0.000 | 0.000 | 0.000   | 0.000 | 0.000 | 0.000 | 0.000 | 0.000  | 0.000      | 19912.000  | 477888.000  | 1974.744   |
| 1     | 0   | 1    | 0   | 0   | 0   | GET    | /assets/route-qjNoFN43.js                            | 0.000 | 0.000 | 0.000   | 0.000 | 0.000 | 0.000 | 0.000 | 0.000  | 2937.000   | 2937.000   | 2937.000    | 2937.000   |
| 1     | 0   | 1    | 0   | 0   | 0   | GET    | /assets/route-D-xfm-4G.js                            | 0.000 | 0.000 | 0.000   | 0.000 | 0.000 | 0.000 | 0.000 | 0.000  | 388.000    | 388.000    | 388.000     | 388.000    |
| 73    | 0   | 19   | 54  | 0   | 0   | GET    | /images/house1.svg                                   | 0.000 | 0.000 | 0.000   | 0.000 | 0.000 | 0.000 | 0.000 | 0.000  | 0.000      | 2903.000   | 55157.000   | 755.575    |
| 1     | 0   | 1    | 0   | 0   | 0   | GET    | /assets/route-DGKaubqO.js                            | 0.000 | 0.000 | 0.000   | 0.000 | 0.000 | 0.000 | 0.000 | 0.000  | 1495.000   | 1495.000   | 1495.000    | 1495.000   |
| 1     | 0   | 1    | 0   | 0   | 0   | GET    | /assets/route-C7CZBETH.js                            | 0.000 | 0.000 | 0.000   | 0.000 | 0.000 | 0.000 | 0.000 | 0.000  | 2244.000   | 2244.000   | 2244.000    | 2244.000   |
| 19    | 0   | 19   | 0   | 0   | 0   | GET    | /assets/route-BbZUnrjQ.js                            | 0.000 | 0.000 | 0.000   | 0.000 | 0.000 | 0.000 | 0.000 | 0.000  | 1029.000   | 1029.000   | 19551.000   | 1029.000   |
| 242   | 0   | 24   | 218 | 0   | 0   | GET    | /favicon.ico                                         | 0.000 | 0.000 | 0.000   | 0.000 | 0.000 | 0.000 | 0.000 | 0.000  | 0.000      | 16958.000  | 406992.000  | 1681.785   |
| 242   | 0   | 24   | 218 | 0   | 0   | GET    | /favicon-32x32.png                                   | 0.000 | 0.000 | 0.000   | 0.000 | 0.000 | 0.000 | 0.000 | 0.000  | 0.000      | 336.000    | 8064.000    | 33.322     |
| 1     | 0   | 1    | 0   | 0   | 0   | GET    | /images/top-logo.svg                                 | 0.000 | 0.000 | 0.000   | 0.000 | 0.000 | 0.000 | 0.000 | 0.000  | 4749.000   | 4749.000   | 4749.000    | 4749.000   |
| 1     | 0   | 1    | 0   | 0   | 0   | GET    | /assets/route-CNt_mqIX.js                            | 0.000 | 0.000 | 0.000   | 0.000 | 0.000 | 0.000 | 0.000 | 0.000  | 26045.000  | 26045.000  | 26045.000   | 26045.000  |
| 242   | 0   | 24   | 218 | 0   | 0   | GET    | /assets/api-components-dDIZztSJ.js                   | 0.000 | 0.000 | 0.000   | 0.000 | 0.000 | 0.000 | 0.000 | 0.000  | 0.000      | 2007.000   | 48168.000   | 199.041    |
| 73    | 0   | 19   | 54  | 0   | 0   | GET    | /assets/frame-CJ9SHS1U.js                            | 0.000 | 0.000 | 0.000   | 0.000 | 0.000 | 0.000 | 0.000 | 0.000  | 0.000      | 344.000    | 6536.000    | 89.534     |
| 242   | 0   | 24   | 218 | 0   | 0   | GET    | /assets/entry.client-BwsCJ-uh.js                     | 0.000 | 0.000 | 0.000   | 0.000 | 0.000 | 0.000 | 0.000 | 0.000  | 0.000      | 4135.000   | 99240.000   | 410.083    |
| 19    | 0   | 19   | 0   | 0   | 0   | GET    | /assets/date-input-Br46mw6i.js                       | 0.000 | 0.000 | 0.000   | 0.000 | 0.000 | 0.000 | 0.000 | 0.000  | 425.000    | 425.000    | 8075.000    | 425.000    |
| 170   | 0   | 6    | 164 | 0   | 0   | GET    | /assets/account-switch-C7WpOYxZ.js                   | 0.000 | 0.000 | 0.000   | 0.000 | 0.000 | 0.000 | 0.000 | 0.000  | 0.000      | 553.000    | 3318.000    | 19.518     |
| 73    | 0   | 19   | 54  | 0   | 0   | GET    | /images/buildings1.svg                               | 0.000 | 0.000 | 0.000   | 0.000 | 0.000 | 0.000 | 0.000 | 0.000  | 0.000      | 13886.000  | 263834.000  | 3614.164   |
| 242   | 0   | 24   | 218 | 0   | 0   | GET    | /assets/isuride-CWZY8A89.js                          | 0.000 | 0.000 | 0.000   | 0.000 | 0.000 | 0.000 | 0.000 | 0.000  | 0.000      | 834.000    | 20016.000   | 82.711     |
| 73    | 0   | 19   | 54  | 0   | 0   | GET    | /images/buildings6.svg                               | 0.000 | 0.000 | 0.000   | 0.000 | 0.000 | 0.000 | 0.000 | 0.000  | 0.000      | 9454.000   | 179626.000  | 2460.630   |
| 170   | 0   | 6    | 164 | 0   | 0   | GET    | /assets/route-DzrPVuAG.js                            | 0.000 | 0.000 | 0.000   | 0.000 | 0.000 | 0.000 | 0.000 | 0.000  | 0.000      | 1908.000   | 11448.000   | 67.341     |
| 6     | 0   | 6    | 0   | 0   | 0   | GET    | /assets/route-CJUF4eR6.js                            | 0.000 | 0.000 | 0.000   | 0.000 | 0.000 | 0.000 | 0.000 | 0.000  | 1576.000   | 1576.000   | 9456.000    | 1576.000   |
| 19    | 0   | 19   | 0   | 0   | 0   | GET    | /assets/responses-Cu7_GOWP.js                        | 0.000 | 0.000 | 0.000   | 0.000 | 0.000 | 0.000 | 0.000 | 0.000  | 350.000    | 350.000    | 6650.000    | 350.000    |
| 73    | 0   | 19   | 54  | 0   | 0   | GET    | /images/buildings5.svg                               | 0.000 | 0.000 | 0.000   | 0.000 | 0.000 | 0.000 | 0.000 | 0.000  | 0.000      | 9858.000   | 187302.000  | 2565.781   |
| 78    | 0   | 24   | 54  | 0   | 0   | GET    | /assets/text-DfCqYLRl.js                             | 0.000 | 0.000 | 0.000   | 0.000 | 0.000 | 0.000 | 0.000 | 0.000  | 0.000      | 505.000    | 12120.000   | 155.385    |
| 1     | 0   | 1    | 0   | 0   | 0   | GET    | /assets/route-Ckv8UtcK.js                            | 0.000 | 0.000 | 0.000   | 0.000 | 0.000 | 0.000 | 0.000 | 0.000  | 1148.000   | 1148.000   | 1148.000    | 1148.000   |
| 170   | 0   | 6    | 164 | 0   | 0   | GET    | /assets/owner-context-DCgOhQtd.js                    | 0.000 | 0.000 | 0.000   | 0.000 | 0.000 | 0.000 | 0.000 | 0.000  | 0.000      | 1077.000   | 6462.000    | 38.012     |
| 73    | 0   | 19   | 54  | 0   | 0   | GET    | /images/house2.svg                                   | 0.000 | 0.000 | 0.000   | 0.000 | 0.000 | 0.000 | 0.000 | 0.000  | 0.000      | 6430.000   | 122170.000  | 1673.562   |
| 1     | 0   | 1    | 0   | 0   | 0   | GET    | /assets/chair-PB3Jm0Ii.js                            | 0.000 | 0.000 | 0.000   | 0.000 | 0.000 | 0.000 | 0.000 | 0.000  | 2008.000   | 2008.000   | 2008.000    | 2008.000   |
| 1     | 0   | 1    | 0   | 0   | 0   | GET    | /assets/simulator-context-fn0s3fwv.js                | 0.000 | 0.000 | 0.000   | 0.000 | 0.000 | 0.000 | 0.000 | 0.000  | 2970.000   | 2970.000   | 2970.000    | 2970.000   |
| 242   | 0   | 24   | 218 | 0   | 0   | GET    | /assets/root-JpS3BGeV.js                             | 0.000 | 0.000 | 0.000   | 0.000 | 0.000 | 0.000 | 0.000 | 0.000  | 0.000      | 27925.000  | 670200.000  | 2769.421   |
| 242   | 0   | 24   | 218 | 0   | 0   | GET    | /assets/root-BoSp76zW.css                            | 0.000 | 0.000 | 0.000   | 0.000 | 0.000 | 0.000 | 0.000 | 0.000  | 0.000      | 26579.000  | 637896.000  | 2635.934   |
| 73    | 0   | 19   | 54  | 0   | 0   | GET    | /assets/client-context-C6wEaUbS.js                   | 0.000 | 0.000 | 0.000   | 0.000 | 0.000 | 0.000 | 0.000 | 0.000  | 0.000      | 2262.000   | 42978.000   | 588.740    |
| 188   | 0   | 24   | 164 | 0   | 0   | GET    | /assets/button-CS9qg6Tt.js                           | 0.000 | 0.000 | 0.000   | 0.000 | 0.000 | 0.000 | 0.000 | 0.000  | 0.000      | 843.000    | 20232.000   | 107.617    |
| 1     | 0   | 1    | 0   | 0   | 0   | GET    | /favicon-128x128.png                                 | 0.000 | 0.000 | 0.000   | 0.000 | 0.000 | 0.000 | 0.000 | 0.000  | 783.000    | 783.000    | 783.000     | 783.000    |
| 73    | 0   | 19   | 54  | 0   | 0   | GET    | /images/buildings3.svg                               | 0.000 | 0.000 | 0.000   | 0.000 | 0.000 | 0.000 | 0.000 | 0.000  | 0.000      | 23793.000  | 452067.000  | 6192.699   |
| 1     | 0   | 1    | 0   | 0   | 0   | GET    | /assets/route-BE5HJ0d6.js                            | 0.000 | 0.000 | 0.000   | 0.000 | 0.000 | 0.000 | 0.000 | 0.000  | 3303.000   | 3303.000   | 3303.000    | 3303.000   |
| 1     | 0   | 1    | 0   | 0   | 0   | GET    | /apple-touch-icon-180x180.png                        | 0.000 | 0.000 | 0.000   | 0.000 | 0.000 | 0.000 | 0.000 | 0.000  | 1020.000   | 1020.000   | 1020.000    | 1020.000   |
| 73    | 0   | 19   | 54  | 0   | 0   | GET    | /client                                              | 0.000 | 0.000 | 0.000   | 0.000 | 0.000 | 0.000 | 0.000 | 0.000  | 0.000      | 705.000    | 13395.000   | 183.493    |
| 1     | 0   | 1    | 0   | 0   | 0   | GET    | /assets/post-message-C3RbgkUr.js                     | 0.000 | 0.000 | 0.000   | 0.000 | 0.000 | 0.000 | 0.000 | 0.000  | 367.000    | 367.000    | 367.000     | 367.000    |
+-------+-----+------+-----+-----+-----+--------+------------------------------------------------------+-------+-------+---------+-------+-------+-------+-------+--------+------------+------------+-------------+------------+
