+-------+-----+------+-----+-----+-----+--------+----------------------------------------------------+--------+--------+---------+--------+--------+--------+--------+--------+------------+------------+-------------+------------+
| COUNT | 1XX | 2XX  | 3XX | 4XX | 5XX | METHOD |                        URI                         |  MIN   |  MAX   |   SUM   |  AVG   |  P90   |  P95   |  P99   | STDDEV | MIN(BODY)  | MAX(BODY)  |  SUM(BODY)  | AVG(BODY)  |
+-------+-----+------+-----+-----+-----+--------+----------------------------------------------------+--------+--------+---------+--------+--------+--------+--------+--------+------------+------------+-------------+------------+
| 1     | 0   | 1    | 0   | 0   | 0   | POST   | /api/initialize                                    | 12.964 | 12.964 | 12.964  | 12.964 | 12.964 | 12.964 | 12.964 | 0.000  | 17.000     | 17.000     | 17.000      | 17.000     |
| 12    | 0   | 12   | 0   | 0   | 0   | GET    | /api/app/nearby-chairs                             | 0.596  | 1.072  | 10.424  | 0.869  | 1.060  | 1.072  | 1.072  | 0.166  | 42.000     | 892.000    | 4644.000    | 387.000    |
| 10    | 0   | 10   | 0   | 0   | 0   | POST   | /api/app/payment-methods                           | 0.372  | 0.840  | 5.424   | 0.542  | 0.660  | 0.840  | 0.840  | 0.143  | 0.000      | 0.000      | 0.000       | 0.000      |
| 544   | 0   | 544  | 0   | 0   | 0   | POST   | /api/chair/coordinate                              | 0.080  | 1.096  | 219.244 | 0.403  | 0.640  | 0.736  | 0.984  | 0.180  | 29.000     | 29.000     | 15776.000   | 29.000     |
| 1     | 0   | 1    | 0   | 0   | 0   | POST   | /api/chair/rides/01K09BXNMPPNMA76FTZ5T3AC3T/status | 0.352  | 0.352  | 0.352   | 0.352  | 0.352  | 0.352  | 0.352  | 0.000  | 0.000      | 0.000      | 0.000       | 0.000      |
| 1031  | 0   | 1024 | 0   | 7   | 0   | GET    | /api/app/notification                              | 0.012  | 1.060  | 306.532 | 0.297  | 0.540  | 0.624  | 0.748  | 0.172  | 0.000      | 455.000    | 424781.000  | 412.009    |
| 1     | 0   | 1    | 0   | 0   | 0   | GET    | /api/owner/sales?                                  | 0.296  | 0.296  | 0.296   | 0.296  | 0.296  | 0.296  | 0.296  | 0.000  | 9190.000   | 9190.000   | 9190.000    | 9190.000   |
| 20    | 0   | 20   | 0   | 0   | 0   | POST   | /api/chair/activity                                | 0.088  | 0.488  | 5.792   | 0.290  | 0.448  | 0.488  | 0.488  | 0.124  | 0.000      | 0.000      | 0.000       | 0.000      |
| 1     | 0   | 1    | 0   | 0   | 0   | POST   | /api/chair/rides/01K09BXPJTBVFJS7P6WWBYT853/status | 0.288  | 0.288  | 0.288   | 0.288  | 0.288  | 0.288  | 0.288  | 0.000  | 0.000      | 0.000      | 0.000       | 0.000      |
| 10    | 0   | 10   | 0   | 0   | 0   | POST   | /api/app/rides                                     | 0.184  | 0.400  | 2.752   | 0.275  | 0.348  | 0.400  | 0.400  | 0.065  | 51.000     | 52.000     | 517.000     | 51.700     |
| 1     | 0   | 1    | 0   | 0   | 0   | GET    | /api/owner/sales                                   | 0.244  | 0.244  | 0.244   | 0.244  | 0.244  | 0.244  | 0.244  | 0.000  | 9017.000   | 9017.000   | 9017.000    | 9017.000   |
| 1     | 0   | 1    | 0   | 0   | 0   | POST   | /api/chair/rides/01K09BXNSC29BVTBDYE3QHSYYK/status | 0.204  | 0.204  | 0.204   | 0.204  | 0.204  | 0.204  | 0.204  | 0.000  | 0.000      | 0.000      | 0.000       | 0.000      |
| 1     | 0   | 1    | 0   | 0   | 0   | POST   | /api/chair/rides/01K09BXP2J0XBX3AX36YETJ9HW/status | 0.168  | 0.168  | 0.168   | 0.168  | 0.168  | 0.168  | 0.168  | 0.000  | 0.000      | 0.000      | 0.000       | 0.000      |
| 662   | 0   | 661  | 0   | 1   | 0   | GET    | /api/chair/notification                            | 0.008  | 0.824  | 101.732 | 0.154  | 0.320  | 0.388  | 0.676  | 0.132  | 0.000      | 271.000    | 82029.000   | 123.911    |
| 15    | 0   | 15   | 0   | 0   | 0   | GET    | /api/app/rides                                     | 0.008  | 0.516  | 1.860   | 0.124  | 0.224  | 0.516  | 0.516  | 0.121  | 12.000     | 2158.000   | 4078.000    | 271.867    |
| 91    | 0   | 91   | 0   | 0   | 0   | GET    | /api/owner/chairs                                  | 0.008  | 0.304  | 9.528   | 0.105  | 0.200  | 0.256  | 0.304  | 0.073  | 756.000    | 18992.000  | 90199.000   | 991.198    |
| 1     | 0   | 1    | 0   | 0   | 0   | POST   | /api/chair/rides/01K09BXN6WCVX8N5AAZZ30MHW0/status | 0.096  | 0.096  | 0.096   | 0.096  | 0.096  | 0.096  | 0.096  | 0.000  | 0.000      | 0.000      | 0.000       | 0.000      |
| 1     | 0   | 1    | 0   | 0   | 0   | POST   | /api/chair/rides/01K09BXN72JEBRQ14AAARAMFYM/status | 0.088  | 0.088  | 0.088   | 0.088  | 0.088  | 0.088  | 0.088  | 0.000  | 0.000      | 0.000      | 0.000       | 0.000      |
| 1     | 0   | 1    | 0   | 0   | 0   | POST   | /api/chair/rides/01K09BXN2PYRAC0FYY8S0WXQ3F/status | 0.060  | 0.060  | 0.060   | 0.060  | 0.060  | 0.060  | 0.060  | 0.000  | 0.000      | 0.000      | 0.000       | 0.000      |
| 1     | 0   | 1    | 0   | 0   | 0   | POST   | /api/chair/rides/01K09BXMSKAPFP0S4YPDVS8EQN/status | 0.052  | 0.052  | 0.052   | 0.052  | 0.052  | 0.052  | 0.052  | 0.000  | 0.000      | 0.000      | 0.000       | 0.000      |
| 14    | 0   | 14   | 0   | 0   | 0   | POST   | /api/app/rides/estimated-fare                      | 0.004  | 0.116  | 0.516   | 0.037  | 0.080  | 0.116  | 0.116  | 0.031  | 26.000     | 29.000     | 396.000     | 28.286     |
| 1     | 0   | 1    | 0   | 0   | 0   | POST   | /api/chair/rides/01K09BXN9BD7H9JF6NM7DZFKAF/status | 0.028  | 0.028  | 0.028   | 0.028  | 0.028  | 0.028  | 0.028  | 0.000  | 0.000      | 0.000      | 0.000       | 0.000      |
| 1     | 0   | 1    | 0   | 0   | 0   | POST   | /api/chair/rides/01K09BXMX5Z9ENXG2M1G50NBK8/status | 0.020  | 0.020  | 0.020   | 0.020  | 0.020  | 0.020  | 0.020  | 0.000  | 0.000      | 0.000      | 0.000       | 0.000      |
| 20    | 0   | 20   | 0   | 0   | 0   | POST   | /api/chair/chairs                                  | 0.012  | 0.020  | 0.332   | 0.017  | 0.020  | 0.020  | 0.020  | 0.002  | 75.000     | 75.000     | 1500.000    | 75.000     |
| 10    | 0   | 10   | 0   | 0   | 0   | POST   | /api/app/users                                     | 0.012  | 0.020  | 0.164   | 0.016  | 0.020  | 0.020  | 0.020  | 0.003  | 86.000     | 86.000     | 860.000     | 86.000     |
| 5     | 0   | 5    | 0   | 0   | 0   | POST   | /api/owner/owners                                  | 0.008  | 0.012  | 0.052   | 0.010  | 0.012  | 0.012  | 0.012  | 0.002  | 125.000    | 125.000    | 625.000     | 125.000    |
| 962   | 0   | 958  | 0   | 0   | 4   | GET    | /api/internal/matching                             | 0.000  | 0.368  | 6.936   | 0.007  | 0.008  | 0.012  | 0.096  | 0.023  | 0.000      | 69.000     | 267.000     | 0.278      |
| 23    | 0   | 11   | 12  | 0   | 0   | GET    | /images/town.svg                                   | 0.000  | 0.004  | 0.007   | 0.000  | 0.000  | 0.003  | 0.004  | 0.001  | 0.000      | 128735.000 | 1416085.000 | 61568.913  |
| 118   | 0   | 16   | 102 | 0   | 0   | GET    | /assets/components-Cbm4tYXz.js                     | 0.000  | 0.005  | 0.013   | 0.000  | 0.000  | 0.000  | 0.003  | 0.001  | 0.000      | 184569.000 | 2953104.000 | 25026.305  |
| 118   | 0   | 16   | 102 | 0   | 0   | GET    | /assets/bundle-mjs-Dnoi3Axr.js                     | 0.000  | 0.000  | 0.000   | 0.000  | 0.000  | 0.000  | 0.000  | 0.000  | 0.000      | 19912.000  | 318592.000  | 2699.932   |
| 16    | 0   | 16   | 0   | 0   | 0   | GET    | /assets/form-frame-AzQ8YT1a.js                     | 0.000  | 0.000  | 0.000   | 0.000  | 0.000  | 0.000  | 0.000  | 0.000  | 824.000    | 824.000    | 13184.000   | 824.000    |
| 118   | 0   | 16   | 102 | 0   | 0   | GET    | /assets/get-cookie-value-B3QhECDc.js               | 0.000  | 0.000  | 0.000   | 0.000  | 0.000  | 0.000  | 0.000  | 0.000  | 0.000      | 110.000    | 1760.000    | 14.915     |
| 118   | 0   | 16   | 102 | 0   | 0   | GET    | /assets/root-BoSp76zW.css                          | 0.000  | 0.000  | 0.000   | 0.000  | 0.000  | 0.000  | 0.000  | 0.000  | 0.000      | 26579.000  | 425264.000  | 3603.932   |
| 1     | 0   | 1    | 0   | 0   | 0   | GET    | /assets/route-Bu9MIazC.js                          | 0.000  | 0.000  | 0.000   | 0.000  | 0.000  | 0.000  | 0.000  | 0.000  | 10479.000  | 10479.000  | 10479.000   | 10479.000  |
| 1     | 0   | 1    | 0   | 0   | 0   | GET    | /assets/route-DGKaubqO.js                          | 0.000  | 0.000  | 0.000   | 0.000  | 0.000  | 0.000  | 0.000  | 0.000  | 1495.000   | 1495.000   | 1495.000    | 1495.000   |
| 1     | 0   | 1    | 0   | 0   | 0   | GET    | /assets/simulator-context-fn0s3fwv.js              | 0.000  | 0.000  | 0.000   | 0.000  | 0.000  | 0.000  | 0.000  | 0.000  | 2970.000   | 2970.000   | 2970.000    | 2970.000   |
| 28    | 0   | 16   | 12  | 0   | 0   | GET    | /assets/text-DfCqYLRl.js                           | 0.000  | 0.000  | 0.000   | 0.000  | 0.000  | 0.000  | 0.000  | 0.000  | 0.000      | 505.000    | 8080.000    | 288.571    |
| 23    | 0   | 11   | 12  | 0   | 0   | GET    | /images/buildings1.svg                             | 0.000  | 0.000  | 0.000   | 0.000  | 0.000  | 0.000  | 0.000  | 0.000  | 0.000      | 13886.000  | 152746.000  | 6641.130   |
| 1     | 0   | 1    | 0   | 0   | 0   | GET    | /favicon-128x128.png                               | 0.000  | 0.000  | 0.000   | 0.000  | 0.000  | 0.000  | 0.000  | 0.000  | 783.000    | 783.000    | 783.000     | 783.000    |
| 23    | 0   | 11   | 12  | 0   | 0   | GET    | /assets/frame-CJ9SHS1U.js                          | 0.000  | 0.000  | 0.000   | 0.000  | 0.000  | 0.000  | 0.000  | 0.000  | 0.000      | 344.000    | 3784.000    | 164.522    |
| 1     | 0   | 1    | 0   | 0   | 0   | GET    | /assets/get-initial-data-vd1rP8TD.js               | 0.000  | 0.000  | 0.000   | 0.000  | 0.000  | 0.000  | 0.000  | 0.000  | 1757.000   | 1757.000   | 1757.000    | 1757.000   |
| 23    | 0   | 11   | 12  | 0   | 0   | GET    | /images/house1.svg                                 | 0.000  | 0.000  | 0.000   | 0.000  | 0.000  | 0.000  | 0.000  | 0.000  | 0.000      | 2903.000   | 31933.000   | 1388.391   |
| 1     | 0   | 1    | 0   | 0   | 0   | GET    | /assets/post-message-C3RbgkUr.js                   | 0.000  | 0.000  | 0.000   | 0.000  | 0.000  | 0.000  | 0.000  | 0.000  | 367.000    | 367.000    | 367.000     | 367.000    |
| 118   | 0   | 16   | 102 | 0   | 0   | GET    | /assets/root-JpS3BGeV.js                           | 0.000  | 0.000  | 0.000   | 0.000  | 0.000  | 0.000  | 0.000  | 0.000  | 0.000      | 27925.000  | 446800.000  | 3786.441   |
| 23    | 0   | 11   | 12  | 0   | 0   | GET    | /images/buildings6.svg                             | 0.000  | 0.000  | 0.000   | 0.000  | 0.000  | 0.000  | 0.000  | 0.000  | 0.000      | 9454.000   | 103994.000  | 4521.478   |
| 118   | 0   | 16   | 102 | 0   | 0   | GET    | /assets/api-components-dDIZztSJ.js                 | 0.000  | 0.000  | 0.000   | 0.000  | 0.000  | 0.000  | 0.000  | 0.000  | 0.000      | 2007.000   | 32112.000   | 272.136    |
| 23    | 0   | 11   | 12  | 0   | 0   | GET    | /assets/client-context-C6wEaUbS.js                 | 0.000  | 0.000  | 0.000   | 0.000  | 0.000  | 0.000  | 0.000  | 0.000  | 0.000      | 2262.000   | 24882.000   | 1081.826   |
| 11    | 0   | 11   | 0   | 0   | 0   | GET    | /assets/route-BbZUnrjQ.js                          | 0.000  | 0.000  | 0.000   | 0.000  | 0.000  | 0.000  | 0.000  | 0.000  | 1029.000   | 1029.000   | 11319.000   | 1029.000   |
| 23    | 0   | 11   | 12  | 0   | 0   | GET    | /images/buildings2.svg                             | 0.000  | 0.000  | 0.000   | 0.000  | 0.000  | 0.000  | 0.000  | 0.000  | 0.000      | 23825.000  | 262075.000  | 11394.565  |
| 1     | 0   | 1    | 0   | 0   | 0   | GET    | /assets/route-qjNoFN43.js                          | 0.000  | 0.000  | 0.000   | 0.000  | 0.000  | 0.000  | 0.000  | 0.000  | 2937.000   | 2937.000   | 2937.000    | 2937.000   |
| 96    | 0   | 6    | 90  | 0   | 0   | GET    | /assets/account-switch-C7WpOYxZ.js                 | 0.000  | 0.000  | 0.000   | 0.000  | 0.000  | 0.000  | 0.000  | 0.000  | 0.000      | 553.000    | 3318.000    | 34.562     |
| 106   | 0   | 16   | 90  | 0   | 0   | GET    | /assets/button-CS9qg6Tt.js                         | 0.000  | 0.000  | 0.000   | 0.000  | 0.000  | 0.000  | 0.000  | 0.000  | 0.000      | 843.000    | 13488.000   | 127.245    |
| 118   | 0   | 16   | 102 | 0   | 0   | GET    | /assets/index-9ZhTBp7q.js                          | 0.000  | 0.000  | 0.000   | 0.000  | 0.000  | 0.000  | 0.000  | 0.000  | 0.000      | 60305.000  | 964880.000  | 8176.949   |
| 23    | 0   | 11   | 12  | 0   | 0   | GET    | /assets/route-B_Zm-GyU.js                          | 0.000  | 0.000  | 0.000   | 0.000  | 0.000  | 0.000  | 0.000  | 0.000  | 0.000      | 2687.000   | 29557.000   | 1285.087   |
| 1     | 0   | 1    | 0   | 0   | 0   | GET    | /assets/route-Bhv1gox0.js                          | 0.000  | 0.000  | 0.000   | 0.000  | 0.000  | 0.000  | 0.000  | 0.000  | 2361.000   | 2361.000   | 2361.000    | 2361.000   |
| 11    | 0   | 11   | 0   | 0   | 0   | GET    | /assets/date-input-Br46mw6i.js                     | 0.000  | 0.000  | 0.000   | 0.000  | 0.000  | 0.000  | 0.000  | 0.000  | 425.000    | 425.000    | 4675.000    | 425.000    |
| 1     | 0   | 1    | 0   | 0   | 0   | GET    | /assets/route-BkJsE9q1.js                          | 0.000  | 0.000  | 0.000   | 0.000  | 0.000  | 0.000  | 0.000  | 0.000  | 1496.000   | 1496.000   | 1496.000    | 1496.000   |
| 1     | 0   | 1    | 0   | 0   | 0   | GET    | /assets/route-C7CZBETH.js                          | 0.000  | 0.000  | 0.000   | 0.000  | 0.000  | 0.000  | 0.000  | 0.000  | 2244.000   | 2244.000   | 2244.000    | 2244.000   |
| 1     | 0   | 1    | 0   | 0   | 0   | GET    | /assets/route-Ckv8UtcK.js                          | 0.000  | 0.000  | 0.000   | 0.000  | 0.000  | 0.000  | 0.000  | 0.000  | 1148.000   | 1148.000   | 1148.000    | 1148.000   |
| 11    | 0   | 11   | 0   | 0   | 0   | GET    | /assets/route-j6B5sfAw.js                          | 0.000  | 0.000  | 0.000   | 0.000  | 0.000  | 0.000  | 0.000  | 0.000  | 3490.000   | 3490.000   | 38390.000   | 3490.000   |
| 1     | 0   | 1    | 0   | 0   | 0   | GET    | /images/top-logo.svg                               | 0.000  | 0.000  | 0.000   | 0.000  | 0.000  | 0.000  | 0.000  | 0.000  | 4749.000   | 4749.000   | 4749.000    | 4749.000   |
| 1     | 0   | 1    | 0   | 0   | 0   | GET    | /index.html                                        | 0.000  | 0.000  | 0.000   | 0.000  | 0.000  | 0.000  | 0.000  | 0.000  | 705.000    | 705.000    | 705.000     | 705.000    |
| 1     | 0   | 1    | 0   | 0   | 0   | GET    | /assets/route-D-xfm-4G.js                          | 0.000  | 0.000  | 0.000   | 0.000  | 0.000  | 0.000  | 0.000  | 0.000  | 388.000    | 388.000    | 388.000     | 388.000    |
| 96    | 0   | 6    | 90  | 0   | 0   | GET    | /owner                                             | 0.000  | 0.000  | 0.000   | 0.000  | 0.000  | 0.000  | 0.000  | 0.000  | 0.000      | 705.000    | 4230.000    | 44.062     |
| 1     | 0   | 1    | 0   | 0   | 0   | GET    | /apple-touch-icon-180x180.png                      | 0.000  | 0.000  | 0.000   | 0.000  | 0.000  | 0.000  | 0.000  | 0.000  | 1020.000   | 1020.000   | 1020.000    | 1020.000   |
| 23    | 0   | 11   | 12  | 0   | 0   | GET    | /images/buildings3.svg                             | 0.000  | 0.000  | 0.000   | 0.000  | 0.000  | 0.000  | 0.000  | 0.000  | 0.000      | 23793.000  | 261723.000  | 11379.261  |
| 1     | 0   | 1    | 0   | 0   | 0   | GET    | /assets/route-BE5HJ0d6.js                          | 0.000  | 0.000  | 0.000   | 0.000  | 0.000  | 0.000  | 0.000  | 0.000  | 3303.000   | 3303.000   | 3303.000    | 3303.000   |
| 1     | 0   | 1    | 0   | 0   | 0   | GET    | /assets/map-WlZ9yiya.js                            | 0.000  | 0.000  | 0.000   | 0.000  | 0.000  | 0.000  | 0.000  | 0.000  | 11712.000  | 11712.000  | 11712.000   | 11712.000  |
| 118   | 0   | 16   | 102 | 0   | 0   | GET    | /favicon-32x32.png                                 | 0.000  | 0.000  | 0.000   | 0.000  | 0.000  | 0.000  | 0.000  | 0.000  | 0.000      | 336.000    | 5376.000    | 45.559     |
| 1     | 0   | 1    | 0   | 0   | 0   | GET    | /images/top-bg.png                                 | 0.000  | 0.000  | 0.000   | 0.000  | 0.000  | 0.000  | 0.000  | 0.000  | 549793.000 | 549793.000 | 549793.000  | 549793.000 |
| 23    | 0   | 11   | 12  | 0   | 0   | GET    | /images/house2.svg                                 | 0.000  | 0.000  | 0.000   | 0.000  | 0.000  | 0.000  | 0.000  | 0.000  | 0.000      | 6430.000   | 70730.000   | 3075.217   |
| 23    | 0   | 11   | 12  | 0   | 0   | GET    | /assets/storage-Coaj7Roq.js                        | 0.000  | 0.000  | 0.000   | 0.000  | 0.000  | 0.000  | 0.000  | 0.000  | 0.000      | 711.000    | 7821.000    | 340.043    |
| 1     | 0   | 1    | 0   | 0   | 0   | GET    | /assets/rating-star-gH9aOYPH.js                    | 0.000  | 0.000  | 0.000   | 0.000  | 0.000  | 0.000  | 0.000  | 0.000  | 519.000    | 519.000    | 519.000     | 519.000    |
| 118   | 0   | 16   | 102 | 0   | 0   | GET    | /assets/jsx-runtime-56DGgGmo.js                    | 0.000  | 0.000  | 0.000   | 0.000  | 0.000  | 0.000  | 0.000  | 0.000  | 0.000      | 8107.000   | 129712.000  | 1099.254   |
| 118   | 0   | 16   | 102 | 0   | 0   | GET    | /assets/colors-DB9lnfSt.js                         | 0.000  | 0.000  | 0.000   | 0.000  | 0.000  | 0.000  | 0.000  | 0.000  | 0.000      | 5678.000   | 90848.000   | 769.898    |
| 1     | 0   | 1    | 0   | 0   | 0   | GET    | /assets/price-D-o-ix3Y.js                          | 0.000  | 0.000  | 0.000   | 0.000  | 0.000  | 0.000  | 0.000  | 0.000  | 1793.000   | 1793.000   | 1793.000    | 1793.000   |
| 23    | 0   | 11   | 12  | 0   | 0   | GET    | /images/buildings5.svg                             | 0.000  | 0.000  | 0.000   | 0.000  | 0.000  | 0.000  | 0.000  | 0.000  | 0.000      | 9858.000   | 108438.000  | 4714.696   |
| 1     | 0   | 1    | 0   | 0   | 0   | GET    | /assets/route-CNt_mqIX.js                          | 0.000  | 0.000  | 0.000   | 0.000  | 0.000  | 0.000  | 0.000  | 0.000  | 26045.000  | 26045.000  | 26045.000   | 26045.000  |
| 1     | 0   | 1    | 0   | 0   | 0   | GET    | /assets/manifest-2155a205.js                       | 0.000  | 0.000  | 0.000   | 0.000  | 0.000  | 0.000  | 0.000  | 0.000  | 9192.000   | 9192.000   | 9192.000    | 9192.000   |
| 1     | 0   | 1    | 0   | 0   | 0   | GET    | /assets/chair-PB3Jm0Ii.js                          | 0.000  | 0.000  | 0.000   | 0.000  | 0.000  | 0.000  | 0.000  | 0.000  | 2008.000   | 2008.000   | 2008.000    | 2008.000   |
| 6     | 0   | 6    | 0   | 0   | 0   | GET    | /assets/route-CJUF4eR6.js                          | 0.000  | 0.000  | 0.000   | 0.000  | 0.000  | 0.000  | 0.000  | 0.000  | 1576.000   | 1576.000   | 9456.000    | 1576.000   |
| 96    | 0   | 6    | 90  | 0   | 0   | GET    | /assets/owner-context-DCgOhQtd.js                  | 0.000  | 0.000  | 0.000   | 0.000  | 0.000  | 0.000  | 0.000  | 0.000  | 0.000      | 1077.000   | 6462.000    | 67.312     |
| 118   | 0   | 16   | 102 | 0   | 0   | GET    | /assets/entry.client-BwsCJ-uh.js                   | 0.000  | 0.000  | 0.000   | 0.000  | 0.000  | 0.000  | 0.000  | 0.000  | 0.000      | 4135.000   | 66160.000   | 560.678    |
| 23    | 0   | 11   | 12  | 0   | 0   | GET    | /assets/api-base-url-Bd0x18OB.js                   | 0.000  | 0.000  | 0.000   | 0.000  | 0.000  | 0.000  | 0.000  | 0.000  | 0.000      | 26.000     | 286.000     | 12.435     |
| 23    | 0   | 11   | 12  | 0   | 0   | GET    | /images/buildings4.svg                             | 0.000  | 0.000  | 0.000   | 0.000  | 0.000  | 0.000  | 0.000  | 0.000  | 0.000      | 4582.000   | 50402.000   | 2191.391   |
| 11    | 0   | 11   | 0   | 0   | 0   | GET    | /assets/responses-Cu7_GOWP.js                      | 0.000  | 0.000  | 0.000   | 0.000  | 0.000  | 0.000  | 0.000  | 0.000  | 350.000    | 350.000    | 3850.000    | 350.000    |
| 118   | 0   | 16   | 102 | 0   | 0   | GET    | /assets/isuride-CWZY8A89.js                        | 0.000  | 0.000  | 0.000   | 0.000  | 0.000  | 0.000  | 0.000  | 0.000  | 0.000      | 834.000    | 13344.000   | 113.085    |
| 118   | 0   | 16   | 102 | 0   | 0   | GET    | /favicon.ico                                       | 0.000  | 0.000  | 0.000   | 0.000  | 0.000  | 0.000  | 0.000  | 0.000  | 0.000      | 16958.000  | 271328.000  | 2299.390   |
| 23    | 0   | 11   | 12  | 0   | 0   | GET    | /client                                            | 0.000  | 0.000  | 0.000   | 0.000  | 0.000  | 0.000  | 0.000  | 0.000  | 0.000      | 705.000    | 7755.000    | 337.174    |
| 96    | 0   | 6    | 90  | 0   | 0   | GET    | /assets/route-DzrPVuAG.js                          | 0.000  | 0.000  | 0.000   | 0.000  | 0.000  | 0.000  | 0.000  | 0.000  | 0.000      | 1908.000   | 11448.000   | 119.250    |
+-------+-----+------+-----+-----+-----+--------+----------------------------------------------------+--------+--------+---------+--------+--------+--------+--------+--------+------------+------------+-------------+------------+
