+-------+-----+------+-----+-----+-----+--------+---------------------------------------+-------+--------+---------+-------+--------+--------+--------+--------+------------+------------+-------------+------------+
| COUNT | 1XX | 2XX  | 3XX | 4XX | 5XX | METHOD |                  URI                  |  MIN  |  MAX   |   SUM   |  AVG  |  P90   |  P95   |  P99   | STDDEV | MIN(BODY)  | MAX(BODY)  |  SUM(BODY)  | AVG(BODY)  |
+-------+-----+------+-----+-----+-----+--------+---------------------------------------+-------+--------+---------+-------+--------+--------+--------+--------+------------+------------+-------------+------------+
| 21    | 0   | 1    | 0   | 20  | 0   | GET    | /api/owner/chairs                     | 0.680 | 10.008 | 199.560 | 9.503 | 10.004 | 10.004 | 10.008 | 1.975  | 0.000      | 18992.000  | 18992.000   | 904.381    |
| 1     | 0   | 1    | 0   | 0   | 0   | POST   | /api/initialize                       | 6.760 | 6.760  | 6.760   | 6.760 | 6.760  | 6.760  | 6.760  | 0.000  | 17.000     | 17.000     | 17.000      | 17.000     |
| 124   | 0   | 124  | 0   | 0   | 0   | GET    | /api/app/nearby-chairs                | 1.612 | 4.348  | 337.260 | 2.720 | 3.404  | 3.664  | 4.168  | 0.561  | 42.000     | 42.000     | 5208.000    | 42.000     |
| 192   | 0   | 0    | 0   | 0   | 192 | POST   | /api/chair/coordinate                 | 0.060 | 1.572  | 88.804  | 0.463 | 0.804  | 1.236  | 1.472  | 0.298  | 78.000     | 78.000     | 14976.000   | 78.000     |
| 10    | 0   | 10   | 0   | 0   | 0   | POST   | /api/app/payment-methods              | 0.240 | 0.488  | 4.164   | 0.416 | 0.488  | 0.488  | 0.488  | 0.097  | 0.000      | 0.000      | 0.000       | 0.000      |
| 20    | 0   | 20   | 0   | 0   | 0   | POST   | /api/chair/activity                   | 0.100 | 0.576  | 6.588   | 0.329 | 0.488  | 0.488  | 0.576  | 0.146  | 0.000      | 0.000      | 0.000       | 0.000      |
| 1     | 0   | 1    | 0   | 0   | 0   | GET    | /api/owner/sales?                     | 0.248 | 0.248  | 0.248   | 0.248 | 0.248  | 0.248  | 0.248  | 0.000  | 9183.000   | 9183.000   | 9183.000    | 9183.000   |
| 127   | 0   | 127  | 0   | 0   | 0   | GET    | /api/app/rides                        | 0.012 | 0.880  | 30.036  | 0.237 | 0.432  | 0.552  | 0.708  | 0.158  | 12.000     | 2158.000   | 5422.000    | 42.693     |
| 1     | 0   | 1    | 0   | 0   | 0   | GET    | /api/owner/sales                      | 0.228 | 0.228  | 0.228   | 0.228 | 0.228  | 0.228  | 0.228  | 0.000  | 9017.000   | 9017.000   | 9017.000    | 9017.000   |
| 4402  | 0   | 4386 | 0   | 16  | 0   | GET    | /api/chair/notification               | 0.004 | 0.928  | 702.352 | 0.160 | 0.312  | 0.380  | 0.544  | 0.113  | 0.000      | 33.000     | 144738.000  | 32.880     |
| 10    | 0   | 10   | 0   | 0   | 0   | POST   | /api/app/users                        | 0.012 | 0.020  | 0.160   | 0.016 | 0.020  | 0.020  | 0.020  | 0.003  | 86.000     | 86.000     | 860.000     | 86.000     |
| 20    | 0   | 20   | 0   | 0   | 0   | POST   | /api/chair/chairs                     | 0.012 | 0.020  | 0.316   | 0.016 | 0.020  | 0.020  | 0.020  | 0.002  | 75.000     | 75.000     | 1500.000    | 75.000     |
| 5     | 0   | 5    | 0   | 0   | 0   | POST   | /api/owner/owners                     | 0.012 | 0.012  | 0.060   | 0.012 | 0.012  | 0.012  | 0.012  | 0.000  | 125.000    | 125.000    | 625.000     | 125.000    |
| 4     | 0   | 4    | 0   | 0   | 0   | POST   | /api/app/rides/estimated-fare         | 0.008 | 0.008  | 0.032   | 0.008 | 0.008  | 0.008  | 0.008  | 0.000  | 26.000     | 29.000     | 109.000     | 27.250     |
| 3024  | 0   | 3020 | 0   | 0   | 4   | GET    | /api/internal/matching                | 0.004 | 0.328  | 15.076  | 0.005 | 0.008  | 0.008  | 0.024  | 0.012  | 0.000      | 69.000     | 267.000     | 0.088      |
| 1     | 0   | 1    | 0   | 0   | 0   | GET    | /images/top-bg.png                    | 0.004 | 0.004  | 0.004   | 0.004 | 0.004  | 0.004  | 0.004  | 0.000  | 549793.000 | 549793.000 | 549793.000  | 549793.000 |
| 160   | 0   | 16   | 144 | 0   | 0   | GET    | /assets/components-Cbm4tYXz.js        | 0.000 | 0.005  | 0.015   | 0.000 | 0.000  | 0.000  | 0.003  | 0.001  | 0.000      | 184569.000 | 2953104.000 | 18456.900  |
| 135   | 0   | 11   | 124 | 0   | 0   | GET    | /images/town.svg                      | 0.000 | 0.006  | 0.010   | 0.000 | 0.000  | 0.000  | 0.004  | 0.001  | 0.000      | 128735.000 | 1416085.000 | 10489.519  |
| 160   | 0   | 16   | 144 | 0   | 0   | GET    | /assets/index-9ZhTBp7q.js             | 0.000 | 0.000  | 0.000   | 0.000 | 0.000  | 0.000  | 0.000  | 0.000  | 0.000      | 60305.000  | 964880.000  | 6030.500   |
| 135   | 0   | 11   | 124 | 0   | 0   | GET    | /images/house1.svg                    | 0.000 | 0.000  | 0.000   | 0.000 | 0.000  | 0.000  | 0.000  | 0.000  | 0.000      | 2903.000   | 31933.000   | 236.541    |
| 1     | 0   | 1    | 0   | 0   | 0   | GET    | /images/top-logo.svg                  | 0.000 | 0.000  | 0.000   | 0.000 | 0.000  | 0.000  | 0.000  | 0.000  | 4749.000   | 4749.000   | 4749.000    | 4749.000   |
| 1     | 0   | 1    | 0   | 0   | 0   | GET    | /favicon-128x128.png                  | 0.000 | 0.000  | 0.000   | 0.000 | 0.000  | 0.000  | 0.000  | 0.000  | 783.000    | 783.000    | 783.000     | 783.000    |
| 160   | 0   | 16   | 144 | 0   | 0   | GET    | /assets/api-components-dDIZztSJ.js    | 0.000 | 0.000  | 0.000   | 0.000 | 0.000  | 0.000  | 0.000  | 0.000  | 0.000      | 2007.000   | 32112.000   | 200.700    |
| 36    | 0   | 16   | 20  | 0   | 0   | GET    | /assets/button-CS9qg6Tt.js            | 0.000 | 0.000  | 0.000   | 0.000 | 0.000  | 0.000  | 0.000  | 0.000  | 0.000      | 843.000    | 13488.000   | 374.667    |
| 160   | 0   | 16   | 144 | 0   | 0   | GET    | /assets/colors-DB9lnfSt.js            | 0.000 | 0.000  | 0.000   | 0.000 | 0.000  | 0.000  | 0.000  | 0.000  | 0.000      | 5678.000   | 90848.000   | 567.800    |
| 1     | 0   | 1    | 0   | 0   | 0   | GET    | /assets/post-message-C3RbgkUr.js      | 0.000 | 0.000  | 0.000   | 0.000 | 0.000  | 0.000  | 0.000  | 0.000  | 367.000    | 367.000    | 367.000     | 367.000    |
| 160   | 0   | 16   | 144 | 0   | 0   | GET    | /assets/root-JpS3BGeV.js              | 0.000 | 0.000  | 0.000   | 0.000 | 0.000  | 0.000  | 0.000  | 0.000  | 0.000      | 27925.000  | 446800.000  | 2792.500   |
| 11    | 0   | 11   | 0   | 0   | 0   | GET    | /assets/route-BbZUnrjQ.js             | 0.000 | 0.000  | 0.000   | 0.000 | 0.000  | 0.000  | 0.000  | 0.000  | 1029.000   | 1029.000   | 11319.000   | 1029.000   |
| 135   | 0   | 11   | 124 | 0   | 0   | GET    | /assets/frame-CJ9SHS1U.js             | 0.000 | 0.000  | 0.000   | 0.000 | 0.000  | 0.000  | 0.000  | 0.000  | 0.000      | 344.000    | 3784.000    | 28.030     |
| 1     | 0   | 1    | 0   | 0   | 0   | GET    | /assets/get-initial-data-vd1rP8TD.js  | 0.000 | 0.000  | 0.000   | 0.000 | 0.000  | 0.000  | 0.000  | 0.000  | 1757.000   | 1757.000   | 1757.000    | 1757.000   |
| 1     | 0   | 1    | 0   | 0   | 0   | GET    | /assets/route-Bhv1gox0.js             | 0.000 | 0.000  | 0.000   | 0.000 | 0.000  | 0.000  | 0.000  | 0.000  | 2361.000   | 2361.000   | 2361.000    | 2361.000   |
| 160   | 0   | 16   | 144 | 0   | 0   | GET    | /favicon.ico                          | 0.000 | 0.000  | 0.000   | 0.000 | 0.000  | 0.000  | 0.000  | 0.000  | 0.000      | 16958.000  | 271328.000  | 1695.800   |
| 160   | 0   | 16   | 144 | 0   | 0   | GET    | /assets/jsx-runtime-56DGgGmo.js       | 0.000 | 0.000  | 0.000   | 0.000 | 0.000  | 0.000  | 0.000  | 0.000  | 0.000      | 8107.000   | 129712.000  | 810.700    |
| 1     | 0   | 1    | 0   | 0   | 0   | GET    | /assets/route-D-xfm-4G.js             | 0.000 | 0.000  | 0.000   | 0.000 | 0.000  | 0.000  | 0.000  | 0.000  | 388.000    | 388.000    | 388.000     | 388.000    |
| 1     | 0   | 1    | 0   | 0   | 0   | GET    | /assets/route-qjNoFN43.js             | 0.000 | 0.000  | 0.000   | 0.000 | 0.000  | 0.000  | 0.000  | 0.000  | 2937.000   | 2937.000   | 2937.000    | 2937.000   |
| 160   | 0   | 16   | 144 | 0   | 0   | GET    | /assets/bundle-mjs-Dnoi3Axr.js        | 0.000 | 0.000  | 0.000   | 0.000 | 0.000  | 0.000  | 0.000  | 0.000  | 0.000      | 19912.000  | 318592.000  | 1991.200   |
| 160   | 0   | 16   | 144 | 0   | 0   | GET    | /assets/entry.client-BwsCJ-uh.js      | 0.000 | 0.000  | 0.000   | 0.000 | 0.000  | 0.000  | 0.000  | 0.000  | 0.000      | 4135.000   | 66160.000   | 413.500    |
| 26    | 0   | 6    | 20  | 0   | 0   | GET    | /assets/owner-context-DCgOhQtd.js     | 0.000 | 0.000  | 0.000   | 0.000 | 0.000  | 0.000  | 0.000  | 0.000  | 0.000      | 1077.000   | 6462.000    | 248.538    |
| 160   | 0   | 16   | 144 | 0   | 0   | GET    | /assets/get-cookie-value-B3QhECDc.js  | 0.000 | 0.000  | 0.000   | 0.000 | 0.000  | 0.000  | 0.000  | 0.000  | 0.000      | 110.000    | 1760.000    | 11.000     |
| 1     | 0   | 1    | 0   | 0   | 0   | GET    | /index.html                           | 0.000 | 0.000  | 0.000   | 0.000 | 0.000  | 0.000  | 0.000  | 0.000  | 705.000    | 705.000    | 705.000     | 705.000    |
| 135   | 0   | 11   | 124 | 0   | 0   | GET    | /images/buildings3.svg                | 0.000 | 0.000  | 0.000   | 0.000 | 0.000  | 0.000  | 0.000  | 0.000  | 0.000      | 23793.000  | 261723.000  | 1938.689   |
| 160   | 0   | 16   | 144 | 0   | 0   | GET    | /favicon-32x32.png                    | 0.000 | 0.000  | 0.000   | 0.000 | 0.000  | 0.000  | 0.000  | 0.000  | 0.000      | 336.000    | 5376.000    | 33.600     |
| 1     | 0   | 1    | 0   | 0   | 0   | GET    | /assets/price-D-o-ix3Y.js             | 0.000 | 0.000  | 0.000   | 0.000 | 0.000  | 0.000  | 0.000  | 0.000  | 1793.000   | 1793.000   | 1793.000    | 1793.000   |
| 1     | 0   | 1    | 0   | 0   | 0   | GET    | /apple-touch-icon-180x180.png         | 0.000 | 0.000  | 0.000   | 0.000 | 0.000  | 0.000  | 0.000  | 0.000  | 1020.000   | 1020.000   | 1020.000    | 1020.000   |
| 1     | 0   | 1    | 0   | 0   | 0   | GET    | /assets/manifest-2155a205.js          | 0.000 | 0.000  | 0.000   | 0.000 | 0.000  | 0.000  | 0.000  | 0.000  | 9192.000   | 9192.000   | 9192.000    | 9192.000   |
| 1     | 0   | 1    | 0   | 0   | 0   | GET    | /assets/map-WlZ9yiya.js               | 0.000 | 0.000  | 0.000   | 0.000 | 0.000  | 0.000  | 0.000  | 0.000  | 11712.000  | 11712.000  | 11712.000   | 11712.000  |
| 140   | 0   | 16   | 124 | 0   | 0   | GET    | /assets/text-DfCqYLRl.js              | 0.000 | 0.000  | 0.000   | 0.000 | 0.000  | 0.000  | 0.000  | 0.000  | 0.000      | 505.000    | 8080.000    | 57.714     |
| 135   | 0   | 11   | 124 | 0   | 0   | GET    | /assets/storage-Coaj7Roq.js           | 0.000 | 0.000  | 0.000   | 0.000 | 0.000  | 0.000  | 0.000  | 0.000  | 0.000      | 711.000    | 7821.000    | 57.933     |
| 135   | 0   | 11   | 124 | 0   | 0   | GET    | /images/buildings6.svg                | 0.000 | 0.000  | 0.000   | 0.000 | 0.000  | 0.000  | 0.000  | 0.000  | 0.000      | 9454.000   | 103994.000  | 770.326    |
| 160   | 0   | 16   | 144 | 0   | 0   | GET    | /assets/isuride-CWZY8A89.js           | 0.000 | 0.000  | 0.000   | 0.000 | 0.000  | 0.000  | 0.000  | 0.000  | 0.000      | 834.000    | 13344.000   | 83.400     |
| 160   | 0   | 16   | 144 | 0   | 0   | GET    | /assets/root-BoSp76zW.css             | 0.000 | 0.000  | 0.000   | 0.000 | 0.000  | 0.000  | 0.000  | 0.000  | 0.000      | 26579.000  | 425264.000  | 2657.900   |
| 1     | 0   | 1    | 0   | 0   | 0   | GET    | /assets/route-BE5HJ0d6.js             | 0.000 | 0.000  | 0.000   | 0.000 | 0.000  | 0.000  | 0.000  | 0.000  | 3303.000   | 3303.000   | 3303.000    | 3303.000   |
| 135   | 0   | 11   | 124 | 0   | 0   | GET    | /assets/route-B_Zm-GyU.js             | 0.000 | 0.000  | 0.000   | 0.000 | 0.000  | 0.000  | 0.000  | 0.000  | 0.000      | 2687.000   | 29557.000   | 218.941    |
| 6     | 0   | 6    | 0   | 0   | 0   | GET    | /assets/route-CJUF4eR6.js             | 0.000 | 0.000  | 0.000   | 0.000 | 0.000  | 0.000  | 0.000  | 0.000  | 1576.000   | 1576.000   | 9456.000    | 1576.000   |
| 135   | 0   | 11   | 124 | 0   | 0   | GET    | /assets/api-base-url-Bd0x18OB.js      | 0.000 | 0.000  | 0.000   | 0.000 | 0.000  | 0.000  | 0.000  | 0.000  | 0.000      | 26.000     | 286.000     | 2.119      |
| 1     | 0   | 1    | 0   | 0   | 0   | GET    | /assets/route-C7CZBETH.js             | 0.000 | 0.000  | 0.000   | 0.000 | 0.000  | 0.000  | 0.000  | 0.000  | 2244.000   | 2244.000   | 2244.000    | 2244.000   |
| 135   | 0   | 11   | 124 | 0   | 0   | GET    | /images/buildings2.svg                | 0.000 | 0.000  | 0.000   | 0.000 | 0.000  | 0.000  | 0.000  | 0.000  | 0.000      | 23825.000  | 262075.000  | 1941.296   |
| 135   | 0   | 11   | 124 | 0   | 0   | GET    | /assets/client-context-C6wEaUbS.js    | 0.000 | 0.000  | 0.000   | 0.000 | 0.000  | 0.000  | 0.000  | 0.000  | 0.000      | 2262.000   | 24882.000   | 184.311    |
| 16    | 0   | 16   | 0   | 0   | 0   | GET    | /assets/form-frame-AzQ8YT1a.js        | 0.000 | 0.000  | 0.000   | 0.000 | 0.000  | 0.000  | 0.000  | 0.000  | 824.000    | 824.000    | 13184.000   | 824.000    |
| 1     | 0   | 1    | 0   | 0   | 0   | GET    | /assets/route-BkJsE9q1.js             | 0.000 | 0.000  | 0.000   | 0.000 | 0.000  | 0.000  | 0.000  | 0.000  | 1496.000   | 1496.000   | 1496.000    | 1496.000   |
| 1     | 0   | 1    | 0   | 0   | 0   | GET    | /assets/route-Bu9MIazC.js             | 0.000 | 0.000  | 0.000   | 0.000 | 0.000  | 0.000  | 0.000  | 0.000  | 10479.000  | 10479.000  | 10479.000   | 10479.000  |
| 26    | 0   | 6    | 20  | 0   | 0   | GET    | /assets/route-DzrPVuAG.js             | 0.000 | 0.000  | 0.000   | 0.000 | 0.000  | 0.000  | 0.000  | 0.000  | 0.000      | 1908.000   | 11448.000   | 440.308    |
| 135   | 0   | 11   | 124 | 0   | 0   | GET    | /images/house2.svg                    | 0.000 | 0.000  | 0.000   | 0.000 | 0.000  | 0.000  | 0.000  | 0.000  | 0.000      | 6430.000   | 70730.000   | 523.926    |
| 26    | 0   | 6    | 20  | 0   | 0   | GET    | /owner                                | 0.000 | 0.000  | 0.000   | 0.000 | 0.000  | 0.000  | 0.000  | 0.000  | 0.000      | 705.000    | 4230.000    | 162.692    |
| 135   | 0   | 11   | 124 | 0   | 0   | GET    | /images/buildings4.svg                | 0.000 | 0.000  | 0.000   | 0.000 | 0.000  | 0.000  | 0.000  | 0.000  | 0.000      | 4582.000   | 50402.000   | 373.348    |
| 135   | 0   | 11   | 124 | 0   | 0   | GET    | /images/buildings5.svg                | 0.000 | 0.000  | 0.000   | 0.000 | 0.000  | 0.000  | 0.000  | 0.000  | 0.000      | 9858.000   | 108438.000  | 803.244    |
| 1     | 0   | 1    | 0   | 0   | 0   | GET    | /assets/route-CNt_mqIX.js             | 0.000 | 0.000  | 0.000   | 0.000 | 0.000  | 0.000  | 0.000  | 0.000  | 26045.000  | 26045.000  | 26045.000   | 26045.000  |
| 1     | 0   | 1    | 0   | 0   | 0   | GET    | /assets/chair-PB3Jm0Ii.js             | 0.000 | 0.000  | 0.000   | 0.000 | 0.000  | 0.000  | 0.000  | 0.000  | 2008.000   | 2008.000   | 2008.000    | 2008.000   |
| 11    | 0   | 11   | 0   | 0   | 0   | GET    | /assets/responses-Cu7_GOWP.js         | 0.000 | 0.000  | 0.000   | 0.000 | 0.000  | 0.000  | 0.000  | 0.000  | 350.000    | 350.000    | 3850.000    | 350.000    |
| 11    | 0   | 11   | 0   | 0   | 0   | GET    | /assets/date-input-Br46mw6i.js        | 0.000 | 0.000  | 0.000   | 0.000 | 0.000  | 0.000  | 0.000  | 0.000  | 425.000    | 425.000    | 4675.000    | 425.000    |
| 26    | 0   | 6    | 20  | 0   | 0   | GET    | /assets/account-switch-C7WpOYxZ.js    | 0.000 | 0.000  | 0.000   | 0.000 | 0.000  | 0.000  | 0.000  | 0.000  | 0.000      | 553.000    | 3318.000    | 127.615    |
| 135   | 0   | 11   | 124 | 0   | 0   | GET    | /images/buildings1.svg                | 0.000 | 0.000  | 0.000   | 0.000 | 0.000  | 0.000  | 0.000  | 0.000  | 0.000      | 13886.000  | 152746.000  | 1131.452   |
| 11    | 0   | 11   | 0   | 0   | 0   | GET    | /assets/route-j6B5sfAw.js             | 0.000 | 0.000  | 0.000   | 0.000 | 0.000  | 0.000  | 0.000  | 0.000  | 3490.000   | 3490.000   | 38390.000   | 3490.000   |
| 1     | 0   | 1    | 0   | 0   | 0   | GET    | /assets/route-DGKaubqO.js             | 0.000 | 0.000  | 0.000   | 0.000 | 0.000  | 0.000  | 0.000  | 0.000  | 1495.000   | 1495.000   | 1495.000    | 1495.000   |
| 1     | 0   | 1    | 0   | 0   | 0   | GET    | /assets/route-Ckv8UtcK.js             | 0.000 | 0.000  | 0.000   | 0.000 | 0.000  | 0.000  | 0.000  | 0.000  | 1148.000   | 1148.000   | 1148.000    | 1148.000   |
| 1     | 0   | 1    | 0   | 0   | 0   | GET    | /assets/rating-star-gH9aOYPH.js       | 0.000 | 0.000  | 0.000   | 0.000 | 0.000  | 0.000  | 0.000  | 0.000  | 519.000    | 519.000    | 519.000     | 519.000    |
| 135   | 0   | 11   | 124 | 0   | 0   | GET    | /client                               | 0.000 | 0.000  | 0.000   | 0.000 | 0.000  | 0.000  | 0.000  | 0.000  | 0.000      | 705.000    | 7755.000    | 57.444     |
| 1     | 0   | 1    | 0   | 0   | 0   | GET    | /assets/simulator-context-fn0s3fwv.js | 0.000 | 0.000  | 0.000   | 0.000 | 0.000  | 0.000  | 0.000  | 0.000  | 2970.000   | 2970.000   | 2970.000    | 2970.000   |
+-------+-----+------+-----+-----+-----+--------+---------------------------------------+-------+--------+---------+-------+--------+--------+--------+--------+------------+------------+-------------+------------+
