+-------+-----+------+-----+-----+-----+--------+---------------------------------------+--------+--------+---------+--------+--------+--------+--------+--------+------------+------------+-------------+------------+
| COUNT | 1XX | 2XX  | 3XX | 4XX | 5XX | METHOD |                  URI                  |  MIN   |  MAX   |   SUM   |  AVG   |  P90   |  P95   |  P99   | STDDEV | MIN(BODY)  | MAX(BODY)  |  SUM(BODY)  | AVG(BODY)  |
+-------+-----+------+-----+-----+-----+--------+---------------------------------------+--------+--------+---------+--------+--------+--------+--------+--------+------------+------------+-------------+------------+
| 1     | 0   | 1    | 0   | 0   | 0   | POST   | /api/initialize                       | 13.925 | 13.925 | 13.925  | 13.925 | 13.925 | 13.925 | 13.925 | 0.000  | 17.000     | 17.000     | 17.000      | 17.000     |
| 21    | 0   | 1    | 0   | 20  | 0   | GET    | /api/owner/chairs                     | 0.712  | 10.009 | 200.689 | 9.557  | 10.009 | 10.009 | 10.009 | 1.978  | 0.000      | 19014.000  | 19014.000   | 905.429    |
| 82    | 0   | 81   | 0   | 1   | 0   | GET    | /api/app/nearby-chairs                | 2.264  | 6.381  | 370.649 | 4.520  | 5.444  | 5.612  | 6.381  | 0.714  | 0.000      | 42.000     | 3402.000    | 41.488     |
| 85    | 0   | 85   | 0   | 0   | 0   | GET    | /api/app/rides                        | 0.008  | 2.504  | 40.305  | 0.474  | 1.844  | 2.036  | 2.504  | 0.588  | 12.000     | 2158.000   | 4918.000    | 57.859     |
| 198   | 0   | 0    | 0   | 0   | 198 | POST   | /api/chair/coordinate                 | 0.016  | 3.544  | 92.027  | 0.465  | 1.216  | 2.740  | 3.364  | 0.714  | 74.000     | 74.000     | 14652.000   | 74.000     |
| 10    | 0   | 10   | 0   | 0   | 0   | POST   | /api/app/payment-methods              | 0.284  | 0.640  | 4.472   | 0.447  | 0.640  | 0.640  | 0.640  | 0.162  | 0.000      | 0.000      | 0.000       | 0.000      |
| 20    | 0   | 20   | 0   | 0   | 0   | POST   | /api/chair/activity                   | 0.072  | 0.752  | 7.752   | 0.388  | 0.640  | 0.752  | 0.752  | 0.201  | 0.000      | 0.000      | 0.000       | 0.000      |
| 2844  | 0   | 2828 | 0   | 16  | 0   | GET    | /api/chair/notification               | 0.004  | 3.548  | 820.673 | 0.289  | 0.492  | 0.592  | 1.024  | 0.279  | 0.000      | 33.000     | 93324.000   | 32.814     |
| 1     | 0   | 1    | 0   | 0   | 0   | GET    | /api/owner/sales?                     | 0.280  | 0.280  | 0.280   | 0.280  | 0.280  | 0.280  | 0.280  | 0.000  | 9183.000   | 9183.000   | 9183.000    | 9183.000   |
| 1     | 0   | 1    | 0   | 0   | 0   | GET    | /api/owner/sales                      | 0.268  | 0.268  | 0.268   | 0.268  | 0.268  | 0.268  | 0.268  | 0.000  | 9017.000   | 9017.000   | 9017.000    | 9017.000   |
| 20    | 0   | 20   | 0   | 0   | 0   | POST   | /api/chair/chairs                     | 0.012  | 0.040  | 0.420   | 0.021  | 0.024  | 0.028  | 0.040  | 0.006  | 75.000     | 75.000     | 1500.000    | 75.000     |
| 5     | 0   | 5    | 0   | 0   | 0   | POST   | /api/owner/owners                     | 0.012  | 0.024  | 0.084   | 0.017  | 0.024  | 0.024  | 0.024  | 0.005  | 125.000    | 125.000    | 625.000     | 125.000    |
| 10    | 0   | 10   | 0   | 0   | 0   | POST   | /api/app/users                        | 0.008  | 0.024  | 0.156   | 0.016  | 0.024  | 0.024  | 0.024  | 0.006  | 86.000     | 86.000     | 860.000     | 86.000     |
| 1246  | 0   | 1238 | 0   | 0   | 8   | GET    | /api/internal/matching                | 0.004  | 1.588  | 16.076  | 0.013  | 0.016  | 0.024  | 0.144  | 0.064  | 0.000      | 166.000    | 640.000     | 0.514      |
| 4     | 0   | 4    | 0   | 0   | 0   | POST   | /api/app/rides/estimated-fare         | 0.008  | 0.008  | 0.032   | 0.008  | 0.008  | 0.008  | 0.008  | 0.000  | 26.000     | 29.000     | 109.000     | 27.250     |
| 118   | 0   | 16   | 102 | 0   | 0   | GET    | /assets/components-Cbm4tYXz.js        | 0.000  | 0.011  | 0.011   | 0.000  | 0.000  | 0.000  | 0.000  | 0.001  | 0.000      | 184569.000 | 2953104.000 | 25026.305  |
| 93    | 0   | 11   | 82  | 0   | 0   | GET    | /images/town.svg                      | 0.000  | 0.002  | 0.002   | 0.000  | 0.000  | 0.000  | 0.002  | 0.000  | 0.000      | 128735.000 | 1416085.000 | 15226.720  |
| 118   | 0   | 16   | 102 | 0   | 0   | GET    | /assets/colors-DB9lnfSt.js            | 0.000  | 0.000  | 0.000   | 0.000  | 0.000  | 0.000  | 0.000  | 0.000  | 0.000      | 5678.000   | 90848.000   | 769.898    |
| 1     | 0   | 1    | 0   | 0   | 0   | GET    | /images/top-bg.png                    | 0.000  | 0.000  | 0.000   | 0.000  | 0.000  | 0.000  | 0.000  | 0.000  | 549793.000 | 549793.000 | 549793.000  | 549793.000 |
| 118   | 0   | 16   | 102 | 0   | 0   | GET    | /assets/entry.client-BwsCJ-uh.js      | 0.000  | 0.000  | 0.000   | 0.000  | 0.000  | 0.000  | 0.000  | 0.000  | 0.000      | 4135.000   | 66160.000   | 560.678    |
| 98    | 0   | 16   | 82  | 0   | 0   | GET    | /assets/text-DfCqYLRl.js              | 0.000  | 0.000  | 0.000   | 0.000  | 0.000  | 0.000  | 0.000  | 0.000  | 0.000      | 505.000    | 8080.000    | 82.449     |
| 1     | 0   | 1    | 0   | 0   | 0   | GET    | /assets/chair-PB3Jm0Ii.js             | 0.000  | 0.000  | 0.000   | 0.000  | 0.000  | 0.000  | 0.000  | 0.000  | 2008.000   | 2008.000   | 2008.000    | 2008.000   |
| 118   | 0   | 16   | 102 | 0   | 0   | GET    | /assets/root-JpS3BGeV.js              | 0.000  | 0.000  | 0.000   | 0.000  | 0.000  | 0.000  | 0.000  | 0.000  | 0.000      | 27925.000  | 446800.000  | 3786.441   |
| 93    | 0   | 11   | 82  | 0   | 0   | GET    | /images/buildings2.svg                | 0.000  | 0.000  | 0.000   | 0.000  | 0.000  | 0.000  | 0.000  | 0.000  | 0.000      | 23825.000  | 262075.000  | 2818.011   |
| 1     | 0   | 1    | 0   | 0   | 0   | GET    | /index.html                           | 0.000  | 0.000  | 0.000   | 0.000  | 0.000  | 0.000  | 0.000  | 0.000  | 705.000    | 705.000    | 705.000     | 705.000    |
| 118   | 0   | 16   | 102 | 0   | 0   | GET    | /assets/api-components-dDIZztSJ.js    | 0.000  | 0.000  | 0.000   | 0.000  | 0.000  | 0.000  | 0.000  | 0.000  | 0.000      | 2007.000   | 32112.000   | 272.136    |
| 118   | 0   | 16   | 102 | 0   | 0   | GET    | /assets/bundle-mjs-Dnoi3Axr.js        | 0.000  | 0.000  | 0.000   | 0.000  | 0.000  | 0.000  | 0.000  | 0.000  | 0.000      | 19912.000  | 318592.000  | 2699.932   |
| 118   | 0   | 16   | 102 | 0   | 0   | GET    | /assets/index-9ZhTBp7q.js             | 0.000  | 0.000  | 0.000   | 0.000  | 0.000  | 0.000  | 0.000  | 0.000  | 0.000      | 60305.000  | 964880.000  | 8176.949   |
| 118   | 0   | 16   | 102 | 0   | 0   | GET    | /assets/isuride-CWZY8A89.js           | 0.000  | 0.000  | 0.000   | 0.000  | 0.000  | 0.000  | 0.000  | 0.000  | 0.000      | 834.000    | 13344.000   | 113.085    |
| 1     | 0   | 1    | 0   | 0   | 0   | GET    | /assets/route-BE5HJ0d6.js             | 0.000  | 0.000  | 0.000   | 0.000  | 0.000  | 0.000  | 0.000  | 0.000  | 3303.000   | 3303.000   | 3303.000    | 3303.000   |
| 93    | 0   | 11   | 82  | 0   | 0   | GET    | /assets/storage-Coaj7Roq.js           | 0.000  | 0.000  | 0.000   | 0.000  | 0.000  | 0.000  | 0.000  | 0.000  | 0.000      | 711.000    | 7821.000    | 84.097     |
| 93    | 0   | 11   | 82  | 0   | 0   | GET    | /images/buildings3.svg                | 0.000  | 0.000  | 0.000   | 0.000  | 0.000  | 0.000  | 0.000  | 0.000  | 0.000      | 23793.000  | 261723.000  | 2814.226   |
| 93    | 0   | 11   | 82  | 0   | 0   | GET    | /images/buildings1.svg                | 0.000  | 0.000  | 0.000   | 0.000  | 0.000  | 0.000  | 0.000  | 0.000  | 0.000      | 13886.000  | 152746.000  | 1642.430   |
| 118   | 0   | 16   | 102 | 0   | 0   | GET    | /assets/jsx-runtime-56DGgGmo.js       | 0.000  | 0.000  | 0.000   | 0.000  | 0.000  | 0.000  | 0.000  | 0.000  | 0.000      | 8107.000   | 129712.000  | 1099.254   |
| 93    | 0   | 11   | 82  | 0   | 0   | GET    | /images/house1.svg                    | 0.000  | 0.000  | 0.000   | 0.000  | 0.000  | 0.000  | 0.000  | 0.000  | 0.000      | 2903.000   | 31933.000   | 343.366    |
| 1     | 0   | 1    | 0   | 0   | 0   | GET    | /assets/map-WlZ9yiya.js               | 0.000  | 0.000  | 0.000   | 0.000  | 0.000  | 0.000  | 0.000  | 0.000  | 11712.000  | 11712.000  | 11712.000   | 11712.000  |
| 1     | 0   | 1    | 0   | 0   | 0   | GET    | /assets/price-D-o-ix3Y.js             | 0.000  | 0.000  | 0.000   | 0.000  | 0.000  | 0.000  | 0.000  | 0.000  | 1793.000   | 1793.000   | 1793.000    | 1793.000   |
| 1     | 0   | 1    | 0   | 0   | 0   | GET    | /favicon-128x128.png                  | 0.000  | 0.000  | 0.000   | 0.000  | 0.000  | 0.000  | 0.000  | 0.000  | 783.000    | 783.000    | 783.000     | 783.000    |
| 93    | 0   | 11   | 82  | 0   | 0   | GET    | /assets/client-context-C6wEaUbS.js    | 0.000  | 0.000  | 0.000   | 0.000  | 0.000  | 0.000  | 0.000  | 0.000  | 0.000      | 2262.000   | 24882.000   | 267.548    |
| 1     | 0   | 1    | 0   | 0   | 0   | GET    | /assets/route-C7CZBETH.js             | 0.000  | 0.000  | 0.000   | 0.000  | 0.000  | 0.000  | 0.000  | 0.000  | 2244.000   | 2244.000   | 2244.000    | 2244.000   |
| 1     | 0   | 1    | 0   | 0   | 0   | GET    | /assets/manifest-2155a205.js          | 0.000  | 0.000  | 0.000   | 0.000  | 0.000  | 0.000  | 0.000  | 0.000  | 9192.000   | 9192.000   | 9192.000    | 9192.000   |
| 11    | 0   | 11   | 0   | 0   | 0   | GET    | /assets/route-j6B5sfAw.js             | 0.000  | 0.000  | 0.000   | 0.000  | 0.000  | 0.000  | 0.000  | 0.000  | 3490.000   | 3490.000   | 38390.000   | 3490.000   |
| 16    | 0   | 16   | 0   | 0   | 0   | GET    | /assets/form-frame-AzQ8YT1a.js        | 0.000  | 0.000  | 0.000   | 0.000  | 0.000  | 0.000  | 0.000  | 0.000  | 824.000    | 824.000    | 13184.000   | 824.000    |
| 93    | 0   | 11   | 82  | 0   | 0   | GET    | /assets/route-B_Zm-GyU.js             | 0.000  | 0.000  | 0.000   | 0.000  | 0.000  | 0.000  | 0.000  | 0.000  | 0.000      | 2687.000   | 29557.000   | 317.817    |
| 11    | 0   | 11   | 0   | 0   | 0   | GET    | /assets/date-input-Br46mw6i.js        | 0.000  | 0.000  | 0.000   | 0.000  | 0.000  | 0.000  | 0.000  | 0.000  | 425.000    | 425.000    | 4675.000    | 425.000    |
| 1     | 0   | 1    | 0   | 0   | 0   | GET    | /assets/rating-star-gH9aOYPH.js       | 0.000  | 0.000  | 0.000   | 0.000  | 0.000  | 0.000  | 0.000  | 0.000  | 519.000    | 519.000    | 519.000     | 519.000    |
| 1     | 0   | 1    | 0   | 0   | 0   | GET    | /assets/route-CNt_mqIX.js             | 0.000  | 0.000  | 0.000   | 0.000  | 0.000  | 0.000  | 0.000  | 0.000  | 26045.000  | 26045.000  | 26045.000   | 26045.000  |
| 1     | 0   | 1    | 0   | 0   | 0   | GET    | /assets/route-D-xfm-4G.js             | 0.000  | 0.000  | 0.000   | 0.000  | 0.000  | 0.000  | 0.000  | 0.000  | 388.000    | 388.000    | 388.000     | 388.000    |
| 1     | 0   | 1    | 0   | 0   | 0   | GET    | /assets/route-qjNoFN43.js             | 0.000  | 0.000  | 0.000   | 0.000  | 0.000  | 0.000  | 0.000  | 0.000  | 2937.000   | 2937.000   | 2937.000    | 2937.000   |
| 93    | 0   | 11   | 82  | 0   | 0   | GET    | /images/house2.svg                    | 0.000  | 0.000  | 0.000   | 0.000  | 0.000  | 0.000  | 0.000  | 0.000  | 0.000      | 6430.000   | 70730.000   | 760.538    |
| 26    | 0   | 6    | 20  | 0   | 0   | GET    | /assets/route-DzrPVuAG.js             | 0.000  | 0.000  | 0.000   | 0.000  | 0.000  | 0.000  | 0.000  | 0.000  | 0.000      | 1908.000   | 11448.000   | 440.308    |
| 93    | 0   | 11   | 82  | 0   | 0   | GET    | /images/buildings5.svg                | 0.000  | 0.000  | 0.000   | 0.000  | 0.000  | 0.000  | 0.000  | 0.000  | 0.000      | 9858.000   | 108438.000  | 1166.000   |
| 118   | 0   | 16   | 102 | 0   | 0   | GET    | /favicon.ico                          | 0.000  | 0.000  | 0.000   | 0.000  | 0.000  | 0.000  | 0.000  | 0.000  | 0.000      | 16958.000  | 271328.000  | 2299.390   |
| 1     | 0   | 1    | 0   | 0   | 0   | GET    | /assets/post-message-C3RbgkUr.js      | 0.000  | 0.000  | 0.000   | 0.000  | 0.000  | 0.000  | 0.000  | 0.000  | 367.000    | 367.000    | 367.000     | 367.000    |
| 118   | 0   | 16   | 102 | 0   | 0   | GET    | /assets/root-BoSp76zW.css             | 0.000  | 0.000  | 0.000   | 0.000  | 0.000  | 0.000  | 0.000  | 0.000  | 0.000      | 26579.000  | 425264.000  | 3603.932   |
| 1     | 0   | 1    | 0   | 0   | 0   | GET    | /assets/route-Bu9MIazC.js             | 0.000  | 0.000  | 0.000   | 0.000  | 0.000  | 0.000  | 0.000  | 0.000  | 10479.000  | 10479.000  | 10479.000   | 10479.000  |
| 36    | 0   | 16   | 20  | 0   | 0   | GET    | /assets/button-CS9qg6Tt.js            | 0.000  | 0.000  | 0.000   | 0.000  | 0.000  | 0.000  | 0.000  | 0.000  | 0.000      | 843.000    | 13488.000   | 374.667    |
| 6     | 0   | 6    | 0   | 0   | 0   | GET    | /assets/route-CJUF4eR6.js             | 0.000  | 0.000  | 0.000   | 0.000  | 0.000  | 0.000  | 0.000  | 0.000  | 1576.000   | 1576.000   | 9456.000    | 1576.000   |
| 93    | 0   | 11   | 82  | 0   | 0   | GET    | /images/buildings6.svg                | 0.000  | 0.000  | 0.000   | 0.000  | 0.000  | 0.000  | 0.000  | 0.000  | 0.000      | 9454.000   | 103994.000  | 1118.215   |
| 1     | 0   | 1    | 0   | 0   | 0   | GET    | /images/top-logo.svg                  | 0.000  | 0.000  | 0.000   | 0.000  | 0.000  | 0.000  | 0.000  | 0.000  | 4749.000   | 4749.000   | 4749.000    | 4749.000   |
| 26    | 0   | 6    | 20  | 0   | 0   | GET    | /assets/owner-context-DCgOhQtd.js     | 0.000  | 0.000  | 0.000   | 0.000  | 0.000  | 0.000  | 0.000  | 0.000  | 0.000      | 1077.000   | 6462.000    | 248.538    |
| 11    | 0   | 11   | 0   | 0   | 0   | GET    | /assets/route-BbZUnrjQ.js             | 0.000  | 0.000  | 0.000   | 0.000  | 0.000  | 0.000  | 0.000  | 0.000  | 1029.000   | 1029.000   | 11319.000   | 1029.000   |
| 1     | 0   | 1    | 0   | 0   | 0   | GET    | /assets/route-BkJsE9q1.js             | 0.000  | 0.000  | 0.000   | 0.000  | 0.000  | 0.000  | 0.000  | 0.000  | 1496.000   | 1496.000   | 1496.000    | 1496.000   |
| 26    | 0   | 6    | 20  | 0   | 0   | GET    | /owner                                | 0.000  | 0.000  | 0.000   | 0.000  | 0.000  | 0.000  | 0.000  | 0.000  | 0.000      | 705.000    | 4230.000    | 162.692    |
| 11    | 0   | 11   | 0   | 0   | 0   | GET    | /assets/responses-Cu7_GOWP.js         | 0.000  | 0.000  | 0.000   | 0.000  | 0.000  | 0.000  | 0.000  | 0.000  | 350.000    | 350.000    | 3850.000    | 350.000    |
| 1     | 0   | 1    | 0   | 0   | 0   | GET    | /assets/get-initial-data-vd1rP8TD.js  | 0.000  | 0.000  | 0.000   | 0.000  | 0.000  | 0.000  | 0.000  | 0.000  | 1757.000   | 1757.000   | 1757.000    | 1757.000   |
| 1     | 0   | 1    | 0   | 0   | 0   | GET    | /assets/route-Bhv1gox0.js             | 0.000  | 0.000  | 0.000   | 0.000  | 0.000  | 0.000  | 0.000  | 0.000  | 2361.000   | 2361.000   | 2361.000    | 2361.000   |
| 1     | 0   | 1    | 0   | 0   | 0   | GET    | /apple-touch-icon-180x180.png         | 0.000  | 0.000  | 0.000   | 0.000  | 0.000  | 0.000  | 0.000  | 0.000  | 1020.000   | 1020.000   | 1020.000    | 1020.000   |
| 93    | 0   | 11   | 82  | 0   | 0   | GET    | /images/buildings4.svg                | 0.000  | 0.000  | 0.000   | 0.000  | 0.000  | 0.000  | 0.000  | 0.000  | 0.000      | 4582.000   | 50402.000   | 541.957    |
| 93    | 0   | 11   | 82  | 0   | 0   | GET    | /assets/frame-CJ9SHS1U.js             | 0.000  | 0.000  | 0.000   | 0.000  | 0.000  | 0.000  | 0.000  | 0.000  | 0.000      | 344.000    | 3784.000    | 40.688     |
| 1     | 0   | 1    | 0   | 0   | 0   | GET    | /assets/simulator-context-fn0s3fwv.js | 0.000  | 0.000  | 0.000   | 0.000  | 0.000  | 0.000  | 0.000  | 0.000  | 2970.000   | 2970.000   | 2970.000    | 2970.000   |
| 1     | 0   | 1    | 0   | 0   | 0   | GET    | /assets/route-Ckv8UtcK.js             | 0.000  | 0.000  | 0.000   | 0.000  | 0.000  | 0.000  | 0.000  | 0.000  | 1148.000   | 1148.000   | 1148.000    | 1148.000   |
| 118   | 0   | 16   | 102 | 0   | 0   | GET    | /assets/get-cookie-value-B3QhECDc.js  | 0.000  | 0.000  | 0.000   | 0.000  | 0.000  | 0.000  | 0.000  | 0.000  | 0.000      | 110.000    | 1760.000    | 14.915     |
| 93    | 0   | 11   | 82  | 0   | 0   | GET    | /assets/api-base-url-Bd0x18OB.js      | 0.000  | 0.000  | 0.000   | 0.000  | 0.000  | 0.000  | 0.000  | 0.000  | 0.000      | 26.000     | 286.000     | 3.075      |
| 26    | 0   | 6    | 20  | 0   | 0   | GET    | /assets/account-switch-C7WpOYxZ.js    | 0.000  | 0.000  | 0.000   | 0.000  | 0.000  | 0.000  | 0.000  | 0.000  | 0.000      | 553.000    | 3318.000    | 127.615    |
| 118   | 0   | 16   | 102 | 0   | 0   | GET    | /favicon-32x32.png                    | 0.000  | 0.000  | 0.000   | 0.000  | 0.000  | 0.000  | 0.000  | 0.000  | 0.000      | 336.000    | 5376.000    | 45.559     |
| 93    | 0   | 11   | 82  | 0   | 0   | GET    | /client                               | 0.000  | 0.000  | 0.000   | 0.000  | 0.000  | 0.000  | 0.000  | 0.000  | 0.000      | 705.000    | 7755.000    | 83.387     |
| 1     | 0   | 1    | 0   | 0   | 0   | GET    | /assets/route-DGKaubqO.js             | 0.000  | 0.000  | 0.000   | 0.000  | 0.000  | 0.000  | 0.000  | 0.000  | 1495.000   | 1495.000   | 1495.000    | 1495.000   |
+-------+-----+------+-----+-----+-----+--------+---------------------------------------+--------+--------+---------+--------+--------+--------+--------+--------+------------+------------+-------------+------------+
