+-------+-----+------+-----+-----+-----+--------+------------------------------------------------------+-------+--------+----------+-------+--------+--------+--------+--------+------------+------------+-------------+------------+
| COUNT | 1XX | 2XX  | 3XX | 4XX | 5XX | METHOD |                         URI                          |  MIN  |  MAX   |   SUM    |  AVG  |  P90   |  P95   |  P99   | STDDEV | MIN(BODY)  | MAX(BODY)  |  SUM(BODY)  | AVG(BODY)  |
+-------+-----+------+-----+-----+-----+--------+------------------------------------------------------+-------+--------+----------+-------+--------+--------+--------+--------+------------+------------+-------------+------------+
| 31    | 0   | 1    | 0   | 30  | 0   | GET    | /api/owner/chairs                                    | 0.716 | 10.008 | 298.380  | 9.625 | 10.004 | 10.008 | 10.008 | 1.660  | 0.000      | 19014.000  | 19014.000   | 613.355    |
| 1     | 0   | 1    | 0   | 0   | 0   | POST   | /api/initialize                                      | 7.144 | 7.144  | 7.144    | 7.144 | 7.144  | 7.144  | 7.144  | 0.000  | 17.000     | 17.000     | 17.000      | 17.000     |
| 11    | 0   | 11   | 0   | 0   | 0   | GET    | /api/app/nearby-chairs                               | 2.352 | 3.168  | 29.508   | 2.683 | 3.024  | 3.168  | 3.168  | 0.262  | 42.000     | 853.000    | 4096.000    | 372.364    |
| 8     | 0   | 0    | 0   | 0   | 8   | POST   | /api/app/rides/01JXF9RC1RHGYC66MBSZVJYVTA/evaluation | 1.160 | 2.564  | 13.328   | 1.666 | 2.564  | 2.564  | 2.564  | 0.495  | 109.000    | 109.000    | 872.000     | 109.000    |
| 9     | 0   | 0    | 0   | 0   | 9   | POST   | /api/app/rides/01JXF9RFJ375DTRZ1C7DS357AT/evaluation | 1.020 | 1.936  | 14.328   | 1.592 | 1.936  | 1.936  | 1.936  | 0.287  | 109.000    | 109.000    | 981.000     | 109.000    |
| 15    | 0   | 0    | 0   | 0   | 15  | POST   | /api/app/rides/01JXF9RC20A7MDPGGEQ3VGVGXW/evaluation | 0.844 | 2.588  | 22.184   | 1.479 | 2.220  | 2.588  | 2.588  | 0.456  | 109.000    | 109.000    | 1635.000    | 109.000    |
| 15    | 0   | 0    | 0   | 0   | 15  | POST   | /api/app/rides/01JXF9RBTX0Y1RD52Q8GXJADMV/evaluation | 0.840 | 2.348  | 20.124   | 1.342 | 1.596  | 2.348  | 2.348  | 0.364  | 109.000    | 109.000    | 1635.000    | 109.000    |
| 3     | 0   | 0    | 0   | 0   | 3   | POST   | /api/app/rides/01JXF9RBKJCGE3J0W8DDCTHA9P/evaluation | 0.776 | 1.392  | 3.288    | 1.096 | 1.392  | 1.392  | 1.392  | 0.252  | 109.000    | 109.000    | 327.000     | 109.000    |
| 793   | 0   | 784  | 0   | 9   | 0   | GET    | /api/app/notification                                | 0.064 | 2.196  | 564.048  | 0.711 | 1.212  | 1.384  | 1.652  | 0.340  | 0.000      | 429.000    | 308242.000  | 388.704    |
| 2     | 0   | 2    | 0   | 0   | 0   | POST   | /api/chair/rides/01JXF9RCBWT6E785X5ZVB4XF8B/status   | 0.180 | 1.108  | 1.288    | 0.644 | 1.108  | 1.108  | 1.108  | 0.464  | 0.000      | 0.000      | 0.000       | 0.000      |
| 10    | 0   | 10   | 0   | 0   | 0   | POST   | /api/app/rides                                       | 0.228 | 1.048  | 6.428    | 0.643 | 0.968  | 1.048  | 1.048  | 0.234  | 51.000     | 52.000     | 517.000     | 51.700     |
| 2     | 0   | 2    | 0   | 0   | 0   | POST   | /api/chair/rides/01JXF9RC1RHGYC66MBSZVJYVTA/status   | 0.332 | 0.860  | 1.192    | 0.596 | 0.860  | 0.860  | 0.860  | 0.264  | 0.000      | 0.000      | 0.000       | 0.000      |
| 2     | 0   | 2    | 0   | 0   | 0   | POST   | /api/chair/rides/01JXF9RBKJCGE3J0W8DDCTHA9P/status   | 0.212 | 0.888  | 1.100    | 0.550 | 0.888  | 0.888  | 0.888  | 0.338  | 0.000      | 0.000      | 0.000       | 0.000      |
| 729   | 0   | 729  | 0   | 0   | 0   | POST   | /api/chair/coordinate                                | 0.060 | 1.868  | 399.400  | 0.548 | 0.900  | 1.044  | 1.376  | 0.266  | 29.000     | 29.000     | 21141.000   | 29.000     |
| 2     | 0   | 2    | 0   | 0   | 0   | POST   | /api/chair/rides/01JXF9RFJ375DTRZ1C7DS357AT/status   | 0.292 | 0.628  | 0.920    | 0.460 | 0.628  | 0.628  | 0.628  | 0.168  | 0.000      | 0.000      | 0.000       | 0.000      |
| 2     | 0   | 2    | 0   | 0   | 0   | POST   | /api/chair/rides/01JXF9RBH1J1PKCH7T5P8N2J88/status   | 0.156 | 0.604  | 0.760    | 0.380 | 0.604  | 0.604  | 0.604  | 0.224  | 0.000      | 0.000      | 0.000       | 0.000      |
| 2     | 0   | 2    | 0   | 0   | 0   | POST   | /api/chair/rides/01JXF9RBTX0Y1RD52Q8GXJADMV/status   | 0.292 | 0.324  | 0.616    | 0.308 | 0.324  | 0.324  | 0.324  | 0.016  | 0.000      | 0.000      | 0.000       | 0.000      |
| 1     | 0   | 1    | 0   | 0   | 0   | POST   | /api/chair/rides/01JXF9RC4NB42VYH2ASM2NRCV4/status   | 0.292 | 0.292  | 0.292    | 0.292 | 0.292  | 0.292  | 0.292  | 0.000  | 0.000      | 0.000      | 0.000       | 0.000      |
| 1     | 0   | 1    | 0   | 0   | 0   | GET    | /api/owner/sales?                                    | 0.268 | 0.268  | 0.268    | 0.268 | 0.268  | 0.268  | 0.268  | 0.000  | 9183.000   | 9183.000   | 9183.000    | 9183.000   |
| 4251  | 0   | 4234 | 0   | 17  | 0   | GET    | /api/chair/notification                              | 0.004 | 1.388  | 1126.108 | 0.265 | 0.548  | 0.704  | 1.024  | 0.212  | 0.000      | 267.000    | 397818.000  | 93.582     |
| 1     | 0   | 1    | 0   | 0   | 0   | GET    | /api/owner/sales                                     | 0.260 | 0.260  | 0.260    | 0.260 | 0.260  | 0.260  | 0.260  | 0.000  | 9017.000   | 9017.000   | 9017.000    | 9017.000   |
| 14    | 0   | 14   | 0   | 0   | 0   | GET    | /api/app/rides                                       | 0.008 | 0.480  | 3.180    | 0.227 | 0.408  | 0.480  | 0.480  | 0.133  | 12.000     | 2158.000   | 4066.000    | 290.429    |
| 20    | 0   | 20   | 0   | 0   | 0   | POST   | /api/chair/activity                                  | 0.056 | 0.328  | 4.176    | 0.209 | 0.328  | 0.328  | 0.328  | 0.104  | 0.000      | 0.000      | 0.000       | 0.000      |
| 10    | 0   | 10   | 0   | 0   | 0   | POST   | /api/app/payment-methods                             | 0.112 | 0.268  | 1.820    | 0.182 | 0.260  | 0.268  | 0.268  | 0.045  | 0.000      | 0.000      | 0.000       | 0.000      |
| 2     | 0   | 2    | 0   | 0   | 0   | POST   | /api/chair/rides/01JXF9RC20A7MDPGGEQ3VGVGXW/status   | 0.136 | 0.140  | 0.276    | 0.138 | 0.140  | 0.140  | 0.140  | 0.002  | 0.000      | 0.000      | 0.000       | 0.000      |
| 1     | 0   | 1    | 0   | 0   | 0   | POST   | /api/chair/rides/01JXF9RBQX9DQHB11GPKEPD69Q/status   | 0.108 | 0.108  | 0.108    | 0.108 | 0.108  | 0.108  | 0.108  | 0.000  | 0.000      | 0.000      | 0.000       | 0.000      |
| 14    | 0   | 14   | 0   | 0   | 0   | POST   | /api/app/rides/estimated-fare                        | 0.008 | 0.288  | 1.508    | 0.108 | 0.268  | 0.288  | 0.288  | 0.089  | 26.000     | 29.000     | 396.000     | 28.286     |
| 1     | 0   | 1    | 0   | 0   | 0   | POST   | /api/chair/rides/01JXF9RC2AX6F8K9ZJ95XN6Y3N/status   | 0.092 | 0.092  | 0.092    | 0.092 | 0.092  | 0.092  | 0.092  | 0.000  | 0.000      | 0.000      | 0.000       | 0.000      |
| 535   | 0   | 531  | 0   | 0   | 4   | GET    | /api/internal/matching                               | 0.004 | 1.468  | 10.492   | 0.020 | 0.020  | 0.040  | 0.420  | 0.087  | 0.000      | 69.000     | 267.000     | 0.499      |
| 10    | 0   | 10   | 0   | 0   | 0   | POST   | /api/app/users                                       | 0.012 | 0.020  | 0.168    | 0.017 | 0.020  | 0.020  | 0.020  | 0.002  | 86.000     | 86.000     | 860.000     | 86.000     |
| 20    | 0   | 20   | 0   | 0   | 0   | POST   | /api/chair/chairs                                    | 0.012 | 0.020  | 0.332    | 0.017 | 0.020  | 0.020  | 0.020  | 0.002  | 75.000     | 75.000     | 1500.000    | 75.000     |
| 5     | 0   | 5    | 0   | 0   | 0   | POST   | /api/owner/owners                                    | 0.012 | 0.016  | 0.064    | 0.013 | 0.016  | 0.016  | 0.016  | 0.002  | 125.000    | 125.000    | 625.000     | 125.000    |
| 107   | 0   | 16   | 91  | 0   | 0   | GET    | /assets/components-Cbm4tYXz.js                       | 0.000 | 0.010  | 0.050    | 0.000 | 0.000  | 0.004  | 0.009  | 0.002  | 0.000      | 184569.000 | 2953104.000 | 27599.103  |
| 72    | 0   | 11   | 61  | 0   | 0   | GET    | /images/town.svg                                     | 0.000 | 0.006  | 0.011    | 0.000 | 0.000  | 0.000  | 0.006  | 0.001  | 0.000      | 128735.000 | 1416085.000 | 19667.847  |
| 1     | 0   | 1    | 0   | 0   | 0   | GET    | /assets/route-Bu9MIazC.js                            | 0.000 | 0.000  | 0.000    | 0.000 | 0.000  | 0.000  | 0.000  | 0.000  | 10479.000  | 10479.000  | 10479.000   | 10479.000  |
| 107   | 0   | 16   | 91  | 0   | 0   | GET    | /assets/isuride-CWZY8A89.js                          | 0.000 | 0.000  | 0.000    | 0.000 | 0.000  | 0.000  | 0.000  | 0.000  | 0.000      | 834.000    | 13344.000   | 124.710    |
| 107   | 0   | 16   | 91  | 0   | 0   | GET    | /assets/root-BoSp76zW.css                            | 0.000 | 0.000  | 0.000    | 0.000 | 0.000  | 0.000  | 0.000  | 0.000  | 0.000      | 26579.000  | 425264.000  | 3974.430   |
| 1     | 0   | 1    | 0   | 0   | 0   | GET    | /assets/route-BkJsE9q1.js                            | 0.000 | 0.000  | 0.000    | 0.000 | 0.000  | 0.000  | 0.000  | 0.000  | 1496.000   | 1496.000   | 1496.000    | 1496.000   |
| 1     | 0   | 1    | 0   | 0   | 0   | GET    | /assets/route-DGKaubqO.js                            | 0.000 | 0.000  | 0.000    | 0.000 | 0.000  | 0.000  | 0.000  | 0.000  | 1495.000   | 1495.000   | 1495.000    | 1495.000   |
| 77    | 0   | 16   | 61  | 0   | 0   | GET    | /assets/text-DfCqYLRl.js                             | 0.000 | 0.000  | 0.000    | 0.000 | 0.000  | 0.000  | 0.000  | 0.000  | 0.000      | 505.000    | 8080.000    | 104.935    |
| 72    | 0   | 11   | 61  | 0   | 0   | GET    | /images/buildings2.svg                               | 0.000 | 0.000  | 0.000    | 0.000 | 0.000  | 0.000  | 0.000  | 0.000  | 0.000      | 23825.000  | 262075.000  | 3639.931   |
| 107   | 0   | 16   | 91  | 0   | 0   | GET    | /assets/colors-DB9lnfSt.js                           | 0.000 | 0.000  | 0.000    | 0.000 | 0.000  | 0.000  | 0.000  | 0.000  | 0.000      | 5678.000   | 90848.000   | 849.047    |
| 1     | 0   | 1    | 0   | 0   | 0   | GET    | /assets/route-Ckv8UtcK.js                            | 0.000 | 0.000  | 0.000    | 0.000 | 0.000  | 0.000  | 0.000  | 0.000  | 1148.000   | 1148.000   | 1148.000    | 1148.000   |
| 72    | 0   | 11   | 61  | 0   | 0   | GET    | /images/buildings1.svg                               | 0.000 | 0.000  | 0.000    | 0.000 | 0.000  | 0.000  | 0.000  | 0.000  | 0.000      | 13886.000  | 152746.000  | 2121.472   |
| 72    | 0   | 11   | 61  | 0   | 0   | GET    | /images/house2.svg                                   | 0.000 | 0.000  | 0.000    | 0.000 | 0.000  | 0.000  | 0.000  | 0.000  | 0.000      | 6430.000   | 70730.000   | 982.361    |
| 1     | 0   | 1    | 0   | 0   | 0   | GET    | /index.html                                          | 0.000 | 0.000  | 0.000    | 0.000 | 0.000  | 0.000  | 0.000  | 0.000  | 705.000    | 705.000    | 705.000     | 705.000    |
| 11    | 0   | 11   | 0   | 0   | 0   | GET    | /assets/route-BbZUnrjQ.js                            | 0.000 | 0.000  | 0.000    | 0.000 | 0.000  | 0.000  | 0.000  | 0.000  | 1029.000   | 1029.000   | 11319.000   | 1029.000   |
| 1     | 0   | 1    | 0   | 0   | 0   | GET    | /images/top-bg.png                                   | 0.000 | 0.000  | 0.000    | 0.000 | 0.000  | 0.000  | 0.000  | 0.000  | 549793.000 | 549793.000 | 549793.000  | 549793.000 |
| 1     | 0   | 1    | 0   | 0   | 0   | GET    | /assets/route-Bhv1gox0.js                            | 0.000 | 0.000  | 0.000    | 0.000 | 0.000  | 0.000  | 0.000  | 0.000  | 2361.000   | 2361.000   | 2361.000    | 2361.000   |
| 36    | 0   | 6    | 30  | 0   | 0   | GET    | /assets/route-DzrPVuAG.js                            | 0.000 | 0.000  | 0.000    | 0.000 | 0.000  | 0.000  | 0.000  | 0.000  | 0.000      | 1908.000   | 11448.000   | 318.000    |
| 72    | 0   | 11   | 61  | 0   | 0   | GET    | /assets/storage-Coaj7Roq.js                          | 0.000 | 0.000  | 0.000    | 0.000 | 0.000  | 0.000  | 0.000  | 0.000  | 0.000      | 711.000    | 7821.000    | 108.625    |
| 36    | 0   | 6    | 30  | 0   | 0   | GET    | /assets/owner-context-DCgOhQtd.js                    | 0.000 | 0.000  | 0.000    | 0.000 | 0.000  | 0.000  | 0.000  | 0.000  | 0.000      | 1077.000   | 6462.000    | 179.500    |
| 1     | 0   | 1    | 0   | 0   | 0   | GET    | /assets/post-message-C3RbgkUr.js                     | 0.000 | 0.000  | 0.000    | 0.000 | 0.000  | 0.000  | 0.000  | 0.000  | 367.000    | 367.000    | 367.000     | 367.000    |
| 46    | 0   | 16   | 30  | 0   | 0   | GET    | /assets/button-CS9qg6Tt.js                           | 0.000 | 0.000  | 0.000    | 0.000 | 0.000  | 0.000  | 0.000  | 0.000  | 0.000      | 843.000    | 13488.000   | 293.217    |
| 1     | 0   | 1    | 0   | 0   | 0   | GET    | /assets/get-initial-data-vd1rP8TD.js                 | 0.000 | 0.000  | 0.000    | 0.000 | 0.000  | 0.000  | 0.000  | 0.000  | 1757.000   | 1757.000   | 1757.000    | 1757.000   |
| 1     | 0   | 1    | 0   | 0   | 0   | GET    | /assets/rating-star-gH9aOYPH.js                      | 0.000 | 0.000  | 0.000    | 0.000 | 0.000  | 0.000  | 0.000  | 0.000  | 519.000    | 519.000    | 519.000     | 519.000    |
| 107   | 0   | 16   | 91  | 0   | 0   | GET    | /assets/api-components-dDIZztSJ.js                   | 0.000 | 0.000  | 0.000    | 0.000 | 0.000  | 0.000  | 0.000  | 0.000  | 0.000      | 2007.000   | 32112.000   | 300.112    |
| 72    | 0   | 11   | 61  | 0   | 0   | GET    | /images/buildings6.svg                               | 0.000 | 0.000  | 0.000    | 0.000 | 0.000  | 0.000  | 0.000  | 0.000  | 0.000      | 9454.000   | 103994.000  | 1444.361   |
| 107   | 0   | 16   | 91  | 0   | 0   | GET    | /assets/get-cookie-value-B3QhECDc.js                 | 0.000 | 0.000  | 0.000    | 0.000 | 0.000  | 0.000  | 0.000  | 0.000  | 0.000      | 110.000    | 1760.000    | 16.449     |
| 1     | 0   | 1    | 0   | 0   | 0   | GET    | /assets/route-BE5HJ0d6.js                            | 0.000 | 0.000  | 0.000    | 0.000 | 0.000  | 0.000  | 0.000  | 0.000  | 3303.000   | 3303.000   | 3303.000    | 3303.000   |
| 1     | 0   | 1    | 0   | 0   | 0   | GET    | /assets/route-qjNoFN43.js                            | 0.000 | 0.000  | 0.000    | 0.000 | 0.000  | 0.000  | 0.000  | 0.000  | 2937.000   | 2937.000   | 2937.000    | 2937.000   |
| 107   | 0   | 16   | 91  | 0   | 0   | GET    | /favicon-32x32.png                                   | 0.000 | 0.000  | 0.000    | 0.000 | 0.000  | 0.000  | 0.000  | 0.000  | 0.000      | 336.000    | 5376.000    | 50.243     |
| 6     | 0   | 6    | 0   | 0   | 0   | GET    | /assets/route-CJUF4eR6.js                            | 0.000 | 0.000  | 0.000    | 0.000 | 0.000  | 0.000  | 0.000  | 0.000  | 1576.000   | 1576.000   | 9456.000    | 1576.000   |
| 36    | 0   | 6    | 30  | 0   | 0   | GET    | /owner                                               | 0.000 | 0.000  | 0.000    | 0.000 | 0.000  | 0.000  | 0.000  | 0.000  | 0.000      | 705.000    | 4230.000    | 117.500    |
| 107   | 0   | 16   | 91  | 0   | 0   | GET    | /assets/root-JpS3BGeV.js                             | 0.000 | 0.000  | 0.000    | 0.000 | 0.000  | 0.000  | 0.000  | 0.000  | 0.000      | 27925.000  | 446800.000  | 4175.701   |
| 1     | 0   | 1    | 0   | 0   | 0   | GET    | /apple-touch-icon-180x180.png                        | 0.000 | 0.000  | 0.000    | 0.000 | 0.000  | 0.000  | 0.000  | 0.000  | 1020.000   | 1020.000   | 1020.000    | 1020.000   |
| 72    | 0   | 11   | 61  | 0   | 0   | GET    | /images/house1.svg                                   | 0.000 | 0.000  | 0.000    | 0.000 | 0.000  | 0.000  | 0.000  | 0.000  | 0.000      | 2903.000   | 31933.000   | 443.514    |
| 11    | 0   | 11   | 0   | 0   | 0   | GET    | /assets/responses-Cu7_GOWP.js                        | 0.000 | 0.000  | 0.000    | 0.000 | 0.000  | 0.000  | 0.000  | 0.000  | 350.000    | 350.000    | 3850.000    | 350.000    |
| 107   | 0   | 16   | 91  | 0   | 0   | GET    | /assets/jsx-runtime-56DGgGmo.js                      | 0.000 | 0.000  | 0.000    | 0.000 | 0.000  | 0.000  | 0.000  | 0.000  | 0.000      | 8107.000   | 129712.000  | 1212.262   |
| 107   | 0   | 16   | 91  | 0   | 0   | GET    | /assets/entry.client-BwsCJ-uh.js                     | 0.000 | 0.000  | 0.000    | 0.000 | 0.000  | 0.000  | 0.000  | 0.000  | 0.000      | 4135.000   | 66160.000   | 618.318    |
| 72    | 0   | 11   | 61  | 0   | 0   | GET    | /assets/route-B_Zm-GyU.js                            | 0.000 | 0.000  | 0.000    | 0.000 | 0.000  | 0.000  | 0.000  | 0.000  | 0.000      | 2687.000   | 29557.000   | 410.514    |
| 11    | 0   | 11   | 0   | 0   | 0   | GET    | /assets/date-input-Br46mw6i.js                       | 0.000 | 0.000  | 0.000    | 0.000 | 0.000  | 0.000  | 0.000  | 0.000  | 425.000    | 425.000    | 4675.000    | 425.000    |
| 72    | 0   | 11   | 61  | 0   | 0   | GET    | /assets/client-context-C6wEaUbS.js                   | 0.000 | 0.000  | 0.000    | 0.000 | 0.000  | 0.000  | 0.000  | 0.000  | 0.000      | 2262.000   | 24882.000   | 345.583    |
| 36    | 0   | 6    | 30  | 0   | 0   | GET    | /assets/account-switch-C7WpOYxZ.js                   | 0.000 | 0.000  | 0.000    | 0.000 | 0.000  | 0.000  | 0.000  | 0.000  | 0.000      | 553.000    | 3318.000    | 92.167     |
| 72    | 0   | 11   | 61  | 0   | 0   | GET    | /images/buildings5.svg                               | 0.000 | 0.000  | 0.000    | 0.000 | 0.000  | 0.000  | 0.000  | 0.000  | 0.000      | 9858.000   | 108438.000  | 1506.083   |
| 1     | 0   | 1    | 0   | 0   | 0   | GET    | /images/top-logo.svg                                 | 0.000 | 0.000  | 0.000    | 0.000 | 0.000  | 0.000  | 0.000  | 0.000  | 4749.000   | 4749.000   | 4749.000    | 4749.000   |
| 72    | 0   | 11   | 61  | 0   | 0   | GET    | /assets/frame-CJ9SHS1U.js                            | 0.000 | 0.000  | 0.000    | 0.000 | 0.000  | 0.000  | 0.000  | 0.000  | 0.000      | 344.000    | 3784.000    | 52.556     |
| 1     | 0   | 1    | 0   | 0   | 0   | GET    | /assets/chair-PB3Jm0Ii.js                            | 0.000 | 0.000  | 0.000    | 0.000 | 0.000  | 0.000  | 0.000  | 0.000  | 2008.000   | 2008.000   | 2008.000    | 2008.000   |
| 72    | 0   | 11   | 61  | 0   | 0   | GET    | /assets/api-base-url-Bd0x18OB.js                     | 0.000 | 0.000  | 0.000    | 0.000 | 0.000  | 0.000  | 0.000  | 0.000  | 0.000      | 26.000     | 286.000     | 3.972      |
| 1     | 0   | 1    | 0   | 0   | 0   | GET    | /assets/route-CNt_mqIX.js                            | 0.000 | 0.000  | 0.000    | 0.000 | 0.000  | 0.000  | 0.000  | 0.000  | 26045.000  | 26045.000  | 26045.000   | 26045.000  |
| 1     | 0   | 1    | 0   | 0   | 0   | GET    | /assets/price-D-o-ix3Y.js                            | 0.000 | 0.000  | 0.000    | 0.000 | 0.000  | 0.000  | 0.000  | 0.000  | 1793.000   | 1793.000   | 1793.000    | 1793.000   |
| 1     | 0   | 1    | 0   | 0   | 0   | GET    | /favicon-128x128.png                                 | 0.000 | 0.000  | 0.000    | 0.000 | 0.000  | 0.000  | 0.000  | 0.000  | 783.000    | 783.000    | 783.000     | 783.000    |
| 72    | 0   | 11   | 61  | 0   | 0   | GET    | /images/buildings3.svg                               | 0.000 | 0.000  | 0.000    | 0.000 | 0.000  | 0.000  | 0.000  | 0.000  | 0.000      | 23793.000  | 261723.000  | 3635.042   |
| 11    | 0   | 11   | 0   | 0   | 0   | GET    | /assets/route-j6B5sfAw.js                            | 0.000 | 0.000  | 0.000    | 0.000 | 0.000  | 0.000  | 0.000  | 0.000  | 3490.000   | 3490.000   | 38390.000   | 3490.000   |
| 1     | 0   | 1    | 0   | 0   | 0   | GET    | /assets/route-C7CZBETH.js                            | 0.000 | 0.000  | 0.000    | 0.000 | 0.000  | 0.000  | 0.000  | 0.000  | 2244.000   | 2244.000   | 2244.000    | 2244.000   |
| 16    | 0   | 16   | 0   | 0   | 0   | GET    | /assets/form-frame-AzQ8YT1a.js                       | 0.000 | 0.000  | 0.000    | 0.000 | 0.000  | 0.000  | 0.000  | 0.000  | 824.000    | 824.000    | 13184.000   | 824.000    |
| 1     | 0   | 1    | 0   | 0   | 0   | GET    | /assets/route-D-xfm-4G.js                            | 0.000 | 0.000  | 0.000    | 0.000 | 0.000  | 0.000  | 0.000  | 0.000  | 388.000    | 388.000    | 388.000     | 388.000    |
| 1     | 0   | 1    | 0   | 0   | 0   | GET    | /assets/map-WlZ9yiya.js                              | 0.000 | 0.000  | 0.000    | 0.000 | 0.000  | 0.000  | 0.000  | 0.000  | 11712.000  | 11712.000  | 11712.000   | 11712.000  |
| 72    | 0   | 11   | 61  | 0   | 0   | GET    | /images/buildings4.svg                               | 0.000 | 0.000  | 0.000    | 0.000 | 0.000  | 0.000  | 0.000  | 0.000  | 0.000      | 4582.000   | 50402.000   | 700.028    |
| 1     | 0   | 1    | 0   | 0   | 0   | GET    | /assets/simulator-context-fn0s3fwv.js                | 0.000 | 0.000  | 0.000    | 0.000 | 0.000  | 0.000  | 0.000  | 0.000  | 2970.000   | 2970.000   | 2970.000    | 2970.000   |
| 107   | 0   | 16   | 91  | 0   | 0   | GET    | /assets/bundle-mjs-Dnoi3Axr.js                       | 0.000 | 0.000  | 0.000    | 0.000 | 0.000  | 0.000  | 0.000  | 0.000  | 0.000      | 19912.000  | 318592.000  | 2977.495   |
| 107   | 0   | 16   | 91  | 0   | 0   | GET    | /favicon.ico                                         | 0.000 | 0.000  | 0.000    | 0.000 | 0.000  | 0.000  | 0.000  | 0.000  | 0.000      | 16958.000  | 271328.000  | 2535.776   |
| 1     | 0   | 1    | 0   | 0   | 0   | GET    | /assets/manifest-2155a205.js                         | 0.000 | 0.000  | 0.000    | 0.000 | 0.000  | 0.000  | 0.000  | 0.000  | 9192.000   | 9192.000   | 9192.000    | 9192.000   |
| 72    | 0   | 11   | 61  | 0   | 0   | GET    | /client                                              | 0.000 | 0.000  | 0.000    | 0.000 | 0.000  | 0.000  | 0.000  | 0.000  | 0.000      | 705.000    | 7755.000    | 107.708    |
| 107   | 0   | 16   | 91  | 0   | 0   | GET    | /assets/index-9ZhTBp7q.js                            | 0.000 | 0.000  | 0.000    | 0.000 | 0.000  | 0.000  | 0.000  | 0.000  | 0.000      | 60305.000  | 964880.000  | 9017.570   |
+-------+-----+------+-----+-----+-----+--------+------------------------------------------------------+-------+--------+----------+-------+--------+--------+--------+--------+------------+------------+-------------+------------+
