+-------+-----+------+-----+-----+-----+--------+----------------------------------------------------+-------+--------+----------+-------+--------+--------+--------+--------+------------+------------+-------------+------------+
| COUNT | 1XX | 2XX  | 3XX | 4XX | 5XX | METHOD |                        URI                         |  MIN  |  MAX   |   SUM    |  AVG  |  P90   |  P95   |  P99   | STDDEV | MIN(BODY)  | MAX(BODY)  |  SUM(BODY)  | AVG(BODY)  |
+-------+-----+------+-----+-----+-----+--------+----------------------------------------------------+-------+--------+----------+-------+--------+--------+--------+--------+------------+------------+-------------+------------+
| 52    | 0   | 2    | 0   | 50  | 0   | GET    | /api/owner/chairs                                  | 0.632 | 10.012 | 501.038  | 9.635 | 10.008 | 10.009 | 10.012 | 1.792  | 0.000      | 19014.000  | 38006.000   | 730.885    |
| 2     | 0   | 2    | 0   | 0   | 0   | POST   | /api/initialize                                    | 6.356 | 8.144  | 14.500   | 7.250 | 8.144  | 8.144  | 8.144  | 0.894  | 17.000     | 17.000     | 34.000      | 17.000     |
| 143   | 0   | 143  | 0   | 0   | 0   | GET    | /api/app/nearby-chairs                             | 1.628 | 4.980  | 404.921  | 2.832 | 3.624  | 3.764  | 4.664  | 0.567  | 42.000     | 897.000    | 9305.000    | 65.070     |
| 10    | 0   | 10   | 0   | 0   | 0   | POST   | /api/app/rides                                     | 0.784 | 1.320  | 10.552   | 1.055 | 1.280  | 1.320  | 1.320  | 0.197  | 51.000     | 52.000     | 517.000     | 51.700     |
| 753   | 0   | 557  | 0   | 0   | 196 | POST   | /api/chair/coordinate                              | 0.104 | 2.304  | 563.324  | 0.748 | 1.236  | 1.456  | 1.756  | 0.368  | 29.000     | 78.000     | 31441.000   | 41.754     |
| 739   | 0   | 731  | 0   | 8   | 0   | GET    | /api/app/notification                              | 0.028 | 2.508  | 545.442  | 0.738 | 1.244  | 1.508  | 2.016  | 0.388  | 0.000      | 435.000    | 292310.000  | 395.548    |
| 1     | 0   | 1    | 0   | 0   | 0   | POST   | /api/chair/rides/01JZ5DVSFPQ4PAT2VVZY2STJ6R/status | 0.664 | 0.664  | 0.664    | 0.664 | 0.664  | 0.664  | 0.664  | 0.000  | 0.000      | 0.000      | 0.000       | 0.000      |
| 1     | 0   | 1    | 0   | 0   | 0   | POST   | /api/chair/rides/01JZ5DVP7JWXS9RDV3PFZYPEH1/status | 0.644 | 0.644  | 0.644    | 0.644 | 0.644  | 0.644  | 0.644  | 0.000  | 0.000      | 0.000      | 0.000       | 0.000      |
| 2     | 0   | 2    | 0   | 0   | 0   | POST   | /api/chair/rides/01JZ5DVRX2K76PRFD0VC2H50W7/status | 0.344 | 0.912  | 1.256    | 0.628 | 0.912  | 0.912  | 0.912  | 0.284  | 0.000      | 0.000      | 0.000       | 0.000      |
| 1     | 0   | 1    | 0   | 0   | 0   | POST   | /api/chair/rides/01JZ5DVQKWFPRRQ3RGMMN9V8V2/status | 0.588 | 0.588  | 0.588    | 0.588 | 0.588  | 0.588  | 0.588  | 0.000  | 0.000      | 0.000      | 0.000       | 0.000      |
| 1     | 0   | 1    | 0   | 0   | 0   | POST   | /api/chair/rides/01JZ5DVN6WS1B1AWYWFDDVXC3M/status | 0.420 | 0.420  | 0.420    | 0.420 | 0.420  | 0.420  | 0.420  | 0.000  | 0.000      | 0.000      | 0.000       | 0.000      |
| 20    | 0   | 20   | 0   | 0   | 0   | POST   | /api/app/payment-methods                           | 0.196 | 0.552  | 7.988    | 0.399 | 0.532  | 0.552  | 0.552  | 0.114  | 0.000      | 0.000      | 0.000       | 0.000      |
| 1     | 0   | 1    | 0   | 0   | 0   | POST   | /api/chair/rides/01JZ5DVMVH7876QBV7DKF47J99/status | 0.380 | 0.380  | 0.380    | 0.380 | 0.380  | 0.380  | 0.380  | 0.000  | 0.000      | 0.000      | 0.000       | 0.000      |
| 1     | 0   | 1    | 0   | 0   | 0   | POST   | /api/chair/rides/01JZ5DVPA64G9TKM78KAQQ2B8H/status | 0.348 | 0.348  | 0.348    | 0.348 | 0.348  | 0.348  | 0.348  | 0.000  | 0.000      | 0.000      | 0.000       | 0.000      |
| 40    | 0   | 40   | 0   | 0   | 0   | POST   | /api/chair/activity                                | 0.112 | 0.588  | 13.560   | 0.339 | 0.512  | 0.588  | 0.588  | 0.130  | 0.000      | 0.000      | 0.000       | 0.000      |
| 1     | 0   | 1    | 0   | 0   | 0   | POST   | /api/chair/rides/01JZ5DVN6DTGVK5MJVHTWP8AH8/status | 0.320 | 0.320  | 0.320    | 0.320 | 0.320  | 0.320  | 0.320  | 0.000  | 0.000      | 0.000      | 0.000       | 0.000      |
| 2     | 0   | 2    | 0   | 0   | 0   | GET    | /api/owner/sales?                                  | 0.236 | 0.284  | 0.520    | 0.260 | 0.284  | 0.284  | 0.284  | 0.024  | 9183.000   | 9190.000   | 18373.000   | 9186.500   |
| 1     | 0   | 1    | 0   | 0   | 0   | POST   | /api/chair/rides/01JZ5DVNDX40Q5BSYEQWJSCWGA/status | 0.248 | 0.248  | 0.248    | 0.248 | 0.248  | 0.248  | 0.248  | 0.000  | 0.000      | 0.000      | 0.000       | 0.000      |
| 2     | 0   | 2    | 0   | 0   | 0   | GET    | /api/owner/sales                                   | 0.232 | 0.248  | 0.480    | 0.240 | 0.248  | 0.248  | 0.248  | 0.008  | 9017.000   | 9024.000   | 18041.000   | 9020.500   |
| 149   | 0   | 149  | 0   | 0   | 0   | GET    | /api/app/rides                                     | 0.008 | 0.856  | 34.848   | 0.234 | 0.412  | 0.492  | 0.732  | 0.149  | 12.000     | 2158.000   | 9584.000    | 64.322     |
| 8684  | 0   | 8661 | 0   | 23  | 0   | GET    | /api/chair/notification                            | 0.004 | 2.308  | 1878.359 | 0.216 | 0.428  | 0.572  | 0.932  | 0.184  | 0.000      | 268.000    | 524171.000  | 60.361     |
| 1     | 0   | 1    | 0   | 0   | 0   | POST   | /api/chair/rides/01JZ5DVN0EEH7JWB08K6MPV9WH/status | 0.216 | 0.216  | 0.216    | 0.216 | 0.216  | 0.216  | 0.216  | 0.000  | 0.000      | 0.000      | 0.000       | 0.000      |
| 18    | 0   | 18   | 0   | 0   | 0   | POST   | /api/app/rides/estimated-fare                      | 0.004 | 0.400  | 2.092    | 0.116 | 0.352  | 0.400  | 0.400  | 0.127  | 26.000     | 29.000     | 505.000     | 28.056     |
| 782   | 0   | 775  | 0   | 0   | 7   | GET    | /api/internal/matching                             | 0.004 | 1.396  | 14.640   | 0.019 | 0.020  | 0.056  | 0.388  | 0.081  | 0.000      | 69.000     | 474.000     | 0.606      |
| 40    | 0   | 40   | 0   | 0   | 0   | POST   | /api/chair/chairs                                  | 0.008 | 0.024  | 0.640    | 0.016 | 0.020  | 0.024  | 0.024  | 0.004  | 75.000     | 75.000     | 3000.000    | 75.000     |
| 20    | 0   | 20   | 0   | 0   | 0   | POST   | /api/app/users                                     | 0.012 | 0.020  | 0.312    | 0.016 | 0.020  | 0.020  | 0.020  | 0.003  | 86.000     | 86.000     | 1720.000    | 86.000     |
| 10    | 0   | 10   | 0   | 0   | 0   | POST   | /api/owner/owners                                  | 0.008 | 0.020  | 0.124    | 0.012 | 0.016  | 0.020  | 0.020  | 0.003  | 125.000    | 125.000    | 1250.000    | 125.000    |
| 2     | 0   | 2    | 0   | 0   | 0   | GET    | /images/top-bg.png                                 | 0.002 | 0.008  | 0.010    | 0.005 | 0.008  | 0.008  | 0.008  | 0.003  | 549793.000 | 549793.000 | 1099586.000 | 549793.000 |
| 225   | 0   | 32   | 193 | 0   | 0   | GET    | /assets/components-Cbm4tYXz.js                     | 0.000 | 0.003  | 0.009    | 0.000 | 0.000  | 0.000  | 0.002  | 0.000  | 0.000      | 184569.000 | 5906208.000 | 26249.813  |
| 62    | 0   | 12   | 50  | 0   | 0   | GET    | /assets/route-DzrPVuAG.js                          | 0.000 | 0.000  | 0.000    | 0.000 | 0.000  | 0.000  | 0.000  | 0.000  | 0.000      | 1908.000   | 22896.000   | 369.290    |
| 165   | 0   | 22   | 143 | 0   | 0   | GET    | /assets/storage-Coaj7Roq.js                        | 0.000 | 0.000  | 0.000    | 0.000 | 0.000  | 0.000  | 0.000  | 0.000  | 0.000      | 711.000    | 15642.000   | 94.800     |
| 165   | 0   | 22   | 143 | 0   | 0   | GET    | /images/buildings5.svg                             | 0.000 | 0.000  | 0.000    | 0.000 | 0.000  | 0.000  | 0.000  | 0.000  | 0.000      | 9858.000   | 216876.000  | 1314.400   |
| 165   | 0   | 22   | 143 | 0   | 0   | GET    | /images/house2.svg                                 | 0.000 | 0.000  | 0.000    | 0.000 | 0.000  | 0.000  | 0.000  | 0.000  | 0.000      | 6430.000   | 141460.000  | 857.333    |
| 225   | 0   | 32   | 193 | 0   | 0   | GET    | /assets/index-9ZhTBp7q.js                          | 0.000 | 0.000  | 0.000    | 0.000 | 0.000  | 0.000  | 0.000  | 0.000  | 0.000      | 60305.000  | 1929760.000 | 8576.711   |
| 2     | 0   | 2    | 0   | 0   | 0   | GET    | /assets/route-Bu9MIazC.js                          | 0.000 | 0.000  | 0.000    | 0.000 | 0.000  | 0.000  | 0.000  | 0.000  | 10479.000  | 10479.000  | 20958.000   | 10479.000  |
| 22    | 0   | 22   | 0   | 0   | 0   | GET    | /assets/route-j6B5sfAw.js                          | 0.000 | 0.000  | 0.000    | 0.000 | 0.000  | 0.000  | 0.000  | 0.000  | 3490.000   | 3490.000   | 76780.000   | 3490.000   |
| 165   | 0   | 22   | 143 | 0   | 0   | GET    | /images/house1.svg                                 | 0.000 | 0.000  | 0.000    | 0.000 | 0.000  | 0.000  | 0.000  | 0.000  | 0.000      | 2903.000   | 63866.000   | 387.067    |
| 22    | 0   | 22   | 0   | 0   | 0   | GET    | /assets/responses-Cu7_GOWP.js                      | 0.000 | 0.000  | 0.000    | 0.000 | 0.000  | 0.000  | 0.000  | 0.000  | 350.000    | 350.000    | 7700.000    | 350.000    |
| 2     | 0   | 2    | 0   | 0   | 0   | GET    | /assets/route-qjNoFN43.js                          | 0.000 | 0.000  | 0.000    | 0.000 | 0.000  | 0.000  | 0.000  | 0.000  | 2937.000   | 2937.000   | 5874.000    | 2937.000   |
| 2     | 0   | 2    | 0   | 0   | 0   | GET    | /assets/get-initial-data-vd1rP8TD.js               | 0.000 | 0.000  | 0.000    | 0.000 | 0.000  | 0.000  | 0.000  | 0.000  | 1757.000   | 1757.000   | 3514.000    | 1757.000   |
| 2     | 0   | 2    | 0   | 0   | 0   | GET    | /assets/route-CNt_mqIX.js                          | 0.000 | 0.000  | 0.000    | 0.000 | 0.000  | 0.000  | 0.000  | 0.000  | 26045.000  | 26045.000  | 52090.000   | 26045.000  |
| 165   | 0   | 22   | 143 | 0   | 0   | GET    | /assets/api-base-url-Bd0x18OB.js                   | 0.000 | 0.000  | 0.000    | 0.000 | 0.000  | 0.000  | 0.000  | 0.000  | 0.000      | 26.000     | 572.000     | 3.467      |
| 2     | 0   | 2    | 0   | 0   | 0   | GET    | /assets/route-BE5HJ0d6.js                          | 0.000 | 0.000  | 0.000    | 0.000 | 0.000  | 0.000  | 0.000  | 0.000  | 3303.000   | 3303.000   | 6606.000    | 3303.000   |
| 2     | 0   | 2    | 0   | 0   | 0   | GET    | /assets/route-C7CZBETH.js                          | 0.000 | 0.000  | 0.000    | 0.000 | 0.000  | 0.000  | 0.000  | 0.000  | 2244.000   | 2244.000   | 4488.000    | 2244.000   |
| 2     | 0   | 2    | 0   | 0   | 0   | GET    | /assets/route-Ckv8UtcK.js                          | 0.000 | 0.000  | 0.000    | 0.000 | 0.000  | 0.000  | 0.000  | 0.000  | 1148.000   | 1148.000   | 2296.000    | 1148.000   |
| 225   | 0   | 32   | 193 | 0   | 0   | GET    | /favicon.ico                                       | 0.000 | 0.000  | 0.000    | 0.000 | 0.000  | 0.000  | 0.000  | 0.000  | 0.000      | 16958.000  | 542656.000  | 2411.804   |
| 225   | 0   | 32   | 193 | 0   | 0   | GET    | /assets/root-JpS3BGeV.js                           | 0.000 | 0.000  | 0.000    | 0.000 | 0.000  | 0.000  | 0.000  | 0.000  | 0.000      | 27925.000  | 893600.000  | 3971.556   |
| 22    | 0   | 22   | 0   | 0   | 0   | GET    | /assets/route-BbZUnrjQ.js                          | 0.000 | 0.000  | 0.000    | 0.000 | 0.000  | 0.000  | 0.000  | 0.000  | 1029.000   | 1029.000   | 22638.000   | 1029.000   |
| 225   | 0   | 32   | 193 | 0   | 0   | GET    | /assets/colors-DB9lnfSt.js                         | 0.000 | 0.000  | 0.000    | 0.000 | 0.000  | 0.000  | 0.000  | 0.000  | 0.000      | 5678.000   | 181696.000  | 807.538    |
| 2     | 0   | 2    | 0   | 0   | 0   | GET    | /assets/manifest-2155a205.js                       | 0.000 | 0.000  | 0.000    | 0.000 | 0.000  | 0.000  | 0.000  | 0.000  | 9192.000   | 9192.000   | 18384.000   | 9192.000   |
| 2     | 0   | 2    | 0   | 0   | 0   | GET    | /assets/post-message-C3RbgkUr.js                   | 0.000 | 0.000  | 0.000    | 0.000 | 0.000  | 0.000  | 0.000  | 0.000  | 367.000    | 367.000    | 734.000     | 367.000    |
| 2     | 0   | 2    | 0   | 0   | 0   | GET    | /assets/rating-star-gH9aOYPH.js                    | 0.000 | 0.000  | 0.000    | 0.000 | 0.000  | 0.000  | 0.000  | 0.000  | 519.000    | 519.000    | 1038.000    | 519.000    |
| 12    | 0   | 12   | 0   | 0   | 0   | GET    | /assets/route-CJUF4eR6.js                          | 0.000 | 0.000  | 0.000    | 0.000 | 0.000  | 0.000  | 0.000  | 0.000  | 1576.000   | 1576.000   | 18912.000   | 1576.000   |
| 175   | 0   | 32   | 143 | 0   | 0   | GET    | /assets/text-DfCqYLRl.js                           | 0.000 | 0.000  | 0.000    | 0.000 | 0.000  | 0.000  | 0.000  | 0.000  | 0.000      | 505.000    | 16160.000   | 92.343     |
| 2     | 0   | 2    | 0   | 0   | 0   | GET    | /images/top-logo.svg                               | 0.000 | 0.000  | 0.000    | 0.000 | 0.000  | 0.000  | 0.000  | 0.000  | 4749.000   | 4749.000   | 9498.000    | 4749.000   |
| 165   | 0   | 22   | 143 | 0   | 0   | GET    | /images/town.svg                                   | 0.000 | 0.000  | 0.000    | 0.000 | 0.000  | 0.000  | 0.000  | 0.000  | 0.000      | 128735.000 | 2832170.000 | 17164.667  |
| 22    | 0   | 22   | 0   | 0   | 0   | GET    | /assets/date-input-Br46mw6i.js                     | 0.000 | 0.000  | 0.000    | 0.000 | 0.000  | 0.000  | 0.000  | 0.000  | 425.000    | 425.000    | 9350.000    | 425.000    |
| 225   | 0   | 32   | 193 | 0   | 0   | GET    | /assets/jsx-runtime-56DGgGmo.js                    | 0.000 | 0.000  | 0.000    | 0.000 | 0.000  | 0.000  | 0.000  | 0.000  | 0.000      | 8107.000   | 259424.000  | 1152.996   |
| 2     | 0   | 2    | 0   | 0   | 0   | GET    | /assets/map-WlZ9yiya.js                            | 0.000 | 0.000  | 0.000    | 0.000 | 0.000  | 0.000  | 0.000  | 0.000  | 11712.000  | 11712.000  | 23424.000   | 11712.000  |
| 2     | 0   | 2    | 0   | 0   | 0   | GET    | /assets/route-DGKaubqO.js                          | 0.000 | 0.000  | 0.000    | 0.000 | 0.000  | 0.000  | 0.000  | 0.000  | 1495.000   | 1495.000   | 2990.000    | 1495.000   |
| 165   | 0   | 22   | 143 | 0   | 0   | GET    | /images/buildings2.svg                             | 0.000 | 0.000  | 0.000    | 0.000 | 0.000  | 0.000  | 0.000  | 0.000  | 0.000      | 23825.000  | 524150.000  | 3176.667   |
| 2     | 0   | 2    | 0   | 0   | 0   | GET    | /assets/route-D-xfm-4G.js                          | 0.000 | 0.000  | 0.000    | 0.000 | 0.000  | 0.000  | 0.000  | 0.000  | 388.000    | 388.000    | 776.000     | 388.000    |
| 2     | 0   | 2    | 0   | 0   | 0   | GET    | /assets/chair-PB3Jm0Ii.js                          | 0.000 | 0.000  | 0.000    | 0.000 | 0.000  | 0.000  | 0.000  | 0.000  | 2008.000   | 2008.000   | 4016.000    | 2008.000   |
| 62    | 0   | 12   | 50  | 0   | 0   | GET    | /owner                                             | 0.000 | 0.000  | 0.000    | 0.000 | 0.000  | 0.000  | 0.000  | 0.000  | 0.000      | 705.000    | 8460.000    | 136.452    |
| 165   | 0   | 22   | 143 | 0   | 0   | GET    | /assets/client-context-C6wEaUbS.js                 | 0.000 | 0.000  | 0.000    | 0.000 | 0.000  | 0.000  | 0.000  | 0.000  | 0.000      | 2262.000   | 49764.000   | 301.600    |
| 225   | 0   | 32   | 193 | 0   | 0   | GET    | /assets/bundle-mjs-Dnoi3Axr.js                     | 0.000 | 0.000  | 0.000    | 0.000 | 0.000  | 0.000  | 0.000  | 0.000  | 0.000      | 19912.000  | 637184.000  | 2831.929   |
| 165   | 0   | 22   | 143 | 0   | 0   | GET    | /images/buildings6.svg                             | 0.000 | 0.000  | 0.000    | 0.000 | 0.000  | 0.000  | 0.000  | 0.000  | 0.000      | 9454.000   | 207988.000  | 1260.533   |
| 2     | 0   | 2    | 0   | 0   | 0   | GET    | /assets/route-BkJsE9q1.js                          | 0.000 | 0.000  | 0.000    | 0.000 | 0.000  | 0.000  | 0.000  | 0.000  | 1496.000   | 1496.000   | 2992.000    | 1496.000   |
| 165   | 0   | 22   | 143 | 0   | 0   | GET    | /assets/route-B_Zm-GyU.js                          | 0.000 | 0.000  | 0.000    | 0.000 | 0.000  | 0.000  | 0.000  | 0.000  | 0.000      | 2687.000   | 59114.000   | 358.267    |
| 32    | 0   | 32   | 0   | 0   | 0   | GET    | /assets/form-frame-AzQ8YT1a.js                     | 0.000 | 0.000  | 0.000    | 0.000 | 0.000  | 0.000  | 0.000  | 0.000  | 824.000    | 824.000    | 26368.000   | 824.000    |
| 165   | 0   | 22   | 143 | 0   | 0   | GET    | /images/buildings3.svg                             | 0.000 | 0.000  | 0.000    | 0.000 | 0.000  | 0.000  | 0.000  | 0.000  | 0.000      | 23793.000  | 523446.000  | 3172.400   |
| 225   | 0   | 32   | 193 | 0   | 0   | GET    | /assets/root-BoSp76zW.css                          | 0.000 | 0.000  | 0.000    | 0.000 | 0.000  | 0.000  | 0.000  | 0.000  | 0.000      | 26579.000  | 850528.000  | 3780.124   |
| 62    | 0   | 12   | 50  | 0   | 0   | GET    | /assets/owner-context-DCgOhQtd.js                  | 0.000 | 0.000  | 0.000    | 0.000 | 0.000  | 0.000  | 0.000  | 0.000  | 0.000      | 1077.000   | 12924.000   | 208.452    |
| 225   | 0   | 32   | 193 | 0   | 0   | GET    | /assets/isuride-CWZY8A89.js                        | 0.000 | 0.000  | 0.000    | 0.000 | 0.000  | 0.000  | 0.000  | 0.000  | 0.000      | 834.000    | 26688.000   | 118.613    |
| 225   | 0   | 32   | 193 | 0   | 0   | GET    | /assets/api-components-dDIZztSJ.js                 | 0.000 | 0.000  | 0.000    | 0.000 | 0.000  | 0.000  | 0.000  | 0.000  | 0.000      | 2007.000   | 64224.000   | 285.440    |
| 2     | 0   | 2    | 0   | 0   | 0   | GET    | /index.html                                        | 0.000 | 0.000  | 0.000    | 0.000 | 0.000  | 0.000  | 0.000  | 0.000  | 705.000    | 705.000    | 1410.000    | 705.000    |
| 225   | 0   | 32   | 193 | 0   | 0   | GET    | /favicon-32x32.png                                 | 0.000 | 0.000  | 0.000    | 0.000 | 0.000  | 0.000  | 0.000  | 0.000  | 0.000      | 336.000    | 10752.000   | 47.787     |
| 2     | 0   | 2    | 0   | 0   | 0   | GET    | /assets/route-Bhv1gox0.js                          | 0.000 | 0.000  | 0.000    | 0.000 | 0.000  | 0.000  | 0.000  | 0.000  | 2361.000   | 2361.000   | 4722.000    | 2361.000   |
| 165   | 0   | 22   | 143 | 0   | 0   | GET    | /assets/frame-CJ9SHS1U.js                          | 0.000 | 0.000  | 0.000    | 0.000 | 0.000  | 0.000  | 0.000  | 0.000  | 0.000      | 344.000    | 7568.000    | 45.867     |
| 82    | 0   | 32   | 50  | 0   | 0   | GET    | /assets/button-CS9qg6Tt.js                         | 0.000 | 0.000  | 0.000    | 0.000 | 0.000  | 0.000  | 0.000  | 0.000  | 0.000      | 843.000    | 26976.000   | 328.976    |
| 2     | 0   | 2    | 0   | 0   | 0   | GET    | /favicon-128x128.png                               | 0.000 | 0.000  | 0.000    | 0.000 | 0.000  | 0.000  | 0.000  | 0.000  | 783.000    | 783.000    | 1566.000    | 783.000    |
| 2     | 0   | 2    | 0   | 0   | 0   | GET    | /apple-touch-icon-180x180.png                      | 0.000 | 0.000  | 0.000    | 0.000 | 0.000  | 0.000  | 0.000  | 0.000  | 1020.000   | 1020.000   | 2040.000    | 1020.000   |
| 62    | 0   | 12   | 50  | 0   | 0   | GET    | /assets/account-switch-C7WpOYxZ.js                 | 0.000 | 0.000  | 0.000    | 0.000 | 0.000  | 0.000  | 0.000  | 0.000  | 0.000      | 553.000    | 6636.000    | 107.032    |
| 165   | 0   | 22   | 143 | 0   | 0   | GET    | /images/buildings4.svg                             | 0.000 | 0.000  | 0.000    | 0.000 | 0.000  | 0.000  | 0.000  | 0.000  | 0.000      | 4582.000   | 100804.000  | 610.933    |
| 2     | 0   | 2    | 0   | 0   | 0   | GET    | /assets/simulator-context-fn0s3fwv.js              | 0.000 | 0.000  | 0.000    | 0.000 | 0.000  | 0.000  | 0.000  | 0.000  | 2970.000   | 2970.000   | 5940.000    | 2970.000   |
| 225   | 0   | 32   | 193 | 0   | 0   | GET    | /assets/get-cookie-value-B3QhECDc.js               | 0.000 | 0.000  | 0.000    | 0.000 | 0.000  | 0.000  | 0.000  | 0.000  | 0.000      | 110.000    | 3520.000    | 15.644     |
| 165   | 0   | 22   | 143 | 0   | 0   | GET    | /images/buildings1.svg                             | 0.000 | 0.000  | 0.000    | 0.000 | 0.000  | 0.000  | 0.000  | 0.000  | 0.000      | 13886.000  | 305492.000  | 1851.467   |
| 2     | 0   | 2    | 0   | 0   | 0   | GET    | /assets/price-D-o-ix3Y.js                          | 0.000 | 0.000  | 0.000    | 0.000 | 0.000  | 0.000  | 0.000  | 0.000  | 1793.000   | 1793.000   | 3586.000    | 1793.000   |
| 165   | 0   | 22   | 143 | 0   | 0   | GET    | /client                                            | 0.000 | 0.000  | 0.000    | 0.000 | 0.000  | 0.000  | 0.000  | 0.000  | 0.000      | 705.000    | 15510.000   | 94.000     |
| 225   | 0   | 32   | 193 | 0   | 0   | GET    | /assets/entry.client-BwsCJ-uh.js                   | 0.000 | 0.000  | 0.000    | 0.000 | 0.000  | 0.000  | 0.000  | 0.000  | 0.000      | 4135.000   | 132320.000  | 588.089    |
+-------+-----+------+-----+-----+-----+--------+----------------------------------------------------+-------+--------+----------+-------+--------+--------+--------+--------+------------+------------+-------------+------------+
