+-------+-----+------+-----+-----+-----+--------+------------------------------------------------------+-------+--------+----------+-------+--------+--------+--------+--------+------------+------------+-------------+------------+
| COUNT | 1XX | 2XX  | 3XX | 4XX | 5XX | METHOD |                         URI                          |  MIN  |  MAX   |   SUM    |  AVG  |  P90   |  P95   |  P99   | STDDEV | MIN(BODY)  | MAX(BODY)  |  SUM(BODY)  | AVG(BODY)  |
+-------+-----+------+-----+-----+-----+--------+------------------------------------------------------+-------+--------+----------+-------+--------+--------+--------+--------+------------+------------+-------------+------------+
| 31    | 0   | 1    | 0   | 30  | 0   | GET    | /api/owner/chairs                                    | 0.700 | 10.015 | 300.260  | 9.686 | 10.003 | 10.004 | 10.015 | 1.641  | 0.000      | 19014.000  | 19014.000   | 613.355    |
| 1     | 0   | 1    | 0   | 0   | 0   | POST   | /api/initialize                                      | 7.567 | 7.567  | 7.567    | 7.567 | 7.567  | 7.567  | 7.567  | 0.000  | 17.000     | 17.000     | 17.000      | 17.000     |
| 16    | 0   | 16   | 0   | 0   | 0   | GET    | /api/app/nearby-chairs                               | 0.072 | 4.896  | 42.708   | 2.669 | 4.860  | 4.896  | 4.896  | 1.323  | 42.000     | 899.000    | 5235.000    | 327.188    |
| 1     | 0   | 1    | 0   | 0   | 0   | POST   | /api/app/rides/01JY17DCAT32YE4H44E874XPKA/evaluation | 1.676 | 1.676  | 1.676    | 1.676 | 1.676  | 1.676  | 1.676  | 0.000  | 30.000     | 30.000     | 30.000      | 30.000     |
| 1     | 0   | 1    | 0   | 0   | 0   | POST   | /api/app/rides/01JY17D93VHXXCJ43XSHQFWTVZ/evaluation | 1.363 | 1.363  | 1.363    | 1.363 | 1.363  | 1.363  | 1.363  | 0.000  | 30.000     | 30.000     | 30.000      | 30.000     |
| 1     | 0   | 1    | 0   | 0   | 0   | POST   | /api/chair/rides/01JY17EQ0QSHNFGYGVDWN0TF00/status   | 1.180 | 1.180  | 1.180    | 1.180 | 1.180  | 1.180  | 1.180  | 0.000  | 0.000      | 0.000      | 0.000       | 0.000      |
| 1     | 0   | 1    | 0   | 0   | 0   | POST   | /api/app/rides/01JY17D93AKYQ53RHJ26K2VFTQ/evaluation | 0.880 | 0.880  | 0.880    | 0.880 | 0.880  | 0.880  | 0.880  | 0.000  | 30.000     | 30.000     | 30.000      | 30.000     |
| 12    | 0   | 12   | 0   | 0   | 0   | POST   | /api/app/payment-methods                             | 0.224 | 1.280  | 9.660    | 0.805 | 1.268  | 1.280  | 1.280  | 0.387  | 0.000      | 0.000      | 0.000       | 0.000      |
| 14    | 0   | 14   | 0   | 0   | 0   | POST   | /api/app/rides                                       | 0.508 | 1.284  | 11.220   | 0.801 | 1.076  | 1.284  | 1.284  | 0.210  | 51.000     | 52.000     | 724.000     | 51.714     |
| 748   | 0   | 736  | 0   | 12  | 0   | GET    | /api/app/notification                                | 0.040 | 2.132  | 589.380  | 0.788 | 1.276  | 1.396  | 1.655  | 0.338  | 0.000      | 425.000    | 297816.000  | 398.150    |
| 2     | 0   | 2    | 0   | 0   | 0   | POST   | /api/chair/rides/01JY17D93VHXXCJ43XSHQFWTVZ/status   | 0.296 | 0.976  | 1.272    | 0.636 | 0.976  | 0.976  | 0.976  | 0.340  | 0.000      | 0.000      | 0.000       | 0.000      |
| 833   | 0   | 833  | 0   | 0   | 0   | POST   | /api/chair/coordinate                                | 0.036 | 1.755  | 497.982  | 0.598 | 0.932  | 1.048  | 1.280  | 0.261  | 29.000     | 29.000     | 24157.000   | 29.000     |
| 20    | 0   | 20   | 0   | 0   | 0   | POST   | /api/chair/activity                                  | 0.120 | 1.288  | 11.108   | 0.555 | 1.180  | 1.232  | 1.288  | 0.451  | 0.000      | 0.000      | 0.000       | 0.000      |
| 1     | 0   | 1    | 0   | 0   | 0   | POST   | /api/chair/rides/01JY17EBNT2H0S7RJSFCV8N6D5/status   | 0.528 | 0.528  | 0.528    | 0.528 | 0.528  | 0.528  | 0.528  | 0.000  | 0.000      | 0.000      | 0.000       | 0.000      |
| 2     | 0   | 2    | 0   | 0   | 0   | POST   | /api/chair/rides/01JY17D93AKYQ53RHJ26K2VFTQ/status   | 0.392 | 0.636  | 1.028    | 0.514 | 0.636  | 0.636  | 0.636  | 0.122  | 0.000      | 0.000      | 0.000       | 0.000      |
| 1     | 0   | 1    | 0   | 0   | 0   | POST   | /api/chair/rides/01JY17DA0KFH7E64TA9ZJ0KE1V/status   | 0.508 | 0.508  | 0.508    | 0.508 | 0.508  | 0.508  | 0.508  | 0.000  | 0.000      | 0.000      | 0.000       | 0.000      |
| 1     | 0   | 1    | 0   | 0   | 0   | POST   | /api/chair/rides/01JY17EKYP5D5T6S1KWC7WY9BN/status   | 0.464 | 0.464  | 0.464    | 0.464 | 0.464  | 0.464  | 0.464  | 0.000  | 0.000      | 0.000      | 0.000       | 0.000      |
| 2     | 0   | 2    | 0   | 0   | 0   | POST   | /api/chair/rides/01JY17D902W1K2T6FRNCFGB9YY/status   | 0.196 | 0.552  | 0.748    | 0.374 | 0.552  | 0.552  | 0.552  | 0.178  | 0.000      | 0.000      | 0.000       | 0.000      |
| 2     | 0   | 2    | 0   | 0   | 0   | POST   | /api/chair/rides/01JY17DCAT32YE4H44E874XPKA/status   | 0.088 | 0.652  | 0.740    | 0.370 | 0.652  | 0.652  | 0.652  | 0.282  | 0.000      | 0.000      | 0.000       | 0.000      |
| 2     | 0   | 2    | 0   | 0   | 0   | POST   | /api/chair/rides/01JY17D9F4MYB9R5108M484H9B/status   | 0.336 | 0.344  | 0.680    | 0.340 | 0.344  | 0.344  | 0.344  | 0.004  | 0.000      | 0.000      | 0.000       | 0.000      |
| 1     | 0   | 1    | 0   | 0   | 0   | POST   | /api/chair/rides/01JY17D8QDXTDRVB0EC3BTWS67/status   | 0.336 | 0.336  | 0.336    | 0.336 | 0.336  | 0.336  | 0.336  | 0.000  | 0.000      | 0.000      | 0.000       | 0.000      |
| 1     | 0   | 1    | 0   | 0   | 0   | POST   | /api/chair/rides/01JY17ENEGZEEP6EWQBSQNEPFV/status   | 0.328 | 0.328  | 0.328    | 0.328 | 0.328  | 0.328  | 0.328  | 0.000  | 0.000      | 0.000      | 0.000       | 0.000      |
| 1     | 0   | 1    | 0   | 0   | 0   | POST   | /api/chair/rides/01JY17D91B32TDQC7W0N8AD3AN/status   | 0.320 | 0.320  | 0.320    | 0.320 | 0.320  | 0.320  | 0.320  | 0.000  | 0.000      | 0.000      | 0.000       | 0.000      |
| 3741  | 0   | 3722 | 0   | 19  | 0   | GET    | /api/chair/notification                              | 0.004 | 1.632  | 1164.081 | 0.311 | 0.636  | 0.764  | 1.020  | 0.231  | 0.000      | 266.000    | 403929.000  | 107.974    |
| 1     | 0   | 1    | 0   | 0   | 0   | GET    | /api/owner/sales?                                    | 0.268 | 0.268  | 0.268    | 0.268 | 0.268  | 0.268  | 0.268  | 0.000  | 9183.000   | 9183.000   | 9183.000    | 9183.000   |
| 1     | 0   | 1    | 0   | 0   | 0   | GET    | /api/owner/sales                                     | 0.248 | 0.248  | 0.248    | 0.248 | 0.248  | 0.248  | 0.248  | 0.000  | 9017.000   | 9017.000   | 9017.000    | 9017.000   |
| 19    | 0   | 19   | 0   | 0   | 0   | GET    | /api/app/rides                                       | 0.008 | 0.908  | 4.696    | 0.247 | 0.704  | 0.908  | 0.908  | 0.240  | 12.000     | 2158.000   | 4835.000    | 254.474    |
| 1     | 0   | 1    | 0   | 0   | 0   | POST   | /api/chair/rides/01JY17DA043TXEB3JRG4HHB4NB/status   | 0.220 | 0.220  | 0.220    | 0.220 | 0.220  | 0.220  | 0.220  | 0.000  | 0.000      | 0.000      | 0.000       | 0.000      |
| 18    | 0   | 18   | 0   | 0   | 0   | POST   | /api/app/rides/estimated-fare                        | 0.008 | 0.492  | 2.376    | 0.132 | 0.300  | 0.492  | 0.492  | 0.137  | 26.000     | 29.000     | 505.000     | 28.056     |
| 1     | 0   | 1    | 0   | 0   | 0   | POST   | /api/chair/rides/01JY17D61FW53TCWZKNFDR0JME/status   | 0.100 | 0.100  | 0.100    | 0.100 | 0.100  | 0.100  | 0.100  | 0.000  | 0.000      | 0.000      | 0.000       | 0.000      |
| 12    | 0   | 12   | 0   | 0   | 0   | POST   | /api/app/users                                       | 0.012 | 0.244  | 0.504    | 0.042 | 0.108  | 0.244  | 0.244  | 0.066  | 86.000     | 86.000     | 1032.000    | 86.000     |
| 20    | 0   | 20   | 0   | 0   | 0   | POST   | /api/chair/chairs                                    | 0.012 | 0.024  | 0.320    | 0.016 | 0.020  | 0.020  | 0.024  | 0.003  | 75.000     | 75.000     | 1500.000    | 75.000     |
| 5     | 0   | 5    | 0   | 0   | 0   | POST   | /api/owner/owners                                    | 0.008 | 0.012  | 0.056    | 0.011 | 0.012  | 0.012  | 0.012  | 0.002  | 125.000    | 125.000    | 625.000     | 125.000    |
| 1     | 0   | 1    | 0   | 0   | 0   | GET    | /images/top-bg.png                                   | 0.009 | 0.009  | 0.009    | 0.009 | 0.009  | 0.009  | 0.009  | 0.000  | 549793.000 | 549793.000 | 549793.000  | 549793.000 |
| 8231  | 0   | 8215 | 0   | 0   | 16  | GET    | /api/internal/matching                               | 0.004 | 1.492  | 52.203   | 0.006 | 0.004  | 0.008  | 0.040  | 0.036  | 0.000      | 69.000     | 1095.000    | 0.133      |
| 67    | 0   | 18   | 49  | 0   | 0   | GET    | /assets/components-Cbm4tYXz.js                       | 0.000 | 0.006  | 0.019    | 0.000 | 0.000  | 0.003  | 0.006  | 0.001  | 0.000      | 184569.000 | 3322242.000 | 49585.701  |
| 32    | 0   | 13   | 19  | 0   | 0   | GET    | /images/town.svg                                     | 0.000 | 0.003  | 0.003    | 0.000 | 0.000  | 0.000  | 0.003  | 0.001  | 0.000      | 128735.000 | 1673555.000 | 52298.594  |
| 32    | 0   | 13   | 19  | 0   | 0   | GET    | /images/buildings5.svg                               | 0.000 | 0.000  | 0.000    | 0.000 | 0.000  | 0.000  | 0.000  | 0.000  | 0.000      | 9858.000   | 128154.000  | 4004.812   |
| 67    | 0   | 18   | 49  | 0   | 0   | GET    | /assets/colors-DB9lnfSt.js                           | 0.000 | 0.000  | 0.000    | 0.000 | 0.000  | 0.000  | 0.000  | 0.000  | 0.000      | 5678.000   | 102204.000  | 1525.433   |
| 1     | 0   | 1    | 0   | 0   | 0   | GET    | /assets/manifest-2155a205.js                         | 0.000 | 0.000  | 0.000    | 0.000 | 0.000  | 0.000  | 0.000  | 0.000  | 9192.000   | 9192.000   | 9192.000    | 9192.000   |
| 1     | 0   | 1    | 0   | 0   | 0   | GET    | /assets/price-D-o-ix3Y.js                            | 0.000 | 0.000  | 0.000    | 0.000 | 0.000  | 0.000  | 0.000  | 0.000  | 1793.000   | 1793.000   | 1793.000    | 1793.000   |
| 1     | 0   | 1    | 0   | 0   | 0   | GET    | /assets/route-D-xfm-4G.js                            | 0.000 | 0.000  | 0.000    | 0.000 | 0.000  | 0.000  | 0.000  | 0.000  | 388.000    | 388.000    | 388.000     | 388.000    |
| 32    | 0   | 13   | 19  | 0   | 0   | GET    | /images/buildings2.svg                               | 0.000 | 0.000  | 0.000    | 0.000 | 0.000  | 0.000  | 0.000  | 0.000  | 0.000      | 23825.000  | 309725.000  | 9678.906   |
| 1     | 0   | 1    | 0   | 0   | 0   | GET    | /apple-touch-icon-180x180.png                        | 0.000 | 0.000  | 0.000    | 0.000 | 0.000  | 0.000  | 0.000  | 0.000  | 1020.000   | 1020.000   | 1020.000    | 1020.000   |
| 1     | 0   | 1    | 0   | 0   | 0   | GET    | /assets/route-DGKaubqO.js                            | 0.000 | 0.000  | 0.000    | 0.000 | 0.000  | 0.000  | 0.000  | 0.000  | 1495.000   | 1495.000   | 1495.000    | 1495.000   |
| 1     | 0   | 1    | 0   | 0   | 0   | GET    | /index.html                                          | 0.000 | 0.000  | 0.000    | 0.000 | 0.000  | 0.000  | 0.000  | 0.000  | 705.000    | 705.000    | 705.000     | 705.000    |
| 1     | 0   | 1    | 0   | 0   | 0   | GET    | /assets/rating-star-gH9aOYPH.js                      | 0.000 | 0.000  | 0.000    | 0.000 | 0.000  | 0.000  | 0.000  | 0.000  | 519.000    | 519.000    | 519.000     | 519.000    |
| 32    | 0   | 13   | 19  | 0   | 0   | GET    | /images/buildings4.svg                               | 0.000 | 0.000  | 0.000    | 0.000 | 0.000  | 0.000  | 0.000  | 0.000  | 0.000      | 4582.000   | 59566.000   | 1861.438   |
| 32    | 0   | 13   | 19  | 0   | 0   | GET    | /assets/frame-CJ9SHS1U.js                            | 0.000 | 0.000  | 0.000    | 0.000 | 0.000  | 0.000  | 0.000  | 0.000  | 0.000      | 344.000    | 4472.000    | 139.750    |
| 32    | 0   | 13   | 19  | 0   | 0   | GET    | /images/buildings6.svg                               | 0.000 | 0.000  | 0.000    | 0.000 | 0.000  | 0.000  | 0.000  | 0.000  | 0.000      | 9454.000   | 122902.000  | 3840.688   |
| 67    | 0   | 18   | 49  | 0   | 0   | GET    | /favicon-32x32.png                                   | 0.000 | 0.000  | 0.000    | 0.000 | 0.000  | 0.000  | 0.000  | 0.000  | 0.000      | 336.000    | 6048.000    | 90.269     |
| 67    | 0   | 18   | 49  | 0   | 0   | GET    | /assets/api-components-dDIZztSJ.js                   | 0.000 | 0.000  | 0.000    | 0.000 | 0.000  | 0.000  | 0.000  | 0.000  | 0.000      | 2007.000   | 36126.000   | 539.194    |
| 67    | 0   | 18   | 49  | 0   | 0   | GET    | /assets/bundle-mjs-Dnoi3Axr.js                       | 0.000 | 0.000  | 0.000    | 0.000 | 0.000  | 0.000  | 0.000  | 0.000  | 0.000      | 19912.000  | 358416.000  | 5349.493   |
| 1     | 0   | 1    | 0   | 0   | 0   | GET    | /assets/route-C7CZBETH.js                            | 0.000 | 0.000  | 0.000    | 0.000 | 0.000  | 0.000  | 0.000  | 0.000  | 2244.000   | 2244.000   | 2244.000    | 2244.000   |
| 1     | 0   | 1    | 0   | 0   | 0   | GET    | /images/top-logo.svg                                 | 0.000 | 0.000  | 0.000    | 0.000 | 0.000  | 0.000  | 0.000  | 0.000  | 4749.000   | 4749.000   | 4749.000    | 4749.000   |
| 32    | 0   | 13   | 19  | 0   | 0   | GET    | /assets/client-context-C6wEaUbS.js                   | 0.000 | 0.000  | 0.000    | 0.000 | 0.000  | 0.000  | 0.000  | 0.000  | 0.000      | 2262.000   | 29406.000   | 918.938    |
| 1     | 0   | 1    | 0   | 0   | 0   | GET    | /assets/get-initial-data-vd1rP8TD.js                 | 0.000 | 0.000  | 0.000    | 0.000 | 0.000  | 0.000  | 0.000  | 0.000  | 1757.000   | 1757.000   | 1757.000    | 1757.000   |
| 1     | 0   | 1    | 0   | 0   | 0   | GET    | /assets/map-WlZ9yiya.js                              | 0.000 | 0.000  | 0.000    | 0.000 | 0.000  | 0.000  | 0.000  | 0.000  | 11712.000  | 11712.000  | 11712.000   | 11712.000  |
| 32    | 0   | 13   | 19  | 0   | 0   | GET    | /assets/route-B_Zm-GyU.js                            | 0.000 | 0.000  | 0.000    | 0.000 | 0.000  | 0.000  | 0.000  | 0.000  | 0.000      | 2687.000   | 34931.000   | 1091.594   |
| 1     | 0   | 1    | 0   | 0   | 0   | GET    | /assets/route-Bhv1gox0.js                            | 0.000 | 0.000  | 0.000    | 0.000 | 0.000  | 0.000  | 0.000  | 0.000  | 2361.000   | 2361.000   | 2361.000    | 2361.000   |
| 37    | 0   | 18   | 19  | 0   | 0   | GET    | /assets/text-DfCqYLRl.js                             | 0.000 | 0.000  | 0.000    | 0.000 | 0.000  | 0.000  | 0.000  | 0.000  | 0.000      | 505.000    | 9090.000    | 245.676    |
| 1     | 0   | 1    | 0   | 0   | 0   | GET    | /favicon-128x128.png                                 | 0.000 | 0.000  | 0.000    | 0.000 | 0.000  | 0.000  | 0.000  | 0.000  | 783.000    | 783.000    | 783.000     | 783.000    |
| 67    | 0   | 18   | 49  | 0   | 0   | GET    | /assets/isuride-CWZY8A89.js                          | 0.000 | 0.000  | 0.000    | 0.000 | 0.000  | 0.000  | 0.000  | 0.000  | 0.000      | 834.000    | 15012.000   | 224.060    |
| 36    | 0   | 6    | 30  | 0   | 0   | GET    | /owner                                               | 0.000 | 0.000  | 0.000    | 0.000 | 0.000  | 0.000  | 0.000  | 0.000  | 0.000      | 705.000    | 4230.000    | 117.500    |
| 36    | 0   | 6    | 30  | 0   | 0   | GET    | /assets/route-DzrPVuAG.js                            | 0.000 | 0.000  | 0.000    | 0.000 | 0.000  | 0.000  | 0.000  | 0.000  | 0.000      | 1908.000   | 11448.000   | 318.000    |
| 6     | 0   | 6    | 0   | 0   | 0   | GET    | /assets/route-CJUF4eR6.js                            | 0.000 | 0.000  | 0.000    | 0.000 | 0.000  | 0.000  | 0.000  | 0.000  | 1576.000   | 1576.000   | 9456.000    | 1576.000   |
| 1     | 0   | 1    | 0   | 0   | 0   | GET    | /assets/route-BkJsE9q1.js                            | 0.000 | 0.000  | 0.000    | 0.000 | 0.000  | 0.000  | 0.000  | 0.000  | 1496.000   | 1496.000   | 1496.000    | 1496.000   |
| 36    | 0   | 6    | 30  | 0   | 0   | GET    | /assets/owner-context-DCgOhQtd.js                    | 0.000 | 0.000  | 0.000    | 0.000 | 0.000  | 0.000  | 0.000  | 0.000  | 0.000      | 1077.000   | 6462.000    | 179.500    |
| 48    | 0   | 18   | 30  | 0   | 0   | GET    | /assets/button-CS9qg6Tt.js                           | 0.000 | 0.000  | 0.000    | 0.000 | 0.000  | 0.000  | 0.000  | 0.000  | 0.000      | 843.000    | 15174.000   | 316.125    |
| 18    | 0   | 18   | 0   | 0   | 0   | GET    | /assets/form-frame-AzQ8YT1a.js                       | 0.000 | 0.000  | 0.000    | 0.000 | 0.000  | 0.000  | 0.000  | 0.000  | 824.000    | 824.000    | 14832.000   | 824.000    |
| 13    | 0   | 13   | 0   | 0   | 0   | GET    | /assets/date-input-Br46mw6i.js                       | 0.000 | 0.000  | 0.000    | 0.000 | 0.000  | 0.000  | 0.000  | 0.000  | 425.000    | 425.000    | 5525.000    | 425.000    |
| 67    | 0   | 18   | 49  | 0   | 0   | GET    | /favicon.ico                                         | 0.000 | 0.000  | 0.000    | 0.000 | 0.000  | 0.000  | 0.000  | 0.000  | 0.000      | 16958.000  | 305244.000  | 4555.881   |
| 13    | 0   | 13   | 0   | 0   | 0   | GET    | /assets/responses-Cu7_GOWP.js                        | 0.000 | 0.000  | 0.000    | 0.000 | 0.000  | 0.000  | 0.000  | 0.000  | 350.000    | 350.000    | 4550.000    | 350.000    |
| 67    | 0   | 18   | 49  | 0   | 0   | GET    | /assets/get-cookie-value-B3QhECDc.js                 | 0.000 | 0.000  | 0.000    | 0.000 | 0.000  | 0.000  | 0.000  | 0.000  | 0.000      | 110.000    | 1980.000    | 29.552     |
| 32    | 0   | 13   | 19  | 0   | 0   | GET    | /images/buildings1.svg                               | 0.000 | 0.000  | 0.000    | 0.000 | 0.000  | 0.000  | 0.000  | 0.000  | 0.000      | 13886.000  | 180518.000  | 5641.188   |
| 1     | 0   | 1    | 0   | 0   | 0   | GET    | /assets/route-CNt_mqIX.js                            | 0.000 | 0.000  | 0.000    | 0.000 | 0.000  | 0.000  | 0.000  | 0.000  | 26045.000  | 26045.000  | 26045.000   | 26045.000  |
| 67    | 0   | 18   | 49  | 0   | 0   | GET    | /assets/index-9ZhTBp7q.js                            | 0.000 | 0.000  | 0.000    | 0.000 | 0.000  | 0.000  | 0.000  | 0.000  | 0.000      | 60305.000  | 1085490.000 | 16201.343  |
| 1     | 0   | 1    | 0   | 0   | 0   | GET    | /assets/simulator-context-fn0s3fwv.js                | 0.000 | 0.000  | 0.000    | 0.000 | 0.000  | 0.000  | 0.000  | 0.000  | 2970.000   | 2970.000   | 2970.000    | 2970.000   |
| 67    | 0   | 18   | 49  | 0   | 0   | GET    | /assets/entry.client-BwsCJ-uh.js                     | 0.000 | 0.000  | 0.000    | 0.000 | 0.000  | 0.000  | 0.000  | 0.000  | 0.000      | 4135.000   | 74430.000   | 1110.896   |
| 13    | 0   | 13   | 0   | 0   | 0   | GET    | /assets/route-j6B5sfAw.js                            | 0.000 | 0.000  | 0.000    | 0.000 | 0.000  | 0.000  | 0.000  | 0.000  | 3490.000   | 3490.000   | 45370.000   | 3490.000   |
| 1     | 0   | 1    | 0   | 0   | 0   | GET    | /assets/route-Bu9MIazC.js                            | 0.000 | 0.000  | 0.000    | 0.000 | 0.000  | 0.000  | 0.000  | 0.000  | 10479.000  | 10479.000  | 10479.000   | 10479.000  |
| 67    | 0   | 18   | 49  | 0   | 0   | GET    | /assets/jsx-runtime-56DGgGmo.js                      | 0.000 | 0.000  | 0.000    | 0.000 | 0.000  | 0.000  | 0.000  | 0.000  | 0.000      | 8107.000   | 145926.000  | 2178.000   |
| 36    | 0   | 6    | 30  | 0   | 0   | GET    | /assets/account-switch-C7WpOYxZ.js                   | 0.000 | 0.000  | 0.000    | 0.000 | 0.000  | 0.000  | 0.000  | 0.000  | 0.000      | 553.000    | 3318.000    | 92.167     |
| 32    | 0   | 13   | 19  | 0   | 0   | GET    | /images/house2.svg                                   | 0.000 | 0.000  | 0.000    | 0.000 | 0.000  | 0.000  | 0.000  | 0.000  | 0.000      | 6430.000   | 83590.000   | 2612.188   |
| 1     | 0   | 1    | 0   | 0   | 0   | GET    | /assets/route-Ckv8UtcK.js                            | 0.000 | 0.000  | 0.000    | 0.000 | 0.000  | 0.000  | 0.000  | 0.000  | 1148.000   | 1148.000   | 1148.000    | 1148.000   |
| 1     | 0   | 1    | 0   | 0   | 0   | GET    | /assets/chair-PB3Jm0Ii.js                            | 0.000 | 0.000  | 0.000    | 0.000 | 0.000  | 0.000  | 0.000  | 0.000  | 2008.000   | 2008.000   | 2008.000    | 2008.000   |
| 32    | 0   | 13   | 19  | 0   | 0   | GET    | /assets/api-base-url-Bd0x18OB.js                     | 0.000 | 0.000  | 0.000    | 0.000 | 0.000  | 0.000  | 0.000  | 0.000  | 0.000      | 26.000     | 338.000     | 10.562     |
| 32    | 0   | 13   | 19  | 0   | 0   | GET    | /assets/storage-Coaj7Roq.js                          | 0.000 | 0.000  | 0.000    | 0.000 | 0.000  | 0.000  | 0.000  | 0.000  | 0.000      | 711.000    | 9243.000    | 288.844    |
| 1     | 0   | 1    | 0   | 0   | 0   | GET    | /assets/route-qjNoFN43.js                            | 0.000 | 0.000  | 0.000    | 0.000 | 0.000  | 0.000  | 0.000  | 0.000  | 2937.000   | 2937.000   | 2937.000    | 2937.000   |
| 13    | 0   | 13   | 0   | 0   | 0   | GET    | /assets/route-BbZUnrjQ.js                            | 0.000 | 0.000  | 0.000    | 0.000 | 0.000  | 0.000  | 0.000  | 0.000  | 1029.000   | 1029.000   | 13377.000   | 1029.000   |
| 67    | 0   | 18   | 49  | 0   | 0   | GET    | /assets/root-BoSp76zW.css                            | 0.000 | 0.000  | 0.000    | 0.000 | 0.000  | 0.000  | 0.000  | 0.000  | 0.000      | 26579.000  | 478422.000  | 7140.627   |
| 1     | 0   | 1    | 0   | 0   | 0   | GET    | /assets/post-message-C3RbgkUr.js                     | 0.000 | 0.000  | 0.000    | 0.000 | 0.000  | 0.000  | 0.000  | 0.000  | 367.000    | 367.000    | 367.000     | 367.000    |
| 32    | 0   | 13   | 19  | 0   | 0   | GET    | /images/house1.svg                                   | 0.000 | 0.000  | 0.000    | 0.000 | 0.000  | 0.000  | 0.000  | 0.000  | 0.000      | 2903.000   | 37739.000   | 1179.344   |
| 32    | 0   | 13   | 19  | 0   | 0   | GET    | /images/buildings3.svg                               | 0.000 | 0.000  | 0.000    | 0.000 | 0.000  | 0.000  | 0.000  | 0.000  | 0.000      | 23793.000  | 309309.000  | 9665.906   |
| 67    | 0   | 18   | 49  | 0   | 0   | GET    | /assets/root-JpS3BGeV.js                             | 0.000 | 0.000  | 0.000    | 0.000 | 0.000  | 0.000  | 0.000  | 0.000  | 0.000      | 27925.000  | 502650.000  | 7502.239   |
| 32    | 0   | 13   | 19  | 0   | 0   | GET    | /client                                              | 0.000 | 0.000  | 0.000    | 0.000 | 0.000  | 0.000  | 0.000  | 0.000  | 0.000      | 705.000    | 9165.000    | 286.406    |
| 1     | 0   | 1    | 0   | 0   | 0   | GET    | /assets/route-BE5HJ0d6.js                            | 0.000 | 0.000  | 0.000    | 0.000 | 0.000  | 0.000  | 0.000  | 0.000  | 3303.000   | 3303.000   | 3303.000    | 3303.000   |
+-------+-----+------+-----+-----+-----+--------+------------------------------------------------------+-------+--------+----------+-------+--------+--------+--------+--------+------------+------------+-------------+------------+
