+-------+-----+------+-----+-----+-----+--------+------------------------------------------------------+--------+--------+----------+--------+--------+--------+--------+--------+------------+------------+-------------+------------+
| COUNT | 1XX | 2XX  | 3XX | 4XX | 5XX | METHOD |                         URI                          |  MIN   |  MAX   |   SUM    |  AVG   |  P90   |  P95   |  P99   | STDDEV | MIN(BODY)  | MAX(BODY)  |  SUM(BODY)  | AVG(BODY)  |
+-------+-----+------+-----+-----+-----+--------+------------------------------------------------------+--------+--------+----------+--------+--------+--------+--------+--------+------------+------------+-------------+------------+
| 1     | 0   | 1    | 0   | 0   | 0   | POST   | /api/initialize                                      | 13.564 | 13.564 | 13.564   | 13.564 | 13.564 | 13.564 | 13.564 | 0.000  | 17.000     | 17.000     | 17.000      | 17.000     |
| 19    | 0   | 19   | 0   | 0   | 0   | GET    | /api/app/nearby-chairs                               | 1.984  | 3.732  | 52.220   | 2.748  | 3.104  | 3.732  | 3.732  | 0.354  | 42.000     | 752.000    | 4667.000    | 245.632    |
| 1     | 0   | 1    | 0   | 0   | 0   | POST   | /api/app/rides/01JZQBKAEZY5AYW6K0NV0KX6CC/evaluation | 1.008  | 1.008  | 1.008    | 1.008  | 1.008  | 1.008  | 1.008  | 0.000  | 30.000     | 30.000     | 30.000      | 30.000     |
| 11    | 0   | 11   | 0   | 0   | 0   | POST   | /api/app/rides                                       | 0.628  | 1.252  | 9.768    | 0.888  | 1.040  | 1.252  | 1.252  | 0.163  | 51.000     | 52.000     | 570.000     | 51.818     |
| 680   | 0   | 680  | 0   | 0   | 0   | POST   | /api/chair/coordinate                                | 0.168  | 1.560  | 489.716  | 0.720  | 0.988  | 1.048  | 1.252  | 0.207  | 29.000     | 29.000     | 19720.000   | 29.000     |
| 1     | 0   | 1    | 0   | 0   | 0   | POST   | /api/chair/rides/01JZQBKA8AJEVNPG2Q9F3K1CJ2/status   | 0.696  | 0.696  | 0.696    | 0.696  | 0.696  | 0.696  | 0.696  | 0.000  | 0.000      | 0.000      | 0.000       | 0.000      |
| 830   | 0   | 822  | 0   | 8   | 0   | GET    | /api/app/notification                                | 0.068  | 1.388  | 541.813  | 0.653  | 0.948  | 1.036  | 1.188  | 0.218  | 0.000      | 437.000    | 333762.000  | 402.123    |
| 11    | 0   | 11   | 0   | 0   | 0   | GET    | /api/owner/sales                                     | 0.260  | 0.860  | 6.788    | 0.617  | 0.828  | 0.860  | 0.860  | 0.203  | 441.000    | 9024.000   | 13434.000   | 1221.273   |
| 10    | 0   | 10   | 0   | 0   | 0   | POST   | /api/app/payment-methods                             | 0.252  | 0.708  | 4.724    | 0.472  | 0.704  | 0.708  | 0.708  | 0.167  | 0.000      | 0.000      | 0.000       | 0.000      |
| 20    | 0   | 20   | 0   | 0   | 0   | POST   | /api/chair/activity                                  | 0.152  | 0.928  | 8.640    | 0.432  | 0.760  | 0.764  | 0.928  | 0.227  | 0.000      | 0.000      | 0.000       | 0.000      |
| 2     | 0   | 2    | 0   | 0   | 0   | POST   | /api/chair/rides/01JZQBKAEZY5AYW6K0NV0KX6CC/status   | 0.296  | 0.524  | 0.820    | 0.410  | 0.524  | 0.524  | 0.524  | 0.114  | 0.000      | 0.000      | 0.000       | 0.000      |
| 1     | 0   | 1    | 0   | 0   | 0   | POST   | /api/chair/rides/01JZQBK73WTANJS2DY75FBBP3A/status   | 0.396  | 0.396  | 0.396    | 0.396  | 0.396  | 0.396  | 0.396  | 0.000  | 0.000      | 0.000      | 0.000       | 0.000      |
| 2     | 0   | 2    | 0   | 0   | 0   | POST   | /api/chair/rides/01JZQBKDQMBDXZAEPP425ZPGN2/status   | 0.248  | 0.484  | 0.732    | 0.366  | 0.484  | 0.484  | 0.484  | 0.118  | 0.000      | 0.000      | 0.000       | 0.000      |
| 1     | 0   | 1    | 0   | 0   | 0   | POST   | /api/chair/rides/01JZQBMJ647FCNP07PQYX4BR8F/status   | 0.356  | 0.356  | 0.356    | 0.356  | 0.356  | 0.356  | 0.356  | 0.000  | 0.000      | 0.000      | 0.000       | 0.000      |
| 1     | 0   | 1    | 0   | 0   | 0   | POST   | /api/chair/rides/01JZQBK7CPP57VSZZJCHV27DX3/status   | 0.332  | 0.332  | 0.332    | 0.332  | 0.332  | 0.332  | 0.332  | 0.000  | 0.000      | 0.000      | 0.000       | 0.000      |
| 1     | 0   | 1    | 0   | 0   | 0   | POST   | /api/chair/rides/01JZQBK9P7K26WBRZT13Q1XCQM/status   | 0.308  | 0.308  | 0.308    | 0.308  | 0.308  | 0.308  | 0.308  | 0.000  | 0.000      | 0.000      | 0.000       | 0.000      |
| 22    | 0   | 22   | 0   | 0   | 0   | GET    | /api/app/rides                                       | 0.008  | 0.592  | 5.916    | 0.269  | 0.504  | 0.540  | 0.592  | 0.166  | 12.000     | 2158.000   | 4513.000    | 205.136    |
| 2     | 0   | 2    | 0   | 0   | 0   | POST   | /api/chair/rides/01JZQBK984BPRXYRD9F4F01RB4/status   | 0.140  | 0.396  | 0.536    | 0.268  | 0.396  | 0.396  | 0.396  | 0.128  | 0.000      | 0.000      | 0.000       | 0.000      |
| 2     | 0   | 2    | 0   | 0   | 0   | POST   | /api/chair/rides/01JZQBKAH6ZRPY40TK9ZRBNWS7/status   | 0.108  | 0.424  | 0.532    | 0.266  | 0.424  | 0.424  | 0.424  | 0.158  | 0.000      | 0.000      | 0.000       | 0.000      |
| 1     | 0   | 1    | 0   | 0   | 0   | GET    | /api/owner/sales?                                    | 0.248  | 0.248  | 0.248    | 0.248  | 0.248  | 0.248  | 0.248  | 0.000  | 9190.000   | 9190.000   | 9190.000    | 9190.000   |
| 4677  | 0   | 4663 | 0   | 14  | 0   | GET    | /api/chair/notification                              | 0.004  | 1.052  | 1130.458 | 0.242  | 0.464  | 0.552  | 0.724  | 0.159  | 0.000      | 266.000    | 459539.000  | 98.255     |
| 1     | 0   | 1    | 0   | 0   | 0   | POST   | /api/chair/rides/01JZQBK9KSJDDZCK2VG2JR8C6E/status   | 0.220  | 0.220  | 0.220    | 0.220  | 0.220  | 0.220  | 0.220  | 0.000  | 0.000      | 0.000      | 0.000       | 0.000      |
| 166   | 0   | 166  | 0   | 0   | 0   | GET    | /api/owner/chairs                                    | 0.012  | 0.700  | 31.296   | 0.189  | 0.372  | 0.424  | 0.660  | 0.129  | 570.000    | 18992.000  | 145493.000  | 876.464    |
| 1     | 0   | 1    | 0   | 0   | 0   | POST   | /api/chair/rides/01JZQBK6Z9Y7096KNJK2MKERCH/status   | 0.160  | 0.160  | 0.160    | 0.160  | 0.160  | 0.160  | 0.160  | 0.000  | 0.000      | 0.000      | 0.000       | 0.000      |
| 15    | 0   | 15   | 0   | 0   | 0   | POST   | /api/app/rides/estimated-fare                        | 0.008  | 0.280  | 1.796    | 0.120  | 0.224  | 0.280  | 0.280  | 0.085  | 26.000     | 29.000     | 423.000     | 28.200     |
| 10    | 0   | 10   | 0   | 0   | 0   | POST   | /api/app/users                                       | 0.008  | 0.024  | 0.156    | 0.016  | 0.020  | 0.024  | 0.024  | 0.004  | 86.000     | 86.000     | 860.000     | 86.000     |
| 20    | 0   | 20   | 0   | 0   | 0   | POST   | /api/chair/chairs                                    | 0.008  | 0.020  | 0.304    | 0.015  | 0.020  | 0.020  | 0.020  | 0.003  | 75.000     | 75.000     | 1500.000    | 75.000     |
| 601   | 0   | 597  | 0   | 0   | 4   | GET    | /api/internal/matching                               | 0.004  | 0.648  | 9.000    | 0.015  | 0.016  | 0.048  | 0.264  | 0.050  | 0.000      | 69.000     | 276.000     | 0.459      |
| 5     | 0   | 5    | 0   | 0   | 0   | POST   | /api/owner/owners                                    | 0.012  | 0.016  | 0.072    | 0.014  | 0.016  | 0.016  | 0.016  | 0.002  | 125.000    | 125.000    | 625.000     | 125.000    |
| 201   | 0   | 16   | 185 | 0   | 0   | GET    | /assets/components-Cbm4tYXz.js                       | 0.000  | 0.007  | 0.020    | 0.000  | 0.000  | 0.000  | 0.003  | 0.001  | 0.000      | 184569.000 | 2953104.000 | 14692.060  |
| 201   | 0   | 16   | 185 | 0   | 0   | GET    | /assets/index-9ZhTBp7q.js                            | 0.000  | 0.000  | 0.000    | 0.000  | 0.000  | 0.000  | 0.000  | 0.000  | 0.000      | 60305.000  | 964880.000  | 4800.398   |
| 171   | 0   | 6    | 165 | 0   | 0   | GET    | /assets/route-DzrPVuAG.js                            | 0.000  | 0.000  | 0.000    | 0.000  | 0.000  | 0.000  | 0.000  | 0.000  | 0.000      | 1908.000   | 11448.000   | 66.947     |
| 31    | 0   | 11   | 20  | 0   | 0   | GET    | /images/house1.svg                                   | 0.000  | 0.000  | 0.000    | 0.000  | 0.000  | 0.000  | 0.000  | 0.000  | 0.000      | 2903.000   | 31933.000   | 1030.097   |
| 201   | 0   | 16   | 185 | 0   | 0   | GET    | /assets/root-JpS3BGeV.js                             | 0.000  | 0.000  | 0.000    | 0.000  | 0.000  | 0.000  | 0.000  | 0.000  | 0.000      | 27925.000  | 446800.000  | 2222.886   |
| 36    | 0   | 16   | 20  | 0   | 0   | GET    | /assets/text-DfCqYLRl.js                             | 0.000  | 0.000  | 0.000    | 0.000  | 0.000  | 0.000  | 0.000  | 0.000  | 0.000      | 505.000    | 8080.000    | 224.444    |
| 31    | 0   | 11   | 20  | 0   | 0   | GET    | /images/house2.svg                                   | 0.000  | 0.000  | 0.000    | 0.000  | 0.000  | 0.000  | 0.000  | 0.000  | 0.000      | 6430.000   | 70730.000   | 2281.613   |
| 1     | 0   | 1    | 0   | 0   | 0   | GET    | /assets/chair-PB3Jm0Ii.js                            | 0.000  | 0.000  | 0.000    | 0.000  | 0.000  | 0.000  | 0.000  | 0.000  | 2008.000   | 2008.000   | 2008.000    | 2008.000   |
| 201   | 0   | 16   | 185 | 0   | 0   | GET    | /assets/entry.client-BwsCJ-uh.js                     | 0.000  | 0.000  | 0.000    | 0.000  | 0.000  | 0.000  | 0.000  | 0.000  | 0.000      | 4135.000   | 66160.000   | 329.154    |
| 31    | 0   | 11   | 20  | 0   | 0   | GET    | /assets/frame-CJ9SHS1U.js                            | 0.000  | 0.000  | 0.000    | 0.000  | 0.000  | 0.000  | 0.000  | 0.000  | 0.000      | 344.000    | 3784.000    | 122.065    |
| 1     | 0   | 1    | 0   | 0   | 0   | GET    | /assets/post-message-C3RbgkUr.js                     | 0.000  | 0.000  | 0.000    | 0.000  | 0.000  | 0.000  | 0.000  | 0.000  | 367.000    | 367.000    | 367.000     | 367.000    |
| 31    | 0   | 11   | 20  | 0   | 0   | GET    | /images/buildings1.svg                               | 0.000  | 0.000  | 0.000    | 0.000  | 0.000  | 0.000  | 0.000  | 0.000  | 0.000      | 13886.000  | 152746.000  | 4927.290   |
| 171   | 0   | 6    | 165 | 0   | 0   | GET    | /assets/account-switch-C7WpOYxZ.js                   | 0.000  | 0.000  | 0.000    | 0.000  | 0.000  | 0.000  | 0.000  | 0.000  | 0.000      | 553.000    | 3318.000    | 19.404     |
| 1     | 0   | 1    | 0   | 0   | 0   | GET    | /assets/route-Ckv8UtcK.js                            | 0.000  | 0.000  | 0.000    | 0.000  | 0.000  | 0.000  | 0.000  | 0.000  | 1148.000   | 1148.000   | 1148.000    | 1148.000   |
| 1     | 0   | 1    | 0   | 0   | 0   | GET    | /assets/route-DGKaubqO.js                            | 0.000  | 0.000  | 0.000    | 0.000  | 0.000  | 0.000  | 0.000  | 0.000  | 1495.000   | 1495.000   | 1495.000    | 1495.000   |
| 31    | 0   | 11   | 20  | 0   | 0   | GET    | /images/buildings6.svg                               | 0.000  | 0.000  | 0.000    | 0.000  | 0.000  | 0.000  | 0.000  | 0.000  | 0.000      | 9454.000   | 103994.000  | 3354.645   |
| 201   | 0   | 16   | 185 | 0   | 0   | GET    | /assets/bundle-mjs-Dnoi3Axr.js                       | 0.000  | 0.000  | 0.000    | 0.000  | 0.000  | 0.000  | 0.000  | 0.000  | 0.000      | 19912.000  | 318592.000  | 1585.035   |
| 201   | 0   | 16   | 185 | 0   | 0   | GET    | /assets/root-BoSp76zW.css                            | 0.000  | 0.000  | 0.000    | 0.000  | 0.000  | 0.000  | 0.000  | 0.000  | 0.000      | 26579.000  | 425264.000  | 2115.741   |
| 1     | 0   | 1    | 0   | 0   | 0   | GET    | /images/top-logo.svg                                 | 0.000  | 0.000  | 0.000    | 0.000  | 0.000  | 0.000  | 0.000  | 0.000  | 4749.000   | 4749.000   | 4749.000    | 4749.000   |
| 1     | 0   | 1    | 0   | 0   | 0   | GET    | /assets/route-qjNoFN43.js                            | 0.000  | 0.000  | 0.000    | 0.000  | 0.000  | 0.000  | 0.000  | 0.000  | 2937.000   | 2937.000   | 2937.000    | 2937.000   |
| 31    | 0   | 11   | 20  | 0   | 0   | GET    | /assets/storage-Coaj7Roq.js                          | 0.000  | 0.000  | 0.000    | 0.000  | 0.000  | 0.000  | 0.000  | 0.000  | 0.000      | 711.000    | 7821.000    | 252.290    |
| 201   | 0   | 16   | 185 | 0   | 0   | GET    | /favicon.ico                                         | 0.000  | 0.000  | 0.000    | 0.000  | 0.000  | 0.000  | 0.000  | 0.000  | 0.000      | 16958.000  | 271328.000  | 1349.891   |
| 201   | 0   | 16   | 185 | 0   | 0   | GET    | /assets/api-components-dDIZztSJ.js                   | 0.000  | 0.000  | 0.000    | 0.000  | 0.000  | 0.000  | 0.000  | 0.000  | 0.000      | 2007.000   | 32112.000   | 159.761    |
| 1     | 0   | 1    | 0   | 0   | 0   | GET    | /assets/route-BE5HJ0d6.js                            | 0.000  | 0.000  | 0.000    | 0.000  | 0.000  | 0.000  | 0.000  | 0.000  | 3303.000   | 3303.000   | 3303.000    | 3303.000   |
| 1     | 0   | 1    | 0   | 0   | 0   | GET    | /assets/price-D-o-ix3Y.js                            | 0.000  | 0.000  | 0.000    | 0.000  | 0.000  | 0.000  | 0.000  | 0.000  | 1793.000   | 1793.000   | 1793.000    | 1793.000   |
| 11    | 0   | 11   | 0   | 0   | 0   | GET    | /assets/route-BbZUnrjQ.js                            | 0.000  | 0.000  | 0.000    | 0.000  | 0.000  | 0.000  | 0.000  | 0.000  | 1029.000   | 1029.000   | 11319.000   | 1029.000   |
| 31    | 0   | 11   | 20  | 0   | 0   | GET    | /assets/api-base-url-Bd0x18OB.js                     | 0.000  | 0.000  | 0.000    | 0.000  | 0.000  | 0.000  | 0.000  | 0.000  | 0.000      | 26.000     | 286.000     | 9.226      |
| 201   | 0   | 16   | 185 | 0   | 0   | GET    | /assets/isuride-CWZY8A89.js                          | 0.000  | 0.000  | 0.000    | 0.000  | 0.000  | 0.000  | 0.000  | 0.000  | 0.000      | 834.000    | 13344.000   | 66.388     |
| 201   | 0   | 16   | 185 | 0   | 0   | GET    | /assets/jsx-runtime-56DGgGmo.js                      | 0.000  | 0.000  | 0.000    | 0.000  | 0.000  | 0.000  | 0.000  | 0.000  | 0.000      | 8107.000   | 129712.000  | 645.333    |
| 1     | 0   | 1    | 0   | 0   | 0   | GET    | /assets/route-BkJsE9q1.js                            | 0.000  | 0.000  | 0.000    | 0.000  | 0.000  | 0.000  | 0.000  | 0.000  | 1496.000   | 1496.000   | 1496.000    | 1496.000   |
| 31    | 0   | 11   | 20  | 0   | 0   | GET    | /images/buildings2.svg                               | 0.000  | 0.000  | 0.000    | 0.000  | 0.000  | 0.000  | 0.000  | 0.000  | 0.000      | 23825.000  | 262075.000  | 8454.032   |
| 11    | 0   | 11   | 0   | 0   | 0   | GET    | /assets/date-input-Br46mw6i.js                       | 0.000  | 0.000  | 0.000    | 0.000  | 0.000  | 0.000  | 0.000  | 0.000  | 425.000    | 425.000    | 4675.000    | 425.000    |
| 11    | 0   | 11   | 0   | 0   | 0   | GET    | /assets/responses-Cu7_GOWP.js                        | 0.000  | 0.000  | 0.000    | 0.000  | 0.000  | 0.000  | 0.000  | 0.000  | 350.000    | 350.000    | 3850.000    | 350.000    |
| 11    | 0   | 11   | 0   | 0   | 0   | GET    | /assets/route-j6B5sfAw.js                            | 0.000  | 0.000  | 0.000    | 0.000  | 0.000  | 0.000  | 0.000  | 0.000  | 3490.000   | 3490.000   | 38390.000   | 3490.000   |
| 171   | 0   | 6    | 165 | 0   | 0   | GET    | /owner                                               | 0.000  | 0.000  | 0.000    | 0.000  | 0.000  | 0.000  | 0.000  | 0.000  | 0.000      | 705.000    | 4230.000    | 24.737     |
| 181   | 0   | 16   | 165 | 0   | 0   | GET    | /assets/button-CS9qg6Tt.js                           | 0.000  | 0.000  | 0.000    | 0.000  | 0.000  | 0.000  | 0.000  | 0.000  | 0.000      | 843.000    | 13488.000   | 74.519     |
| 31    | 0   | 11   | 20  | 0   | 0   | GET    | /images/buildings5.svg                               | 0.000  | 0.000  | 0.000    | 0.000  | 0.000  | 0.000  | 0.000  | 0.000  | 0.000      | 9858.000   | 108438.000  | 3498.000   |
| 1     | 0   | 1    | 0   | 0   | 0   | GET    | /assets/route-D-xfm-4G.js                            | 0.000  | 0.000  | 0.000    | 0.000  | 0.000  | 0.000  | 0.000  | 0.000  | 388.000    | 388.000    | 388.000     | 388.000    |
| 1     | 0   | 1    | 0   | 0   | 0   | GET    | /assets/rating-star-gH9aOYPH.js                      | 0.000  | 0.000  | 0.000    | 0.000  | 0.000  | 0.000  | 0.000  | 0.000  | 519.000    | 519.000    | 519.000     | 519.000    |
| 31    | 0   | 11   | 20  | 0   | 0   | GET    | /images/town.svg                                     | 0.000  | 0.000  | 0.000    | 0.000  | 0.000  | 0.000  | 0.000  | 0.000  | 0.000      | 128735.000 | 1416085.000 | 45680.161  |
| 1     | 0   | 1    | 0   | 0   | 0   | GET    | /assets/route-Bu9MIazC.js                            | 0.000  | 0.000  | 0.000    | 0.000  | 0.000  | 0.000  | 0.000  | 0.000  | 10479.000  | 10479.000  | 10479.000   | 10479.000  |
| 31    | 0   | 11   | 20  | 0   | 0   | GET    | /assets/route-B_Zm-GyU.js                            | 0.000  | 0.000  | 0.000    | 0.000  | 0.000  | 0.000  | 0.000  | 0.000  | 0.000      | 2687.000   | 29557.000   | 953.452    |
| 16    | 0   | 16   | 0   | 0   | 0   | GET    | /assets/form-frame-AzQ8YT1a.js                       | 0.000  | 0.000  | 0.000    | 0.000  | 0.000  | 0.000  | 0.000  | 0.000  | 824.000    | 824.000    | 13184.000   | 824.000    |
| 1     | 0   | 1    | 0   | 0   | 0   | GET    | /favicon-128x128.png                                 | 0.000  | 0.000  | 0.000    | 0.000  | 0.000  | 0.000  | 0.000  | 0.000  | 783.000    | 783.000    | 783.000     | 783.000    |
| 201   | 0   | 16   | 185 | 0   | 0   | GET    | /assets/colors-DB9lnfSt.js                           | 0.000  | 0.000  | 0.000    | 0.000  | 0.000  | 0.000  | 0.000  | 0.000  | 0.000      | 5678.000   | 90848.000   | 451.980    |
| 1     | 0   | 1    | 0   | 0   | 0   | GET    | /assets/simulator-context-fn0s3fwv.js                | 0.000  | 0.000  | 0.000    | 0.000  | 0.000  | 0.000  | 0.000  | 0.000  | 2970.000   | 2970.000   | 2970.000    | 2970.000   |
| 31    | 0   | 11   | 20  | 0   | 0   | GET    | /images/buildings4.svg                               | 0.000  | 0.000  | 0.000    | 0.000  | 0.000  | 0.000  | 0.000  | 0.000  | 0.000      | 4582.000   | 50402.000   | 1625.871   |
| 31    | 0   | 11   | 20  | 0   | 0   | GET    | /images/buildings3.svg                               | 0.000  | 0.000  | 0.000    | 0.000  | 0.000  | 0.000  | 0.000  | 0.000  | 0.000      | 23793.000  | 261723.000  | 8442.677   |
| 1     | 0   | 1    | 0   | 0   | 0   | GET    | /assets/route-CNt_mqIX.js                            | 0.000  | 0.000  | 0.000    | 0.000  | 0.000  | 0.000  | 0.000  | 0.000  | 26045.000  | 26045.000  | 26045.000   | 26045.000  |
| 1     | 0   | 1    | 0   | 0   | 0   | GET    | /assets/map-WlZ9yiya.js                              | 0.000  | 0.000  | 0.000    | 0.000  | 0.000  | 0.000  | 0.000  | 0.000  | 11712.000  | 11712.000  | 11712.000   | 11712.000  |
| 201   | 0   | 16   | 185 | 0   | 0   | GET    | /favicon-32x32.png                                   | 0.000  | 0.000  | 0.000    | 0.000  | 0.000  | 0.000  | 0.000  | 0.000  | 0.000      | 336.000    | 5376.000    | 26.746     |
| 171   | 0   | 6    | 165 | 0   | 0   | GET    | /assets/owner-context-DCgOhQtd.js                    | 0.000  | 0.000  | 0.000    | 0.000  | 0.000  | 0.000  | 0.000  | 0.000  | 0.000      | 1077.000   | 6462.000    | 37.789     |
| 6     | 0   | 6    | 0   | 0   | 0   | GET    | /assets/route-CJUF4eR6.js                            | 0.000  | 0.000  | 0.000    | 0.000  | 0.000  | 0.000  | 0.000  | 0.000  | 1576.000   | 1576.000   | 9456.000    | 1576.000   |
| 1     | 0   | 1    | 0   | 0   | 0   | GET    | /assets/get-initial-data-vd1rP8TD.js                 | 0.000  | 0.000  | 0.000    | 0.000  | 0.000  | 0.000  | 0.000  | 0.000  | 1757.000   | 1757.000   | 1757.000    | 1757.000   |
| 31    | 0   | 11   | 20  | 0   | 0   | GET    | /assets/client-context-C6wEaUbS.js                   | 0.000  | 0.000  | 0.000    | 0.000  | 0.000  | 0.000  | 0.000  | 0.000  | 0.000      | 2262.000   | 24882.000   | 802.645    |
| 1     | 0   | 1    | 0   | 0   | 0   | GET    | /index.html                                          | 0.000  | 0.000  | 0.000    | 0.000  | 0.000  | 0.000  | 0.000  | 0.000  | 705.000    | 705.000    | 705.000     | 705.000    |
| 1     | 0   | 1    | 0   | 0   | 0   | GET    | /images/top-bg.png                                   | 0.000  | 0.000  | 0.000    | 0.000  | 0.000  | 0.000  | 0.000  | 0.000  | 549793.000 | 549793.000 | 549793.000  | 549793.000 |
| 1     | 0   | 1    | 0   | 0   | 0   | GET    | /assets/route-C7CZBETH.js                            | 0.000  | 0.000  | 0.000    | 0.000  | 0.000  | 0.000  | 0.000  | 0.000  | 2244.000   | 2244.000   | 2244.000    | 2244.000   |
| 1     | 0   | 1    | 0   | 0   | 0   | GET    | /assets/route-Bhv1gox0.js                            | 0.000  | 0.000  | 0.000    | 0.000  | 0.000  | 0.000  | 0.000  | 0.000  | 2361.000   | 2361.000   | 2361.000    | 2361.000   |
| 201   | 0   | 16   | 185 | 0   | 0   | GET    | /assets/get-cookie-value-B3QhECDc.js                 | 0.000  | 0.000  | 0.000    | 0.000  | 0.000  | 0.000  | 0.000  | 0.000  | 0.000      | 110.000    | 1760.000    | 8.756      |
| 1     | 0   | 1    | 0   | 0   | 0   | GET    | /assets/manifest-2155a205.js                         | 0.000  | 0.000  | 0.000    | 0.000  | 0.000  | 0.000  | 0.000  | 0.000  | 9192.000   | 9192.000   | 9192.000    | 9192.000   |
| 31    | 0   | 11   | 20  | 0   | 0   | GET    | /client                                              | 0.000  | 0.000  | 0.000    | 0.000  | 0.000  | 0.000  | 0.000  | 0.000  | 0.000      | 705.000    | 7755.000    | 250.161    |
| 1     | 0   | 1    | 0   | 0   | 0   | GET    | /apple-touch-icon-180x180.png                        | 0.000  | 0.000  | 0.000    | 0.000  | 0.000  | 0.000  | 0.000  | 0.000  | 1020.000   | 1020.000   | 1020.000    | 1020.000   |
+-------+-----+------+-----+-----+-----+--------+------------------------------------------------------+--------+--------+----------+--------+--------+--------+--------+--------+------------+------------+-------------+------------+
