+-------+-----+------+-----+-----+-----+--------+----------------------------------------------------+--------+--------+----------+--------+--------+--------+--------+--------+------------+------------+-------------+------------+
| COUNT | 1XX | 2XX  | 3XX | 4XX | 5XX | METHOD |                        URI                         |  MIN   |  MAX   |   SUM    |  AVG   |  P90   |  P95   |  P99   | STDDEV | MIN(BODY)  | MAX(BODY)  |  SUM(BODY)  | AVG(BODY)  |
+-------+-----+------+-----+-----+-----+--------+----------------------------------------------------+--------+--------+----------+--------+--------+--------+--------+--------+------------+------------+-------------+------------+
| 1     | 0   | 1    | 0   | 0   | 0   | POST   | /api/initialize                                    | 11.012 | 11.012 | 11.012   | 11.012 | 11.012 | 11.012 | 11.012 | 0.000  | 17.000     | 17.000     | 17.000      | 17.000     |
| 31    | 0   | 1    | 0   | 30  | 0   | GET    | /api/owner/chairs                                  | 1.636  | 10.004 | 300.389  | 9.690  | 10.001 | 10.004 | 10.004 | 1.474  | 0.000      | 19014.000  | 19014.000   | 613.355    |
| 18    | 0   | 18   | 0   | 0   | 0   | GET    | /api/app/nearby-chairs                             | 2.556  | 4.872  | 65.924   | 3.662  | 4.724  | 4.872  | 4.872  | 0.690  | 42.000     | 915.000    | 4787.000    | 265.944    |
| 10    | 0   | 10   | 0   | 0   | 0   | POST   | /api/app/payment-methods                           | 1.368  | 2.172  | 18.112   | 1.811  | 2.140  | 2.172  | 2.172  | 0.221  | 0.000      | 0.000      | 0.000       | 0.000      |
| 20    | 0   | 20   | 0   | 0   | 0   | POST   | /api/chair/activity                                | 0.196  | 2.748  | 25.696   | 1.285  | 2.588  | 2.632  | 2.748  | 1.070  | 0.000      | 0.000      | 0.000       | 0.000      |
| 1     | 0   | 1    | 0   | 0   | 0   | POST   | /api/chair/rides/01JZQ93QA24GJ2GZ6QSWVSXX3B/status | 1.160  | 1.160  | 1.160    | 1.160  | 1.160  | 1.160  | 1.160  | 0.000  | 0.000      | 0.000      | 0.000       | 0.000      |
| 439   | 0   | 439  | 0   | 0   | 0   | POST   | /api/chair/coordinate                              | 0.160  | 3.440  | 466.889  | 1.064  | 1.632  | 1.856  | 2.840  | 0.480  | 29.000     | 29.000     | 12731.000   | 29.000     |
| 588   | 0   | 578  | 0   | 10  | 0   | GET    | /api/app/notification                              | 0.044  | 2.652  | 522.305  | 0.888  | 1.440  | 1.640  | 2.048  | 0.417  | 0.000      | 427.000    | 226027.000  | 384.400    |
| 10    | 0   | 10   | 0   | 0   | 0   | POST   | /api/app/rides                                     | 0.572  | 1.177  | 8.757    | 0.876  | 1.168  | 1.177  | 1.177  | 0.216  | 51.000     | 52.000     | 518.000     | 51.800     |
| 2     | 0   | 2    | 0   | 0   | 0   | POST   | /api/chair/rides/01JZQ93HE3WCKT3W0PQSD4FAC0/status | 0.516  | 0.628  | 1.144    | 0.572  | 0.628  | 0.628  | 0.628  | 0.056  | 0.000      | 0.000      | 0.000       | 0.000      |
| 1     | 0   | 1    | 0   | 0   | 0   | POST   | /api/chair/rides/01JZQ93NFZA4QQX27HVD1B9223/status | 0.544  | 0.544  | 0.544    | 0.544  | 0.544  | 0.544  | 0.544  | 0.000  | 0.000      | 0.000      | 0.000       | 0.000      |
| 1     | 0   | 1    | 0   | 0   | 0   | POST   | /api/chair/rides/01JZQ93T1DYJS8V7M3CE2F0BQX/status | 0.488  | 0.488  | 0.488    | 0.488  | 0.488  | 0.488  | 0.488  | 0.000  | 0.000      | 0.000      | 0.000       | 0.000      |
| 1     | 0   | 1    | 0   | 0   | 0   | POST   | /api/chair/rides/01JZQ93NZE2SNAWM58W108QW1E/status | 0.452  | 0.452  | 0.452    | 0.452  | 0.452  | 0.452  | 0.452  | 0.000  | 0.000      | 0.000      | 0.000       | 0.000      |
| 21    | 0   | 21   | 0   | 0   | 0   | GET    | /api/app/rides                                     | 0.012  | 1.036  | 7.308    | 0.348  | 0.740  | 0.744  | 1.036  | 0.268  | 12.000     | 2158.000   | 4150.000    | 197.619    |
| 3485  | 0   | 3467 | 0   | 18  | 0   | GET    | /api/chair/notification                            | 0.004  | 2.940  | 1173.660 | 0.337  | 0.692  | 0.868  | 1.376  | 0.282  | 0.000      | 266.000    | 296930.000  | 85.202     |
| 1     | 0   | 1    | 0   | 0   | 0   | GET    | /api/owner/sales                                   | 0.336  | 0.336  | 0.336    | 0.336  | 0.336  | 0.336  | 0.336  | 0.000  | 9024.000   | 9024.000   | 9024.000    | 9024.000   |
| 1     | 0   | 1    | 0   | 0   | 0   | POST   | /api/chair/rides/01JZQ93J6JWZ4STCMQ2EF52KDB/status | 0.328  | 0.328  | 0.328    | 0.328  | 0.328  | 0.328  | 0.328  | 0.000  | 0.000      | 0.000      | 0.000       | 0.000      |
| 1     | 0   | 1    | 0   | 0   | 0   | POST   | /api/chair/rides/01JZQ93MWF78VNP17YBRJM5643/status | 0.320  | 0.320  | 0.320    | 0.320  | 0.320  | 0.320  | 0.320  | 0.000  | 0.000      | 0.000      | 0.000       | 0.000      |
| 2     | 0   | 2    | 0   | 0   | 0   | POST   | /api/chair/rides/01JZQ93KFPDB33S1F9E7N1YFM6/status | 0.080  | 0.556  | 0.636    | 0.318  | 0.556  | 0.556  | 0.556  | 0.238  | 0.000      | 0.000      | 0.000       | 0.000      |
| 1     | 0   | 1    | 0   | 0   | 0   | POST   | /api/chair/rides/01JZQ93HMH41W5K1AG43KXN63P/status | 0.296  | 0.296  | 0.296    | 0.296  | 0.296  | 0.296  | 0.296  | 0.000  | 0.000      | 0.000      | 0.000       | 0.000      |
| 1     | 0   | 1    | 0   | 0   | 0   | POST   | /api/chair/rides/01JZQ93NDPR9ZDEK9W3A48MFYX/status | 0.276  | 0.276  | 0.276    | 0.276  | 0.276  | 0.276  | 0.276  | 0.000  | 0.000      | 0.000      | 0.000       | 0.000      |
| 1     | 0   | 1    | 0   | 0   | 0   | GET    | /api/owner/sales?                                  | 0.248  | 0.248  | 0.248    | 0.248  | 0.248  | 0.248  | 0.248  | 0.000  | 9183.000   | 9183.000   | 9183.000    | 9183.000   |
| 14    | 0   | 14   | 0   | 0   | 0   | POST   | /api/app/rides/estimated-fare                      | 0.008  | 0.316  | 1.752    | 0.125  | 0.304  | 0.316  | 0.316  | 0.108  | 26.000     | 29.000     | 397.000     | 28.357     |
| 679   | 0   | 675  | 0   | 0   | 4   | GET    | /api/internal/matching                             | 0.004  | 1.424  | 16.477   | 0.024  | 0.020  | 0.036  | 0.664  | 0.124  | 0.000      | 69.000     | 267.000     | 0.393      |
| 20    | 0   | 20   | 0   | 0   | 0   | POST   | /api/chair/chairs                                  | 0.012  | 0.044  | 0.388    | 0.019  | 0.028  | 0.032  | 0.044  | 0.008  | 75.000     | 75.000     | 1500.000    | 75.000     |
| 10    | 0   | 10   | 0   | 0   | 0   | POST   | /api/app/users                                     | 0.012  | 0.028  | 0.180    | 0.018  | 0.024  | 0.028  | 0.028  | 0.005  | 86.000     | 86.000     | 860.000     | 86.000     |
| 5     | 0   | 5    | 0   | 0   | 0   | POST   | /api/owner/owners                                  | 0.004  | 0.020  | 0.060    | 0.012  | 0.020  | 0.020  | 0.020  | 0.006  | 125.000    | 125.000    | 625.000     | 125.000    |
| 29    | 0   | 11   | 18  | 0   | 0   | GET    | /images/town.svg                                   | 0.000  | 0.008  | 0.008    | 0.000  | 0.000  | 0.000  | 0.008  | 0.001  | 0.000      | 128735.000 | 1416085.000 | 48830.517  |
| 64    | 0   | 16   | 48  | 0   | 0   | GET    | /assets/components-Cbm4tYXz.js                     | 0.000  | 0.006  | 0.006    | 0.000  | 0.000  | 0.000  | 0.006  | 0.001  | 0.000      | 184569.000 | 2953104.000 | 46142.250  |
| 34    | 0   | 16   | 18  | 0   | 0   | GET    | /assets/text-DfCqYLRl.js                           | 0.000  | 0.000  | 0.000    | 0.000  | 0.000  | 0.000  | 0.000  | 0.000  | 0.000      | 505.000    | 8080.000    | 237.647    |
| 64    | 0   | 16   | 48  | 0   | 0   | GET    | /assets/isuride-CWZY8A89.js                        | 0.000  | 0.000  | 0.000    | 0.000  | 0.000  | 0.000  | 0.000  | 0.000  | 0.000      | 834.000    | 13344.000   | 208.500    |
| 1     | 0   | 1    | 0   | 0   | 0   | GET    | /assets/map-WlZ9yiya.js                            | 0.000  | 0.000  | 0.000    | 0.000  | 0.000  | 0.000  | 0.000  | 0.000  | 11712.000  | 11712.000  | 11712.000   | 11712.000  |
| 1     | 0   | 1    | 0   | 0   | 0   | GET    | /assets/price-D-o-ix3Y.js                          | 0.000  | 0.000  | 0.000    | 0.000  | 0.000  | 0.000  | 0.000  | 0.000  | 1793.000   | 1793.000   | 1793.000    | 1793.000   |
| 1     | 0   | 1    | 0   | 0   | 0   | GET    | /assets/route-Bhv1gox0.js                          | 0.000  | 0.000  | 0.000    | 0.000  | 0.000  | 0.000  | 0.000  | 0.000  | 2361.000   | 2361.000   | 2361.000    | 2361.000   |
| 29    | 0   | 11   | 18  | 0   | 0   | GET    | /images/buildings6.svg                             | 0.000  | 0.000  | 0.000    | 0.000  | 0.000  | 0.000  | 0.000  | 0.000  | 0.000      | 9454.000   | 103994.000  | 3586.000   |
| 1     | 0   | 1    | 0   | 0   | 0   | GET    | /assets/chair-PB3Jm0Ii.js                          | 0.000  | 0.000  | 0.000    | 0.000  | 0.000  | 0.000  | 0.000  | 0.000  | 2008.000   | 2008.000   | 2008.000    | 2008.000   |
| 64    | 0   | 16   | 48  | 0   | 0   | GET    | /assets/entry.client-BwsCJ-uh.js                   | 0.000  | 0.000  | 0.000    | 0.000  | 0.000  | 0.000  | 0.000  | 0.000  | 0.000      | 4135.000   | 66160.000   | 1033.750   |
| 29    | 0   | 11   | 18  | 0   | 0   | GET    | /assets/route-B_Zm-GyU.js                          | 0.000  | 0.000  | 0.000    | 0.000  | 0.000  | 0.000  | 0.000  | 0.000  | 0.000      | 2687.000   | 29557.000   | 1019.207   |
| 6     | 0   | 6    | 0   | 0   | 0   | GET    | /assets/route-CJUF4eR6.js                          | 0.000  | 0.000  | 0.000    | 0.000  | 0.000  | 0.000  | 0.000  | 0.000  | 1576.000   | 1576.000   | 9456.000    | 1576.000   |
| 1     | 0   | 1    | 0   | 0   | 0   | GET    | /apple-touch-icon-180x180.png                      | 0.000  | 0.000  | 0.000    | 0.000  | 0.000  | 0.000  | 0.000  | 0.000  | 1020.000   | 1020.000   | 1020.000    | 1020.000   |
| 1     | 0   | 1    | 0   | 0   | 0   | GET    | /assets/post-message-C3RbgkUr.js                   | 0.000  | 0.000  | 0.000    | 0.000  | 0.000  | 0.000  | 0.000  | 0.000  | 367.000    | 367.000    | 367.000     | 367.000    |
| 1     | 0   | 1    | 0   | 0   | 0   | GET    | /assets/route-D-xfm-4G.js                          | 0.000  | 0.000  | 0.000    | 0.000  | 0.000  | 0.000  | 0.000  | 0.000  | 388.000    | 388.000    | 388.000     | 388.000    |
| 36    | 0   | 6    | 30  | 0   | 0   | GET    | /assets/route-DzrPVuAG.js                          | 0.000  | 0.000  | 0.000    | 0.000  | 0.000  | 0.000  | 0.000  | 0.000  | 0.000      | 1908.000   | 11448.000   | 318.000    |
| 64    | 0   | 16   | 48  | 0   | 0   | GET    | /assets/api-components-dDIZztSJ.js                 | 0.000  | 0.000  | 0.000    | 0.000  | 0.000  | 0.000  | 0.000  | 0.000  | 0.000      | 2007.000   | 32112.000   | 501.750    |
| 1     | 0   | 1    | 0   | 0   | 0   | GET    | /assets/get-initial-data-vd1rP8TD.js               | 0.000  | 0.000  | 0.000    | 0.000  | 0.000  | 0.000  | 0.000  | 0.000  | 1757.000   | 1757.000   | 1757.000    | 1757.000   |
| 29    | 0   | 11   | 18  | 0   | 0   | GET    | /images/buildings3.svg                             | 0.000  | 0.000  | 0.000    | 0.000  | 0.000  | 0.000  | 0.000  | 0.000  | 0.000      | 23793.000  | 261723.000  | 9024.931   |
| 1     | 0   | 1    | 0   | 0   | 0   | GET    | /images/top-logo.svg                               | 0.000  | 0.000  | 0.000    | 0.000  | 0.000  | 0.000  | 0.000  | 0.000  | 4749.000   | 4749.000   | 4749.000    | 4749.000   |
| 29    | 0   | 11   | 18  | 0   | 0   | GET    | /assets/client-context-C6wEaUbS.js                 | 0.000  | 0.000  | 0.000    | 0.000  | 0.000  | 0.000  | 0.000  | 0.000  | 0.000      | 2262.000   | 24882.000   | 858.000    |
| 11    | 0   | 11   | 0   | 0   | 0   | GET    | /assets/date-input-Br46mw6i.js                     | 0.000  | 0.000  | 0.000    | 0.000  | 0.000  | 0.000  | 0.000  | 0.000  | 425.000    | 425.000    | 4675.000    | 425.000    |
| 64    | 0   | 16   | 48  | 0   | 0   | GET    | /assets/index-9ZhTBp7q.js                          | 0.000  | 0.000  | 0.000    | 0.000  | 0.000  | 0.000  | 0.000  | 0.000  | 0.000      | 60305.000  | 964880.000  | 15076.250  |
| 64    | 0   | 16   | 48  | 0   | 0   | GET    | /assets/jsx-runtime-56DGgGmo.js                    | 0.000  | 0.000  | 0.000    | 0.000  | 0.000  | 0.000  | 0.000  | 0.000  | 0.000      | 8107.000   | 129712.000  | 2026.750   |
| 1     | 0   | 1    | 0   | 0   | 0   | GET    | /assets/rating-star-gH9aOYPH.js                    | 0.000  | 0.000  | 0.000    | 0.000  | 0.000  | 0.000  | 0.000  | 0.000  | 519.000    | 519.000    | 519.000     | 519.000    |
| 1     | 0   | 1    | 0   | 0   | 0   | GET    | /assets/route-DGKaubqO.js                          | 0.000  | 0.000  | 0.000    | 0.000  | 0.000  | 0.000  | 0.000  | 0.000  | 1495.000   | 1495.000   | 1495.000    | 1495.000   |
| 1     | 0   | 1    | 0   | 0   | 0   | GET    | /assets/route-qjNoFN43.js                          | 0.000  | 0.000  | 0.000    | 0.000  | 0.000  | 0.000  | 0.000  | 0.000  | 2937.000   | 2937.000   | 2937.000    | 2937.000   |
| 29    | 0   | 11   | 18  | 0   | 0   | GET    | /images/house2.svg                                 | 0.000  | 0.000  | 0.000    | 0.000  | 0.000  | 0.000  | 0.000  | 0.000  | 0.000      | 6430.000   | 70730.000   | 2438.966   |
| 46    | 0   | 16   | 30  | 0   | 0   | GET    | /assets/button-CS9qg6Tt.js                         | 0.000  | 0.000  | 0.000    | 0.000  | 0.000  | 0.000  | 0.000  | 0.000  | 0.000      | 843.000    | 13488.000   | 293.217    |
| 64    | 0   | 16   | 48  | 0   | 0   | GET    | /assets/root-JpS3BGeV.js                           | 0.000  | 0.000  | 0.000    | 0.000  | 0.000  | 0.000  | 0.000  | 0.000  | 0.000      | 27925.000  | 446800.000  | 6981.250   |
| 1     | 0   | 1    | 0   | 0   | 0   | GET    | /assets/route-C7CZBETH.js                          | 0.000  | 0.000  | 0.000    | 0.000  | 0.000  | 0.000  | 0.000  | 0.000  | 2244.000   | 2244.000   | 2244.000    | 2244.000   |
| 36    | 0   | 6    | 30  | 0   | 0   | GET    | /assets/owner-context-DCgOhQtd.js                  | 0.000  | 0.000  | 0.000    | 0.000  | 0.000  | 0.000  | 0.000  | 0.000  | 0.000      | 1077.000   | 6462.000    | 179.500    |
| 1     | 0   | 1    | 0   | 0   | 0   | GET    | /assets/route-CNt_mqIX.js                          | 0.000  | 0.000  | 0.000    | 0.000  | 0.000  | 0.000  | 0.000  | 0.000  | 26045.000  | 26045.000  | 26045.000   | 26045.000  |
| 1     | 0   | 1    | 0   | 0   | 0   | GET    | /assets/route-Ckv8UtcK.js                          | 0.000  | 0.000  | 0.000    | 0.000  | 0.000  | 0.000  | 0.000  | 0.000  | 1148.000   | 1148.000   | 1148.000    | 1148.000   |
| 11    | 0   | 11   | 0   | 0   | 0   | GET    | /assets/route-j6B5sfAw.js                          | 0.000  | 0.000  | 0.000    | 0.000  | 0.000  | 0.000  | 0.000  | 0.000  | 3490.000   | 3490.000   | 38390.000   | 3490.000   |
| 29    | 0   | 11   | 18  | 0   | 0   | GET    | /images/buildings5.svg                             | 0.000  | 0.000  | 0.000    | 0.000  | 0.000  | 0.000  | 0.000  | 0.000  | 0.000      | 9858.000   | 108438.000  | 3739.241   |
| 36    | 0   | 6    | 30  | 0   | 0   | GET    | /owner                                             | 0.000  | 0.000  | 0.000    | 0.000  | 0.000  | 0.000  | 0.000  | 0.000  | 0.000      | 705.000    | 4230.000    | 117.500    |
| 1     | 0   | 1    | 0   | 0   | 0   | GET    | /assets/simulator-context-fn0s3fwv.js              | 0.000  | 0.000  | 0.000    | 0.000  | 0.000  | 0.000  | 0.000  | 0.000  | 2970.000   | 2970.000   | 2970.000    | 2970.000   |
| 1     | 0   | 1    | 0   | 0   | 0   | GET    | /assets/route-Bu9MIazC.js                          | 0.000  | 0.000  | 0.000    | 0.000  | 0.000  | 0.000  | 0.000  | 0.000  | 10479.000  | 10479.000  | 10479.000   | 10479.000  |
| 64    | 0   | 16   | 48  | 0   | 0   | GET    | /assets/colors-DB9lnfSt.js                         | 0.000  | 0.000  | 0.000    | 0.000  | 0.000  | 0.000  | 0.000  | 0.000  | 0.000      | 5678.000   | 90848.000   | 1419.500   |
| 29    | 0   | 11   | 18  | 0   | 0   | GET    | /images/house1.svg                                 | 0.000  | 0.000  | 0.000    | 0.000  | 0.000  | 0.000  | 0.000  | 0.000  | 0.000      | 2903.000   | 31933.000   | 1101.138   |
| 1     | 0   | 1    | 0   | 0   | 0   | GET    | /assets/route-BkJsE9q1.js                          | 0.000  | 0.000  | 0.000    | 0.000  | 0.000  | 0.000  | 0.000  | 0.000  | 1496.000   | 1496.000   | 1496.000    | 1496.000   |
| 11    | 0   | 11   | 0   | 0   | 0   | GET    | /assets/route-BbZUnrjQ.js                          | 0.000  | 0.000  | 0.000    | 0.000  | 0.000  | 0.000  | 0.000  | 0.000  | 1029.000   | 1029.000   | 11319.000   | 1029.000   |
| 1     | 0   | 1    | 0   | 0   | 0   | GET    | /assets/manifest-2155a205.js                       | 0.000  | 0.000  | 0.000    | 0.000  | 0.000  | 0.000  | 0.000  | 0.000  | 9192.000   | 9192.000   | 9192.000    | 9192.000   |
| 29    | 0   | 11   | 18  | 0   | 0   | GET    | /assets/frame-CJ9SHS1U.js                          | 0.000  | 0.000  | 0.000    | 0.000  | 0.000  | 0.000  | 0.000  | 0.000  | 0.000      | 344.000    | 3784.000    | 130.483    |
| 36    | 0   | 6    | 30  | 0   | 0   | GET    | /assets/account-switch-C7WpOYxZ.js                 | 0.000  | 0.000  | 0.000    | 0.000  | 0.000  | 0.000  | 0.000  | 0.000  | 0.000      | 553.000    | 3318.000    | 92.167     |
| 64    | 0   | 16   | 48  | 0   | 0   | GET    | /favicon.ico                                       | 0.000  | 0.000  | 0.000    | 0.000  | 0.000  | 0.000  | 0.000  | 0.000  | 0.000      | 16958.000  | 271328.000  | 4239.500   |
| 1     | 0   | 1    | 0   | 0   | 0   | GET    | /favicon-128x128.png                               | 0.000  | 0.000  | 0.000    | 0.000  | 0.000  | 0.000  | 0.000  | 0.000  | 783.000    | 783.000    | 783.000     | 783.000    |
| 1     | 0   | 1    | 0   | 0   | 0   | GET    | /images/top-bg.png                                 | 0.000  | 0.000  | 0.000    | 0.000  | 0.000  | 0.000  | 0.000  | 0.000  | 549793.000 | 549793.000 | 549793.000  | 549793.000 |
| 1     | 0   | 1    | 0   | 0   | 0   | GET    | /assets/route-BE5HJ0d6.js                          | 0.000  | 0.000  | 0.000    | 0.000  | 0.000  | 0.000  | 0.000  | 0.000  | 3303.000   | 3303.000   | 3303.000    | 3303.000   |
| 64    | 0   | 16   | 48  | 0   | 0   | GET    | /favicon-32x32.png                                 | 0.000  | 0.000  | 0.000    | 0.000  | 0.000  | 0.000  | 0.000  | 0.000  | 0.000      | 336.000    | 5376.000    | 84.000     |
| 29    | 0   | 11   | 18  | 0   | 0   | GET    | /images/buildings2.svg                             | 0.000  | 0.000  | 0.000    | 0.000  | 0.000  | 0.000  | 0.000  | 0.000  | 0.000      | 23825.000  | 262075.000  | 9037.069   |
| 64    | 0   | 16   | 48  | 0   | 0   | GET    | /assets/get-cookie-value-B3QhECDc.js               | 0.000  | 0.000  | 0.000    | 0.000  | 0.000  | 0.000  | 0.000  | 0.000  | 0.000      | 110.000    | 1760.000    | 27.500     |
| 16    | 0   | 16   | 0   | 0   | 0   | GET    | /assets/form-frame-AzQ8YT1a.js                     | 0.000  | 0.000  | 0.000    | 0.000  | 0.000  | 0.000  | 0.000  | 0.000  | 824.000    | 824.000    | 13184.000   | 824.000    |
| 64    | 0   | 16   | 48  | 0   | 0   | GET    | /assets/bundle-mjs-Dnoi3Axr.js                     | 0.000  | 0.000  | 0.000    | 0.000  | 0.000  | 0.000  | 0.000  | 0.000  | 0.000      | 19912.000  | 318592.000  | 4978.000   |
| 29    | 0   | 11   | 18  | 0   | 0   | GET    | /assets/api-base-url-Bd0x18OB.js                   | 0.000  | 0.000  | 0.000    | 0.000  | 0.000  | 0.000  | 0.000  | 0.000  | 0.000      | 26.000     | 286.000     | 9.862      |
| 1     | 0   | 1    | 0   | 0   | 0   | GET    | /index.html                                        | 0.000  | 0.000  | 0.000    | 0.000  | 0.000  | 0.000  | 0.000  | 0.000  | 705.000    | 705.000    | 705.000     | 705.000    |
| 29    | 0   | 11   | 18  | 0   | 0   | GET    | /images/buildings1.svg                             | 0.000  | 0.000  | 0.000    | 0.000  | 0.000  | 0.000  | 0.000  | 0.000  | 0.000      | 13886.000  | 152746.000  | 5267.103   |
| 29    | 0   | 11   | 18  | 0   | 0   | GET    | /assets/storage-Coaj7Roq.js                        | 0.000  | 0.000  | 0.000    | 0.000  | 0.000  | 0.000  | 0.000  | 0.000  | 0.000      | 711.000    | 7821.000    | 269.690    |
| 29    | 0   | 11   | 18  | 0   | 0   | GET    | /images/buildings4.svg                             | 0.000  | 0.000  | 0.000    | 0.000  | 0.000  | 0.000  | 0.000  | 0.000  | 0.000      | 4582.000   | 50402.000   | 1738.000   |
| 11    | 0   | 11   | 0   | 0   | 0   | GET    | /assets/responses-Cu7_GOWP.js                      | 0.000  | 0.000  | 0.000    | 0.000  | 0.000  | 0.000  | 0.000  | 0.000  | 350.000    | 350.000    | 3850.000    | 350.000    |
| 29    | 0   | 11   | 18  | 0   | 0   | GET    | /client                                            | 0.000  | 0.000  | 0.000    | 0.000  | 0.000  | 0.000  | 0.000  | 0.000  | 0.000      | 705.000    | 7755.000    | 267.414    |
| 64    | 0   | 16   | 48  | 0   | 0   | GET    | /assets/root-BoSp76zW.css                          | 0.000  | 0.000  | 0.000    | 0.000  | 0.000  | 0.000  | 0.000  | 0.000  | 0.000      | 26579.000  | 425264.000  | 6644.750   |
+-------+-----+------+-----+-----+-----+--------+----------------------------------------------------+--------+--------+----------+--------+--------+--------+--------+--------+------------+------------+-------------+------------+
